13:03:26.442 | Info | '/dailyReports' | 
13:03:27.912 | Info | ({'code':'MODULE_NOT_FOUND','requireStack':['D:\\Ejaarat Project\\Al-Khidmat-backend\\EjaaratMiddleWare\\API\\BusinessLogic\\SendDailyReports.js','D:\\Ejaarat Project\\Al-Khidmat-backend\\EjaaratMiddleWare\\app.js','D:\\Ejaarat Project\\Al-Khidmat-backend\\EjaaratMiddleWare\\bin\\www']}) | 
13:04:55.069 | Info | '/dailyReports' | 
13:17:27.697 | Info | '/api/user/login' | 
13:17:27.973 | Info | '/transaction/getuserpermissions' | 
13:17:28.037 | Info | '/transaction/getdonationpickup' | 
13:17:28.080 | Info | '/transaction/getcenters' | 
13:17:28.087 | Info | '/transaction/getchannel' | 
13:17:28.094 | Info | '/transaction/getdonationmethods' | 
13:17:28.137 | Info | '/transaction/getpaymentmethods' | 
13:17:28.144 | Info | '/transaction/getuserpermissions' | 
13:17:28.154 | Info | '/transaction/getcenters' | 
13:17:28.165 | Info | '/transaction/getchannel' | 
13:17:28.167 | Info | '/transaction/getdonationmethods' | 
13:17:28.168 | Info | '/transaction/getpaymentmethods' | 
13:17:28.231 | Info | '/transaction/getdonationpickup' | 
13:17:29.782 | Info | '/transaction/getpaymentmethods' | 
13:17:29.849 | Info | '/transaction/getallpackages' | 
13:17:29.882 | Info | '/transaction/getarea' | 
13:17:29.890 | Info | '/transaction/getpaymentmethods' | 
13:17:29.902 | Info | '/transaction/getallpackages' | 
13:17:29.906 | Info | '/transaction/getarea' | 
13:17:33.977 | Info | '/transaction/getdonordetails' | 
13:17:40.380 | Info | '/transaction/getdonationpurpose' | 
13:17:41.314 | Info | '/transaction/getdonationpurpose' | 
13:17:50.537 | Info | '/transaction/newdonation' | 
13:28:17.738 | Info | '/dailyReportSummary' | 
13:35:39.432 | Info | '/dailyReportSummary' | 
13:36:32.170 | Info | '/dailyReportSummary' | 
13:41:30.535 | Info | '/dailyReportSummary' | 
13:43:50.442 | Info | '/dailyReportSummary' | 
13:46:30.984 | Info | '/dailyReportSummary' | 
13:49:38.369 | Info | '/dailyReportSummary' | 
13:51:12.712 | Info | '/dailyReportSummary' | 
14:03:15.221 | Info | '/dailyReportSummary' | 
14:08:03.709 | Info | '/dailyReportSummary' | 
14:10:05.554 | Info | '/dailyReportSummary' | 
14:11:29.501 | Info | '/dailyReportSummary' | 
14:13:51.310 | Info | '/dailyReportSummary' | 
14:14:54.676 | Info | '/dailyReportSummary' | 
14:16:32.363 | Info | '/dailyReportSummary' | 
14:19:17.553 | Info | '/dailyReportSummary' | 
14:21:19.215 | Info | '/dailyReportSummary' | 
14:22:50.790 | Info | '/dailyReportSummary' | 
14:24:26.091 | Info | '/dailyReportSummary' | 
14:28:40.948 | Info | '/dailyReportSummary' | 
