00:00:53.803 | Info | '/api/user/login' | 
00:00:54.201 | Info | ({}) | 
00:01:41.963 | Info | '/api/user/login' | 
00:01:41.966 | Info | ({}) | 
00:03:56.667 | Info | '/api/user/login' | 
00:04:13.213 | Info | '/api/user/login' | 
00:04:25.167 | Info | '/api/user/login' | 
00:05:40.150 | Info | '/api/user/login' | 
00:07:04.864 | Info | '/api/user/login' | 
00:07:26.855 | Info | '/api/user/login' | 
00:07:26.983 | Info | '/transaction/getuserpermissions' | 
00:07:27.050 | Info | '/transaction/getuserpermissions' | 
00:07:27.066 | Info | '/transaction/myprofile' | 
00:07:27.244 | Info | '/transaction/myrequests' | 
00:07:27.256 | Info | '/transaction/mycollections' | 
00:07:27.271 | Info | '/transaction/myprofile' | 
00:07:27.284 | Info | '/transaction/myprofile' | 
00:07:27.285 | Info | '/transaction/mycollections' | 
00:07:27.289 | Info | '/transaction/myprofile' | 
00:07:47.068 | Info | '/transaction/myrequests' | 
00:08:08.148 | Info | '/transaction/getalldonations' | 
00:08:08.160 | Info | '/transaction/getalldonations' | 
00:08:45.763 | Info | '/transaction/myprofile' | 
00:08:45.804 | Info | '/transaction/mycollections' | 
00:08:45.812 | Info | '/transaction/myprofile' | 
00:08:45.815 | Info | '/transaction/mycollections' | 
00:08:45.825 | Info | '/transaction/myprofile' | 
00:08:45.838 | Info | '/transaction/myprofile' | 
00:09:05.780 | Info | '/transaction/myrequests' | 
00:09:05.805 | Info | '/transaction/myrequests' | 
00:09:27.277 | Info | '/transaction/myrequests' | 
00:12:48.288 | Info | '/transaction/getuserpermissions' | 
00:12:48.293 | Info | '/transaction/getuserpermissions' | 
00:12:52.678 | Info | '/api/user/login' | 
00:13:01.674 | Info | '/api/user/login' | 
00:13:01.819 | Info | '/transaction/getuserpermissions' | 
00:13:01.840 | Info | '/transaction/myprofile' | 
00:13:01.847 | Info | '/transaction/getuserpermissions' | 
00:13:01.865 | Info | '/transaction/myrequests' | 
00:13:01.868 | Info | '/transaction/mycollections' | 
00:13:01.871 | Info | '/transaction/myprofile' | 
00:13:01.883 | Info | '/transaction/mycollections' | 
00:13:01.884 | Info | '/transaction/myprofile' | 
00:13:01.888 | Info | '/transaction/myprofile' | 
00:13:05.508 | Info | '/transaction/getalldonations' | 
00:13:05.516 | Info | '/transaction/getalldonations' | 
00:13:09.172 | Info | '/transaction/getcollection' | 
00:13:09.195 | Info | '/transaction/getcollection' | 
00:13:21.860 | Info | '/transaction/myrequests' | 
00:13:26.071 | Info | '/transaction/getalldonations' | 
00:13:26.086 | Info | '/transaction/getalldonations' | 
00:13:42.014 | Info | '/transaction/getchannel' | 
00:13:42.031 | Info | '/transaction/getcenters' | 
00:13:42.034 | Info | '/transaction/getuserroles' | 
00:13:42.037 | Info | '/transaction/getusers' | 
00:13:42.053 | Info | '/transaction/getchannel' | 
00:13:42.055 | Info | '/transaction/getcenters' | 
00:13:42.057 | Info | '/transaction/getusers' | 
00:13:42.064 | Info | '/transaction/getuserroles' | 
00:13:51.086 | Info | '/transaction/getpermissions' | 
00:13:51.095 | Info | '/transaction/getuserroles' | 
00:13:51.100 | Info | '/transaction/getpermissions' | 
00:13:51.101 | Info | '/transaction/getuserroles' | 
00:13:51.734 | Info | '/transaction/getcenters' | 
00:13:51.740 | Info | '/transaction/getcenters' | 
00:13:54.603 | Info | '/transaction/getchannel' | 
00:13:54.615 | Info | '/transaction/getchannel' | 
00:13:55.142 | Info | '/transaction/getchannel' | 
00:13:55.148 | Info | '/transaction/getcenters' | 
00:13:55.156 | Info | '/transaction/getuserroles' | 
00:13:55.159 | Info | '/transaction/getchannel' | 
00:13:55.164 | Info | '/transaction/getcenters' | 
00:13:55.167 | Info | '/transaction/getusers' | 
00:13:55.170 | Info | '/transaction/getuserroles' | 
00:13:55.176 | Info | '/transaction/getusers' | 
00:15:01.880 | Info | '/transaction/myrequests' | 
00:15:11.750 | Info | '/transaction/getsettlementrequest' | 
00:15:15.032 | Info | '/transaction/getrequests' | 
00:15:31.751 | Info | '/transaction/getsettlementrequest' | 
00:15:35.036 | Info | '/transaction/getrequests' | 
00:15:36.682 | Info | '/transaction/getarea' | 
00:15:36.710 | Info | '/transaction/getdonationtypes' | 
00:15:36.722 | Info | '/transaction/getarea' | 
00:15:36.730 | Info | '/transaction/getpaymentmethods' | 
00:15:36.754 | Info | '/transaction/getdonationtypes' | 
00:15:36.757 | Info | '/transaction/getpaymentmethods' | 
00:15:38.554 | Info | '/transaction/getsettlementrequest' | 
00:15:49.531 | Info | '/transaction/getsettlementrequest' | 
00:15:50.289 | Info | '/transaction/getuserpermissions' | 
00:15:50.292 | Info | '/transaction/getuserpermissions' | 
00:15:56.060 | Info | '/api/user/login' | 
00:15:56.160 | Info | '/transaction/getuserpermissions' | 
00:15:56.205 | Info | '/transaction/myprofile' | 
00:15:56.208 | Info | '/transaction/getuserpermissions' | 
00:15:56.224 | Info | '/transaction/myrequests' | 
00:15:56.241 | Info | '/transaction/mycollections' | 
00:15:56.249 | Info | '/transaction/myprofile' | 
00:15:56.256 | Info | '/transaction/myprofile' | 
00:15:56.259 | Info | '/transaction/mycollections' | 
00:15:56.265 | Info | '/transaction/myprofile' | 
00:15:58.839 | Info | '/transaction/getalldonations' | 
00:15:58.846 | Info | '/transaction/getalldonations' | 
00:16:01.070 | Info | '/transaction/getcollection' | 
00:16:01.075 | Info | '/transaction/getcollection' | 
00:16:16.209 | Info | '/transaction/myrequests' | 
00:16:34.593 | Info | '/transaction/getcenters' | 
00:16:34.594 | Info | '/transaction/getchannel' | 
00:16:34.595 | Info | '/transaction/getusers' | 
00:16:34.596 | Info | '/transaction/getuserroles' | 
00:16:34.605 | Info | '/transaction/getcenters' | 
00:16:34.606 | Info | '/transaction/getchannel' | 
00:16:34.607 | Info | '/transaction/getusers' | 
00:16:34.608 | Info | '/transaction/getuserroles' | 
00:16:42.713 | Info | '/transaction/getcollection' | 
00:16:42.717 | Info | '/transaction/getcollection' | 
00:17:56.279 | Info | '/transaction/myrequests' | 
00:23:01.708 | Info | '/transaction/getalldonations' | 
00:23:01.716 | Info | '/transaction/getalldonations' | 
00:23:05.677 | Info | '/transaction/getcollection' | 
00:23:05.680 | Info | '/transaction/getcollection' | 
00:25:59.004 | Info | '/transaction/getcollection' | 
00:25:59.012 | Info | '/transaction/getcollection' | 
00:27:22.112 | Info | '/transaction/getarea' | 
00:27:22.118 | Info | '/transaction/getdonationtypes' | 
00:27:22.119 | Info | '/transaction/getpaymentmethods' | 
00:27:22.128 | Info | '/transaction/getarea' | 
00:27:22.129 | Info | '/transaction/getdonationtypes' | 
00:27:22.130 | Info | '/transaction/getpaymentmethods' | 
00:27:26.090 | Info | '/transaction/getuserpermissions' | 
00:27:26.098 | Info | '/transaction/getuserpermissions' | 
00:27:34.502 | Info | '/api/user/login' | 
00:27:34.591 | Info | '/transaction/getuserpermissions' | 
00:27:34.597 | Info | '/transaction/getuserpermissions' | 
00:27:34.633 | Info | '/transaction/myprofile' | 
00:27:34.634 | Info | '/transaction/myrequests' | 
00:27:34.636 | Info | '/transaction/mycollections' | 
00:27:34.658 | Info | '/transaction/myprofile' | 
00:27:34.659 | Info | '/transaction/mycollections' | 
00:27:34.667 | Info | '/transaction/myprofile' | 
00:27:34.679 | Info | '/transaction/myprofile' | 
00:27:36.712 | Info | '/transaction/getcollection' | 
00:27:36.718 | Info | '/transaction/getcollection' | 
00:27:37.502 | Info | '/transaction/getalldonations' | 
00:27:37.509 | Info | '/transaction/getalldonations' | 
00:27:41.614 | Info | '/transaction/getrequests' | 
00:27:45.719 | Info | '/transaction/getsettlementrequest' | 
00:27:54.636 | Info | '/transaction/myrequests' | 
00:28:01.616 | Info | '/transaction/getrequests' | 
00:28:05.729 | Info | '/transaction/getsettlementrequest' | 
00:29:34.726 | Info | '/transaction/myrequests' | 
00:29:41.623 | Info | '/transaction/getrequests' | 
00:29:45.726 | Info | '/transaction/getsettlementrequest' | 
10:22:27.620 | Info | '/transaction/getalldonations' | 
10:22:27.632 | Info | '/transaction/getalldonations' | 
10:22:29.280 | Info | '/transaction/getcollection' | 
10:22:29.288 | Info | '/transaction/getcollection' | 
10:22:33.456 | Info | '/transaction/getrequests' | 
10:22:41.169 | Info | '/transaction/getsettlementrequest' | 
10:22:53.458 | Info | '/transaction/getrequests' | 
10:23:01.169 | Info | '/transaction/getsettlementrequest' | 
10:23:01.731 | Info | '/transaction/getrequests' | 
10:23:01.733 | Info | '/transaction/getrequests' | 
10:24:37.439 | Info | '/transaction/getrequests' | 
10:24:41.173 | Info | '/transaction/getsettlementrequest' | 
10:24:55.740 | Info | '/transaction/getsettlementrequest' | 
10:25:01.176 | Info | '/transaction/getsettlementrequest' | 
10:25:01.735 | Info | '/transaction/getrequests' | 
10:25:44.488 | Info | '/transaction/getrequests' | 
10:26:37.484 | Info | '/transaction/getrequests' | 
10:26:41.180 | Info | '/transaction/getrequests' | 
10:38:22.341 | Info | '/transaction/getuserpermissions' | 
10:38:22.350 | Info | '/transaction/getuserpermissions' | 
10:38:27.128 | Info | '/api/user/login' | 
10:38:27.403 | Info | '/transaction/getuserpermissions' | 
10:38:27.428 | Info | '/transaction/myprofile' | 
10:38:27.596 | Info | '/transaction/myrequests' | 
10:38:27.600 | Info | '/transaction/mycollections' | 
10:38:27.641 | Info | '/transaction/getuserpermissions' | 
10:38:27.648 | Info | '/transaction/mycollections' | 
10:38:27.653 | Info | '/transaction/myprofile' | 
10:38:27.658 | Info | '/transaction/myprofile' | 
10:38:27.662 | Info | '/transaction/myprofile' | 
10:38:47.406 | Info | '/transaction/myrequests' | 
10:38:56.668 | Info | '/transaction/getrequests' | 
10:39:16.669 | Info | '/transaction/getrequests' | 
10:39:45.499 | Info | '/transaction/createrequest' | 
10:39:45.521 | Info | ({'code':'MODULE_NOT_FOUND','requireStack':['/home/maham/Documents/Ejaarat/donation-management-engine/donation-management-engine/API/BusinessLogic/Modules/Requests.js','/home/maham/Documents/Ejaarat/donation-management-engine/donation-management-engine/API/BusinessLogic/PostRequest.js','/home/maham/Documents/Ejaarat/donation-management-engine/donation-management-engine/app.js','/home/maham/Documents/Ejaarat/donation-management-engine/donation-management-engine/bin/www']}) | 
10:40:04.187 | Info | '/transaction/getsettlementrequest' | 
10:40:24.189 | Info | '/transaction/getsettlementrequest' | 
10:40:27.600 | Info | '/transaction/myrequests' | 
10:40:56.137 | Info | '/transaction/getrequests' | 
10:42:03.701 | Info | '/transaction/getsettlementrequest' | 
10:43:01.497 | Info | '/transaction/getrequests' | 
10:43:08.592 | Info | '/transaction/getchannel' | 
10:43:08.615 | Info | '/transaction/getcenters' | 
10:43:08.621 | Info | '/transaction/getuserroles' | 
10:43:08.623 | Info | '/transaction/getusers' | 
10:43:08.635 | Info | '/transaction/getchannel' | 
10:43:08.636 | Info | '/transaction/getcenters' | 
10:43:08.649 | Info | '/transaction/getuserroles' | 
10:43:08.650 | Info | '/transaction/getusers' | 
10:43:17.125 | Info | '/transaction/getsettlementrequest' | 
10:43:17.128 | Info | '/transaction/getsettlementrequest' | 
10:43:21.498 | Info | '/transaction/getrequests' | 
10:43:22.571 | Info | '/transaction/getsettlementrequest' | 
10:44:04.233 | Info | '/transaction/getsettlementrequest' | 
10:45:01.594 | Info | '/transaction/getrequests' | 
10:45:17.137 | Info | '/transaction/getchannel' | 
10:45:17.138 | Info | '/transaction/getcenters' | 
10:45:17.154 | Info | '/transaction/getuserroles' | 
10:45:17.157 | Info | '/transaction/getusers' | 
10:45:17.166 | Info | '/transaction/getpermissions' | 
10:45:17.176 | Info | '/transaction/getchannel' | 
10:45:17.179 | Info | '/transaction/getcenters' | 
10:45:17.184 | Info | '/transaction/getuserroles' | 
10:45:17.187 | Info | '/transaction/getusers' | 
10:45:17.190 | Info | '/transaction/getpermissions' | 
10:45:17.192 | Info | '/transaction/getchannel' | 
10:45:17.198 | Info | '/transaction/getcenters' | 
10:45:17.199 | Info | '/transaction/getuserroles' | 
10:45:17.202 | Info | '/transaction/getusers' | 
10:45:17.204 | Info | '/transaction/getchannel' | 
10:45:17.211 | Info | '/transaction/getcenters' | 
10:45:17.213 | Info | '/transaction/getuserroles' | 
10:45:17.215 | Info | '/transaction/getusers' | 
10:45:17.216 | Info | '/transaction/getuserroles' | 
10:45:17.221 | Info | '/transaction/getuserroles' | 
10:47:01.604 | Info | '/transaction/getrequests' | 
10:48:06.986 | Info | '/transaction/getuserpermissions' | 
10:48:07.005 | Info | '/transaction/getuserpermissions' | 
10:48:11.012 | Info | '/api/user/login' | 
10:48:11.201 | Info | '/transaction/getuserpermissions' | 
10:48:11.234 | Info | '/transaction/getuserpermissions' | 
10:48:11.236 | Info | '/transaction/myprofile' | 
10:48:11.255 | Info | '/transaction/myrequests' | 
10:48:11.259 | Info | '/transaction/mycollections' | 
10:48:11.278 | Info | '/transaction/myprofile' | 
10:48:11.283 | Info | '/transaction/mycollections' | 
10:48:11.287 | Info | '/transaction/myprofile' | 
10:48:11.295 | Info | '/transaction/myprofile' | 
10:48:13.595 | Info | '/transaction/getchannel' | 
10:48:13.597 | Info | '/transaction/getcenters' | 
10:48:13.600 | Info | '/transaction/getuserroles' | 
10:48:13.602 | Info | '/transaction/getusers' | 
10:48:13.615 | Info | '/transaction/getchannel' | 
10:48:13.616 | Info | '/transaction/getcenters' | 
10:48:13.617 | Info | '/transaction/getuserroles' | 
10:48:13.626 | Info | '/transaction/getusers' | 
10:48:31.113 | Info | '/transaction/getsettlementrequest' | 
10:48:31.236 | Info | '/transaction/myrequests' | 
10:48:32.516 | Info | '/transaction/getrequests' | 
10:48:34.884 | Info | '/transaction/getalldonations' | 
10:48:34.893 | Info | '/transaction/getalldonations' | 
10:48:37.633 | Info | '/transaction/getcollection' | 
10:48:37.659 | Info | '/transaction/getcollection' | 
10:48:51.114 | Info | '/transaction/getsettlementrequest' | 
10:48:52.518 | Info | '/transaction/getrequests' | 
10:50:11.261 | Info | '/transaction/myrequests' | 
10:50:31.134 | Info | '/transaction/getsettlementrequest' | 
10:50:31.241 | Info | '/transaction/myrequests' | 
10:50:32.521 | Info | '/transaction/getrequests' | 
10:53:24.245 | Info | '/api/user/login' | 
10:53:24.386 | Info | '/transaction/getuserpermissions' | 
10:53:24.390 | Info | '/transaction/myprofile' | 
10:53:24.397 | Info | '/transaction/myrequests' | 
10:53:24.403 | Info | '/transaction/mycollections' | 
10:53:24.407 | Info | '/transaction/myprofile' | 
10:53:24.414 | Info | '/transaction/getuserpermissions' | 
10:53:24.416 | Info | '/transaction/mycollections' | 
10:53:24.416 | Info | '/transaction/myprofile' | 
10:53:24.434 | Info | '/transaction/myprofile' | 
10:53:27.424 | Info | '/transaction/getrequests' | 
10:53:29.563 | Info | '/transaction/getsettlementrequest' | 
10:53:36.406 | Info | '/transaction/getchannel' | 
10:53:36.407 | Info | '/transaction/getcenters' | 
10:53:36.408 | Info | '/transaction/getuserroles' | 
10:53:36.429 | Info | '/transaction/getcenters' | 
10:53:36.434 | Info | '/transaction/getuserroles' | 
10:53:36.435 | Info | '/transaction/getchannel' | 
10:53:36.436 | Info | '/transaction/getusers' | 
10:53:36.447 | Info | '/transaction/getusers' | 
10:53:44.398 | Info | '/transaction/myrequests' | 
10:53:48.900 | Info | '/transaction/getrequests' | 
10:53:49.769 | Info | '/transaction/getsettlementrequest' | 
10:54:08.897 | Info | '/transaction/getrequests' | 
10:54:09.769 | Info | '/transaction/getsettlementrequest' | 
10:54:10.818 | Info | '/transaction/getrequests' | 
10:54:10.822 | Info | '/transaction/getrequests' | 
10:55:48.910 | Info | '/transaction/getsettlementrequest' | 
10:55:49.772 | Info | '/transaction/getsettlementrequest' | 
10:56:08.952 | Info | '/transaction/getrequests' | 
10:56:09.774 | Info | '/transaction/getsettlementrequest' | 
10:56:10.824 | Info | '/transaction/getchannel' | 
10:56:10.935 | Info | '/transaction/getcenters' | 
10:56:10.944 | Info | '/transaction/getuserroles' | 
10:56:10.949 | Info | '/transaction/getusers' | 
10:56:10.951 | Info | '/transaction/getcollection' | 
10:56:10.958 | Info | '/transaction/getalldonations' | 
10:56:10.960 | Info | '/transaction/getchannel' | 
10:56:10.975 | Info | '/transaction/getcenters' | 
10:56:10.976 | Info | '/transaction/getuserroles' | 
10:56:10.980 | Info | '/transaction/getusers' | 
10:56:10.984 | Info | '/transaction/getcollection' | 
10:56:10.994 | Info | '/transaction/getalldonations' | 
10:56:10.995 | Info | '/transaction/getcollection' | 
10:56:11.011 | Info | '/transaction/getcollection' | 
