18:00:51.274 | Info | '/transaction/test2' | 
18:02:12.294 | Info | '/transaction/test2' | 
19:12:18.174 | Info | '/api/user/login' | 
19:12:21.511 | Info | '/transaction/getuserpermissions' | 
19:12:21.617 | Info | '/transaction/getdonationpickup' | 
19:12:21.627 | Info | '/transaction/getcenters' | 
19:12:21.635 | Info | '/transaction/getdonationmethods' | 
19:12:21.719 | Info | '/transaction/getpaymentmethods' | 
19:12:21.726 | Info | '/transaction/getchannel' | 
19:12:22.675 | Info | '/transaction/getuserpermissions' | 
19:12:22.941 | Info | '/transaction/getchannel' | 
19:12:22.944 | Info | '/transaction/getdonationmethods' | 
19:12:22.949 | Info | '/transaction/getcenters' | 
19:12:22.947 | Info | '/transaction/getpaymentmethods' | 
19:12:23.142 | Info | '/transaction/getdonationpickup' | 
19:12:34.721 | Info | '/transaction/getarea' | 
19:12:34.726 | Info | '/transaction/getpaymentmethods' | 
19:12:34.729 | Info | '/transaction/getpaymentmethods' | 
19:12:34.952 | Info | '/transaction/getarea' | 
19:12:39.101 | Info | '/transaction/getdonordetails' | 
19:12:45.882 | Info | '/transaction/getdonationpurpose' | 
19:12:46.334 | Info | '/transaction/getdonationpurpose' | 
19:12:51.835 | Info | '/transaction/newdonation' | 
19:13:22.281 | Info | '/api/user/login' | 
19:13:22.644 | Info | '/transaction/getuserpermissions' | 
19:13:22.654 | Info | '/transaction/getdonationpickup' | 
19:13:22.660 | Info | '/transaction/getcenters' | 
19:13:22.665 | Info | '/transaction/getchannel' | 
19:13:22.704 | Info | '/transaction/getdonationmethods' | 
19:13:22.707 | Info | '/transaction/getpaymentmethods' | 
19:13:22.717 | Info | '/transaction/getuserpermissions' | 
19:13:22.753 | Info | '/transaction/getchannel' | 
19:13:22.758 | Info | '/transaction/getdonationpickup' | 
19:13:22.760 | Info | '/transaction/getcenters' | 
19:13:22.763 | Info | '/transaction/getdonationmethods' | 
19:13:22.764 | Info | '/transaction/getpaymentmethods' | 
19:13:24.468 | Info | '/transaction/getpaymentmethods' | 
19:13:24.470 | Info | '/transaction/getarea' | 
19:13:24.481 | Info | '/transaction/getpaymentmethods' | 
19:13:24.488 | Info | '/transaction/getarea' | 
19:13:29.321 | Info | '/transaction/getdonordetails' | 
19:13:35.251 | Info | '/transaction/getdonationpurpose' | 
19:13:36.414 | Info | '/transaction/getdonationpurpose' | 
19:13:40.138 | Info | '/transaction/newdonation' | 
19:17:19.270 | Info | '/transaction/getarea' | 
19:17:19.272 | Info | '/transaction/getpaymentmethods' | 
19:17:19.277 | Info | '/transaction/getarea' | 
19:17:19.279 | Info | '/transaction/getpaymentmethods' | 
19:17:49.479 | Info | '/transaction/getuserpermissions' | 
19:17:49.484 | Info | '/transaction/getuserpermissions' | 
19:17:54.344 | Info | '/api/user/login' | 
19:17:54.476 | Info | '/transaction/getuserpermissions' | 
19:17:54.491 | Info | '/transaction/getdonationpickup' | 
19:17:54.494 | Info | '/transaction/getcenters' | 
19:17:54.497 | Info | '/transaction/getchannel' | 
19:17:54.500 | Info | '/transaction/getuserpermissions' | 
19:17:54.510 | Info | '/transaction/getdonationmethods' | 
19:17:54.513 | Info | '/transaction/getpaymentmethods' | 
19:17:54.517 | Info | '/transaction/getcenters' | 
19:17:54.519 | Info | '/transaction/getchannel' | 
19:17:54.521 | Info | '/transaction/getdonationpickup' | 
19:17:54.535 | Info | '/transaction/getdonationmethods' | 
19:17:54.538 | Info | '/transaction/getpaymentmethods' | 
19:17:57.770 | Info | '/transaction/getpaymentmethods' | 
19:17:57.777 | Info | '/transaction/getarea' | 
19:17:57.781 | Info | '/transaction/getpaymentmethods' | 
19:17:57.787 | Info | '/transaction/getarea' | 
19:18:01.890 | Info | '/transaction/getdonordetails' | 
19:18:08.515 | Info | '/transaction/getdonationpurpose' | 
19:18:08.938 | Info | '/transaction/getdonationpurpose' | 
19:18:12.793 | Info | '/transaction/newdonation' | 
19:19:05.477 | Info | '/transaction/getdonationpurpose' | 
19:19:05.839 | Info | '/transaction/getdonationpurpose' | 
19:19:33.763 | Info | '/transaction/getdonordetails' | 
19:19:44.558 | Info | '/transaction/newdonation' | 
19:36:05.297 | Info | '/transaction/getarea' | 
19:36:05.300 | Info | '/transaction/getpaymentmethods' | 
19:36:05.309 | Info | '/transaction/getarea' | 
19:36:05.314 | Info | '/transaction/getpaymentmethods' | 
19:37:45.185 | Info | '/transaction/getarea' | 
19:37:45.191 | Info | '/transaction/getpaymentmethods' | 
19:37:45.192 | Info | '/transaction/getarea' | 
19:37:45.197 | Info | '/transaction/getpaymentmethods' | 
19:38:01.222 | Info | '/transaction/getarea' | 
19:38:01.224 | Info | '/transaction/getpaymentmethods' | 
19:38:01.229 | Info | '/transaction/getarea' | 
19:38:01.239 | Info | '/transaction/getpaymentmethods' | 
19:38:50.467 | Info | '/transaction/getarea' | 
19:38:50.469 | Info | '/transaction/getpaymentmethods' | 
19:38:50.481 | Info | '/transaction/getarea' | 
19:38:50.491 | Info | '/transaction/getpaymentmethods' | 
19:38:53.819 | Info | '/transaction/getuserpermissions' | 
19:38:53.829 | Info | '/transaction/getuserpermissions' | 
19:39:02.697 | Info | '/api/user/login' | 
19:39:02.856 | Info | '/transaction/getuserpermissions' | 
19:39:02.862 | Info | '/transaction/getdonationpickup' | 
19:39:02.868 | Info | '/transaction/getcenters' | 
19:39:02.870 | Info | '/transaction/getchannel' | 
19:39:02.872 | Info | '/transaction/getdonationmethods' | 
19:39:02.874 | Info | '/transaction/getpaymentmethods' | 
19:39:02.914 | Info | '/transaction/getpaymentmethods' | 
19:39:02.917 | Info | '/transaction/getdonationmethods' | 
19:39:02.920 | Info | '/transaction/getcenters' | 
19:39:02.922 | Info | '/transaction/getuserpermissions' | 
19:39:02.919 | Info | '/transaction/getchannel' | 
19:39:02.924 | Info | '/transaction/getdonationpickup' | 
19:39:05.091 | Info | '/transaction/getpaymentmethods' | 
19:39:05.092 | Info | '/transaction/getarea' | 
19:39:05.100 | Info | '/transaction/getarea' | 
19:39:05.098 | Info | '/transaction/getpaymentmethods' | 
19:39:07.530 | Info | '/transaction/getdonordetails' | 
19:39:11.918 | Info | '/transaction/getdonationpurpose' | 
19:39:12.326 | Info | '/transaction/getdonationpurpose' | 
19:39:22.160 | Info | '/transaction/newdonation' | 
19:40:00.029 | Info | '/transaction/getdonationpurpose' | 
19:40:00.407 | Info | '/transaction/getdonationpurpose' | 
19:40:18.403 | Info | '/transaction/getdonordetails' | 
19:40:27.431 | Info | '/transaction/newdonation' | 
19:41:15.209 | Info | '/transaction/getarea' | 
19:41:15.215 | Info | '/transaction/getpaymentmethods' | 
19:41:15.217 | Info | '/transaction/getarea' | 
19:41:15.222 | Info | '/transaction/getpaymentmethods' | 
19:41:28.041 | Info | '/transaction/getuserpermissions' | 
19:41:28.044 | Info | '/transaction/getuserpermissions' | 
19:42:13.009 | Info | '/api/user/login' | 
19:42:13.140 | Info | '/transaction/getuserpermissions' | 
19:42:13.144 | Info | '/transaction/getdonationpickup' | 
19:42:13.146 | Info | '/transaction/getcenters' | 
19:42:13.148 | Info | '/transaction/getchannel' | 
19:42:13.152 | Info | '/transaction/getdonationmethods' | 
19:42:13.154 | Info | '/transaction/getpaymentmethods' | 
19:42:13.167 | Info | '/transaction/getuserpermissions' | 
19:42:13.174 | Info | '/transaction/getcenters' | 
19:42:13.176 | Info | '/transaction/getdonationpickup' | 
19:42:13.193 | Info | '/transaction/getchannel' | 
19:42:13.195 | Info | '/transaction/getpaymentmethods' | 
19:42:13.197 | Info | '/transaction/getdonationmethods' | 
19:42:14.915 | Info | '/transaction/getpaymentmethods' | 
19:42:14.918 | Info | '/transaction/getarea' | 
19:42:14.923 | Info | '/transaction/getpaymentmethods' | 
19:42:14.926 | Info | '/transaction/getarea' | 
19:42:19.520 | Info | '/transaction/getdonordetails' | 
19:42:24.831 | Info | '/transaction/getdonationpurpose' | 
19:42:25.291 | Info | '/transaction/getdonationpurpose' | 
19:51:49.561 | Info | '/api/user/login' | 
19:51:49.689 | Info | '/transaction/getuserpermissions' | 
19:51:49.706 | Info | '/transaction/getuserpermissions' | 
19:51:49.711 | Info | '/transaction/getdonationpickup' | 
19:51:49.712 | Info | '/transaction/getcenters' | 
19:51:49.714 | Info | '/transaction/getchannel' | 
19:51:49.718 | Info | '/transaction/getdonationmethods' | 
19:51:49.720 | Info | '/transaction/getpaymentmethods' | 
19:51:49.733 | Info | '/transaction/getdonationpickup' | 
19:51:49.735 | Info | '/transaction/getchannel' | 
19:51:49.737 | Info | '/transaction/getcenters' | 
19:51:49.742 | Info | '/transaction/getdonationmethods' | 
19:51:49.749 | Info | '/transaction/getpaymentmethods' | 
19:51:50.982 | Info | '/transaction/getpaymentmethods' | 
19:51:50.985 | Info | '/transaction/getarea' | 
19:51:50.991 | Info | '/transaction/getpaymentmethods' | 
19:51:50.995 | Info | '/transaction/getarea' | 
19:51:53.418 | Info | '/transaction/getdonordetails' | 
19:51:57.040 | Info | '/transaction/getdonationpurpose' | 
19:51:57.399 | Info | '/transaction/getdonationpurpose' | 
19:52:03.155 | Info | '/transaction/newdonation' | 
19:55:05.060 | Info | '/transaction/getarea' | 
19:55:05.064 | Info | '/transaction/getpaymentmethods' | 
19:55:05.070 | Info | '/transaction/getarea' | 
19:55:05.072 | Info | '/transaction/getpaymentmethods' | 
19:55:05.260 | Info | '/transaction/getarea' | 
19:55:05.261 | Info | '/transaction/getpaymentmethods' | 
19:55:05.264 | Info | '/transaction/getarea' | 
19:55:05.266 | Info | '/transaction/getpaymentmethods' | 
19:55:12.869 | Info | '/api/user/login' | 
19:55:13.003 | Info | '/transaction/getuserpermissions' | 
19:55:13.009 | Info | '/transaction/getdonationpickup' | 
19:55:13.014 | Info | '/transaction/getcenters' | 
19:55:13.017 | Info | '/transaction/getchannel' | 
19:55:13.024 | Info | '/transaction/getdonationmethods' | 
19:55:13.026 | Info | '/transaction/getpaymentmethods' | 
19:55:13.028 | Info | '/transaction/getuserpermissions' | 
19:55:13.030 | Info | '/transaction/getdonationpickup' | 
19:55:13.033 | Info | '/transaction/getcenters' | 
19:55:13.038 | Info | '/transaction/getchannel' | 
19:55:13.048 | Info | '/transaction/getpaymentmethods' | 
19:55:13.045 | Info | '/transaction/getdonationmethods' | 
19:55:15.302 | Info | '/transaction/getpaymentmethods' | 
19:55:15.304 | Info | '/transaction/getarea' | 
19:55:15.309 | Info | '/transaction/getpaymentmethods' | 
19:55:15.315 | Info | '/transaction/getarea' | 
19:55:18.015 | Info | '/transaction/getdonordetails' | 
19:55:22.221 | Info | '/transaction/getdonationpurpose' | 
19:55:22.579 | Info | '/transaction/getdonationpurpose' | 
19:55:23.055 | Info | '/transaction/getdonationpurpose' | 
19:55:23.886 | Info | '/transaction/getdonationpurpose' | 
19:55:28.084 | Info | '/transaction/newdonation' | 
19:57:55.669 | Info | '/transaction/getarea' | 
19:57:55.671 | Info | '/transaction/getpaymentmethods' | 
19:57:55.681 | Info | '/transaction/getarea' | 
19:57:55.683 | Info | '/transaction/getpaymentmethods' | 
19:57:55.834 | Info | '/transaction/getarea' | 
19:57:55.836 | Info | '/transaction/getpaymentmethods' | 
19:57:55.841 | Info | '/transaction/getarea' | 
19:57:55.844 | Info | '/transaction/getpaymentmethods' | 
19:57:56.546 | Info | '/transaction/getuserpermissions' | 
19:57:56.550 | Info | '/transaction/getuserpermissions' | 
19:57:59.674 | Info | '/api/user/login' | 
19:57:59.791 | Info | '/transaction/getuserpermissions' | 
19:57:59.799 | Info | '/transaction/getuserpermissions' | 
19:57:59.801 | Info | '/transaction/getdonationpickup' | 
19:57:59.810 | Info | '/transaction/getcenters' | 
19:57:59.816 | Info | '/transaction/getpaymentmethods' | 
19:57:59.818 | Info | '/transaction/getchannel' | 
19:57:59.820 | Info | '/transaction/getdonationmethods' | 
19:57:59.824 | Info | '/transaction/getdonationpickup' | 
19:57:59.829 | Info | '/transaction/getcenters' | 
19:57:59.848 | Info | '/transaction/getpaymentmethods' | 
19:57:59.850 | Info | '/transaction/getchannel' | 
19:57:59.852 | Info | '/transaction/getdonationmethods' | 
19:58:03.813 | Info | '/transaction/getarea' | 
19:58:03.815 | Info | '/transaction/getpaymentmethods' | 
19:58:03.820 | Info | '/transaction/getarea' | 
19:58:03.822 | Info | '/transaction/getpaymentmethods' | 
19:58:06.235 | Info | '/transaction/getdonordetails' | 
19:58:11.763 | Info | '/transaction/getdonationpurpose' | 
19:58:12.143 | Info | '/transaction/getdonationpurpose' | 
19:58:17.602 | Info | '/transaction/newdonation' | 
20:07:57.037 | Info | '/api/user/login' | 
20:07:57.172 | Info | '/transaction/getuserpermissions' | 
20:07:57.183 | Info | '/transaction/getdonationpickup' | 
20:07:57.185 | Info | '/transaction/getcenters' | 
20:07:57.186 | Info | '/transaction/getchannel' | 
20:07:57.190 | Info | '/transaction/getdonationmethods' | 
20:07:57.188 | Info | '/transaction/getuserpermissions' | 
20:07:57.195 | Info | '/transaction/getpaymentmethods' | 
20:07:57.200 | Info | '/transaction/getdonationpickup' | 
20:07:57.204 | Info | '/transaction/getdonationmethods' | 
20:07:57.210 | Info | '/transaction/getcenters' | 
20:07:57.214 | Info | '/transaction/getpaymentmethods' | 
20:07:57.212 | Info | '/transaction/getchannel' | 
20:07:59.035 | Info | '/transaction/getpaymentmethods' | 
20:07:59.037 | Info | '/transaction/getarea' | 
20:07:59.041 | Info | '/transaction/getpaymentmethods' | 
20:07:59.042 | Info | '/transaction/getarea' | 
20:08:03.427 | Info | '/transaction/getdonordetails' | 
20:08:08.947 | Info | '/transaction/getdonationpurpose' | 
20:08:09.606 | Info | '/transaction/getdonationpurpose' | 
20:08:16.099 | Info | '/transaction/newdonation' | 
20:10:00.662 | Info | '/api/user/login' | 
20:10:00.808 | Info | '/transaction/getuserpermissions' | 
20:10:00.811 | Info | '/transaction/getdonationpickup' | 
20:10:00.813 | Info | '/transaction/getcenters' | 
20:10:00.816 | Info | '/transaction/getdonationmethods' | 
20:10:00.814 | Info | '/transaction/getchannel' | 
20:10:00.818 | Info | '/transaction/getpaymentmethods' | 
20:10:00.828 | Info | '/transaction/getuserpermissions' | 
20:10:00.829 | Info | '/transaction/getdonationpickup' | 
20:10:00.833 | Info | '/transaction/getdonationmethods' | 
20:10:00.836 | Info | '/transaction/getcenters' | 
20:10:00.837 | Info | '/transaction/getchannel' | 
20:10:00.840 | Info | '/transaction/getpaymentmethods' | 
20:10:02.130 | Info | '/transaction/getpaymentmethods' | 
20:10:02.132 | Info | '/transaction/getarea' | 
20:10:02.137 | Info | '/transaction/getpaymentmethods' | 
20:10:02.138 | Info | '/transaction/getarea' | 
20:10:05.066 | Info | '/transaction/getdonordetails' | 
20:10:08.654 | Info | '/transaction/getdonationpurpose' | 
20:10:09.123 | Info | '/transaction/getdonationpurpose' | 
20:10:13.447 | Info | '/transaction/newdonation' | 
20:11:22.969 | Info | '/api/user/login' | 
20:11:23.095 | Info | '/transaction/getuserpermissions' | 
20:11:23.104 | Info | '/transaction/getdonationpickup' | 
20:11:23.106 | Info | '/transaction/getuserpermissions' | 
20:11:23.129 | Info | '/transaction/getdonationpickup' | 
20:11:23.136 | Info | '/transaction/getcenters' | 
20:11:23.141 | Info | '/transaction/getchannel' | 
20:11:23.143 | Info | '/transaction/getdonationmethods' | 
20:11:23.145 | Info | '/transaction/getpaymentmethods' | 
20:11:23.161 | Info | '/transaction/getcenters' | 
20:11:23.167 | Info | '/transaction/getchannel' | 
20:11:23.169 | Info | '/transaction/getdonationmethods' | 
20:11:23.171 | Info | '/transaction/getpaymentmethods' | 
20:11:24.712 | Info | '/transaction/getpaymentmethods' | 
20:11:24.716 | Info | '/transaction/getarea' | 
20:11:24.718 | Info | '/transaction/getpaymentmethods' | 
20:11:24.726 | Info | '/transaction/getarea' | 
20:11:27.556 | Info | '/transaction/getdonordetails' | 
20:11:30.709 | Info | '/transaction/getdonationpurpose' | 
20:11:31.088 | Info | '/transaction/getdonationpurpose' | 
20:11:37.331 | Info | '/transaction/newdonation' | 
20:12:50.927 | Info | '/transaction/getdonationpurpose' | 
20:12:51.389 | Info | '/transaction/getdonationpurpose' | 
20:12:51.913 | Info | '/transaction/getdonationpurpose' | 
20:12:52.307 | Info | '/transaction/getdonationpurpose' | 
20:13:05.507 | Info | '/transaction/getdonordetails' | 
20:13:16.327 | Info | '/transaction/getdonationpurpose' | 
20:13:16.699 | Info | '/transaction/getdonationpurpose' | 
20:13:23.509 | Info | '/transaction/newdonation' | 
20:14:37.347 | Info | '/transaction/getdonationpurpose' | 
20:14:37.774 | Info | '/transaction/getdonationpurpose' | 
20:14:52.117 | Info | '/transaction/getdonordetails' | 
20:14:56.873 | Info | '/transaction/getdonationpurpose' | 
20:14:57.807 | Info | '/transaction/getdonationpurpose' | 
20:15:08.283 | Info | '/transaction/newdonation' | 
