14:21:40.086 | Info | '/api/user/login' | 
14:21:49.189 | Info | '/api/user/login' | 
14:21:49.407 | Info | '/transaction/getuserpermissions' | 
14:21:49.455 | Info | '/transaction/myprofile' | 
14:21:50.077 | Info | '/transaction/myrequests' | 
14:21:50.497 | Info | '/transaction/mycollections' | 
14:21:50.509 | Info | '/transaction/getuserpermissions' | 
14:21:50.738 | Info | '/transaction/myprofile' | 
14:21:50.820 | Info | '/transaction/myprofile' | 
14:21:50.955 | Info | '/transaction/myrequests' | 
14:21:51.186 | Info | '/transaction/myprofile' | 
14:21:51.200 | Info | '/transaction/mycollections' | 
14:21:52.034 | Info | '/transaction/getalldonations' | 
14:21:52.046 | Info | '/transaction/getchannel' | 
14:21:52.052 | Info | '/transaction/getdonationmethods' | 
14:21:52.040 | Info | '/transaction/getcenters' | 
14:21:52.084 | Info | '/transaction/getchannel' | 
14:21:52.143 | Info | '/transaction/getalldonations' | 
14:21:52.196 | Info | '/transaction/getdonationmethods' | 
14:21:52.263 | Info | '/transaction/getcenters' | 
14:22:39.332 | Info | '/transaction/getdonation/:donationRefNum' | 
14:22:42.234 | Info | '/transaction/getalldonations' | 
14:22:42.236 | Info | '/transaction/getcenters' | 
14:22:42.238 | Info | '/transaction/getchannel' | 
14:22:42.273 | Info | '/transaction/getdonationmethods' | 
14:22:42.280 | Info | '/transaction/getcenters' | 
14:22:42.287 | Info | '/transaction/getalldonations' | 
14:22:42.289 | Info | '/transaction/getchannel' | 
14:22:42.291 | Info | '/transaction/getdonationmethods' | 
14:22:56.902 | Info | '/transaction/getdonation/:donationRefNum' | 
14:22:59.352 | Info | '/transaction/getalldonations' | 
14:22:59.354 | Info | '/transaction/getcenters' | 
14:22:59.356 | Info | '/transaction/getchannel' | 
14:22:59.358 | Info | '/transaction/getdonationmethods' | 
14:22:59.388 | Info | '/transaction/getalldonations' | 
14:22:59.391 | Info | '/transaction/getcenters' | 
14:22:59.393 | Info | '/transaction/getchannel' | 
14:22:59.396 | Info | '/transaction/getdonationmethods' | 
14:23:03.847 | Info | '/transaction/getdonation/:donationRefNum' | 
14:23:08.123 | Info | '/transaction/getalldonations' | 
14:23:08.144 | Info | '/transaction/getcenters' | 
14:23:08.148 | Info | '/transaction/getdonationmethods' | 
14:23:08.151 | Info | '/transaction/getalldonations' | 
14:23:08.146 | Info | '/transaction/getchannel' | 
14:23:08.178 | Info | '/transaction/getcenters' | 
14:23:08.183 | Info | '/transaction/getdonationmethods' | 
14:23:08.180 | Info | '/transaction/getchannel' | 
14:23:15.325 | Info | '/transaction/getdonation/:donationRefNum' | 
14:23:17.403 | Info | '/transaction/getalldonations' | 
14:23:17.405 | Info | '/transaction/getcenters' | 
14:23:17.407 | Info | '/transaction/getchannel' | 
14:23:17.411 | Info | '/transaction/getdonationmethods' | 
14:23:17.425 | Info | '/transaction/getcenters' | 
14:23:17.428 | Info | '/transaction/getalldonations' | 
14:23:17.436 | Info | '/transaction/getchannel' | 
14:23:17.440 | Info | '/transaction/getdonationmethods' | 
14:23:18.284 | Info | '/transaction/getdonation/:donationRefNum' | 
14:23:19.541 | Info | '/transaction/getalldonations' | 
14:23:19.543 | Info | '/transaction/getcenters' | 
14:23:19.547 | Info | '/transaction/getdonationmethods' | 
14:23:19.545 | Info | '/transaction/getchannel' | 
14:23:19.561 | Info | '/transaction/getcenters' | 
14:23:19.563 | Info | '/transaction/getalldonations' | 
14:23:19.565 | Info | '/transaction/getchannel' | 
14:23:19.567 | Info | '/transaction/getdonationmethods' | 
14:23:28.859 | Info | '/transaction/getdonation/:donationRefNum' | 
14:23:30.764 | Info | '/transaction/getalldonations' | 
14:23:30.774 | Info | '/transaction/getcenters' | 
14:23:30.778 | Info | '/transaction/getchannel' | 
14:23:30.779 | Info | '/transaction/getdonationmethods' | 
14:23:30.801 | Info | '/transaction/getalldonations' | 
14:23:30.808 | Info | '/transaction/getcenters' | 
14:23:30.810 | Info | '/transaction/getchannel' | 
14:23:30.812 | Info | '/transaction/getdonationmethods' | 
14:23:37.869 | Info | '/transaction/getdonation/:donationRefNum' | 
14:23:39.692 | Info | '/transaction/getalldonations' | 
14:23:39.694 | Info | '/transaction/getcenters' | 
14:23:39.696 | Info | '/transaction/getchannel' | 
14:23:39.698 | Info | '/transaction/getdonationmethods' | 
14:23:39.719 | Info | '/transaction/getalldonations' | 
14:23:39.724 | Info | '/transaction/getcenters' | 
14:23:39.729 | Info | '/transaction/getchannel' | 
14:23:39.731 | Info | '/transaction/getdonationmethods' | 
14:23:41.124 | Info | '/transaction/getdonation/:donationRefNum' | 
14:23:42.557 | Info | '/transaction/getalldonations' | 
14:23:42.559 | Info | '/transaction/getcenters' | 
14:23:42.560 | Info | '/transaction/getchannel' | 
14:23:42.562 | Info | '/transaction/getdonationmethods' | 
14:23:42.576 | Info | '/transaction/getcenters' | 
14:23:42.578 | Info | '/transaction/getalldonations' | 
14:23:42.582 | Info | '/transaction/getchannel' | 
14:23:42.584 | Info | '/transaction/getdonationmethods' | 
14:23:43.665 | Info | '/transaction/getdonation/:donationRefNum' | 
14:23:44.931 | Info | '/transaction/getalldonations' | 
14:23:44.933 | Info | '/transaction/getcenters' | 
14:23:44.935 | Info | '/transaction/getchannel' | 
14:23:44.937 | Info | '/transaction/getdonationmethods' | 
14:23:44.953 | Info | '/transaction/getalldonations' | 
14:23:44.962 | Info | '/transaction/getcenters' | 
14:23:44.969 | Info | '/transaction/getchannel' | 
14:23:44.971 | Info | '/transaction/getdonationmethods' | 
14:23:47.426 | Info | '/transaction/getdonation/:donationRefNum' | 
14:23:49.353 | Info | '/transaction/getalldonations' | 
14:23:49.355 | Info | '/transaction/getcenters' | 
14:23:49.358 | Info | '/transaction/getchannel' | 
14:23:49.372 | Info | '/transaction/getdonationmethods' | 
14:23:49.376 | Info | '/transaction/getalldonations' | 
14:23:49.381 | Info | '/transaction/getchannel' | 
14:23:49.384 | Info | '/transaction/getcenters' | 
14:23:49.401 | Info | '/transaction/getdonationmethods' | 
14:23:50.838 | Info | '/transaction/getdonation/:donationRefNum' | 
14:23:52.041 | Info | '/transaction/getalldonations' | 
14:23:52.044 | Info | '/transaction/getcenters' | 
14:23:52.047 | Info | '/transaction/getdonationmethods' | 
14:23:52.046 | Info | '/transaction/getchannel' | 
14:23:52.061 | Info | '/transaction/getalldonations' | 
14:23:52.064 | Info | '/transaction/getcenters' | 
14:23:52.066 | Info | '/transaction/getchannel' | 
14:23:52.076 | Info | '/transaction/getdonationmethods' | 
14:23:56.727 | Info | '/transaction/getdonation/:donationRefNum' | 
14:23:58.447 | Info | '/transaction/getalldonations' | 
14:23:58.449 | Info | '/transaction/getcenters' | 
14:23:58.451 | Info | '/transaction/getchannel' | 
14:23:58.453 | Info | '/transaction/getdonationmethods' | 
14:23:58.467 | Info | '/transaction/getcenters' | 
14:23:58.469 | Info | '/transaction/getalldonations' | 
14:23:58.480 | Info | '/transaction/getchannel' | 
14:23:58.485 | Info | '/transaction/getdonationmethods' | 
14:24:05.619 | Info | '/transaction/getdonation/:donationRefNum' | 
14:24:07.209 | Info | '/transaction/getalldonations' | 
14:24:07.211 | Info | '/transaction/getcenters' | 
14:24:07.213 | Info | '/transaction/getchannel' | 
14:24:07.215 | Info | '/transaction/getdonationmethods' | 
14:24:07.237 | Info | '/transaction/getalldonations' | 
14:24:07.239 | Info | '/transaction/getcenters' | 
14:24:07.241 | Info | '/transaction/getchannel' | 
14:24:07.244 | Info | '/transaction/getdonationmethods' | 
14:26:29.236 | Info | '/api/user/login' | 
14:26:29.415 | Info | '/transaction/getuserpermissions' | 
14:26:29.418 | Info | '/transaction/myprofile' | 
14:26:29.424 | Info | '/transaction/myrequests' | 
14:26:29.426 | Info | '/transaction/mycollections' | 
14:26:29.429 | Info | '/transaction/getuserpermissions' | 
14:26:29.431 | Info | '/transaction/myrequests' | 
14:26:29.511 | Info | '/transaction/myprofile' | 
14:26:29.513 | Info | '/transaction/mycollections' | 
14:26:29.518 | Info | '/transaction/myprofile' | 
14:26:29.523 | Info | '/transaction/myprofile' | 
14:26:31.465 | Info | '/transaction/getdonationpickup' | 
14:26:31.472 | Info | '/transaction/getdonationpickup' | 
14:26:31.482 | Info | '/transaction/getdonationpickup' | 
14:26:31.489 | Info | '/transaction/getdonationpickup' | 
14:29:01.092 | Info | '/api/user/login' | 
14:29:01.333 | Info | '/transaction/getuserpermissions' | 
14:29:01.335 | Info | '/transaction/myprofile' | 
14:29:01.342 | Info | '/transaction/myrequests' | 
14:29:01.344 | Info | '/transaction/mycollections' | 
14:29:01.346 | Info | '/transaction/getuserpermissions' | 
14:29:01.350 | Info | '/transaction/myprofile' | 
14:29:01.358 | Info | '/transaction/myrequests' | 
14:29:01.364 | Info | '/transaction/mycollections' | 
14:29:01.372 | Info | '/transaction/myprofile' | 
14:29:01.380 | Info | '/transaction/myprofile' | 
14:29:03.277 | Info | '/transaction/getdonationpickup' | 
14:29:03.283 | Info | '/transaction/getdonationpickup' | 
14:29:19.188 | Info | '/api/user/login' | 
14:29:19.343 | Info | '/transaction/getuserpermissions' | 
14:29:19.351 | Info | '/transaction/myprofile' | 
14:29:19.355 | Info | '/transaction/myrequests' | 
14:29:19.357 | Info | '/transaction/getuserpermissions' | 
14:29:19.359 | Info | '/transaction/mycollections' | 
14:29:19.361 | Info | '/transaction/myprofile' | 
14:29:19.369 | Info | '/transaction/myrequests' | 
14:29:19.374 | Info | '/transaction/mycollections' | 
14:29:19.376 | Info | '/transaction/myprofile' | 
14:29:19.382 | Info | '/transaction/myprofile' | 
14:29:20.943 | Info | '/transaction/getdonationpickup' | 
14:29:20.951 | Info | '/transaction/getdonationpickup' | 
14:31:35.948 | Info | '/api/user/login' | 
14:31:36.107 | Info | '/transaction/getuserpermissions' | 
14:31:36.114 | Info | '/transaction/myprofile' | 
14:31:36.116 | Info | '/transaction/myrequests' | 
14:31:36.118 | Info | '/transaction/getuserpermissions' | 
14:31:36.120 | Info | '/transaction/mycollections' | 
14:31:36.128 | Info | '/transaction/myprofile' | 
14:31:36.131 | Info | '/transaction/myrequests' | 
14:31:36.138 | Info | '/transaction/mycollections' | 
14:31:36.141 | Info | '/transaction/myprofile' | 
14:31:36.155 | Info | '/transaction/myprofile' | 
14:31:38.200 | Info | '/transaction/getalldonations' | 
14:31:38.221 | Info | '/transaction/getcenters' | 
14:31:38.223 | Info | '/transaction/getchannel' | 
14:31:38.225 | Info | '/transaction/getdonationmethods' | 
14:31:38.229 | Info | '/transaction/getalldonations' | 
14:31:38.236 | Info | '/transaction/getcenters' | 
14:31:38.251 | Info | '/transaction/getchannel' | 
14:31:38.254 | Info | '/transaction/getdonationmethods' | 
14:31:43.747 | Info | '/transaction/getalldonations' | 
14:31:43.749 | Info | '/transaction/getcenters' | 
14:31:43.753 | Info | '/transaction/getdonationmethods' | 
14:31:43.752 | Info | '/transaction/getchannel' | 
14:31:43.768 | Info | '/transaction/getalldonations' | 
14:31:43.771 | Info | '/transaction/getchannel' | 
14:31:43.774 | Info | '/transaction/getcenters' | 
14:31:43.776 | Info | '/transaction/getdonationmethods' | 
14:33:00.124 | Info | '/api/user/login' | 
14:33:00.286 | Info | '/transaction/getuserpermissions' | 
14:33:00.293 | Info | '/transaction/getuserpermissions' | 
14:33:00.295 | Info | '/transaction/myprofile' | 
14:33:00.304 | Info | '/transaction/myrequests' | 
14:33:00.306 | Info | '/transaction/mycollections' | 
14:33:00.308 | Info | '/transaction/myprofile' | 
14:33:00.319 | Info | '/transaction/myrequests' | 
14:33:00.322 | Info | '/transaction/mycollections' | 
14:33:00.325 | Info | '/transaction/myprofile' | 
14:33:00.334 | Info | '/transaction/myprofile' | 
14:33:01.843 | Info | '/transaction/getdonationpickup' | 
14:33:01.844 | Info | '/transaction/getcenters' | 
14:33:01.846 | Info | '/transaction/getchannel' | 
14:33:01.849 | Info | '/transaction/getdonationmethods' | 
14:33:01.857 | Info | '/transaction/getdonationpickup' | 
14:33:01.859 | Info | '/transaction/getcenters' | 
14:33:01.860 | Info | '/transaction/getchannel' | 
14:33:01.862 | Info | '/transaction/getdonationmethods' | 
14:33:10.174 | Info | '/transaction/getarea' | 
14:33:10.179 | Info | '/transaction/getpaymentmethods' | 
14:33:10.190 | Info | '/transaction/getpaymentmethods' | 
14:33:10.231 | Info | '/transaction/getarea' | 
14:33:11.135 | Info | '/transaction/getalldonations' | 
14:33:11.138 | Info | '/transaction/getcenters' | 
14:33:11.140 | Info | '/transaction/getchannel' | 
14:33:11.156 | Info | '/transaction/getdonationmethods' | 
14:33:11.160 | Info | '/transaction/getalldonations' | 
14:33:11.163 | Info | '/transaction/getcenters' | 
14:33:11.168 | Info | '/transaction/getdonationmethods' | 
14:33:11.192 | Info | '/transaction/getchannel' | 
14:33:12.642 | Info | '/transaction/getcenters' | 
14:33:12.644 | Info | '/transaction/getchannel' | 
14:33:12.648 | Info | '/transaction/getdonationpickup' | 
14:33:12.651 | Info | '/transaction/getdonationmethods' | 
14:33:12.653 | Info | '/transaction/getcenters' | 
14:33:12.655 | Info | '/transaction/getchannel' | 
14:33:12.659 | Info | '/transaction/getdonationmethods' | 
14:33:12.671 | Info | '/transaction/getdonationpickup' | 
14:33:54.355 | Info | '/api/user/login' | 
14:33:54.506 | Info | '/transaction/getuserpermissions' | 
14:33:54.521 | Info | '/transaction/myprofile' | 
14:33:54.523 | Info | '/transaction/getuserpermissions' | 
14:33:54.525 | Info | '/transaction/myrequests' | 
14:33:54.528 | Info | '/transaction/mycollections' | 
14:33:54.535 | Info | '/transaction/myprofile' | 
14:33:54.546 | Info | '/transaction/myrequests' | 
14:33:54.549 | Info | '/transaction/mycollections' | 
14:33:54.553 | Info | '/transaction/myprofile' | 
14:33:54.566 | Info | '/transaction/myprofile' | 
14:33:56.790 | Info | '/transaction/getdonationpickup' | 
14:33:56.794 | Info | '/transaction/getcenters' | 
14:33:56.795 | Info | '/transaction/getchannel' | 
14:33:56.799 | Info | '/transaction/getdonationmethods' | 
14:33:56.802 | Info | '/transaction/getdonationpickup' | 
14:33:56.804 | Info | '/transaction/getcenters' | 
14:33:56.813 | Info | '/transaction/getchannel' | 
14:33:56.874 | Info | '/transaction/getdonationmethods' | 
14:34:07.598 | Info | '/api/user/login' | 
14:34:07.765 | Info | '/transaction/getuserpermissions' | 
14:34:07.770 | Info | '/transaction/myprofile' | 
14:34:07.773 | Info | '/transaction/getuserpermissions' | 
14:34:07.783 | Info | '/transaction/myrequests' | 
14:34:07.785 | Info | '/transaction/mycollections' | 
14:34:07.787 | Info | '/transaction/myprofile' | 
14:34:07.795 | Info | '/transaction/myrequests' | 
14:34:07.802 | Info | '/transaction/myprofile' | 
14:34:07.805 | Info | '/transaction/mycollections' | 
14:34:07.811 | Info | '/transaction/myprofile' | 
14:34:13.921 | Info | '/transaction/getdonationpickup' | 
14:34:13.928 | Info | '/transaction/getcenters' | 
14:34:13.932 | Info | '/transaction/getdonationmethods' | 
14:34:13.930 | Info | '/transaction/getchannel' | 
14:34:13.933 | Info | '/transaction/getdonationpickup' | 
14:34:13.939 | Info | '/transaction/getcenters' | 
14:34:13.942 | Info | '/transaction/getchannel' | 
14:34:13.946 | Info | '/transaction/getdonationmethods' | 
14:34:18.192 | Info | '/transaction/getdonation/:donationRefNum' | 
14:34:20.972 | Info | '/transaction/getdonationpickup' | 
14:34:20.975 | Info | '/transaction/getcenters' | 
14:34:20.977 | Info | '/transaction/getchannel' | 
14:34:20.982 | Info | '/transaction/getdonationmethods' | 
14:34:20.992 | Info | '/transaction/getdonationpickup' | 
14:34:20.994 | Info | '/transaction/getcenters' | 
14:34:21.002 | Info | '/transaction/getchannel' | 
14:34:21.008 | Info | '/transaction/getdonationmethods' | 
14:34:22.275 | Info | '/transaction/getdonation/:donationRefNum' | 
14:34:23.758 | Info | '/transaction/getdonationpickup' | 
14:34:23.760 | Info | '/transaction/getcenters' | 
14:34:23.762 | Info | '/transaction/getchannel' | 
14:34:23.764 | Info | '/transaction/getdonationmethods' | 
14:34:23.772 | Info | '/transaction/getcenters' | 
14:34:23.774 | Info | '/transaction/getdonationpickup' | 
14:34:23.776 | Info | '/transaction/getchannel' | 
14:34:23.782 | Info | '/transaction/getdonationmethods' | 
14:35:01.790 | Info | '/api/user/login' | 
14:35:01.932 | Info | '/transaction/getuserpermissions' | 
14:35:01.934 | Info | '/transaction/myprofile' | 
14:35:01.937 | Info | '/transaction/myrequests' | 
14:35:01.940 | Info | '/transaction/mycollections' | 
14:35:01.944 | Info | '/transaction/getuserpermissions' | 
14:35:01.947 | Info | '/transaction/myprofile' | 
14:35:01.951 | Info | '/transaction/myrequests' | 
14:35:01.957 | Info | '/transaction/mycollections' | 
14:35:01.964 | Info | '/transaction/myprofile' | 
14:35:01.971 | Info | '/transaction/myprofile' | 
14:35:04.065 | Info | '/transaction/getdonationpickup' | 
14:35:04.066 | Info | '/transaction/getcenters' | 
14:35:04.070 | Info | '/transaction/getdonationmethods' | 
14:35:04.068 | Info | '/transaction/getchannel' | 
14:35:04.077 | Info | '/transaction/getcenters' | 
14:35:04.081 | Info | '/transaction/getdonationpickup' | 
14:35:04.083 | Info | '/transaction/getchannel' | 
14:35:04.086 | Info | '/transaction/getdonationmethods' | 
14:35:16.643 | Info | '/transaction/getdonation/:donationRefNum' | 
14:35:20.030 | Info | '/transaction/getdonationpickup' | 
14:35:20.036 | Info | '/transaction/getcenters' | 
14:35:20.038 | Info | '/transaction/getchannel' | 
14:35:20.043 | Info | '/transaction/getdonationmethods' | 
14:35:20.047 | Info | '/transaction/getdonationpickup' | 
14:35:20.052 | Info | '/transaction/getcenters' | 
14:35:20.054 | Info | '/transaction/getchannel' | 
14:35:20.057 | Info | '/transaction/getdonationmethods' | 
14:35:20.994 | Info | '/transaction/getdonation/:donationRefNum' | 
14:35:26.020 | Info | '/transaction/getdonationpickup' | 
14:35:26.028 | Info | '/transaction/getcenters' | 
14:35:26.032 | Info | '/transaction/getdonationmethods' | 
14:35:26.029 | Info | '/transaction/getchannel' | 
14:35:26.035 | Info | '/transaction/getdonationpickup' | 
14:35:26.039 | Info | '/transaction/getcenters' | 
14:35:26.040 | Info | '/transaction/getchannel' | 
14:35:26.048 | Info | '/transaction/getdonationmethods' | 
14:35:29.859 | Info | '/transaction/getdonation/:donationRefNum' | 
14:35:54.342 | Info | '/transaction/getdonationpickup' | 
14:35:54.344 | Info | '/transaction/getcenters' | 
14:35:54.345 | Info | '/transaction/getchannel' | 
14:35:54.347 | Info | '/transaction/getdonationmethods' | 
14:35:54.357 | Info | '/transaction/getdonationpickup' | 
14:35:54.359 | Info | '/transaction/getcenters' | 
14:35:54.362 | Info | '/transaction/getchannel' | 
14:35:54.365 | Info | '/transaction/getdonationmethods' | 
14:35:55.496 | Info | '/transaction/getdonation/:donationRefNum' | 
14:35:57.191 | Info | '/transaction/getdonationpickup' | 
14:35:57.192 | Info | '/transaction/getcenters' | 
14:35:57.194 | Info | '/transaction/getchannel' | 
14:35:57.196 | Info | '/transaction/getdonationmethods' | 
14:35:57.203 | Info | '/transaction/getcenters' | 
14:35:57.205 | Info | '/transaction/getchannel' | 
14:35:57.208 | Info | '/transaction/getdonationpickup' | 
14:35:57.211 | Info | '/transaction/getdonationmethods' | 
14:35:59.891 | Info | '/transaction/getdonation/:donationRefNum' | 
14:36:01.371 | Info | '/transaction/getdonationpickup' | 
14:36:01.374 | Info | '/transaction/getcenters' | 
14:36:01.376 | Info | '/transaction/getchannel' | 
14:36:01.380 | Info | '/transaction/getdonationmethods' | 
14:36:01.392 | Info | '/transaction/getdonationpickup' | 
14:36:01.393 | Info | '/transaction/getcenters' | 
14:36:01.398 | Info | '/transaction/getchannel' | 
14:36:01.405 | Info | '/transaction/getdonationmethods' | 
14:36:04.916 | Info | '/transaction/getdonation/:donationRefNum' | 
14:36:06.648 | Info | '/transaction/getdonationpickup' | 
14:36:06.658 | Info | '/transaction/getcenters' | 
14:36:06.660 | Info | '/transaction/getdonationmethods' | 
14:36:06.659 | Info | '/transaction/getchannel' | 
14:36:06.666 | Info | '/transaction/getdonationpickup' | 
14:36:06.671 | Info | '/transaction/getcenters' | 
14:36:06.674 | Info | '/transaction/getdonationmethods' | 
14:36:06.673 | Info | '/transaction/getchannel' | 
14:36:07.767 | Info | '/transaction/getdonation/:donationRefNum' | 
14:36:09.952 | Info | '/transaction/getdonationpickup' | 
14:36:09.954 | Info | '/transaction/getcenters' | 
14:36:09.956 | Info | '/transaction/getchannel' | 
14:36:09.959 | Info | '/transaction/getdonationmethods' | 
14:36:09.964 | Info | '/transaction/getdonationpickup' | 
14:36:09.966 | Info | '/transaction/getcenters' | 
14:36:09.968 | Info | '/transaction/getchannel' | 
14:36:09.972 | Info | '/transaction/getdonationmethods' | 
14:36:37.421 | Info | '/transaction/getalldonations' | 
14:36:37.428 | Info | '/transaction/getcenters' | 
14:36:37.429 | Info | '/transaction/getchannel' | 
14:36:37.431 | Info | '/transaction/getdonationmethods' | 
14:36:37.453 | Info | '/transaction/getalldonations' | 
14:36:37.455 | Info | '/transaction/getcenters' | 
14:36:37.461 | Info | '/transaction/getchannel' | 
14:36:37.477 | Info | '/transaction/getdonationmethods' | 
14:36:58.601 | Info | '/transaction/getdonationpickup' | 
14:36:58.604 | Info | '/transaction/getcenters' | 
14:36:58.607 | Info | '/transaction/getchannel' | 
14:36:58.608 | Info | '/transaction/getdonationmethods' | 
14:36:58.614 | Info | '/transaction/getcenters' | 
14:36:58.616 | Info | '/transaction/getchannel' | 
14:36:58.621 | Info | '/transaction/getdonationmethods' | 
14:36:58.618 | Info | '/transaction/getdonationpickup' | 
14:37:02.651 | Info | '/transaction/getdonation/:donationRefNum' | 
14:37:04.463 | Info | '/transaction/getdonationpickup' | 
14:37:04.466 | Info | '/transaction/getcenters' | 
14:37:04.469 | Info | '/transaction/getdonationmethods' | 
14:37:04.468 | Info | '/transaction/getchannel' | 
14:37:04.489 | Info | '/transaction/getdonationpickup' | 
14:37:04.492 | Info | '/transaction/getcenters' | 
14:37:04.495 | Info | '/transaction/getchannel' | 
14:37:04.497 | Info | '/transaction/getdonationmethods' | 
14:37:07.950 | Info | '/transaction/getcollection' | 
14:37:08.027 | Info | '/transaction/getcollection' | 
14:37:09.770 | Info | '/transaction/getalldonations' | 
14:37:09.771 | Info | '/transaction/getcenters' | 
14:37:09.787 | Info | '/transaction/getchannel' | 
14:37:09.789 | Info | '/transaction/getdonationmethods' | 
14:37:09.793 | Info | '/transaction/getcenters' | 
14:37:09.791 | Info | '/transaction/getalldonations' | 
14:37:09.807 | Info | '/transaction/getchannel' | 
14:37:09.809 | Info | '/transaction/getdonationmethods' | 
14:37:10.811 | Info | '/transaction/getarea' | 
14:37:10.813 | Info | '/transaction/getpaymentmethods' | 
14:37:10.817 | Info | '/transaction/getarea' | 
14:37:10.824 | Info | '/transaction/getpaymentmethods' | 
14:37:12.457 | Info | '/transaction/getcenters' | 
14:37:12.462 | Info | '/transaction/getchannel' | 
14:37:12.463 | Info | '/transaction/getdonationmethods' | 
14:37:12.465 | Info | '/transaction/getdonationpickup' | 
14:37:12.471 | Info | '/transaction/getcenters' | 
14:37:12.473 | Info | '/transaction/getchannel' | 
14:37:12.476 | Info | '/transaction/getdonationmethods' | 
14:37:12.478 | Info | '/transaction/getdonationpickup' | 
14:37:24.164 | Info | '/transaction/getalldonations' | 
14:37:24.176 | Info | '/transaction/getalldonations' | 
14:37:26.904 | Info | '/transaction/getalldonations' | 
14:37:26.922 | Info | '/transaction/getcenters' | 
14:37:26.926 | Info | '/transaction/getdonationmethods' | 
14:37:26.924 | Info | '/transaction/getchannel' | 
14:37:26.928 | Info | '/transaction/getalldonations' | 
14:37:26.947 | Info | '/transaction/getcenters' | 
14:37:26.959 | Info | '/transaction/getdonationmethods' | 
14:37:26.956 | Info | '/transaction/getchannel' | 
14:41:57.462 | Info | '/api/user/login' | 
14:41:57.593 | Info | '/transaction/getuserpermissions' | 
14:41:57.595 | Info | '/transaction/myprofile' | 
14:41:57.609 | Info | '/transaction/getuserpermissions' | 
14:41:57.615 | Info | '/transaction/myrequests' | 
14:41:57.620 | Info | '/transaction/mycollections' | 
14:41:57.622 | Info | '/transaction/myprofile' | 
14:41:57.639 | Info | '/transaction/myrequests' | 
14:41:57.641 | Info | '/transaction/myprofile' | 
14:41:57.643 | Info | '/transaction/mycollections' | 
14:41:57.662 | Info | '/transaction/myprofile' | 
14:42:01.497 | Info | '/transaction/getdonationpickup' | 
14:42:01.511 | Info | '/transaction/getcenters' | 
14:42:01.515 | Info | '/transaction/getdonationmethods' | 
14:42:01.513 | Info | '/transaction/getchannel' | 
14:42:01.517 | Info | '/transaction/getdonationpickup' | 
14:42:01.525 | Info | '/transaction/getcenters' | 
14:42:01.526 | Info | '/transaction/getchannel' | 
14:42:01.528 | Info | '/transaction/getdonationmethods' | 
14:44:14.932 | Info | '/api/user/login' | 
14:44:15.106 | Info | '/transaction/getuserpermissions' | 
14:44:15.118 | Info | '/transaction/getuserpermissions' | 
14:44:15.120 | Info | '/transaction/myprofile' | 
14:44:15.123 | Info | '/transaction/myrequests' | 
14:44:15.126 | Info | '/transaction/mycollections' | 
14:44:15.133 | Info | '/transaction/myprofile' | 
14:44:15.138 | Info | '/transaction/myrequests' | 
14:44:15.141 | Info | '/transaction/mycollections' | 
14:44:15.148 | Info | '/transaction/myprofile' | 
14:44:15.159 | Info | '/transaction/myprofile' | 
14:44:17.036 | Info | '/transaction/getdonationpickup' | 
14:44:17.039 | Info | '/transaction/getcenters' | 
14:44:17.041 | Info | '/transaction/getchannel' | 
14:44:17.045 | Info | '/transaction/getdonationmethods' | 
14:44:17.048 | Info | '/transaction/getdonationpickup' | 
14:44:17.056 | Info | '/transaction/getcenters' | 
14:44:17.060 | Info | '/transaction/getdonationmethods' | 
14:44:17.058 | Info | '/transaction/getchannel' | 
15:06:23.636 | Info | '/api/user/login' | 
15:06:24.262 | Info | '/transaction/getuserpermissions' | 
15:06:24.304 | Info | '/transaction/myprofile' | 
15:06:24.683 | Info | '/transaction/myrequests' | 
15:06:24.806 | Info | '/transaction/mycollections' | 
15:06:24.829 | Info | '/transaction/getuserpermissions' | 
15:06:24.849 | Info | '/transaction/myprofile' | 
15:06:24.852 | Info | '/transaction/myrequests' | 
15:06:24.856 | Info | '/transaction/mycollections' | 
15:06:24.864 | Info | '/transaction/myprofile' | 
15:06:24.880 | Info | '/transaction/myprofile' | 
15:06:26.631 | Info | '/transaction/getdonationpickup' | 
15:06:26.634 | Info | '/transaction/getcenters' | 
15:06:26.639 | Info | '/transaction/getchannel' | 
15:06:26.644 | Info | '/transaction/getdonationmethods' | 
15:06:26.682 | Info | '/transaction/getdonationpickup' | 
15:06:26.686 | Info | '/transaction/getchannel' | 
15:06:26.688 | Info | '/transaction/getdonationmethods' | 
15:06:26.685 | Info | '/transaction/getcenters' | 
15:06:33.795 | Info | '/transaction/getarea' | 
15:06:33.802 | Info | '/transaction/getpaymentmethods' | 
15:06:33.815 | Info | '/transaction/getarea' | 
15:06:33.820 | Info | '/transaction/getpaymentmethods' | 
15:06:37.682 | Info | '/transaction/getdonordetails' | 
15:06:43.151 | Info | '/transaction/getdonationpurpose' | 
15:06:43.581 | Info | '/transaction/getdonationpurpose' | 
15:06:50.069 | Info | '/transaction/newdonation' | 
15:08:08.643 | Info | '/api/user/login' | 
15:08:08.851 | Info | '/transaction/getuserpermissions' | 
15:08:08.853 | Info | '/transaction/myprofile' | 
15:08:08.869 | Info | '/transaction/myrequests' | 
15:08:08.872 | Info | '/transaction/mycollections' | 
15:08:08.874 | Info | '/transaction/getuserpermissions' | 
15:08:08.890 | Info | '/transaction/myprofile' | 
15:08:08.893 | Info | '/transaction/mycollections' | 
15:08:08.908 | Info | '/transaction/myprofile' | 
15:08:08.917 | Info | '/transaction/myprofile' | 
15:08:08.920 | Info | '/transaction/myrequests' | 
15:08:12.758 | Info | '/transaction/getarea' | 
15:08:12.761 | Info | '/transaction/getpaymentmethods' | 
15:08:12.765 | Info | '/transaction/getarea' | 
15:08:12.887 | Info | '/transaction/getpaymentmethods' | 
15:08:15.690 | Info | '/transaction/getdonordetails' | 
15:08:19.547 | Info | '/transaction/getdonationpurpose' | 
15:08:20.122 | Info | '/transaction/getdonationpurpose' | 
15:08:27.614 | Info | '/transaction/newdonation' | 
15:08:58.542 | Info | '/transaction/getdonationpurpose' | 
15:08:59.120 | Info | '/transaction/getdonationpurpose' | 
15:09:02.670 | Info | '/transaction/getdonationpurpose' | 
15:09:03.390 | Info | '/transaction/getdonationpurpose' | 
15:09:04.396 | Info | '/transaction/getdonationpurpose' | 
15:09:05.060 | Info | '/transaction/getdonationpurpose' | 
15:09:06.339 | Info | '/transaction/getdonationpurpose' | 
15:09:07.101 | Info | '/transaction/getdonationpurpose' | 
15:09:08.454 | Info | '/transaction/getdonationpurpose' | 
15:09:09.278 | Info | '/transaction/getdonationpurpose' | 
15:09:28.157 | Info | '/transaction/getdonationpurpose' | 
15:09:28.720 | Info | '/transaction/getdonationpurpose' | 
15:09:31.852 | Info | '/transaction/getdonationpurpose' | 
15:09:32.382 | Info | '/transaction/getdonationpurpose' | 
15:10:00.033 | Info | '/transaction/newdonation' | 
15:12:01.717 | Info | '/api/user/login' | 
15:12:01.912 | Info | '/transaction/getuserpermissions' | 
15:12:01.922 | Info | '/transaction/myprofile' | 
15:12:01.924 | Info | '/transaction/myrequests' | 
15:12:01.926 | Info | '/transaction/mycollections' | 
15:12:01.928 | Info | '/transaction/getuserpermissions' | 
15:12:01.939 | Info | '/transaction/myprofile' | 
15:12:01.945 | Info | '/transaction/myrequests' | 
15:12:01.961 | Info | '/transaction/mycollections' | 
15:12:01.971 | Info | '/transaction/myprofile' | 
15:12:01.993 | Info | '/transaction/myprofile' | 
15:12:04.167 | Info | '/transaction/getdonationpickup' | 
15:12:04.169 | Info | '/transaction/getcenters' | 
15:12:04.171 | Info | '/transaction/getchannel' | 
15:12:04.173 | Info | '/transaction/getdonationmethods' | 
15:12:04.192 | Info | '/transaction/getdonationpickup' | 
15:12:04.199 | Info | '/transaction/getcenters' | 
15:12:04.208 | Info | '/transaction/getchannel' | 
15:12:04.210 | Info | '/transaction/getdonationmethods' | 
15:12:05.743 | Info | '/transaction/getarea' | 
15:12:05.748 | Info | '/transaction/getpaymentmethods' | 
15:12:05.753 | Info | '/transaction/getarea' | 
15:12:05.756 | Info | '/transaction/getpaymentmethods' | 
15:12:06.410 | Info | '/transaction/getcenters' | 
15:12:06.414 | Info | '/transaction/getalldonations' | 
15:12:06.420 | Info | '/transaction/getdonationmethods' | 
15:12:06.418 | Info | '/transaction/getchannel' | 
15:12:06.423 | Info | '/transaction/getcenters' | 
15:12:06.471 | Info | '/transaction/getchannel' | 
15:12:06.477 | Info | '/transaction/getdonationmethods' | 
15:12:06.483 | Info | '/transaction/getalldonations' | 
15:12:07.079 | Info | '/transaction/getarea' | 
15:12:07.080 | Info | '/transaction/getpaymentmethods' | 
15:12:07.091 | Info | '/transaction/getarea' | 
15:12:07.093 | Info | '/transaction/getpaymentmethods' | 
15:12:12.065 | Info | '/transaction/getdonordetails' | 
15:12:15.381 | Info | '/transaction/getdonationpurpose' | 
15:12:15.764 | Info | '/transaction/getdonationpurpose' | 
15:13:33.315 | Info | '/api/user/login' | 
15:13:33.807 | Info | '/transaction/getuserpermissions' | 
15:13:33.822 | Info | '/transaction/myprofile' | 
15:13:33.921 | Info | '/transaction/myrequests' | 
15:13:33.984 | Info | '/transaction/getuserpermissions' | 
15:13:33.991 | Info | '/transaction/mycollections' | 
15:13:34.022 | Info | '/transaction/myprofile' | 
15:13:34.033 | Info | '/transaction/myrequests' | 
15:13:34.038 | Info | '/transaction/mycollections' | 
15:13:34.045 | Info | '/transaction/myprofile' | 
15:13:34.053 | Info | '/transaction/myprofile' | 
15:13:58.599 | Info | '/transaction/getarea' | 
15:13:58.605 | Info | '/transaction/getpaymentmethods' | 
15:13:58.621 | Info | '/transaction/getarea' | 
15:13:58.623 | Info | '/transaction/getpaymentmethods' | 
15:14:04.090 | Info | '/transaction/getdonordetails' | 
15:14:08.870 | Info | '/transaction/getdonationpurpose' | 
15:14:09.413 | Info | '/transaction/getdonationpurpose' | 
15:14:25.672 | Info | '/transaction/newdonation' | 
15:16:14.512 | Info | '/transaction/getdonationpurpose' | 
15:16:14.816 | Info | '/transaction/getdonationpurpose' | 
15:16:16.076 | Info | '/transaction/getdonationpurpose' | 
15:16:16.535 | Info | '/transaction/getdonationpurpose' | 
15:16:18.040 | Info | '/transaction/getdonationpurpose' | 
15:16:25.521 | Info | '/transaction/newdonation' | 
16:18:12.245 | Info | '/api/user/login' | 
16:18:12.815 | Info | '/transaction/getuserpermissions' | 
16:18:12.849 | Info | '/transaction/myprofile' | 
16:18:12.962 | Info | '/transaction/myrequests' | 
16:18:13.017 | Info | '/transaction/mycollections' | 
16:18:13.043 | Info | '/transaction/getuserpermissions' | 
16:18:13.082 | Info | '/transaction/myprofile' | 
16:18:13.088 | Info | '/transaction/myrequests' | 
16:18:13.092 | Info | '/transaction/myprofile' | 
16:18:13.099 | Info | '/transaction/myprofile' | 
16:18:13.139 | Info | '/transaction/mycollections' | 
16:18:14.785 | Info | '/transaction/getdonationpickup' | 
16:18:14.789 | Info | '/transaction/getcenters' | 
16:18:14.795 | Info | '/transaction/getchannel' | 
16:18:14.803 | Info | '/transaction/getdonationmethods' | 
16:18:14.822 | Info | '/transaction/getdonationpickup' | 
16:18:14.827 | Info | '/transaction/getcenters' | 
16:18:14.830 | Info | '/transaction/getchannel' | 
16:18:14.833 | Info | '/transaction/getdonationmethods' | 
16:19:09.458 | Info | '/transaction/collectdonation' | 
16:20:00.138 | Info | '/transaction/collectdonation' | 
16:24:52.785 | Info | '/transaction/collectdonation' | 
16:25:17.378 | Info | '/transaction/collectdonation' | 
16:25:49.994 | Info | '/transaction/collectdonation' | 
16:26:11.897 | Info | '/transaction/collectdonation' | 
16:27:02.671 | Info | '/dashboard' | 
16:27:02.745 | Info | '/dashboard' | 
16:27:04.175 | Info | '/transaction/myprofile' | 
16:27:04.194 | Info | '/transaction/myrequests' | 
16:27:04.202 | Info | '/transaction/mycollections' | 
16:27:04.208 | Info | '/transaction/myprofile' | 
16:27:04.214 | Info | '/transaction/myrequests' | 
16:27:04.246 | Info | '/transaction/mycollections' | 
16:27:04.249 | Info | '/transaction/myprofile' | 
16:27:04.258 | Info | '/transaction/myprofile' | 
16:27:09.797 | Info | '/api/user/login' | 
16:27:09.951 | Info | '/transaction/getuserpermissions' | 
16:27:09.956 | Info | '/transaction/myprofile' | 
16:27:09.959 | Info | '/transaction/myrequests' | 
16:27:09.961 | Info | '/transaction/mycollections' | 
16:27:09.970 | Info | '/transaction/myprofile' | 
16:27:09.975 | Info | '/transaction/myrequests' | 
16:27:09.979 | Info | '/transaction/getuserpermissions' | 
16:27:09.986 | Info | '/transaction/myprofile' | 
16:27:09.993 | Info | '/transaction/mycollections' | 
16:27:09.999 | Info | '/transaction/myprofile' | 
16:27:13.574 | Info | '/transaction/getarea' | 
16:27:13.579 | Info | '/transaction/getpaymentmethods' | 
16:27:13.587 | Info | '/transaction/getarea' | 
16:27:13.590 | Info | '/transaction/getpaymentmethods' | 
16:27:16.020 | Info | '/dashboard' | 
16:27:16.027 | Info | '/dashboard' | 
16:27:23.624 | Info | '/transaction/myprofile' | 
16:27:23.635 | Info | '/transaction/myrequests' | 
16:27:23.638 | Info | '/transaction/mycollections' | 
16:27:23.640 | Info | '/transaction/myprofile' | 
16:27:23.651 | Info | '/transaction/myrequests' | 
16:27:23.653 | Info | '/transaction/myprofile' | 
16:27:23.657 | Info | '/transaction/mycollections' | 
16:27:23.691 | Info | '/transaction/myprofile' | 
16:27:24.069 | Info | '/dashboard' | 
16:27:24.113 | Info | '/dashboard' | 
16:28:01.759 | Info | '/transaction/collectdonation' | 
16:28:41.605 | Info | '/transaction/collectdonation' | 
16:30:55.305 | Info | '/transaction/collectdonation' | 
16:31:49.250 | Info | '/transaction/collectdonation' | 
16:34:47.385 | Info | '/transaction/collectdonation' | 
16:38:50.694 | Info | '/transaction/collectdonation' | 
16:39:27.133 | Info | '/transaction/collectdonation' | 
16:39:36.984 | Info | '/transaction/collectdonation' | 
16:40:30.609 | Info | '/transaction/collectdonation' | 
16:41:32.112 | Info | '/transaction/collectdonation' | 
16:46:14.982 | Info | '/transaction/collectdonation' | 
17:08:53.304 | Info | '/api/user/login' | 
17:08:53.797 | Info | '/transaction/getuserpermissions' | 
17:08:53.812 | Info | '/transaction/myprofile' | 
17:08:53.898 | Info | '/transaction/mycollections' | 
17:08:53.872 | Info | '/transaction/myrequests' | 
17:08:53.904 | Info | '/transaction/getuserpermissions' | 
17:08:53.914 | Info | '/transaction/myrequests' | 
17:08:53.928 | Info | '/transaction/myprofile' | 
17:08:53.939 | Info | '/transaction/mycollections' | 
17:08:53.942 | Info | '/transaction/myprofile' | 
17:08:53.969 | Info | '/transaction/myprofile' | 
17:08:55.462 | Info | '/transaction/getcenters' | 
17:08:55.467 | Info | '/transaction/getchannel' | 
17:08:55.473 | Info | '/transaction/getdonationmethods' | 
17:08:55.483 | Info | '/transaction/getcenters' | 
17:08:55.486 | Info | '/transaction/getalldonations' | 
17:08:55.495 | Info | '/transaction/getdonationmethods' | 
17:08:55.491 | Info | '/transaction/getchannel' | 
17:08:55.535 | Info | '/transaction/getalldonations' | 
17:08:57.814 | Info | '/transaction/getcollection' | 
17:08:57.829 | Info | '/transaction/getcollection' | 
17:08:58.252 | Info | '/transaction/getcenters' | 
17:08:58.257 | Info | '/transaction/getchannel' | 
17:08:58.259 | Info | '/transaction/getdonationpickup' | 
17:08:58.263 | Info | '/transaction/getdonationmethods' | 
17:08:58.266 | Info | '/transaction/getcenters' | 
17:08:58.273 | Info | '/transaction/getchannel' | 
17:08:58.278 | Info | '/transaction/getdonationpickup' | 
17:08:58.280 | Info | '/transaction/getdonationmethods' | 
17:09:00.815 | Info | '/transaction/getarea' | 
17:09:00.820 | Info | '/transaction/getpaymentmethods' | 
17:09:00.833 | Info | '/transaction/getarea' | 
17:09:00.836 | Info | '/transaction/getpaymentmethods' | 
17:09:02.630 | Info | '/transaction/getdonationpickup' | 
17:09:02.641 | Info | '/transaction/getcenters' | 
17:09:02.645 | Info | '/transaction/getdonationmethods' | 
17:09:02.643 | Info | '/transaction/getchannel' | 
17:09:02.647 | Info | '/transaction/getdonationpickup' | 
17:09:02.657 | Info | '/transaction/getcenters' | 
17:09:02.659 | Info | '/transaction/getchannel' | 
17:09:02.661 | Info | '/transaction/getdonationmethods' | 
17:09:49.492 | Info | '/api/user/login' | 
17:09:49.644 | Info | '/transaction/getuserpermissions' | 
17:09:49.653 | Info | '/transaction/myprofile' | 
17:09:49.657 | Info | '/transaction/myrequests' | 
17:09:49.659 | Info | '/transaction/getuserpermissions' | 
17:09:49.661 | Info | '/transaction/mycollections' | 
17:09:49.670 | Info | '/transaction/myrequests' | 
17:09:49.673 | Info | '/transaction/myprofile' | 
17:09:49.677 | Info | '/transaction/mycollections' | 
17:09:49.685 | Info | '/transaction/myprofile' | 
17:09:49.690 | Info | '/transaction/myprofile' | 
17:09:51.806 | Info | '/transaction/getdonationpickup' | 
17:09:51.807 | Info | '/transaction/getcenters' | 
17:09:51.811 | Info | '/transaction/getdonationmethods' | 
17:09:51.809 | Info | '/transaction/getchannel' | 
17:09:51.821 | Info | '/transaction/getdonationpickup' | 
17:09:51.823 | Info | '/transaction/getcenters' | 
17:09:51.825 | Info | '/transaction/getchannel' | 
17:09:51.827 | Info | '/transaction/getdonationmethods' | 
17:10:22.267 | Info | '/transaction/getuserpermissions' | 
17:10:22.272 | Info | '/transaction/getuserpermissions' | 
17:10:27.211 | Info | '/api/user/login' | 
17:10:27.395 | Info | '/transaction/getuserpermissions' | 
17:10:27.402 | Info | '/transaction/myprofile' | 
17:10:27.405 | Info | '/transaction/myrequests' | 
17:10:27.407 | Info | '/transaction/mycollections' | 
17:10:27.420 | Info | '/transaction/getuserpermissions' | 
17:10:27.423 | Info | '/transaction/myprofile' | 
17:10:27.425 | Info | '/transaction/myrequests' | 
17:10:27.427 | Info | '/transaction/mycollections' | 
17:10:27.448 | Info | '/transaction/myprofile' | 
17:10:27.460 | Info | '/transaction/myprofile' | 
17:10:30.940 | Info | '/transaction/getdonationpickup' | 
17:10:30.944 | Info | '/transaction/getcenters' | 
17:10:30.950 | Info | '/transaction/getchannel' | 
17:10:30.960 | Info | '/transaction/getdonationmethods' | 
17:10:30.962 | Info | '/transaction/getcenters' | 
17:10:30.967 | Info | '/transaction/getdonationpickup' | 
17:10:30.971 | Info | '/transaction/getchannel' | 
17:10:30.987 | Info | '/transaction/getdonationmethods' | 
17:11:21.430 | Info | '/transaction/getdonationpickup' | 
17:11:21.434 | Info | '/transaction/getcenters' | 
17:11:21.478 | Info | '/transaction/getcenters' | 
17:11:21.480 | Info | '/transaction/getchannel' | 
17:11:21.483 | Info | '/transaction/getdonationmethods' | 
17:11:21.484 | Info | '/transaction/getdonationpickup' | 
17:11:21.491 | Info | '/transaction/getchannel' | 
17:11:21.494 | Info | '/transaction/getdonationmethods' | 
17:14:21.699 | Info | '/api/user/login' | 
17:14:21.828 | Info | '/transaction/getuserpermissions' | 
17:14:21.831 | Info | '/transaction/myprofile' | 
17:14:21.837 | Info | '/transaction/myrequests' | 
17:14:21.839 | Info | '/transaction/getuserpermissions' | 
17:14:21.842 | Info | '/transaction/myprofile' | 
17:14:21.848 | Info | '/transaction/mycollections' | 
17:14:21.852 | Info | '/transaction/myrequests' | 
17:14:21.861 | Info | '/transaction/myprofile' | 
17:14:21.863 | Info | '/transaction/mycollections' | 
17:14:21.869 | Info | '/transaction/myprofile' | 
17:14:30.934 | Info | '/transaction/getalldonations' | 
17:14:30.936 | Info | '/transaction/getcenters' | 
17:14:30.938 | Info | '/transaction/getdonationmethods' | 
17:14:30.937 | Info | '/transaction/getchannel' | 
17:14:30.965 | Info | '/transaction/getcenters' | 
17:14:30.968 | Info | '/transaction/getalldonations' | 
17:14:30.973 | Info | '/transaction/getdonationmethods' | 
17:14:30.971 | Info | '/transaction/getchannel' | 
17:14:32.878 | Info | '/transaction/getarea' | 
17:14:32.880 | Info | '/transaction/getpaymentmethods' | 
17:14:32.887 | Info | '/transaction/getarea' | 
17:14:32.889 | Info | '/transaction/getpaymentmethods' | 
17:14:34.312 | Info | '/transaction/getalldonations' | 
17:14:34.315 | Info | '/transaction/getchannel' | 
17:14:34.313 | Info | '/transaction/getcenters' | 
17:14:34.317 | Info | '/transaction/getdonationmethods' | 
17:14:34.337 | Info | '/transaction/getcenters' | 
17:14:34.339 | Info | '/transaction/getalldonations' | 
17:14:34.345 | Info | '/transaction/getchannel' | 
17:14:34.348 | Info | '/transaction/getdonationmethods' | 
17:14:36.577 | Info | '/transaction/getcollection' | 
17:14:36.581 | Info | '/transaction/getcollection' | 
17:14:36.938 | Info | '/transaction/getdonationpickup' | 
17:14:36.942 | Info | '/transaction/getcenters' | 
17:14:36.947 | Info | '/transaction/getchannel' | 
17:14:36.949 | Info | '/transaction/getdonationmethods' | 
17:14:36.953 | Info | '/transaction/getdonationpickup' | 
17:14:36.956 | Info | '/transaction/getcenters' | 
17:14:36.968 | Info | '/transaction/getchannel' | 
17:14:36.970 | Info | '/transaction/getdonationmethods' | 
17:14:40.965 | Info | '/transaction/collectdonation' | 
17:14:41.213 | Info | '/transaction/getdonationpickup' | 
17:19:13.190 | Info | '/api/user/login' | 
17:19:13.586 | Info | '/transaction/getuserpermissions' | 
17:19:13.601 | Info | '/transaction/myprofile' | 
17:19:13.664 | Info | '/transaction/myrequests' | 
17:19:13.693 | Info | '/transaction/mycollections' | 
17:19:13.701 | Info | '/transaction/getuserpermissions' | 
17:19:13.713 | Info | '/transaction/mycollections' | 
17:19:13.725 | Info | '/transaction/myprofile' | 
17:19:13.730 | Info | '/transaction/myrequests' | 
17:19:13.737 | Info | '/transaction/myprofile' | 
17:19:13.742 | Info | '/transaction/myprofile' | 
17:19:15.373 | Info | '/transaction/getdonationpickup' | 
17:19:15.379 | Info | '/transaction/getcenters' | 
17:19:15.386 | Info | '/transaction/getchannel' | 
17:19:15.392 | Info | '/transaction/getdonationmethods' | 
17:19:15.416 | Info | '/transaction/getdonationpickup' | 
17:19:15.419 | Info | '/transaction/getcenters' | 
17:19:15.421 | Info | '/transaction/getchannel' | 
17:19:15.423 | Info | '/transaction/getdonationmethods' | 
17:19:20.176 | Info | '/transaction/collectdonation' | 
17:19:20.662 | Info | '/transaction/getdonationpickup' | 
17:20:45.256 | Info | '/api/user/login' | 
17:20:45.370 | Info | '/transaction/getuserpermissions' | 
17:20:45.382 | Info | '/transaction/myrequests' | 
17:20:45.384 | Info | '/transaction/mycollections' | 
17:20:45.379 | Info | '/transaction/myprofile' | 
17:20:45.386 | Info | '/transaction/getuserpermissions' | 
17:20:45.395 | Info | '/transaction/myprofile' | 
17:20:45.398 | Info | '/transaction/myrequests' | 
17:20:45.402 | Info | '/transaction/mycollections' | 
17:20:45.407 | Info | '/transaction/myprofile' | 
17:20:45.418 | Info | '/transaction/myprofile' | 
17:20:47.307 | Info | '/transaction/getdonationpickup' | 
17:20:47.310 | Info | '/transaction/getcenters' | 
17:20:47.313 | Info | '/transaction/getchannel' | 
17:20:47.319 | Info | '/transaction/getdonationmethods' | 
17:20:47.323 | Info | '/transaction/getdonationpickup' | 
17:20:47.326 | Info | '/transaction/getcenters' | 
17:20:47.328 | Info | '/transaction/getchannel' | 
17:20:47.343 | Info | '/transaction/getdonationmethods' | 
17:20:52.155 | Info | '/transaction/collectdonation' | 
17:20:52.613 | Info | '/transaction/getdonationpickup' | 
17:21:00.484 | Info | '/transaction/getuserpermissions' | 
17:21:00.489 | Info | '/transaction/getuserpermissions' | 
17:21:04.569 | Info | '/api/user/login' | 
17:21:04.681 | Info | '/transaction/getuserpermissions' | 
17:21:04.691 | Info | '/transaction/myprofile' | 
17:21:04.699 | Info | '/transaction/myprofile' | 
17:21:04.701 | Info | '/transaction/myrequests' | 
17:21:04.704 | Info | '/transaction/mycollections' | 
17:21:04.708 | Info | '/transaction/myprofile' | 
17:21:04.713 | Info | '/transaction/myrequests' | 
17:21:04.720 | Info | '/transaction/myprofile' | 
17:21:04.724 | Info | '/transaction/mycollections' | 
17:21:04.728 | Info | '/transaction/getuserpermissions' | 
17:21:07.779 | Info | '/transaction/getdonationpickup' | 
17:21:07.784 | Info | '/transaction/getdonationmethods' | 
17:21:07.781 | Info | '/transaction/getcenters' | 
17:21:07.783 | Info | '/transaction/getchannel' | 
17:21:07.795 | Info | '/transaction/getdonationpickup' | 
17:21:07.801 | Info | '/transaction/getcenters' | 
17:21:07.805 | Info | '/transaction/getchannel' | 
17:21:07.807 | Info | '/transaction/getdonationmethods' | 
17:21:12.960 | Info | '/transaction/collectdonation' | 
17:21:13.318 | Info | '/transaction/getdonationpickup' | 
