17:34:35.235 | Info | '/api/user/login' | 
17:34:36.122 | Info | '/transaction/getuserpermissions' | 
17:34:36.232 | Info | '/transaction/myprofile' | 
17:34:36.605 | Info | '/transaction/myrequests' | 
17:34:36.693 | Info | '/transaction/mycollections' | 
17:34:36.704 | Info | '/transaction/getuserpermissions' | 
17:34:36.713 | Info | '/transaction/myprofile' | 
17:34:36.721 | Info | '/transaction/myrequests' | 
17:34:36.723 | Info | '/transaction/myprofile' | 
17:34:36.733 | Info | '/transaction/myprofile' | 
17:34:36.735 | Info | '/transaction/mycollections' | 
17:34:55.170 | Info | '/transaction/getarea' | 
17:34:55.220 | Info | '/transaction/getpaymentmethods' | 
17:34:55.230 | Info | '/transaction/getarea' | 
17:34:55.234 | Info | '/transaction/getpaymentmethods' | 
17:34:57.900 | Info | '/transaction/getdonordetails' | 
17:35:04.800 | Info | '/transaction/getdonationpurpose' | 
17:35:05.228 | Info | '/transaction/getdonationpurpose' | 
17:35:23.444 | Info | '/transaction/newdonation' | 
17:36:34.938 | Info | '/transaction/getdonationpurpose' | 
17:36:35.518 | Info | '/transaction/getdonationpurpose' | 
17:36:44.501 | Info | '/transaction/newdonation' | 
17:38:36.254 | Info | '/transaction/getdonationpurpose' | 
17:38:37.004 | Info | '/transaction/getdonationpurpose' | 
17:38:38.274 | Info | '/transaction/getdonationpurpose' | 
17:38:38.876 | Info | '/transaction/getdonationpurpose' | 
17:38:39.369 | Info | '/transaction/getdonationpurpose' | 
17:38:40.063 | Info | '/transaction/getdonationpurpose' | 
17:38:40.680 | Info | '/transaction/getdonationpurpose' | 
17:38:41.086 | Info | '/transaction/getdonationpurpose' | 
17:38:54.824 | Info | '/transaction/newdonation' | 
17:39:41.765 | Info | '/transaction/getdonationpurpose' | 
17:39:42.432 | Info | '/transaction/getdonationpurpose' | 
17:39:44.447 | Info | '/transaction/getdonationpurpose' | 
17:39:44.891 | Info | '/transaction/getdonationpurpose' | 
17:39:48.301 | Info | '/transaction/newdonation' | 
17:43:30.242 | Info | '/transaction/getdonationpurpose' | 
17:43:30.854 | Info | '/transaction/getdonationpurpose' | 
17:43:35.392 | Info | '/transaction/newdonation' | 
17:46:45.276 | Info | '/transaction/getdonationpurpose' | 
17:46:46.045 | Info | '/transaction/getdonationpurpose' | 
17:46:46.603 | Info | '/transaction/getdonationpurpose' | 
17:46:51.943 | Info | '/transaction/newdonation' | 
17:48:22.731 | Info | '/transaction/getdonationpurpose' | 
17:48:23.623 | Info | '/transaction/getdonationpurpose' | 
17:48:36.106 | Info | '/transaction/newdonation' | 
17:54:37.584 | Info | '/transaction/getdonationpurpose' | 
17:54:38.372 | Info | '/transaction/getdonationpurpose' | 
17:54:44.067 | Info | '/transaction/newdonation' | 
17:58:12.602 | Info | '/transaction/getdonationpurpose' | 
17:58:13.271 | Info | '/transaction/getdonationpurpose' | 
17:58:17.950 | Info | '/transaction/newdonation' | 
18:00:02.480 | Info | '/transaction/getdonationpurpose' | 
18:00:03.047 | Info | '/transaction/getdonationpurpose' | 
18:00:06.534 | Info | '/transaction/newdonation' | 
18:02:55.613 | Info | '/transaction/getdonationpurpose' | 
18:02:56.355 | Info | '/transaction/getdonationpurpose' | 
18:03:00.074 | Info | '/transaction/newdonation' | 
18:03:20.402 | Info | '/transaction/getdonationpurpose' | 
18:03:20.973 | Info | '/transaction/getdonationpurpose' | 
18:03:27.656 | Info | '/transaction/newdonation' | 
18:04:07.235 | Info | '/transaction/getdonationpurpose' | 
18:04:07.730 | Info | '/transaction/getdonationpurpose' | 
18:04:11.823 | Info | '/transaction/newdonation' | 
18:05:49.788 | Info | '/api/user/login' | 
18:05:50.125 | Info | '/transaction/getuserpermissions' | 
18:05:50.145 | Info | '/transaction/myprofile' | 
18:05:50.186 | Info | '/transaction/getuserpermissions' | 
18:05:50.189 | Info | '/transaction/myrequests' | 
18:05:50.207 | Info | '/transaction/mycollections' | 
18:05:50.219 | Info | '/transaction/myprofile' | 
18:05:50.233 | Info | '/transaction/myprofile' | 
18:05:50.243 | Info | '/transaction/myrequests' | 
18:05:50.247 | Info | '/transaction/mycollections' | 
18:05:50.251 | Info | '/transaction/myprofile' | 
18:06:07.462 | Info | '/transaction/getarea' | 
18:06:07.467 | Info | '/transaction/getpaymentmethods' | 
18:06:07.476 | Info | '/transaction/getarea' | 
18:06:07.479 | Info | '/transaction/getpaymentmethods' | 
18:06:12.832 | Info | '/transaction/getdonordetails' | 
18:06:22.118 | Info | '/transaction/getdonationpurpose' | 
18:06:22.666 | Info | '/transaction/getdonationpurpose' | 
18:06:35.734 | Info | '/transaction/newdonation' | 
18:08:08.864 | Info | '/transaction/getdonationpurpose' | 
18:08:09.505 | Info | '/transaction/getdonationpurpose' | 
18:08:13.893 | Info | '/transaction/newdonation' | 
18:10:18.551 | Info | '/transaction/getdonationpurpose' | 
18:10:19.446 | Info | '/transaction/getdonationpurpose' | 
18:10:22.875 | Info | '/transaction/newdonation' | 
18:23:32.099 | Info | '/transaction/getdonationpurpose' | 
18:23:32.839 | Info | '/transaction/getdonationpurpose' | 
18:23:39.497 | Info | '/transaction/newdonation' | 
18:27:51.713 | Info | '/transaction/getdonationpurpose' | 
18:27:52.356 | Info | '/transaction/getdonationpurpose' | 
18:27:58.912 | Info | '/transaction/newdonation' | 
18:30:01.218 | Info | '/transaction/getuserpermissions' | 
18:30:01.229 | Info | '/transaction/getuserpermissions' | 
18:30:05.617 | Info | '/api/user/login' | 
18:30:05.932 | Info | '/transaction/getuserpermissions' | 
18:30:05.956 | Info | '/transaction/myprofile' | 
18:30:06.008 | Info | '/transaction/getuserpermissions' | 
18:30:06.013 | Info | '/transaction/myrequests' | 
18:30:06.035 | Info | '/transaction/mycollections' | 
18:30:06.048 | Info | '/transaction/myprofile' | 
18:30:06.060 | Info | '/transaction/myprofile' | 
18:30:06.073 | Info | '/transaction/myrequests' | 
18:30:06.080 | Info | '/transaction/mycollections' | 
18:30:06.094 | Info | '/transaction/myprofile' | 
18:30:08.092 | Info | '/transaction/getarea' | 
18:30:08.097 | Info | '/transaction/getpaymentmethods' | 
18:30:08.105 | Info | '/transaction/getarea' | 
18:30:08.108 | Info | '/transaction/getpaymentmethods' | 
18:30:11.846 | Info | '/transaction/getdonordetails' | 
18:30:18.242 | Info | '/transaction/getdonationpurpose' | 
18:30:18.738 | Info | '/transaction/getdonationpurpose' | 
18:30:26.487 | Info | '/transaction/newdonation' | 
