08:39:21.692 | Info | '/transaction/createdonationpurpose' | 
08:40:11.161 | Info | '/transaction/getuserpermissions' | 
08:40:11.165 | Info | '/transaction/getuserpermissions' | 
08:40:15.625 | Info | '/api/user/login' | 
08:40:15.716 | Info | '/transaction/getuserpermissions' | 
08:40:15.751 | Info | '/transaction/myprofile' | 
08:40:15.753 | Info | '/transaction/getuserpermissions' | 
08:40:15.754 | Info | '/transaction/myrequests' | 
08:40:15.757 | Info | '/transaction/mycollections' | 
08:40:15.780 | Info | '/transaction/myprofile' | 
08:40:15.781 | Info | '/transaction/mycollections' | 
08:40:15.795 | Info | '/transaction/myprofile' | 
08:40:15.804 | Info | '/transaction/myprofile' | 
08:40:18.775 | Info | '/transaction/getdonationpurpose' | 
08:40:18.781 | Info | '/transaction/getdonationpurpose' | 
08:40:18.782 | Info | '/transaction/getarea' | 
08:40:18.794 | Info | '/transaction/getarea' | 
08:40:35.753 | Info | '/transaction/myrequests' | 
08:42:15.809 | Info | '/transaction/myrequests' | 
08:42:56.840 | Info | '/transaction/createdonationpurpose' | 
08:43:29.303 | Info | '/transaction/getchannel' | 
08:43:29.456 | Info | '/transaction/getchannel' | 
08:43:31.218 | Info | '/transaction/getdonationpurpose' | 
08:43:31.220 | Info | '/transaction/getarea' | 
08:43:31.232 | Info | '/transaction/getdonationpurpose' | 
08:43:31.235 | Info | '/transaction/getarea' | 
08:43:49.397 | Info | '/transaction/createdonationpurpose' | 
08:46:05.216 | Info | '/transaction/getdonationpurpose' | 
08:46:05.218 | Info | '/transaction/getarea' | 
08:46:05.223 | Info | '/transaction/getdonationpurpose' | 
08:46:05.225 | Info | '/transaction/getarea' | 
08:46:05.230 | Info | '/transaction/getdonationpurpose' | 
08:46:05.235 | Info | '/transaction/getdonationpurpose' | 
08:46:22.212 | Info | '/transaction/getdonationpurpose' | 
08:46:22.213 | Info | '/transaction/getarea' | 
08:46:22.219 | Info | '/transaction/getdonationpurpose' | 
08:46:22.223 | Info | '/transaction/getarea' | 
08:46:22.224 | Info | '/transaction/getdonationpurpose' | 
08:46:22.233 | Info | '/transaction/getdonationpurpose' | 
08:46:22.236 | Info | '/transaction/getdonationpurpose' | 
08:46:22.239 | Info | '/transaction/getdonationpurpose' | 
08:51:13.018 | Info | '/transaction/getcenters' | 
08:51:13.165 | Info | '/transaction/getcenters' | 
08:51:13.793 | Info | '/transaction/getdonationpurpose' | 
08:51:13.815 | Info | '/transaction/getarea' | 
08:51:13.864 | Info | '/transaction/getarea' | 
08:51:16.015 | Info | '/transaction/getdonationpurpose' | 
08:51:16.569 | Info | '/transaction/getdonationpurpose' | 
08:51:17.170 | Info | '/transaction/getdonationpurpose' | 
08:51:18.067 | Info | '/transaction/getdonationpurpose' | 
08:51:20.009 | Info | '/transaction/getdonationpurpose' | 
08:51:51.509 | Info | '/transaction/myprofile' | 
08:51:51.617 | Info | '/transaction/myrequests' | 
08:51:51.621 | Info | '/transaction/mycollections' | 
08:51:51.663 | Info | '/transaction/myprofile' | 
08:51:51.665 | Info | '/transaction/mycollections' | 
08:51:51.676 | Info | '/transaction/myprofile' | 
08:51:51.680 | Info | '/transaction/myprofile' | 
08:51:53.580 | Info | '/transaction/getdonationpurpose' | 
08:51:53.605 | Info | '/transaction/getarea' | 
08:51:53.612 | Info | '/transaction/getarea' | 
08:51:55.024 | Info | '/transaction/getdonationpurpose' | 
08:51:56.010 | Info | '/transaction/getdonationpurpose' | 
08:51:56.615 | Info | '/transaction/getdonationpurpose' | 
08:51:57.546 | Info | '/transaction/getdonationpurpose' | 
08:51:58.110 | Info | '/transaction/getdonationpurpose' | 
08:52:11.504 | Info | '/transaction/myrequests' | 
08:53:51.621 | Info | '/transaction/myrequests' | 
08:54:37.532 | Info | '/transaction/myprofile' | 
08:54:37.636 | Info | '/transaction/myrequests' | 
08:54:37.639 | Info | '/transaction/mycollections' | 
08:54:37.678 | Info | '/transaction/myprofile' | 
08:54:37.680 | Info | '/transaction/mycollections' | 
08:54:37.690 | Info | '/transaction/myprofile' | 
08:54:37.698 | Info | '/transaction/myprofile' | 
08:54:39.081 | Info | '/transaction/getdonationpurpose' | 
08:54:39.103 | Info | '/transaction/getarea' | 
08:54:39.109 | Info | '/transaction/getarea' | 
08:54:41.044 | Info | '/transaction/getdonationpurpose' | 
08:54:41.903 | Info | '/transaction/getdonationpurpose' | 
08:54:43.256 | Info | '/transaction/getdonationpurpose' | 
08:54:44.241 | Info | '/transaction/getdonationpurpose' | 
08:54:45.238 | Info | '/transaction/getdonationpurpose' | 
08:55:08.724 | Info | '/dashboard' | 
08:55:08.855 | Info | '/dashboard' | 
08:55:10.136 | Info | '/transaction/getdonationpurpose' | 
08:55:10.169 | Info | '/transaction/getarea' | 
08:55:10.179 | Info | '/transaction/getarea' | 
08:55:11.057 | Info | '/transaction/getdonationpurpose' | 
08:55:11.814 | Info | '/transaction/getdonationpurpose' | 
08:55:12.555 | Info | '/transaction/getdonationpurpose' | 
08:55:13.113 | Info | '/transaction/getdonationpurpose' | 
08:55:14.503 | Info | '/transaction/getchannel' | 
08:55:14.510 | Info | '/transaction/getchannel' | 
08:55:15.024 | Info | '/transaction/getdonationpurpose' | 
08:55:16.739 | Info | '/transaction/getdonationpurpose' | 
08:55:16.740 | Info | '/transaction/getarea' | 
08:55:16.754 | Info | '/transaction/getarea' | 
08:55:18.022 | Info | '/transaction/getdonationpurpose' | 
08:55:20.010 | Info | '/transaction/getdonationpurpose' | 
08:57:53.485 | Info | '/dashboard' | 
08:57:53.628 | Info | '/dashboard' | 
08:57:54.570 | Info | '/transaction/getdonationpurpose' | 
08:57:54.598 | Info | '/transaction/getarea' | 
08:57:54.604 | Info | '/transaction/getarea' | 
08:57:56.401 | Info | '/transaction/getdonationpurpose' | 
08:57:56.964 | Info | '/transaction/getdonationpurpose' | 
08:57:57.516 | Info | '/transaction/getdonationpurpose' | 
08:57:58.082 | Info | '/transaction/getdonationpurpose' | 
08:57:58.641 | Info | '/transaction/getdonationpurpose' | 
08:58:50.779 | Info | '/dashboard' | 
08:58:50.893 | Info | '/dashboard' | 
08:58:52.033 | Info | '/transaction/getdonationpurpose' | 
08:58:52.061 | Info | '/transaction/getarea' | 
08:58:52.075 | Info | '/transaction/getarea' | 
08:58:53.025 | Info | '/transaction/getdonationpurpose' | 
08:58:53.995 | Info | '/transaction/getdonationpurpose' | 
08:58:55.017 | Info | '/transaction/getdonationpurpose' | 
08:58:56.087 | Info | '/transaction/getdonationpurpose' | 
08:58:56.809 | Info | '/transaction/getdonationpurpose' | 
09:15:10.330 | Info | '/dashboard' | 
09:15:10.463 | Info | '/dashboard' | 
09:15:11.669 | Info | '/transaction/getdonationpurpose' | 
09:15:11.671 | Info | '/transaction/getarea' | 
09:15:11.707 | Info | '/transaction/getarea' | 
09:15:12.533 | Info | '/transaction/getdonationpurpose' | 
09:15:13.079 | Info | '/transaction/getdonationpurpose' | 
09:15:14.543 | Info | '/transaction/getdonationpurpose' | 
09:15:15.530 | Info | '/transaction/getdonationpurpose' | 
09:15:16.555 | Info | '/transaction/getdonationpurpose' | 
09:32:41.530 | Info | '/transaction/getdonationpurpose' | 
09:32:41.533 | Info | '/transaction/getarea' | 
09:32:41.541 | Info | '/transaction/getarea' | 
09:32:43.330 | Info | '/transaction/getdonationpurpose' | 
09:32:44.915 | Info | '/transaction/getdonationpurpose' | 
09:32:45.477 | Info | '/transaction/getdonationpurpose' | 
09:32:46.257 | Info | '/transaction/getdonationpurpose' | 
09:32:48.114 | Info | '/transaction/getdonationpurpose' | 
09:41:10.640 | Info | '/transaction/getdonationpurpose' | 
09:41:10.646 | Info | '/transaction/getarea' | 
09:41:10.649 | Info | '/transaction/getarea' | 
09:41:11.860 | Info | '/transaction/getdonationpurpose' | 
09:41:13.920 | Info | '/transaction/getdonationpurpose' | 
09:41:15.510 | Info | '/transaction/getdonationpurpose' | 
09:41:16.342 | Info | '/transaction/getdonationpurpose' | 
09:41:18.753 | Info | '/transaction/getdonationpurpose' | 
09:52:02.039 | Info | '/transaction/getuserpermissions' | 
09:52:02.043 | Info | '/transaction/getuserpermissions' | 
09:57:41.476 | Info | '/api/user/login' | 
09:57:41.699 | Info | '/transaction/getuserpermissions' | 
09:57:41.708 | Info | '/transaction/myprofile' | 
09:57:41.730 | Info | '/transaction/mycollections' | 
09:57:41.733 | Info | '/transaction/myrequests' | 
09:57:41.752 | Info | '/transaction/myprofile' | 
09:57:41.755 | Info | '/transaction/getuserpermissions' | 
09:57:41.757 | Info | '/transaction/mycollections' | 
09:57:41.763 | Info | '/transaction/myprofile' | 
09:57:41.767 | Info | '/transaction/myprofile' | 
09:57:45.853 | Info | '/transaction/getdonationpurpose' | 
09:57:45.856 | Info | '/transaction/getarea' | 
09:57:45.866 | Info | '/transaction/getdonationpurpose' | 
09:57:45.868 | Info | '/transaction/getarea' | 
09:57:45.872 | Info | '/transaction/getdonationpurpose' | 
09:57:45.877 | Info | '/transaction/getdonationpurpose' | 
09:58:01.707 | Info | '/transaction/myrequests' | 
09:58:06.232 | Info | '/dashboard' | 
09:58:06.239 | Info | '/dashboard' | 
09:58:07.595 | Info | '/transaction/getdonationpurpose' | 
09:58:07.610 | Info | '/transaction/getdonationpurpose' | 
09:58:07.617 | Info | '/transaction/getarea' | 
09:58:07.618 | Info | '/transaction/getdonationpurpose' | 
09:58:07.625 | Info | '/transaction/getarea' | 
09:58:07.632 | Info | '/transaction/getdonationpurpose' | 
09:58:29.987 | Info | '/transaction/getdonationpurpose' | 
09:58:29.989 | Info | '/transaction/getarea' | 
09:58:29.997 | Info | '/transaction/getdonationpurpose' | 
09:58:30.000 | Info | '/transaction/getarea' | 
09:58:30.015 | Info | '/transaction/getdonationpurpose' | 
09:58:30.024 | Info | '/transaction/getdonationpurpose' | 
09:58:35.291 | Info | '/dashboard' | 
09:58:35.302 | Info | '/dashboard' | 
09:58:41.555 | Info | '/transaction/getdonationpurpose' | 
09:58:41.557 | Info | '/transaction/getarea' | 
09:58:41.571 | Info | '/transaction/getdonationpurpose' | 
09:58:41.574 | Info | '/transaction/getarea' | 
09:58:41.578 | Info | '/transaction/getdonationpurpose' | 
09:58:41.584 | Info | '/transaction/getdonationpurpose' | 
10:01:55.440 | Info | '/transaction/getuserpermissions' | 
10:01:55.462 | Info | '/transaction/getuserpermissions' | 
10:02:01.984 | Info | '/api/user/login' | 
10:02:02.173 | Info | '/transaction/getuserpermissions' | 
10:02:02.218 | Info | '/transaction/myprofile' | 
10:02:02.243 | Info | '/transaction/getuserpermissions' | 
10:02:02.245 | Info | '/transaction/myrequests' | 
10:02:02.249 | Info | '/transaction/mycollections' | 
10:02:02.263 | Info | '/transaction/myprofile' | 
10:02:02.281 | Info | '/transaction/mycollections' | 
10:02:02.283 | Info | '/transaction/myprofile' | 
10:02:02.293 | Info | '/transaction/myprofile' | 
10:02:07.649 | Info | '/transaction/getdonationpurpose' | 
10:02:07.652 | Info | '/transaction/getarea' | 
10:02:07.660 | Info | '/transaction/getdonationpurpose' | 
10:02:07.662 | Info | '/transaction/getarea' | 
10:02:22.219 | Info | '/transaction/myrequests' | 
10:03:26.072 | Info | '/transaction/getdonationpurpose' | 
10:03:26.073 | Info | '/transaction/getarea' | 
10:03:26.083 | Info | '/transaction/getprojects' | 
10:03:26.089 | Info | '/transaction/getarea' | 
10:03:26.090 | Info | '/transaction/getprojects' | 
10:03:26.091 | Info | '/transaction/getdonationpurpose' | 
10:03:33.049 | Info | '/dashboard' | 
10:03:33.057 | Info | '/dashboard' | 
10:03:34.940 | Info | '/transaction/getarea' | 
10:03:34.942 | Info | '/transaction/getdonationpurpose' | 
10:03:34.943 | Info | '/transaction/getprojects' | 
10:03:34.953 | Info | '/transaction/getprojects' | 
10:03:34.955 | Info | '/transaction/getarea' | 
10:03:34.956 | Info | '/transaction/getdonationpurpose' | 
10:04:02.254 | Info | '/transaction/myrequests' | 
10:04:11.633 | Info | '/transaction/getdonationpurpose' | 
10:04:11.641 | Info | '/transaction/getarea' | 
10:04:11.644 | Info | '/transaction/getprojects' | 
10:04:11.646 | Info | '/transaction/getdonationpurpose' | 
10:04:11.647 | Info | '/transaction/getprojects' | 
10:04:11.664 | Info | '/transaction/getarea' | 
10:09:42.304 | Info | '/transaction/getdonationpurpose' | 
10:09:42.307 | Info | '/transaction/getarea' | 
10:09:42.320 | Info | '/transaction/getdonationpurpose' | 
10:09:42.322 | Info | '/transaction/getarea' | 
10:09:42.323 | Info | '/transaction/getprojects' | 
10:09:42.328 | Info | '/transaction/getprojects' | 
10:10:11.551 | Info | '/transaction/getdonationpurpose' | 
10:10:11.552 | Info | '/transaction/getarea' | 
10:10:11.553 | Info | '/transaction/getprojects' | 
10:10:11.557 | Info | '/transaction/getprojects' | 
10:10:11.570 | Info | '/transaction/getdonationpurpose' | 
10:10:11.572 | Info | '/transaction/getarea' | 
10:16:26.295 | Info | '/transaction/getdonationpurpose' | 
10:16:26.296 | Info | '/transaction/getarea' | 
10:16:26.303 | Info | '/transaction/getprojects' | 
10:16:26.305 | Info | '/transaction/getarea' | 
10:16:26.308 | Info | '/transaction/getdonationpurpose' | 
10:16:26.312 | Info | '/transaction/getprojects' | 
10:17:02.385 | Info | '/transaction/getdonationpurpose' | 
10:17:02.391 | Info | '/transaction/getarea' | 
10:17:02.402 | Info | '/transaction/getprojects' | 
10:17:02.404 | Info | '/transaction/getdonationpurpose' | 
10:17:02.408 | Info | '/transaction/getarea' | 
10:17:02.410 | Info | '/transaction/getprojects' | 
10:17:44.357 | Info | '/transaction/getdonationpurpose' | 
10:17:44.358 | Info | '/transaction/getarea' | 
10:17:44.359 | Info | '/transaction/getprojects' | 
10:17:44.367 | Info | '/transaction/getprojects' | 
10:17:44.377 | Info | '/transaction/getdonationpurpose' | 
10:17:44.384 | Info | '/transaction/getarea' | 
11:08:42.627 | Info | '/transaction/getdonationpurpose' | 
11:08:42.629 | Info | '/transaction/getarea' | 
11:08:42.629 | Info | '/transaction/getprojects' | 
11:08:42.639 | Info | '/transaction/getprojects' | 
11:08:42.648 | Info | '/transaction/getdonationpurpose' | 
11:08:42.650 | Info | '/transaction/getarea' | 
11:09:06.823 | Info | '/transaction/getdonationpurpose' | 
11:09:06.841 | Info | '/transaction/getdonationpurpose' | 
11:09:06.852 | Info | '/transaction/getarea' | 
11:09:06.854 | Info | '/transaction/getprojects' | 
11:09:06.862 | Info | '/transaction/getprojects' | 
11:09:06.867 | Info | '/transaction/getarea' | 
11:09:27.391 | Info | '/transaction/getdonationpurpose' | 
11:09:27.411 | Info | '/transaction/getdonationpurpose' | 
11:09:27.417 | Info | '/transaction/getarea' | 
11:09:27.418 | Info | '/transaction/getprojects' | 
11:09:27.431 | Info | '/transaction/getprojects' | 
11:09:27.432 | Info | '/transaction/getarea' | 
11:10:21.815 | Info | '/transaction/getdonationpurpose' | 
11:10:21.819 | Info | '/transaction/getarea' | 
11:10:21.820 | Info | '/transaction/getprojects' | 
11:10:21.823 | Info | '/transaction/getdonationpurpose' | 
11:10:21.825 | Info | '/transaction/getprojects' | 
11:10:21.831 | Info | '/transaction/getarea' | 
11:10:36.270 | Info | '/transaction/getdonationpurpose' | 
11:10:36.271 | Info | '/transaction/getarea' | 
11:10:36.271 | Info | '/transaction/getprojects' | 
11:10:36.279 | Info | '/transaction/getprojects' | 
11:10:36.290 | Info | '/transaction/getdonationpurpose' | 
11:10:36.291 | Info | '/transaction/getarea' | 
11:11:11.116 | Info | '/transaction/createdonationpurpose' | 
11:12:19.287 | Info | '/transaction/getdonationpurpose' | 
11:12:19.298 | Info | '/transaction/getdonationpurpose' | 
11:12:19.313 | Info | '/transaction/getarea' | 
11:12:19.316 | Info | '/transaction/getprojects' | 
11:12:19.323 | Info | '/transaction/getarea' | 
11:12:19.325 | Info | '/transaction/getprojects' | 
11:12:35.221 | Info | '/dashboard' | 
11:12:35.229 | Info | '/dashboard' | 
11:12:37.178 | Info | '/transaction/getdonationpurpose' | 
11:12:37.180 | Info | '/transaction/getprojects' | 
11:12:37.181 | Info | '/transaction/getarea' | 
11:12:37.189 | Info | '/transaction/getdonationpurpose' | 
11:12:37.191 | Info | '/transaction/getprojects' | 
11:12:37.193 | Info | '/transaction/getarea' | 
11:15:04.279 | Info | '/transaction/getdonationpurpose' | 
11:15:04.287 | Info | '/transaction/getarea' | 
11:15:04.288 | Info | '/transaction/getprojects' | 
11:15:04.289 | Info | '/transaction/getdonationpurpose' | 
11:15:04.292 | Info | '/transaction/getprojects' | 
11:15:04.312 | Info | '/transaction/getarea' | 
11:21:17.299 | Info | '/transaction/getdonationpurpose' | 
11:21:17.300 | Info | '/transaction/getarea' | 
11:21:17.309 | Info | '/transaction/getprojects' | 
11:21:17.310 | Info | '/transaction/getdonationpurpose' | 
11:21:17.312 | Info | '/transaction/getarea' | 
11:21:17.318 | Info | '/transaction/getprojects' | 
11:23:37.311 | Info | '/transaction/getdonationpurpose' | 
11:23:37.312 | Info | '/transaction/getarea' | 
11:23:37.313 | Info | '/transaction/getprojects' | 
11:23:37.325 | Info | '/transaction/getprojects' | 
11:23:37.327 | Info | '/transaction/getdonationpurpose' | 
11:23:37.329 | Info | '/transaction/getarea' | 
11:23:45.909 | Info | '/transaction/createdonationpurpose' | 
11:35:40.352 | Info | '/transaction/getdonationpurpose' | 
11:35:40.360 | Info | '/transaction/getarea' | 
11:35:40.362 | Info | '/transaction/getprojects' | 
11:35:40.378 | Info | '/transaction/getdonationpurpose' | 
11:35:40.379 | Info | '/transaction/getarea' | 
11:35:40.380 | Info | '/transaction/getprojects' | 
11:35:53.026 | Info | '/transaction/createdonationpurpose' | 
11:37:24.291 | Info | '/transaction/getdonationpurpose' | 
11:37:24.292 | Info | '/transaction/getarea' | 
11:37:24.298 | Info | '/transaction/getdonationpurpose' | 
11:37:24.302 | Info | '/transaction/getarea' | 
11:37:24.305 | Info | '/transaction/getdonationpurpose' | 
11:37:24.309 | Info | '/transaction/getdonationpurpose' | 
11:37:49.288 | Info | '/transaction/getdonationpurpose' | 
11:37:49.293 | Info | '/transaction/getarea' | 
11:37:49.297 | Info | '/transaction/getprojects' | 
11:37:49.311 | Info | '/transaction/getdonationpurpose' | 
11:37:49.319 | Info | '/transaction/getarea' | 
11:37:49.324 | Info | '/transaction/getprojects' | 
11:37:49.328 | Info | '/transaction/getdonationpurpose' | 
11:37:49.343 | Info | '/transaction/getprojects' | 
11:37:49.344 | Info | '/transaction/getdonationpurpose' | 
11:37:49.363 | Info | '/transaction/getprojects' | 
11:37:49.373 | Info | '/transaction/getdonationpurpose' | 
11:37:49.378 | Info | '/transaction/getdonationpurpose' | 
12:16:51.020 | Info | '/dashboard' | 
12:16:51.137 | Info | '/dashboard' | 
12:16:52.420 | Info | '/transaction/getdonationpurpose' | 
12:16:52.422 | Info | '/transaction/getarea' | 
12:16:52.433 | Info | '/transaction/getprojects' | 
12:16:52.472 | Info | '/transaction/getdonationpurpose' | 
12:16:52.474 | Info | '/transaction/getarea' | 
12:16:52.483 | Info | '/transaction/getdonationpurpose' | 
12:16:52.487 | Info | '/transaction/getdonationpurpose' | 
12:16:52.495 | Info | '/transaction/getdonationpurpose' | 
12:16:52.502 | Info | '/transaction/getdonationpurpose' | 
12:16:54.213 | Info | '/transaction/getprojects' | 
12:16:56.110 | Info | '/transaction/getprojects' | 
12:16:58.060 | Info | '/transaction/getprojects' | 
12:26:32.343 | Info | '/transaction/getuserpermissions' | 
12:26:32.365 | Info | '/transaction/getuserpermissions' | 
12:26:36.713 | Info | '/api/user/login' | 
12:26:36.937 | Info | '/transaction/getuserpermissions' | 
12:26:37.015 | Info | '/transaction/getuserpermissions' | 
12:26:37.020 | Info | '/transaction/myprofile' | 
12:26:37.048 | Info | '/transaction/myrequests' | 
12:26:37.052 | Info | '/transaction/mycollections' | 
12:26:37.064 | Info | '/transaction/mycollections' | 
12:26:37.067 | Info | '/transaction/myprofile' | 
12:26:37.075 | Info | '/transaction/myprofile' | 
12:26:37.087 | Info | '/transaction/myprofile' | 
12:26:41.015 | Info | '/transaction/getdonationpurpose' | 
12:26:41.019 | Info | '/transaction/getarea' | 
12:26:41.022 | Info | '/transaction/getprojects' | 
12:26:41.046 | Info | '/transaction/getdonationpurpose' | 
12:26:41.048 | Info | '/transaction/getarea' | 
12:26:43.092 | Info | '/transaction/getprojects' | 
12:26:57.021 | Info | '/transaction/myrequests' | 
12:28:15.509 | Info | '/transaction/getdonationpurpose' | 
12:28:15.516 | Info | '/transaction/getarea' | 
12:28:15.519 | Info | '/transaction/getprojects' | 
12:28:15.527 | Info | '/transaction/getdonationpurpose' | 
12:28:15.530 | Info | '/transaction/getarea' | 
12:28:18.506 | Info | '/transaction/getprojects' | 
12:28:37.056 | Info | '/transaction/myrequests' | 
12:30:29.215 | Info | '/dashboard' | 
12:30:29.343 | Info | '/dashboard' | 
12:30:30.491 | Info | '/transaction/getdonationpurpose' | 
12:30:30.497 | Info | '/transaction/getarea' | 
12:30:30.506 | Info | '/transaction/getprojects' | 
12:30:30.508 | Info | '/transaction/getdonationpurpose' | 
12:30:30.536 | Info | '/transaction/getarea' | 
12:30:32.109 | Info | '/transaction/getprojects' | 
12:31:18.907 | Info | '/dashboard' | 
12:31:19.031 | Info | '/dashboard' | 
12:31:20.419 | Info | '/transaction/getdonationpurpose' | 
12:31:20.421 | Info | '/transaction/getarea' | 
12:31:20.442 | Info | '/transaction/getdonationpurpose' | 
12:31:20.446 | Info | '/transaction/getprojects' | 
12:31:20.479 | Info | '/transaction/getarea' | 
12:31:21.709 | Info | '/transaction/getprojects' | 
12:31:49.363 | Info | '/dashboard' | 
12:31:49.493 | Info | '/dashboard' | 
12:31:50.519 | Info | '/transaction/getdonationpurpose' | 
12:31:50.527 | Info | '/transaction/getprojects' | 
12:31:50.530 | Info | '/transaction/getarea' | 
12:31:50.551 | Info | '/transaction/getdonationpurpose' | 
12:31:50.560 | Info | '/transaction/getarea' | 
12:31:52.337 | Info | '/transaction/getprojects' | 
12:32:17.421 | Info | '/dashboard' | 
12:32:17.544 | Info | '/dashboard' | 
12:32:19.112 | Info | '/transaction/getdonationpurpose' | 
12:32:19.115 | Info | '/transaction/getarea' | 
12:32:19.126 | Info | '/transaction/getdonationpurpose' | 
12:32:19.128 | Info | '/transaction/getprojects' | 
12:32:19.134 | Info | '/transaction/getarea' | 
12:32:19.760 | Info | '/transaction/getprojects' | 
12:32:30.787 | Info | '/dashboard' | 
12:32:30.801 | Info | '/dashboard' | 
12:32:33.195 | Info | '/transaction/getdonationpurpose' | 
12:32:33.210 | Info | '/transaction/getarea' | 
12:32:33.212 | Info | '/transaction/getprojects' | 
12:32:33.213 | Info | '/transaction/getdonationpurpose' | 
12:32:33.220 | Info | '/transaction/getarea' | 
12:32:34.091 | Info | '/transaction/getprojects' | 
12:33:33.107 | Info | '/transaction/getuserpermissions' | 
12:33:33.119 | Info | '/transaction/getuserpermissions' | 
12:33:37.285 | Info | '/api/user/login' | 
12:33:37.477 | Info | '/transaction/getuserpermissions' | 
12:33:37.507 | Info | '/transaction/getuserpermissions' | 
12:33:37.510 | Info | '/transaction/myprofile' | 
12:33:37.535 | Info | '/transaction/myrequests' | 
12:33:37.539 | Info | '/transaction/mycollections' | 
12:33:37.548 | Info | '/transaction/myprofile' | 
12:33:37.555 | Info | '/transaction/mycollections' | 
12:33:37.556 | Info | '/transaction/myprofile' | 
12:33:37.564 | Info | '/transaction/myprofile' | 
12:33:42.544 | Info | '/transaction/getdonationpurpose' | 
12:33:42.546 | Info | '/transaction/getarea' | 
12:33:42.548 | Info | '/transaction/getprojects' | 
12:33:42.577 | Info | '/transaction/getdonationpurpose' | 
12:33:42.579 | Info | '/transaction/getarea' | 
12:33:44.077 | Info | '/transaction/getprojects' | 
12:33:57.510 | Info | '/transaction/myrequests' | 
12:35:37.542 | Info | '/transaction/myrequests' | 
12:37:07.958 | Info | '/transaction/getuserpermissions' | 
12:37:07.971 | Info | '/transaction/getuserpermissions' | 
12:37:14.152 | Info | '/api/user/login' | 
12:37:14.362 | Info | '/transaction/getuserpermissions' | 
12:37:14.368 | Info | '/transaction/myrequests' | 
12:37:14.373 | Info | '/transaction/myprofile' | 
12:37:14.396 | Info | '/transaction/mycollections' | 
12:37:14.404 | Info | '/transaction/getuserpermissions' | 
12:37:14.421 | Info | '/transaction/mycollections' | 
12:37:14.425 | Info | '/transaction/myprofile' | 
12:37:14.430 | Info | '/transaction/myprofile' | 
12:37:14.435 | Info | '/transaction/myprofile' | 
12:37:18.038 | Info | '/transaction/getdonationpurpose' | 
12:37:18.047 | Info | '/transaction/getarea' | 
12:37:18.058 | Info | '/transaction/getprojects' | 
12:37:18.060 | Info | '/transaction/getarea' | 
12:37:18.061 | Info | '/transaction/getdonationpurpose' | 
12:37:20.087 | Info | '/transaction/getprojects' | 
12:37:34.378 | Info | '/transaction/myrequests' | 
12:39:14.374 | Info | '/transaction/myrequests' | 
12:41:52.243 | Info | '/transaction/getdonationpurpose' | 
12:41:52.253 | Info | '/transaction/getarea' | 
12:41:52.256 | Info | '/transaction/getprojects' | 
12:41:52.260 | Info | '/transaction/getdonationpurpose' | 
12:41:52.273 | Info | '/transaction/getarea' | 
12:41:54.131 | Info | '/transaction/getprojects' | 
12:42:05.404 | Info | '/dashboard' | 
12:42:05.412 | Info | '/dashboard' | 
12:42:06.493 | Info | '/transaction/getdonationpurpose' | 
12:42:06.507 | Info | '/transaction/getdonationpurpose' | 
12:42:06.511 | Info | '/transaction/getarea' | 
12:42:06.514 | Info | '/transaction/getprojects' | 
12:42:06.518 | Info | '/transaction/getarea' | 
12:42:07.094 | Info | '/transaction/getprojects' | 
12:42:59.447 | Info | '/transaction/getdonationpurpose' | 
12:42:59.454 | Info | '/transaction/getprojects' | 
12:42:59.458 | Info | '/transaction/getarea' | 
12:42:59.462 | Info | '/transaction/getdonationpurpose' | 
12:42:59.463 | Info | '/transaction/getarea' | 
12:43:00.027 | Info | '/transaction/getprojects' | 
12:43:29.250 | Info | '/transaction/getdonationpurpose' | 
12:43:29.253 | Info | '/transaction/getarea' | 
12:43:29.254 | Info | '/transaction/getprojects' | 
12:43:29.265 | Info | '/transaction/getdonationpurpose' | 
12:43:29.267 | Info | '/transaction/getarea' | 
12:43:30.129 | Info | '/transaction/getprojects' | 
12:44:28.567 | Info | '/dashboard' | 
12:44:28.573 | Info | '/dashboard' | 
12:44:30.020 | Info | '/transaction/getdonationpurpose' | 
12:44:30.023 | Info | '/transaction/getarea' | 
12:44:30.026 | Info | '/transaction/getprojects' | 
12:44:30.028 | Info | '/transaction/getarea' | 
12:44:30.029 | Info | '/transaction/getdonationpurpose' | 
12:44:31.093 | Info | '/transaction/getprojects' | 
12:46:23.647 | Info | '/transaction/getprojects' | 
12:46:43.157 | Info | '/transaction/getprojects' | 
12:48:51.723 | Info | '/transaction/getprojects' | 
12:49:21.049 | Info | '/transaction/getprojects' | 
12:49:39.887 | Info | '/transaction/getprojects' | 
12:50:52.336 | Info | '/transaction/getprojects' | 
12:51:49.819 | Info | '/transaction/getprojects' | 
12:52:30.983 | Info | '/transaction/getprojects' | 
12:52:39.634 | Info | '/transaction/getprojects' | 
12:53:12.558 | Info | '/transaction/createdonationpurpose' | 
12:53:26.526 | Info | '/dashboard' | 
12:53:26.537 | Info | '/dashboard' | 
12:53:27.600 | Info | '/transaction/getdonationpurpose' | 
12:53:27.602 | Info | '/transaction/getarea' | 
12:53:27.605 | Info | '/transaction/getprojects' | 
12:53:27.614 | Info | '/transaction/getdonationpurpose' | 
12:53:27.623 | Info | '/transaction/getarea' | 
12:53:29.068 | Info | '/transaction/getprojects' | 
12:58:56.242 | Info | '/transaction/myprofile' | 
12:58:56.335 | Info | '/transaction/myrequests' | 
12:58:56.338 | Info | '/transaction/mycollections' | 
12:58:56.373 | Info | '/transaction/myprofile' | 
12:58:56.375 | Info | '/transaction/mycollections' | 
12:58:56.386 | Info | '/transaction/myprofile' | 
12:58:56.390 | Info | '/transaction/myprofile' | 
12:58:57.378 | Info | '/transaction/getdonationpurpose' | 
12:58:57.389 | Info | '/transaction/getarea' | 
12:58:57.392 | Info | '/transaction/getprojects' | 
12:58:57.394 | Info | '/transaction/getdonationpurpose' | 
12:58:57.416 | Info | '/transaction/getarea' | 
12:58:58.705 | Info | '/transaction/getprojects' | 
12:59:12.058 | Info | '/transaction/createdonationpurpose' | 
12:59:16.237 | Info | '/transaction/myrequests' | 
12:59:18.508 | Info | '/dashboard' | 
12:59:18.516 | Info | '/dashboard' | 
12:59:19.366 | Info | '/transaction/getdonationpurpose' | 
12:59:19.378 | Info | '/transaction/getarea' | 
12:59:19.381 | Info | '/transaction/getprojects' | 
12:59:19.386 | Info | '/transaction/getdonationpurpose' | 
12:59:19.387 | Info | '/transaction/getarea' | 
12:59:20.298 | Info | '/transaction/getprojects' | 
13:01:58.845 | Info | '/transaction/getuserpermissions' | 
13:01:58.854 | Info | '/transaction/getuserpermissions' | 
13:02:03.349 | Info | '/api/user/login' | 
13:02:03.527 | Info | '/transaction/getuserpermissions' | 
13:02:03.559 | Info | '/transaction/getuserpermissions' | 
13:02:03.561 | Info | '/transaction/myprofile' | 
13:02:03.581 | Info | '/transaction/myrequests' | 
13:02:03.585 | Info | '/transaction/mycollections' | 
13:02:03.600 | Info | '/transaction/myprofile' | 
13:02:03.602 | Info | '/transaction/mycollections' | 
13:02:03.607 | Info | '/transaction/myprofile' | 
13:02:03.621 | Info | '/transaction/myprofile' | 
13:02:08.021 | Info | '/transaction/getdonationpurpose' | 
13:02:08.025 | Info | '/transaction/getarea' | 
13:02:08.032 | Info | '/transaction/getprojects' | 
13:02:08.057 | Info | '/transaction/getdonationpurpose' | 
13:02:08.058 | Info | '/transaction/getarea' | 
13:02:18.079 | Info | '/transaction/getprojects' | 
13:02:23.560 | Info | '/transaction/myrequests' | 
13:03:55.979 | Info | '/dashboard' | 
13:03:55.991 | Info | '/dashboard' | 
13:03:57.360 | Info | '/transaction/getdonationpurpose' | 
13:03:57.361 | Info | '/transaction/getarea' | 
13:03:57.362 | Info | '/transaction/getprojects' | 
13:03:57.374 | Info | '/transaction/getdonationpurpose' | 
13:03:57.376 | Info | '/transaction/getarea' | 
13:03:59.097 | Info | '/transaction/getprojects' | 
13:04:03.585 | Info | '/transaction/myrequests' | 
13:04:12.901 | Info | '/transaction/getprojects' | 
13:04:40.172 | Info | '/transaction/getprojects' | 
13:06:03.629 | Info | '/transaction/myrequests' | 
13:06:30.345 | Info | '/transaction/getprojects' | 
13:07:29.837 | Info | '/transaction/getprojects' | 
13:09:27.719 | Info | '/transaction/getprojects' | 
13:10:07.597 | Info | '/transaction/getprojects' | 
13:11:13.989 | Info | '/transaction/getprojects' | 
13:11:51.546 | Info | '/transaction/myprofile' | 
13:11:51.551 | Info | '/transaction/myrequests' | 
13:11:51.555 | Info | '/transaction/mycollections' | 
13:11:51.564 | Info | '/transaction/myprofile' | 
13:11:51.574 | Info | '/transaction/mycollections' | 
13:11:51.575 | Info | '/transaction/myprofile' | 
13:11:51.585 | Info | '/transaction/myprofile' | 
13:11:52.491 | Info | '/dashboard' | 
13:11:52.502 | Info | '/dashboard' | 
13:11:53.966 | Info | '/transaction/getdonationpurpose' | 
13:11:53.969 | Info | '/transaction/getarea' | 
13:11:53.972 | Info | '/transaction/getprojects' | 
13:11:53.976 | Info | '/transaction/getdonationpurpose' | 
13:11:53.980 | Info | '/transaction/getarea' | 
13:11:54.533 | Info | '/transaction/getprojects' | 
13:12:04.285 | Info | '/transaction/createdonationpurpose' | 
13:12:06.097 | Info | '/dashboard' | 
13:12:06.107 | Info | '/dashboard' | 
13:12:07.179 | Info | '/transaction/getdonationpurpose' | 
13:12:07.185 | Info | '/transaction/getarea' | 
13:12:07.187 | Info | '/transaction/getprojects' | 
13:12:07.191 | Info | '/transaction/getdonationpurpose' | 
13:12:07.192 | Info | '/transaction/getarea' | 
13:12:08.522 | Info | '/transaction/getprojects' | 
13:12:11.550 | Info | '/transaction/myrequests' | 
13:12:27.592 | Info | '/transaction/createdonationpurpose' | 
13:12:29.867 | Info | '/dashboard' | 
13:12:29.876 | Info | '/dashboard' | 
13:12:31.110 | Info | '/transaction/getdonationpurpose' | 
13:12:31.116 | Info | '/transaction/getarea' | 
13:12:31.118 | Info | '/transaction/getdonationpurpose' | 
13:12:31.119 | Info | '/transaction/getprojects' | 
13:12:31.128 | Info | '/transaction/getarea' | 
13:12:32.554 | Info | '/transaction/getprojects' | 
13:12:57.221 | Info | '/transaction/createdonationpurpose' | 
13:12:58.840 | Info | '/dashboard' | 
13:12:58.848 | Info | '/dashboard' | 
13:13:00.001 | Info | '/transaction/getdonationpurpose' | 
13:13:00.011 | Info | '/transaction/getdonationpurpose' | 
13:13:00.012 | Info | '/transaction/getarea' | 
13:13:00.013 | Info | '/transaction/getprojects' | 
13:13:00.024 | Info | '/transaction/getarea' | 
13:13:01.545 | Info | '/transaction/getprojects' | 
13:13:43.293 | Info | '/transaction/myprofile' | 
13:13:43.294 | Info | '/transaction/mycollections' | 
13:13:43.297 | Info | '/transaction/myprofile' | 
13:13:43.298 | Info | '/transaction/mycollections' | 
13:13:43.313 | Info | '/transaction/myprofile' | 
13:13:43.316 | Info | '/transaction/myprofile' | 
13:13:44.215 | Info | '/transaction/getdonationpurpose' | 
13:13:44.222 | Info | '/transaction/getarea' | 
13:13:44.225 | Info | '/transaction/getdonationpurpose' | 
13:13:44.226 | Info | '/transaction/getprojects' | 
13:13:44.234 | Info | '/transaction/getarea' | 
13:13:45.431 | Info | '/transaction/getprojects' | 
