14:08:49.525 | Info | '/api/user/login' | 
14:08:52.321 | Info | '/transaction/getuserpermissions' | 
14:08:52.614 | Info | '/transaction/myprofile' | 
14:08:55.976 | Info | '/transaction/myrequests' | 
14:08:57.088 | Info | '/transaction/mycollections' | 
14:08:57.114 | Info | '/transaction/getuserpermissions' | 
14:08:58.090 | Info | '/transaction/myprofile' | 
14:08:58.097 | Info | '/transaction/myprofile' | 
14:08:58.110 | Info | '/transaction/myprofile' | 
14:08:58.145 | Info | '/transaction/myrequests' | 
14:08:58.511 | Info | '/transaction/mycollections' | 
14:09:33.064 | Info | '/transaction/getalldonations' | 
14:09:33.471 | Info | '/transaction/getalldonations' | 
14:09:35.951 | Info | '/transaction/getcollection' | 
14:09:36.190 | Info | '/transaction/getcollection' | 
14:09:36.895 | Info | '/transaction/getarea' | 
14:09:36.899 | Info | '/transaction/getpaymentmethods' | 
14:09:37.001 | Info | '/transaction/getpaymentmethods' | 
14:09:37.135 | Info | '/transaction/getarea' | 
14:09:42.645 | Info | '/transaction/getdonordetails' | 
14:09:47.801 | Info | '/transaction/getdonationpurpose' | 
14:09:48.507 | Info | '/transaction/getdonationpurpose' | 
14:09:53.985 | Info | '/transaction/newdonation' | 
14:14:36.358 | Info | '/api/user/login' | 
14:14:36.816 | Info | '/transaction/getuserpermissions' | 
14:14:36.835 | Info | '/transaction/myprofile' | 
14:14:36.877 | Info | '/transaction/myrequests' | 
14:14:36.901 | Info | '/transaction/mycollections' | 
14:14:36.909 | Info | '/transaction/getuserpermissions' | 
14:14:36.918 | Info | '/transaction/myrequests' | 
14:14:36.938 | Info | '/transaction/myprofile' | 
14:14:36.941 | Info | '/transaction/mycollections' | 
14:14:36.948 | Info | '/transaction/myprofile' | 
14:14:36.953 | Info | '/transaction/myprofile' | 
14:14:41.840 | Info | '/transaction/getarea' | 
14:14:41.845 | Info | '/transaction/getpaymentmethods' | 
14:14:41.857 | Info | '/transaction/getarea' | 
14:14:41.860 | Info | '/transaction/getpaymentmethods' | 
14:14:45.122 | Info | '/transaction/getdonordetails' | 
14:14:52.751 | Info | '/transaction/getdonationpurpose' | 
14:14:53.421 | Info | '/transaction/getdonationpurpose' | 
14:14:58.306 | Info | '/transaction/newdonation' | 
14:15:34.939 | Info | '/transaction/getdonationpurpose' | 
14:15:35.451 | Info | '/transaction/getdonationpurpose' | 
14:15:44.944 | Info | '/transaction/newdonation' | 
14:19:00.665 | Info | '/api/user/login' | 
14:19:00.807 | Info | '/transaction/getuserpermissions' | 
14:19:00.812 | Info | '/transaction/myprofile' | 
14:19:00.818 | Info | '/transaction/myrequests' | 
14:19:00.822 | Info | '/transaction/mycollections' | 
14:19:00.825 | Info | '/transaction/getuserpermissions' | 
14:19:00.828 | Info | '/transaction/myprofile' | 
14:19:00.835 | Info | '/transaction/myrequests' | 
14:19:00.839 | Info | '/transaction/mycollections' | 
14:19:00.842 | Info | '/transaction/myprofile' | 
14:19:00.850 | Info | '/transaction/myprofile' | 
14:19:03.035 | Info | '/transaction/getarea' | 
14:19:03.038 | Info | '/transaction/getpaymentmethods' | 
14:19:03.042 | Info | '/transaction/getarea' | 
14:19:03.045 | Info | '/transaction/getpaymentmethods' | 
14:19:05.941 | Info | '/transaction/getdonordetails' | 
14:19:11.320 | Info | '/transaction/getdonationpurpose' | 
14:19:11.786 | Info | '/transaction/getdonationpurpose' | 
14:19:21.047 | Info | '/transaction/newdonation' | 
14:22:41.635 | Info | '/api/user/login' | 
14:22:41.795 | Info | '/transaction/getuserpermissions' | 
14:22:41.807 | Info | '/transaction/myprofile' | 
14:22:41.811 | Info | '/transaction/myrequests' | 
14:22:41.816 | Info | '/transaction/getuserpermissions' | 
14:22:41.814 | Info | '/transaction/mycollections' | 
14:22:41.820 | Info | '/transaction/myprofile' | 
14:22:41.830 | Info | '/transaction/myrequests' | 
14:22:41.832 | Info | '/transaction/myprofile' | 
14:22:41.874 | Info | '/transaction/mycollections' | 
14:22:41.876 | Info | '/transaction/myprofile' | 
14:22:43.703 | Info | '/transaction/getarea' | 
14:22:43.707 | Info | '/transaction/getpaymentmethods' | 
14:22:43.710 | Info | '/transaction/getarea' | 
14:22:43.714 | Info | '/transaction/getpaymentmethods' | 
14:22:50.128 | Info | '/transaction/getdonordetails' | 
14:22:57.509 | Info | '/transaction/getdonationpurpose' | 
14:22:57.973 | Info | '/transaction/getdonationpurpose' | 
14:23:02.133 | Info | '/transaction/newdonation' | 
14:23:33.228 | Info | '/transaction/getdonationpurpose' | 
14:23:33.645 | Info | '/transaction/getdonationpurpose' | 
14:23:40.229 | Info | '/transaction/newdonation' | 
