<<<<<<< HEAD
03:24:08.966 | Info | '/api/user/login' | 
11:15:40.263 | Info | '/getReports' | 
11:22:04.431 | Info | '/getReports' | 
11:22:22.306 | Info | '/getReports' | 
11:22:48.414 | Info | '/getReports' | 
11:30:49.857 | Info | '/getReports' | 
11:31:05.881 | Info | '/getReports' | 
11:32:23.667 | Info | '/getReports' | 
11:36:06.169 | Info | '/getReports' | 
11:36:57.668 | Info | '/getReports' | 
11:37:57.189 | Info | '/getReports' | 
11:40:05.505 | Info | '/getReports' | 
11:40:34.191 | Info | '/getReports' | 
11:41:05.107 | Info | '/getReports' | 
11:41:23.253 | Info | '/getReports' | 
11:41:54.658 | Info | '/getReports' | 
11:42:41.636 | Info | '/getReports' | 
11:43:16.895 | Info | '/getReports' | 
11:44:02.911 | Info | '/getReports' | 
11:47:29.360 | Info | '/getReports' | 
11:48:23.306 | Info | '/getReports' | 
11:54:43.675 | Info | '/getReports' | 
12:10:01.636 | Info | '/getReports' | 
12:11:31.393 | Info | '/getReports' | 
13:04:24.888 | Info | '/getReports' | 
13:04:43.897 | Info | '/getReports' | 
13:09:22.660 | Info | '/getReports' | 
13:10:17.600 | Info | '/getReports' | 
13:10:30.987 | Info | '/getReports' | 
=======
17:06:57.686 | Info | '/api/user/login' | 
17:06:58.863 | Info | '/transaction/getuserpermissions' | 
17:06:59.005 | Info | '/transaction/getcenters' | 
17:06:59.013 | Info | '/transaction/getdonationpickup' | 
17:06:59.067 | Info | '/transaction/getchannel' | 
17:06:59.542 | Info | '/transaction/getdonationmethods' | 
17:06:59.583 | Info | '/transaction/getpaymentmethods' | 
17:06:59.624 | Info | '/transaction/getuserpermissions' | 
17:06:59.650 | Info | '/transaction/getcenters' | 
17:06:59.669 | Info | '/transaction/getchannel' | 
17:06:59.681 | Info | '/transaction/getdonationpickup' | 
17:06:59.684 | Info | '/transaction/getdonationmethods' | 
17:06:59.705 | Info | '/transaction/getpaymentmethods' | 
17:07:32.210 | Info | '/transaction/getalldonations' | 
17:07:32.229 | Info | '/transaction/getcenters' | 
17:07:32.231 | Info | '/transaction/getchannel' | 
17:07:32.232 | Info | '/transaction/getdonationmethods' | 
17:07:32.283 | Info | '/transaction/getcenters' | 
17:07:32.289 | Info | '/transaction/getalldonations' | 
17:07:32.292 | Info | '/transaction/getchannel' | 
17:07:32.294 | Info | '/transaction/getdonationmethods' | 
17:07:40.653 | Info | '/transaction/getdonation/:donationRefNum' | 
17:07:43.982 | Info | '/transaction/getalldonations' | 
17:07:43.984 | Info | '/transaction/getcenters' | 
17:07:43.986 | Info | '/transaction/getchannel' | 
17:07:43.989 | Info | '/transaction/getdonationmethods' | 
17:07:44.011 | Info | '/transaction/getalldonations' | 
17:07:44.014 | Info | '/transaction/getcenters' | 
17:07:44.017 | Info | '/transaction/getchannel' | 
17:07:44.019 | Info | '/transaction/getdonationmethods' | 
17:07:53.058 | Info | '/transaction/getdonation/:donationRefNum' | 
17:10:10.547 | Info | '/transaction/getalldonations' | 
17:10:10.549 | Info | '/transaction/getcenters' | 
17:10:10.552 | Info | '/transaction/getchannel' | 
17:10:10.554 | Info | '/transaction/getdonationmethods' | 
17:10:10.578 | Info | '/transaction/getcenters' | 
17:10:10.580 | Info | '/transaction/getchannel' | 
17:10:10.583 | Info | '/transaction/getdonationmethods' | 
17:10:10.585 | Info | '/transaction/getalldonations' | 
17:10:13.256 | Info | '/transaction/getdonation/:donationRefNum' | 
17:10:16.020 | Info | '/transaction/getalldonations' | 
17:10:16.023 | Info | '/transaction/getcenters' | 
17:10:16.025 | Info | '/transaction/getchannel' | 
17:10:16.028 | Info | '/transaction/getdonationmethods' | 
17:10:16.051 | Info | '/transaction/getcenters' | 
17:10:16.056 | Info | '/transaction/getalldonations' | 
17:10:16.059 | Info | '/transaction/getchannel' | 
17:10:16.061 | Info | '/transaction/getdonationmethods' | 
17:11:12.782 | Info | '/transaction/getdonation/:donationRefNum' | 
17:40:06.889 | Info | '/api/user/login' | 
17:40:07.079 | Info | '/transaction/getuserpermissions' | 
17:40:07.089 | Info | '/transaction/getdonationpickup' | 
17:40:07.091 | Info | '/transaction/getuserpermissions' | 
17:40:07.115 | Info | '/transaction/getcenters' | 
17:40:07.118 | Info | '/transaction/getchannel' | 
17:40:07.120 | Info | '/transaction/getdonationpickup' | 
17:40:07.122 | Info | '/transaction/getdonationmethods' | 
17:40:07.123 | Info | '/transaction/getpaymentmethods' | 
17:40:07.136 | Info | '/transaction/getcenters' | 
17:40:07.138 | Info | '/transaction/getpaymentmethods' | 
17:40:07.141 | Info | '/transaction/getdonationmethods' | 
17:40:07.143 | Info | '/transaction/getchannel' | 
17:40:08.700 | Info | '/transaction/getuserpermissions' | 
17:40:08.707 | Info | '/transaction/getuserpermissions' | 
17:40:12.056 | Info | '/api/user/login' | 
17:40:12.215 | Info | '/transaction/getuserpermissions' | 
17:40:12.231 | Info | '/transaction/getdonationpickup' | 
17:40:12.234 | Info | '/transaction/getcenters' | 
17:40:12.236 | Info | '/transaction/getchannel' | 
17:40:12.237 | Info | '/transaction/getdonationmethods' | 
17:40:12.240 | Info | '/transaction/getuserpermissions' | 
17:40:12.241 | Info | '/transaction/getpaymentmethods' | 
17:40:12.259 | Info | '/transaction/getdonationpickup' | 
17:40:12.261 | Info | '/transaction/getcenters' | 
17:40:12.264 | Info | '/transaction/getchannel' | 
17:40:12.267 | Info | '/transaction/getdonationmethods' | 
17:40:12.270 | Info | '/transaction/getpaymentmethods' | 
17:40:13.667 | Info | '/transaction/getcenters' | 
17:40:13.669 | Info | '/transaction/getchannel' | 
17:40:13.672 | Info | '/transaction/getdonationmethods' | 
17:40:13.677 | Info | '/transaction/getalldonations' | 
17:40:13.680 | Info | '/transaction/getcenters' | 
17:40:13.682 | Info | '/transaction/getchannel' | 
17:40:13.700 | Info | '/transaction/getdonationmethods' | 
17:40:13.702 | Info | '/transaction/getalldonations' | 
17:40:14.633 | Info | '/transaction/getdonation/:donationRefNum' | 
17:45:10.233 | Info | '/api/user/login' | 
17:45:10.395 | Info | '/transaction/getuserpermissions' | 
17:45:10.400 | Info | '/transaction/getdonationpickup' | 
17:45:10.416 | Info | '/transaction/getuserpermissions' | 
17:45:10.418 | Info | '/transaction/getcenters' | 
17:45:10.420 | Info | '/transaction/getchannel' | 
17:45:10.422 | Info | '/transaction/getdonationmethods' | 
17:45:10.424 | Info | '/transaction/getpaymentmethods' | 
17:45:10.426 | Info | '/transaction/getdonationpickup' | 
17:45:10.438 | Info | '/transaction/getchannel' | 
17:45:10.442 | Info | '/transaction/getpaymentmethods' | 
17:45:10.444 | Info | '/transaction/getdonationmethods' | 
17:45:10.446 | Info | '/transaction/getcenters' | 
17:45:12.784 | Info | '/transaction/getarea' | 
17:45:12.831 | Info | '/transaction/getpaymentmethods' | 
17:45:12.834 | Info | '/transaction/getarea' | 
17:45:12.836 | Info | '/transaction/getpaymentmethods' | 
17:45:15.497 | Info | '/transaction/getalldonations' | 
17:45:15.499 | Info | '/transaction/getcenters' | 
17:45:15.501 | Info | '/transaction/getchannel' | 
17:45:15.503 | Info | '/transaction/getdonationmethods' | 
17:45:15.530 | Info | '/transaction/getdonationmethods' | 
17:45:15.534 | Info | '/transaction/getalldonations' | 
17:45:15.532 | Info | '/transaction/getcenters' | 
17:45:15.536 | Info | '/transaction/getchannel' | 
17:45:18.963 | Info | '/transaction/getdonation/:donationRefNum' | 
17:45:27.550 | Info | '/transaction/getalldonations' | 
17:45:27.552 | Info | '/transaction/getcenters' | 
17:45:27.553 | Info | '/transaction/getchannel' | 
17:45:27.555 | Info | '/transaction/getdonationmethods' | 
17:45:27.576 | Info | '/transaction/getalldonations' | 
17:45:27.579 | Info | '/transaction/getcenters' | 
17:45:27.581 | Info | '/transaction/getchannel' | 
17:45:27.585 | Info | '/transaction/getdonationmethods' | 
17:45:42.270 | Info | '/api/user/login' | 
17:45:42.441 | Info | '/transaction/getuserpermissions' | 
17:45:42.448 | Info | '/transaction/getdonationpickup' | 
17:45:42.452 | Info | '/transaction/getcenters' | 
17:45:42.454 | Info | '/transaction/getchannel' | 
17:45:42.456 | Info | '/transaction/getdonationmethods' | 
17:45:42.458 | Info | '/transaction/getpaymentmethods' | 
17:45:42.466 | Info | '/transaction/getuserpermissions' | 
17:45:42.469 | Info | '/transaction/getchannel' | 
17:45:42.474 | Info | '/transaction/getcenters' | 
17:45:42.476 | Info | '/transaction/getdonationmethods' | 
17:45:42.478 | Info | '/transaction/getdonationpickup' | 
17:45:42.494 | Info | '/transaction/getpaymentmethods' | 
17:45:44.237 | Info | '/transaction/getcenters' | 
17:45:44.241 | Info | '/transaction/getchannel' | 
17:45:44.247 | Info | '/transaction/getalldonations' | 
17:45:44.244 | Info | '/transaction/getdonationmethods' | 
17:45:44.250 | Info | '/transaction/getcenters' | 
17:45:44.253 | Info | '/transaction/getchannel' | 
17:45:44.265 | Info | '/transaction/getdonationmethods' | 
17:45:44.267 | Info | '/transaction/getalldonations' | 
17:45:46.799 | Info | '/transaction/getdonation/:donationRefNum' | 
17:49:42.512 | Info | '/api/user/login' | 
17:49:42.707 | Info | '/transaction/getuserpermissions' | 
17:49:42.710 | Info | '/transaction/getdonationpickup' | 
17:49:42.712 | Info | '/transaction/getcenters' | 
17:49:42.714 | Info | '/transaction/getchannel' | 
17:49:42.716 | Info | '/transaction/getdonationmethods' | 
17:49:42.718 | Info | '/transaction/getpaymentmethods' | 
17:49:42.725 | Info | '/transaction/getuserpermissions' | 
17:49:42.732 | Info | '/transaction/getdonationpickup' | 
17:49:42.736 | Info | '/transaction/getcenters' | 
17:49:42.738 | Info | '/transaction/getchannel' | 
17:49:42.741 | Info | '/transaction/getdonationmethods' | 
17:49:42.744 | Info | '/transaction/getpaymentmethods' | 
17:49:51.378 | Info | '/transaction/getdonation/:donationRefNum' | 
17:49:57.988 | Info | '/transaction/getdonationpickup' | 
17:49:57.990 | Info | '/transaction/getcenters' | 
17:49:57.992 | Info | '/transaction/getchannel' | 
17:49:57.994 | Info | '/transaction/getdonationmethods' | 
17:49:57.995 | Info | '/transaction/getpaymentmethods' | 
17:49:58.005 | Info | '/transaction/getdonationpickup' | 
17:49:58.009 | Info | '/transaction/getcenters' | 
17:49:58.014 | Info | '/transaction/getchannel' | 
17:49:58.016 | Info | '/transaction/getdonationmethods' | 
17:49:58.021 | Info | '/transaction/getpaymentmethods' | 
17:50:03.505 | Info | '/transaction/getalldonations' | 
17:50:03.508 | Info | '/transaction/getcenters' | 
17:50:03.509 | Info | '/transaction/getchannel' | 
17:50:03.523 | Info | '/transaction/getdonationmethods' | 
17:50:03.525 | Info | '/transaction/getalldonations' | 
17:50:03.527 | Info | '/transaction/getcenters' | 
17:50:03.529 | Info | '/transaction/getchannel' | 
17:50:03.549 | Info | '/transaction/getdonationmethods' | 
17:50:04.528 | Info | '/transaction/getdonation/:donationRefNum' | 
17:50:51.039 | Info | '/transaction/getuserpermissions' | 
17:50:51.044 | Info | '/transaction/getuserpermissions' | 
17:50:56.262 | Info | '/api/user/login' | 
17:50:56.449 | Info | '/transaction/getuserpermissions' | 
17:50:56.463 | Info | '/transaction/getdonationpickup' | 
17:50:56.465 | Info | '/transaction/getcenters' | 
17:50:56.467 | Info | '/transaction/getchannel' | 
17:50:56.473 | Info | '/transaction/getuserpermissions' | 
17:50:56.480 | Info | '/transaction/getdonationpickup' | 
17:50:56.492 | Info | '/transaction/getdonationmethods' | 
17:50:56.494 | Info | '/transaction/getcenters' | 
17:50:56.496 | Info | '/transaction/getchannel' | 
17:50:56.507 | Info | '/transaction/getpaymentmethods' | 
17:50:56.509 | Info | '/transaction/getdonationmethods' | 
17:50:56.515 | Info | '/transaction/getpaymentmethods' | 
17:51:01.415 | Info | '/transaction/getarea' | 
17:51:01.418 | Info | '/transaction/getpaymentmethods' | 
17:51:01.422 | Info | '/transaction/getarea' | 
17:51:01.426 | Info | '/transaction/getpaymentmethods' | 
17:51:08.956 | Info | '/transaction/getalldonations' | 
17:51:08.974 | Info | '/transaction/getcenters' | 
17:51:08.978 | Info | '/transaction/getdonationmethods' | 
17:51:08.979 | Info | '/transaction/getalldonations' | 
17:51:08.976 | Info | '/transaction/getchannel' | 
17:51:08.983 | Info | '/transaction/getcenters' | 
17:51:08.994 | Info | '/transaction/getchannel' | 
17:51:08.996 | Info | '/transaction/getdonationmethods' | 
17:51:10.679 | Info | '/transaction/getdonation/:donationRefNum' | 
17:56:52.169 | Info | '/transaction/getuserpermissions' | 
17:56:52.176 | Info | '/transaction/getuserpermissions' | 
17:56:59.092 | Info | '/api/user/login' | 
17:56:59.213 | Info | '/transaction/getuserpermissions' | 
17:56:59.227 | Info | '/transaction/getuserpermissions' | 
17:56:59.229 | Info | '/transaction/getdonationpickup' | 
17:56:59.241 | Info | '/transaction/getcenters' | 
17:56:59.244 | Info | '/transaction/getchannel' | 
17:56:59.247 | Info | '/transaction/getdonationmethods' | 
17:56:59.249 | Info | '/transaction/getpaymentmethods' | 
17:56:59.252 | Info | '/transaction/getdonationpickup' | 
17:56:59.260 | Info | '/transaction/getcenters' | 
17:56:59.262 | Info | '/transaction/getchannel' | 
17:56:59.265 | Info | '/transaction/getdonationmethods' | 
17:56:59.268 | Info | '/transaction/getpaymentmethods' | 
17:57:00.671 | Info | '/transaction/getcenters' | 
17:57:00.676 | Info | '/transaction/getchannel' | 
17:57:00.678 | Info | '/transaction/getalldonations' | 
17:57:00.679 | Info | '/transaction/getdonationmethods' | 
17:57:00.682 | Info | '/transaction/getcenters' | 
17:57:00.692 | Info | '/transaction/getchannel' | 
17:57:00.700 | Info | '/transaction/getdonationmethods' | 
17:57:00.702 | Info | '/transaction/getalldonations' | 
17:57:04.782 | Info | '/transaction/getdonation/:donationRefNum' | 
17:57:47.111 | Info | '/api/user/login' | 
17:57:47.216 | Info | '/transaction/getuserpermissions' | 
17:57:47.227 | Info | '/transaction/getdonationpickup' | 
17:57:47.229 | Info | '/transaction/getcenters' | 
17:57:47.231 | Info | '/transaction/getchannel' | 
17:57:47.233 | Info | '/transaction/getdonationmethods' | 
17:57:47.235 | Info | '/transaction/getpaymentmethods' | 
17:57:47.236 | Info | '/transaction/getuserpermissions' | 
17:57:47.244 | Info | '/transaction/getdonationpickup' | 
17:57:47.246 | Info | '/transaction/getchannel' | 
17:57:47.248 | Info | '/transaction/getcenters' | 
17:57:47.250 | Info | '/transaction/getdonationmethods' | 
17:57:47.253 | Info | '/transaction/getpaymentmethods' | 
17:57:49.476 | Info | '/transaction/getcenters' | 
17:57:49.478 | Info | '/transaction/getchannel' | 
17:57:49.482 | Info | '/transaction/getdonationmethods' | 
17:57:49.484 | Info | '/transaction/getalldonations' | 
17:57:49.486 | Info | '/transaction/getcenters' | 
17:57:49.490 | Info | '/transaction/getchannel' | 
17:57:49.503 | Info | '/transaction/getdonationmethods' | 
17:57:49.506 | Info | '/transaction/getalldonations' | 
17:57:50.913 | Info | '/transaction/getdonation/:donationRefNum' | 
17:57:56.604 | Info | '/transaction/getalldonations' | 
17:57:56.606 | Info | '/transaction/getcenters' | 
17:57:56.610 | Info | '/transaction/getdonationmethods' | 
17:57:56.608 | Info | '/transaction/getchannel' | 
17:57:56.623 | Info | '/transaction/getalldonations' | 
17:57:56.627 | Info | '/transaction/getcenters' | 
17:57:56.628 | Info | '/transaction/getchannel' | 
17:57:56.632 | Info | '/transaction/getdonationmethods' | 
17:57:58.923 | Info | '/transaction/getdonation/:donationRefNum' | 
17:58:01.147 | Info | '/transaction/getalldonations' | 
17:58:01.150 | Info | '/transaction/getcenters' | 
17:58:01.152 | Info | '/transaction/getchannel' | 
17:58:01.168 | Info | '/transaction/getdonationmethods' | 
17:58:01.170 | Info | '/transaction/getcenters' | 
17:58:01.172 | Info | '/transaction/getalldonations' | 
17:58:01.174 | Info | '/transaction/getchannel' | 
17:58:01.193 | Info | '/transaction/getdonationmethods' | 
17:58:06.086 | Info | '/transaction/getdonation/:donationRefNum' | 
17:58:07.761 | Info | '/transaction/getalldonations' | 
17:58:07.764 | Info | '/transaction/getcenters' | 
17:58:07.765 | Info | '/transaction/getchannel' | 
17:58:07.768 | Info | '/transaction/getdonationmethods' | 
17:58:07.779 | Info | '/transaction/getalldonations' | 
17:58:07.783 | Info | '/transaction/getcenters' | 
17:58:07.787 | Info | '/transaction/getchannel' | 
17:58:07.788 | Info | '/transaction/getdonationmethods' | 
17:58:19.779 | Info | '/transaction/getdonation/:donationRefNum' | 
17:58:23.445 | Info | '/transaction/getalldonations' | 
17:58:23.448 | Info | '/transaction/getcenters' | 
17:58:23.450 | Info | '/transaction/getchannel' | 
17:58:23.452 | Info | '/transaction/getdonationmethods' | 
17:58:23.467 | Info | '/transaction/getdonationmethods' | 
17:58:23.469 | Info | '/transaction/getcenters' | 
17:58:23.471 | Info | '/transaction/getchannel' | 
17:58:23.473 | Info | '/transaction/getalldonations' | 
17:58:26.678 | Info | '/transaction/getdonation/:donationRefNum' | 
17:58:28.782 | Info | '/transaction/getalldonations' | 
17:58:28.788 | Info | '/transaction/getcenters' | 
17:58:28.791 | Info | '/transaction/getchannel' | 
17:58:28.792 | Info | '/transaction/getdonationmethods' | 
17:58:28.807 | Info | '/transaction/getalldonations' | 
17:58:28.810 | Info | '/transaction/getcenters' | 
17:58:28.812 | Info | '/transaction/getchannel' | 
17:58:28.813 | Info | '/transaction/getdonationmethods' | 
17:58:29.849 | Info | '/transaction/getdonation/:donationRefNum' | 
17:58:32.491 | Info | '/transaction/getalldonations' | 
17:58:32.494 | Info | '/transaction/getcenters' | 
17:58:32.496 | Info | '/transaction/getchannel' | 
17:58:32.498 | Info | '/transaction/getdonationmethods' | 
17:58:32.512 | Info | '/transaction/getcenters' | 
17:58:32.517 | Info | '/transaction/getdonationmethods' | 
17:58:32.515 | Info | '/transaction/getchannel' | 
17:58:32.519 | Info | '/transaction/getalldonations' | 
17:58:34.075 | Info | '/transaction/getdonation/:donationRefNum' | 
17:58:39.462 | Info | '/transaction/getalldonations' | 
17:58:39.463 | Info | '/transaction/getcenters' | 
17:58:39.465 | Info | '/transaction/getchannel' | 
17:58:39.467 | Info | '/transaction/getdonationmethods' | 
17:58:39.479 | Info | '/transaction/getcenters' | 
17:58:39.481 | Info | '/transaction/getalldonations' | 
17:58:39.483 | Info | '/transaction/getchannel' | 
17:58:39.486 | Info | '/transaction/getdonationmethods' | 
17:58:41.136 | Info | '/transaction/getdonation/:donationRefNum' | 
17:58:43.277 | Info | '/transaction/getalldonations' | 
17:58:43.281 | Info | '/transaction/getchannel' | 
17:58:43.280 | Info | '/transaction/getcenters' | 
17:58:43.283 | Info | '/transaction/getdonationmethods' | 
17:58:43.299 | Info | '/transaction/getcenters' | 
17:58:43.301 | Info | '/transaction/getalldonations' | 
17:58:43.303 | Info | '/transaction/getchannel' | 
17:58:43.305 | Info | '/transaction/getdonationmethods' | 
17:58:44.654 | Info | '/transaction/getdonation/:donationRefNum' | 
17:59:45.955 | Info | '/transaction/getcenters' | 
17:59:45.958 | Info | '/transaction/getalldonations' | 
17:59:45.959 | Info | '/transaction/getchannel' | 
17:59:45.964 | Info | '/transaction/getdonationmethods' | 
17:59:45.977 | Info | '/transaction/getcenters' | 
17:59:45.979 | Info | '/transaction/getchannel' | 
17:59:45.984 | Info | '/transaction/getdonationmethods' | 
17:59:45.982 | Info | '/transaction/getalldonations' | 
17:59:47.668 | Info | '/transaction/getdonation/:donationRefNum' | 
18:01:04.842 | Info | '/transaction/getuserpermissions' | 
18:01:04.846 | Info | '/transaction/getuserpermissions' | 
18:01:08.767 | Info | '/api/user/login' | 
18:01:08.874 | Info | '/transaction/getuserpermissions' | 
18:01:08.895 | Info | '/transaction/getdonationpickup' | 
18:01:08.897 | Info | '/transaction/getuserpermissions' | 
18:01:08.900 | Info | '/transaction/getcenters' | 
18:01:08.902 | Info | '/transaction/getchannel' | 
18:01:08.921 | Info | '/transaction/getdonationmethods' | 
18:01:08.923 | Info | '/transaction/getpaymentmethods' | 
18:01:08.928 | Info | '/transaction/getcenters' | 
18:01:08.932 | Info | '/transaction/getchannel' | 
18:01:08.945 | Info | '/transaction/getdonationpickup' | 
18:01:08.948 | Info | '/transaction/getdonationmethods' | 
18:01:08.952 | Info | '/transaction/getpaymentmethods' | 
18:01:11.247 | Info | '/transaction/getcenters' | 
18:01:11.250 | Info | '/transaction/getchannel' | 
18:01:11.252 | Info | '/transaction/getdonationmethods' | 
18:01:11.253 | Info | '/transaction/getalldonations' | 
18:01:11.270 | Info | '/transaction/getcenters' | 
18:01:11.272 | Info | '/transaction/getchannel' | 
18:01:11.274 | Info | '/transaction/getdonationmethods' | 
18:01:11.275 | Info | '/transaction/getalldonations' | 
18:01:12.241 | Info | '/transaction/getdonation/:donationRefNum' | 
18:01:35.247 | Info | '/api/user/login' | 
18:01:35.381 | Info | '/transaction/getuserpermissions' | 
18:01:35.385 | Info | '/transaction/getdonationpickup' | 
18:01:35.399 | Info | '/transaction/getcenters' | 
18:01:35.401 | Info | '/transaction/getpaymentmethods' | 
18:01:35.402 | Info | '/transaction/getchannel' | 
18:01:35.404 | Info | '/transaction/getuserpermissions' | 
18:01:35.406 | Info | '/transaction/getdonationmethods' | 
18:01:35.408 | Info | '/transaction/getdonationpickup' | 
18:01:35.422 | Info | '/transaction/getcenters' | 
18:01:35.424 | Info | '/transaction/getpaymentmethods' | 
18:01:35.426 | Info | '/transaction/getchannel' | 
18:01:35.428 | Info | '/transaction/getdonationmethods' | 
18:01:37.170 | Info | '/transaction/getcenters' | 
18:01:37.173 | Info | '/transaction/getchannel' | 
18:01:37.175 | Info | '/transaction/getdonationmethods' | 
18:01:37.178 | Info | '/transaction/getalldonations' | 
18:01:37.180 | Info | '/transaction/getcenters' | 
18:01:37.186 | Info | '/transaction/getchannel' | 
18:01:37.196 | Info | '/transaction/getdonationmethods' | 
18:01:37.198 | Info | '/transaction/getalldonations' | 
18:01:38.612 | Info | '/transaction/getdonation/:donationRefNum' | 
18:02:35.173 | Info | '/transaction/getuserpermissions' | 
18:02:35.178 | Info | '/transaction/getuserpermissions' | 
18:02:39.428 | Info | '/api/user/login' | 
18:02:39.555 | Info | '/transaction/getuserpermissions' | 
18:02:39.567 | Info | '/transaction/getdonationpickup' | 
18:02:39.568 | Info | '/transaction/getcenters' | 
18:02:39.570 | Info | '/transaction/getchannel' | 
18:02:39.572 | Info | '/transaction/getdonationmethods' | 
18:02:39.574 | Info | '/transaction/getuserpermissions' | 
18:02:39.582 | Info | '/transaction/getpaymentmethods' | 
18:02:39.583 | Info | '/transaction/getdonationpickup' | 
18:02:39.585 | Info | '/transaction/getcenters' | 
18:02:39.588 | Info | '/transaction/getchannel' | 
18:02:39.590 | Info | '/transaction/getdonationmethods' | 
18:02:39.597 | Info | '/transaction/getpaymentmethods' | 
18:02:41.104 | Info | '/transaction/getpaymentmethods' | 
18:02:41.107 | Info | '/transaction/getarea' | 
18:02:41.112 | Info | '/transaction/getpaymentmethods' | 
18:02:41.114 | Info | '/transaction/getarea' | 
18:02:41.651 | Info | '/transaction/getcenters' | 
18:02:41.652 | Info | '/transaction/getchannel' | 
18:02:41.657 | Info | '/transaction/getcenters' | 
18:02:41.660 | Info | '/transaction/getalldonations' | 
18:02:41.662 | Info | '/transaction/getdonationmethods' | 
18:02:41.664 | Info | '/transaction/getchannel' | 
18:02:41.674 | Info | '/transaction/getdonationmethods' | 
18:02:41.682 | Info | '/transaction/getalldonations' | 
18:02:44.013 | Info | '/transaction/getdonation/:donationRefNum' | 
18:04:52.980 | Info | '/transaction/getuserpermissions' | 
18:04:52.985 | Info | '/transaction/getuserpermissions' | 
18:04:57.066 | Info | '/api/user/login' | 
18:04:57.186 | Info | '/transaction/getuserpermissions' | 
18:04:57.191 | Info | '/transaction/getuserpermissions' | 
18:04:57.206 | Info | '/transaction/getdonationpickup' | 
18:04:57.208 | Info | '/transaction/getcenters' | 
18:04:57.210 | Info | '/transaction/getchannel' | 
18:04:57.212 | Info | '/transaction/getdonationmethods' | 
18:04:57.218 | Info | '/transaction/getpaymentmethods' | 
18:04:57.221 | Info | '/transaction/getdonationpickup' | 
18:04:57.223 | Info | '/transaction/getcenters' | 
18:04:57.225 | Info | '/transaction/getchannel' | 
18:04:57.232 | Info | '/transaction/getdonationmethods' | 
18:04:57.236 | Info | '/transaction/getpaymentmethods' | 
18:04:58.329 | Info | '/transaction/getdonation/:donationRefNum' | 
18:07:15.249 | Info | '/api/user/login' | 
18:07:15.406 | Info | '/transaction/getuserpermissions' | 
18:07:15.424 | Info | '/transaction/getuserpermissions' | 
18:07:15.427 | Info | '/transaction/getdonationpickup' | 
18:07:15.431 | Info | '/transaction/getchannel' | 
18:07:15.429 | Info | '/transaction/getcenters' | 
18:07:15.432 | Info | '/transaction/getdonationmethods' | 
18:07:15.434 | Info | '/transaction/getpaymentmethods' | 
18:07:15.445 | Info | '/transaction/getdonationpickup' | 
18:07:15.453 | Info | '/transaction/getcenters' | 
18:07:15.455 | Info | '/transaction/getchannel' | 
18:07:15.459 | Info | '/transaction/getdonationmethods' | 
18:07:15.461 | Info | '/transaction/getpaymentmethods' | 
18:07:18.761 | Info | '/dashboard' | 
18:07:18.933 | Info | '/dashboard' | 
18:07:21.272 | Info | '/transaction/getalldonations' | 
18:07:21.274 | Info | '/transaction/getcenters' | 
18:07:21.278 | Info | '/transaction/getdonationmethods' | 
18:07:21.276 | Info | '/transaction/getchannel' | 
18:07:21.292 | Info | '/transaction/getcenters' | 
18:07:21.294 | Info | '/transaction/getalldonations' | 
18:07:21.300 | Info | '/transaction/getchannel' | 
18:07:21.303 | Info | '/transaction/getdonationmethods' | 
18:07:23.097 | Info | '/transaction/getdonation/:donationRefNum' | 
18:07:55.419 | Info | '/transaction/getcollection' | 
18:07:55.549 | Info | '/transaction/getcollection' | 
18:07:56.155 | Info | '/transaction/getarea' | 
18:07:56.158 | Info | '/transaction/getpaymentmethods' | 
18:07:56.160 | Info | '/transaction/getarea' | 
18:07:56.165 | Info | '/transaction/getpaymentmethods' | 
18:07:56.974 | Info | '/transaction/getalldonations' | 
18:07:56.981 | Info | '/transaction/getcenters' | 
18:07:56.983 | Info | '/transaction/getchannel' | 
18:07:56.984 | Info | '/transaction/getdonationmethods' | 
18:07:56.995 | Info | '/transaction/getalldonations' | 
18:07:57.000 | Info | '/transaction/getcenters' | 
18:07:57.002 | Info | '/transaction/getchannel' | 
18:07:57.003 | Info | '/transaction/getdonationmethods' | 
18:07:57.834 | Info | '/transaction/getdonation/:donationRefNum' | 
18:35:12.324 | Info | '/api/user/login' | 
18:35:12.724 | Info | '/transaction/getuserpermissions' | 
18:35:12.736 | Info | '/transaction/getdonationpickup' | 
18:35:12.742 | Info | '/transaction/getcenters' | 
18:35:12.747 | Info | '/transaction/getchannel' | 
18:35:12.803 | Info | '/transaction/getdonationmethods' | 
18:35:12.846 | Info | '/transaction/getpaymentmethods' | 
18:35:12.852 | Info | '/transaction/getuserpermissions' | 
18:35:12.869 | Info | '/transaction/getpaymentmethods' | 
18:35:12.884 | Info | '/transaction/getdonationpickup' | 
18:35:12.889 | Info | '/transaction/getcenters' | 
18:35:12.891 | Info | '/transaction/getchannel' | 
18:35:12.893 | Info | '/transaction/getdonationmethods' | 
18:35:14.045 | Info | '/transaction/getdonation/:donationRefNum' | 
18:35:16.725 | Info | '/transaction/getdonationpickup' | 
18:35:16.727 | Info | '/transaction/getcenters' | 
18:35:16.729 | Info | '/transaction/getchannel' | 
18:35:16.740 | Info | '/transaction/getdonationmethods' | 
18:35:16.742 | Info | '/transaction/getpaymentmethods' | 
18:35:16.744 | Info | '/transaction/getcenters' | 
18:35:16.746 | Info | '/transaction/getchannel' | 
18:35:16.750 | Info | '/transaction/getdonationpickup' | 
18:35:16.755 | Info | '/transaction/getpaymentmethods' | 
18:35:16.767 | Info | '/transaction/getdonationmethods' | 
18:35:24.926 | Info | '/transaction/getdonation/:donationRefNum' | 
18:35:30.289 | Info | '/transaction/getdonationpickup' | 
18:35:30.292 | Info | '/transaction/getcenters' | 
18:35:30.295 | Info | '/transaction/getdonationmethods' | 
18:35:30.297 | Info | '/transaction/getchannel' | 
18:35:30.299 | Info | '/transaction/getpaymentmethods' | 
18:35:30.312 | Info | '/transaction/getcenters' | 
18:35:30.316 | Info | '/transaction/getdonationmethods' | 
18:35:30.320 | Info | '/transaction/getdonationpickup' | 
18:35:30.322 | Info | '/transaction/getchannel' | 
18:35:30.325 | Info | '/transaction/getpaymentmethods' | 
18:35:34.126 | Info | '/transaction/getcenters' | 
18:35:34.131 | Info | '/transaction/getchannel' | 
18:35:34.133 | Info | '/transaction/getdonationmethods' | 
18:35:34.135 | Info | '/transaction/getalldonations' | 
18:35:34.141 | Info | '/transaction/getcenters' | 
18:35:34.143 | Info | '/transaction/getchannel' | 
18:35:34.177 | Info | '/transaction/getdonationmethods' | 
18:35:34.181 | Info | '/transaction/getalldonations' | 
18:35:35.284 | Info | '/transaction/getdonation/:donationRefNum' | 
18:35:42.743 | Info | '/transaction/updatedonation/:donationRefNum' | 
18:35:42.875 | Info | '/transaction/getdonation/:donationRefNum' | 
18:38:54.759 | Info | '/transaction/getalldonations' | 
18:38:54.762 | Info | '/transaction/getcenters' | 
18:38:54.764 | Info | '/transaction/getchannel' | 
18:38:54.766 | Info | '/transaction/getdonationmethods' | 
18:38:54.791 | Info | '/transaction/getalldonations' | 
18:38:54.793 | Info | '/transaction/getcenters' | 
18:38:54.796 | Info | '/transaction/getchannel' | 
18:38:54.803 | Info | '/transaction/getdonationmethods' | 
18:38:55.939 | Info | '/transaction/getdonation/:donationRefNum' | 
18:38:57.517 | Info | '/transaction/getalldonations' | 
18:38:57.519 | Info | '/transaction/getcenters' | 
18:38:57.520 | Info | '/transaction/getchannel' | 
18:38:57.540 | Info | '/transaction/getdonationmethods' | 
18:38:57.544 | Info | '/transaction/getalldonations' | 
18:38:57.546 | Info | '/transaction/getcenters' | 
18:38:57.549 | Info | '/transaction/getchannel' | 
18:38:57.574 | Info | '/transaction/getdonationmethods' | 
18:38:59.005 | Info | '/transaction/getdonation/:donationRefNum' | 
18:39:00.669 | Info | '/transaction/getalldonations' | 
18:39:00.672 | Info | '/transaction/getcenters' | 
18:39:00.674 | Info | '/transaction/getchannel' | 
18:39:00.675 | Info | '/transaction/getdonationmethods' | 
18:39:00.697 | Info | '/transaction/getalldonations' | 
18:39:00.699 | Info | '/transaction/getcenters' | 
18:39:00.703 | Info | '/transaction/getchannel' | 
18:39:00.705 | Info | '/transaction/getdonationmethods' | 
18:43:13.758 | Info | '/api/user/login' | 
18:43:13.880 | Info | '/transaction/getuserpermissions' | 
18:43:13.882 | Info | '/transaction/getdonationpickup' | 
18:43:13.884 | Info | '/transaction/getcenters' | 
18:43:13.888 | Info | '/transaction/getdonationmethods' | 
18:43:13.886 | Info | '/transaction/getchannel' | 
18:43:13.890 | Info | '/transaction/getpaymentmethods' | 
18:43:13.901 | Info | '/transaction/getuserpermissions' | 
18:43:13.903 | Info | '/transaction/getcenters' | 
18:43:13.906 | Info | '/transaction/getchannel' | 
18:43:13.908 | Info | '/transaction/getdonationmethods' | 
18:43:13.911 | Info | '/transaction/getdonationpickup' | 
18:43:13.914 | Info | '/transaction/getpaymentmethods' | 
18:54:11.547 | Info | '/api/user/login' | 
18:54:11.688 | Info | '/transaction/getuserpermissions' | 
18:54:11.701 | Info | '/transaction/getdonationpickup' | 
18:54:11.703 | Info | '/transaction/getcenters' | 
18:54:11.705 | Info | '/transaction/getchannel' | 
18:54:11.707 | Info | '/transaction/getdonationmethods' | 
18:54:11.709 | Info | '/transaction/getpaymentmethods' | 
18:54:11.711 | Info | '/transaction/getuserpermissions' | 
18:54:11.722 | Info | '/transaction/getpaymentmethods' | 
18:54:11.724 | Info | '/transaction/getdonationmethods' | 
18:54:11.728 | Info | '/transaction/getcenters' | 
18:54:11.730 | Info | '/transaction/getdonationpickup' | 
18:54:11.734 | Info | '/transaction/getchannel' | 
18:54:17.350 | Info | '/transaction/getdonation/:donationRefNum' | 
19:00:59.713 | Info | '/api/user/login' | 
19:00:59.905 | Info | '/transaction/getuserpermissions' | 
19:00:59.907 | Info | '/transaction/getdonationpickup' | 
19:00:59.909 | Info | '/transaction/getcenters' | 
19:00:59.911 | Info | '/transaction/getchannel' | 
19:00:59.913 | Info | '/transaction/getdonationmethods' | 
19:00:59.917 | Info | '/transaction/getpaymentmethods' | 
19:00:59.922 | Info | '/transaction/getcenters' | 
19:00:59.926 | Info | '/transaction/getchannel' | 
19:00:59.932 | Info | '/transaction/getpaymentmethods' | 
19:00:59.937 | Info | '/transaction/getuserpermissions' | 
19:00:59.947 | Info | '/transaction/getdonationpickup' | 
19:00:59.965 | Info | '/transaction/getdonationmethods' | 
19:01:30.283 | Info | '/api/user/login' | 
19:01:30.432 | Info | '/transaction/getuserpermissions' | 
19:01:30.434 | Info | '/transaction/getdonationpickup' | 
19:01:30.437 | Info | '/transaction/getcenters' | 
19:01:30.439 | Info | '/transaction/getchannel' | 
19:01:30.442 | Info | '/transaction/getdonationmethods' | 
19:01:30.447 | Info | '/transaction/getpaymentmethods' | 
19:01:30.453 | Info | '/transaction/getuserpermissions' | 
19:01:30.455 | Info | '/transaction/getcenters' | 
19:01:30.458 | Info | '/transaction/getchannel' | 
19:01:30.461 | Info | '/transaction/getdonationpickup' | 
19:01:30.466 | Info | '/transaction/getdonationmethods' | 
19:01:30.483 | Info | '/transaction/getpaymentmethods' | 
19:01:31.729 | Info | '/transaction/getchannel' | 
19:01:31.727 | Info | '/transaction/getcenters' | 
19:01:31.731 | Info | '/transaction/getdonationmethods' | 
19:01:31.733 | Info | '/transaction/getalldonations' | 
19:01:31.739 | Info | '/transaction/getcenters' | 
19:01:31.755 | Info | '/transaction/getchannel' | 
19:01:31.757 | Info | '/transaction/getdonationmethods' | 
19:01:31.759 | Info | '/transaction/getalldonations' | 
19:01:32.702 | Info | '/transaction/getdonation/:donationRefNum' | 
19:01:35.773 | Info | '/transaction/getalldonations' | 
19:01:35.792 | Info | '/transaction/getcenters' | 
19:01:35.795 | Info | '/transaction/getdonationmethods' | 
19:01:35.799 | Info | '/transaction/getalldonations' | 
19:01:35.798 | Info | '/transaction/getchannel' | 
19:01:35.805 | Info | '/transaction/getcenters' | 
19:01:35.819 | Info | '/transaction/getdonationmethods' | 
19:01:35.822 | Info | '/transaction/getchannel' | 
19:01:37.809 | Info | '/transaction/getdonation/:donationRefNum' | 
19:01:41.652 | Info | '/transaction/getalldonations' | 
19:01:41.654 | Info | '/transaction/getcenters' | 
19:01:41.656 | Info | '/transaction/getchannel' | 
19:01:41.657 | Info | '/transaction/getdonationmethods' | 
19:01:41.675 | Info | '/transaction/getalldonations' | 
19:01:41.679 | Info | '/transaction/getcenters' | 
19:01:41.683 | Info | '/transaction/getdonationmethods' | 
19:01:41.681 | Info | '/transaction/getchannel' | 
19:01:44.006 | Info | '/transaction/getdonation/:donationRefNum' | 
19:02:23.591 | Info | '/transaction/getalldonations' | 
19:02:23.775 | Info | '/transaction/getchannel' | 
19:02:23.808 | Info | '/transaction/getdonationmethods' | 
19:02:23.811 | Info | '/transaction/getcenters' | 
19:02:23.895 | Info | '/transaction/getchannel' | 
19:02:23.900 | Info | '/transaction/getalldonations' | 
19:02:23.902 | Info | '/transaction/getdonationmethods' | 
19:02:23.904 | Info | '/transaction/getcenters' | 
19:02:25.971 | Info | '/transaction/getdonation/:donationRefNum' | 
19:02:31.712 | Info | '/transaction/getuserpermissions' | 
19:02:31.719 | Info | '/transaction/getuserpermissions' | 
19:02:35.564 | Info | '/api/user/login' | 
19:02:35.700 | Info | '/transaction/getuserpermissions' | 
19:02:35.724 | Info | '/transaction/getdonationpickup' | 
19:02:35.729 | Info | '/transaction/getcenters' | 
19:02:35.731 | Info | '/transaction/getchannel' | 
19:02:35.733 | Info | '/transaction/getuserpermissions' | 
19:02:35.736 | Info | '/transaction/getdonationmethods' | 
19:02:35.739 | Info | '/transaction/getpaymentmethods' | 
19:02:35.754 | Info | '/transaction/getdonationpickup' | 
19:02:35.757 | Info | '/transaction/getcenters' | 
19:02:35.760 | Info | '/transaction/getchannel' | 
19:02:35.773 | Info | '/transaction/getdonationmethods' | 
19:02:35.787 | Info | '/transaction/getpaymentmethods' | 
19:02:37.027 | Info | '/transaction/getdonation/:donationRefNum' | 
19:02:38.597 | Info | '/transaction/getdonationpickup' | 
19:02:38.601 | Info | '/transaction/getcenters' | 
19:02:38.605 | Info | '/transaction/getdonationmethods' | 
19:02:38.603 | Info | '/transaction/getchannel' | 
19:02:38.610 | Info | '/transaction/getpaymentmethods' | 
19:02:38.615 | Info | '/transaction/getdonationpickup' | 
19:02:38.618 | Info | '/transaction/getcenters' | 
19:02:38.620 | Info | '/transaction/getchannel' | 
19:02:38.622 | Info | '/transaction/getdonationmethods' | 
19:02:38.630 | Info | '/transaction/getpaymentmethods' | 
19:02:41.842 | Info | '/transaction/getalldonations' | 
19:02:41.844 | Info | '/transaction/getcenters' | 
19:02:41.896 | Info | '/transaction/getchannel' | 
19:02:41.898 | Info | '/transaction/getdonationmethods' | 
19:02:41.903 | Info | '/transaction/getcenters' | 
19:02:41.900 | Info | '/transaction/getalldonations' | 
19:02:41.908 | Info | '/transaction/getchannel' | 
19:02:41.910 | Info | '/transaction/getdonationmethods' | 
19:02:58.151 | Info | '/transaction/getdonation/:donationRefNum' | 
>>>>>>> 3eb824159af355ea9b1a8b033dbc04bc37af66b0
