<<<<<<< HEAD
08:17:57.060 | Info | '/getReports' | 
08:18:19.822 | Info | '/getReports' | 
08:23:52.011 | Info | '/getReports' | 
08:25:18.190 | Info | '/getReports' | 
08:26:41.546 | Info | '/getReports' | 
08:28:59.722 | Info | '/getReports' | 
08:35:32.317 | Info | '/getReports' | 
08:39:16.553 | Info | '/getReports' | 
10:42:44.909 | Info | '/getReports' | 
10:49:59.256 | Info | '/getReports' | 
10:52:26.514 | Info | '/getReports' | 
10:57:35.393 | Info | '/getReports' | 
10:57:49.931 | Info | '/getReports' | 
11:06:26.242 | Info | '/getReports' | 
11:07:02.095 | Info | '/getReports' | 
11:07:14.243 | Info | '/getReports' | 
11:08:05.845 | Info | '/getReports' | 
11:10:04.385 | Info | '/getReports' | 
11:11:07.412 | Info | '/getReports' | 
11:12:27.265 | Info | '/getReports' | 
11:15:20.798 | Info | '/getReports' | 
11:17:01.391 | Info | '/getReports' | 
11:22:45.728 | Info | '/getReports' | 
13:02:25.341 | Info | '/getReports' | 
13:03:47.663 | Info | '/getReports' | 
13:05:00.686 | Info | '/getReports' | 
13:11:07.621 | Info | '/getReports' | 
13:14:35.283 | Info | '/getReports' | 
13:18:33.341 | Info | '/getReports' | 
13:18:43.766 | Info | '/getReports' | 
13:21:58.744 | Info | '/getReports' | 
=======
15:12:12.876 | Info | '/api/user/login' | 
15:12:15.985 | Info | '/transaction/getuserpermissions' | 
15:12:15.999 | Info | '/transaction/getdonationpickup' | 
15:12:16.006 | Info | '/transaction/getcenters' | 
15:12:16.015 | Info | '/transaction/getchannel' | 
15:12:16.113 | Info | '/transaction/getdonationmethods' | 
15:12:16.127 | Info | '/transaction/getpaymentmethods' | 
15:12:16.140 | Info | '/transaction/getuserpermissions' | 
15:12:16.163 | Info | '/transaction/getdonationmethods' | 
15:12:16.167 | Info | '/transaction/getcenters' | 
15:12:16.176 | Info | '/transaction/getdonationpickup' | 
15:12:16.180 | Info | '/transaction/getchannel' | 
15:12:16.232 | Info | '/transaction/getpaymentmethods' | 
15:15:05.380 | Info | '/dashboard' | 
15:15:05.441 | Info | '/dashboard' | 
15:15:07.182 | Info | '/transaction/myprofile' | 
15:15:07.233 | Info | '/transaction/myrequests' | 
15:15:07.307 | Info | '/transaction/mycollections' | 
15:15:07.318 | Info | '/transaction/myprofile' | 
15:15:07.322 | Info | '/transaction/myprofile' | 
15:15:07.327 | Info | '/transaction/myprofile' | 
15:15:07.358 | Info | '/transaction/mycollections' | 
15:15:07.374 | Info | '/transaction/myrequests' | 
15:15:09.197 | Info | '/transaction/getalldonations' | 
15:15:09.201 | Info | '/transaction/getcenters' | 
15:15:09.205 | Info | '/transaction/getdonationmethods' | 
15:15:09.203 | Info | '/transaction/getchannel' | 
15:15:09.244 | Info | '/transaction/getcenters' | 
15:15:09.247 | Info | '/transaction/getalldonations' | 
15:15:09.249 | Info | '/transaction/getchannel' | 
15:15:09.252 | Info | '/transaction/getdonationmethods' | 
15:21:11.729 | Info | '/api/user/login' | 
15:21:11.919 | Info | '/transaction/getuserpermissions' | 
15:21:11.933 | Info | '/transaction/getdonationpickup' | 
15:21:11.937 | Info | '/transaction/getcenters' | 
15:21:11.939 | Info | '/transaction/getchannel' | 
15:21:11.941 | Info | '/transaction/getdonationmethods' | 
15:21:11.947 | Info | '/transaction/getpaymentmethods' | 
15:21:11.955 | Info | '/transaction/getuserpermissions' | 
15:21:11.960 | Info | '/transaction/getdonationpickup' | 
15:21:11.969 | Info | '/transaction/getcenters' | 
15:21:11.971 | Info | '/transaction/getchannel' | 
15:21:11.974 | Info | '/transaction/getdonationmethods' | 
15:21:11.987 | Info | '/transaction/getpaymentmethods' | 
15:21:13.361 | Info | '/transaction/getpaymentmethods' | 
15:21:13.363 | Info | '/transaction/getarea' | 
15:21:13.372 | Info | '/transaction/getpaymentmethods' | 
15:21:13.374 | Info | '/transaction/getarea' | 
15:21:16.548 | Info | '/transaction/getdonationpurpose' | 
15:21:17.111 | Info | '/transaction/getdonationpurpose' | 
15:22:04.562 | Info | '/transaction/getarea' | 
15:22:04.564 | Info | '/transaction/getpaymentmethods' | 
15:22:04.569 | Info | '/transaction/getarea' | 
15:22:04.570 | Info | '/transaction/getpaymentmethods' | 
15:23:38.307 | Info | '/api/user/login' | 
15:23:38.519 | Info | '/transaction/getuserpermissions' | 
15:23:38.531 | Info | '/transaction/getdonationpickup' | 
15:23:38.534 | Info | '/transaction/getuserpermissions' | 
15:23:38.551 | Info | '/transaction/getcenters' | 
15:23:38.554 | Info | '/transaction/getdonationpickup' | 
15:23:38.556 | Info | '/transaction/getchannel' | 
15:23:38.559 | Info | '/transaction/getdonationmethods' | 
15:23:38.568 | Info | '/transaction/getpaymentmethods' | 
15:23:38.618 | Info | '/transaction/getcenters' | 
15:23:38.620 | Info | '/transaction/getchannel' | 
15:23:38.622 | Info | '/transaction/getdonationmethods' | 
15:23:38.624 | Info | '/transaction/getpaymentmethods' | 
15:23:43.705 | Info | '/transaction/getarea' | 
15:23:43.709 | Info | '/transaction/getpaymentmethods' | 
15:23:43.717 | Info | '/transaction/getarea' | 
15:23:43.723 | Info | '/transaction/getpaymentmethods' | 
15:23:47.073 | Info | '/transaction/getdonationpurpose' | 
15:23:47.544 | Info | '/transaction/getdonationpurpose' | 
15:23:51.504 | Info | '/transaction/getdonationpurpose' | 
15:23:52.255 | Info | '/transaction/getdonationpurpose' | 
15:23:54.118 | Info | '/transaction/getdonationpurpose' | 
15:24:05.474 | Info | '/api/user/login' | 
15:24:05.707 | Info | '/transaction/getuserpermissions' | 
15:24:05.710 | Info | '/transaction/getdonationpickup' | 
15:24:05.716 | Info | '/transaction/getdonationmethods' | 
15:24:05.714 | Info | '/transaction/getchannel' | 
15:24:05.712 | Info | '/transaction/getcenters' | 
15:24:05.720 | Info | '/transaction/getpaymentmethods' | 
15:24:05.730 | Info | '/transaction/getuserpermissions' | 
15:24:05.742 | Info | '/transaction/getcenters' | 
15:24:05.746 | Info | '/transaction/getchannel' | 
15:24:05.751 | Info | '/transaction/getdonationpickup' | 
15:24:05.755 | Info | '/transaction/getdonationmethods' | 
15:24:05.757 | Info | '/transaction/getpaymentmethods' | 
15:24:08.345 | Info | '/transaction/getpaymentmethods' | 
15:24:08.406 | Info | '/transaction/getarea' | 
15:24:08.420 | Info | '/transaction/getpaymentmethods' | 
15:24:08.447 | Info | '/transaction/getarea' | 
15:24:10.702 | Info | '/transaction/getdonationpurpose' | 
15:24:11.148 | Info | '/transaction/getdonationpurpose' | 
15:24:15.872 | Info | '/transaction/getdonationpurpose' | 
15:24:16.729 | Info | '/transaction/getdonationpurpose' | 
15:24:18.434 | Info | '/transaction/getdonationpurpose' | 
15:24:19.065 | Info | '/transaction/getdonationpurpose' | 
15:24:50.449 | Info | '/api/user/login' | 
15:24:50.597 | Info | '/transaction/getuserpermissions' | 
15:24:50.604 | Info | '/transaction/getdonationpickup' | 
15:24:50.606 | Info | '/transaction/getcenters' | 
15:24:50.616 | Info | '/transaction/getchannel' | 
15:24:50.618 | Info | '/transaction/getuserpermissions' | 
15:24:50.625 | Info | '/transaction/getdonationpickup' | 
15:24:50.621 | Info | '/transaction/getdonationmethods' | 
15:24:50.623 | Info | '/transaction/getpaymentmethods' | 
15:24:50.627 | Info | '/transaction/getcenters' | 
15:24:50.652 | Info | '/transaction/getchannel' | 
15:24:50.663 | Info | '/transaction/getdonationmethods' | 
15:24:50.666 | Info | '/transaction/getpaymentmethods' | 
15:24:52.521 | Info | '/transaction/getpaymentmethods' | 
15:24:52.523 | Info | '/transaction/getarea' | 
15:24:52.527 | Info | '/transaction/getpaymentmethods' | 
15:24:52.529 | Info | '/transaction/getarea' | 
15:24:55.125 | Info | '/transaction/getdonationpurpose' | 
15:24:55.616 | Info | '/transaction/getdonationpurpose' | 
15:25:00.181 | Info | '/transaction/getdonationpurpose' | 
15:25:00.745 | Info | '/transaction/getdonationpurpose' | 
15:25:01.566 | Info | '/transaction/getdonationpurpose' | 
15:25:02.209 | Info | '/transaction/getdonationpurpose' | 
15:25:02.774 | Info | '/transaction/getdonationpurpose' | 
15:25:03.209 | Info | '/transaction/getdonationpurpose' | 
15:25:04.215 | Info | '/transaction/getdonationpurpose' | 
15:25:04.818 | Info | '/transaction/getdonationpurpose' | 
15:25:05.303 | Info | '/transaction/getdonationpurpose' | 
15:25:09.501 | Info | '/transaction/getdonationpurpose' | 
15:25:10.289 | Info | '/transaction/getdonationpurpose' | 
15:25:12.475 | Info | '/transaction/getdonationpurpose' | 
15:25:13.015 | Info | '/transaction/getdonationpurpose' | 
15:27:42.211 | Info | '/api/user/login' | 
15:27:42.377 | Info | '/transaction/getuserpermissions' | 
15:27:42.390 | Info | '/transaction/getdonationpickup' | 
15:27:42.392 | Info | '/transaction/getcenters' | 
15:27:42.394 | Info | '/transaction/getchannel' | 
15:27:42.396 | Info | '/transaction/getdonationmethods' | 
15:27:42.398 | Info | '/transaction/getpaymentmethods' | 
15:27:42.399 | Info | '/transaction/getuserpermissions' | 
15:27:42.420 | Info | '/transaction/getdonationpickup' | 
15:27:42.422 | Info | '/transaction/getcenters' | 
15:27:42.424 | Info | '/transaction/getchannel' | 
15:27:42.427 | Info | '/transaction/getdonationmethods' | 
15:27:42.429 | Info | '/transaction/getpaymentmethods' | 
15:27:45.956 | Info | '/transaction/getpaymentmethods' | 
15:27:45.962 | Info | '/transaction/getarea' | 
15:27:45.965 | Info | '/transaction/getpaymentmethods' | 
15:27:45.967 | Info | '/transaction/getarea' | 
15:27:48.493 | Info | '/transaction/getdonationpurpose' | 
15:27:49.096 | Info | '/transaction/getdonationpurpose' | 
15:27:52.343 | Info | '/transaction/getdonationpurpose' | 
15:27:52.989 | Info | '/transaction/getdonationpurpose' | 
15:27:54.133 | Info | '/transaction/getdonationpurpose' | 
15:27:54.820 | Info | '/transaction/getdonationpurpose' | 
15:27:56.928 | Info | '/transaction/getdonationpurpose' | 
15:27:58.338 | Info | '/transaction/getdonationpurpose' | 
15:28:03.794 | Info | '/transaction/getdonationpurpose' | 
15:28:04.670 | Info | '/transaction/getdonationpurpose' | 
15:28:15.401 | Info | '/transaction/getdonationpurpose' | 
15:28:16.637 | Info | '/transaction/getdonationpurpose' | 
15:28:20.869 | Info | '/transaction/getdonationpurpose' | 
15:28:21.509 | Info | '/transaction/getdonationpurpose' | 
15:28:22.363 | Info | '/transaction/getdonationpurpose' | 
15:28:23.269 | Info | '/transaction/getdonationpurpose' | 
15:28:28.552 | Info | '/transaction/getdonationpurpose' | 
15:28:29.401 | Info | '/transaction/getdonationpurpose' | 
15:28:30.490 | Info | '/transaction/getdonationpurpose' | 
15:28:30.969 | Info | '/transaction/getdonationpurpose' | 
15:29:18.721 | Info | '/transaction/getuserpermissions' | 
15:29:18.725 | Info | '/transaction/getuserpermissions' | 
15:29:57.679 | Info | '/api/user/login' | 
15:29:57.845 | Info | '/transaction/getuserpermissions' | 
15:29:57.847 | Info | '/transaction/getdonationpickup' | 
15:29:57.849 | Info | '/transaction/getcenters' | 
15:29:57.851 | Info | '/transaction/getchannel' | 
15:29:57.853 | Info | '/transaction/getdonationmethods' | 
15:29:57.855 | Info | '/transaction/getpaymentmethods' | 
15:29:57.863 | Info | '/transaction/getuserpermissions' | 
15:29:57.865 | Info | '/transaction/getcenters' | 
15:29:57.867 | Info | '/transaction/getchannel' | 
15:29:57.869 | Info | '/transaction/getdonationmethods' | 
15:29:57.875 | Info | '/transaction/getdonationpickup' | 
15:29:57.877 | Info | '/transaction/getpaymentmethods' | 
15:29:59.947 | Info | '/transaction/getpaymentmethods' | 
15:29:59.949 | Info | '/transaction/getarea' | 
15:29:59.954 | Info | '/transaction/getpaymentmethods' | 
15:29:59.956 | Info | '/transaction/getarea' | 
15:30:02.643 | Info | '/transaction/getdonationpurpose' | 
15:30:03.239 | Info | '/transaction/getdonationpurpose' | 
15:30:06.309 | Info | '/transaction/getdonationpurpose' | 
15:30:07.048 | Info | '/transaction/getdonationpurpose' | 
15:30:07.692 | Info | '/transaction/getdonationpurpose' | 
15:30:08.289 | Info | '/transaction/getdonationpurpose' | 
15:30:09.222 | Info | '/transaction/getdonationpurpose' | 
15:30:09.800 | Info | '/transaction/getdonationpurpose' | 
15:30:10.811 | Info | '/transaction/getdonationpurpose' | 
15:30:11.278 | Info | '/transaction/getdonationpurpose' | 
15:30:14.577 | Info | '/transaction/getdonationpurpose' | 
15:30:15.063 | Info | '/transaction/getdonationpurpose' | 
15:30:23.505 | Info | '/transaction/getdonationpurpose' | 
15:30:24.108 | Info | '/transaction/getdonationpurpose' | 
15:30:32.110 | Info | '/transaction/getdonationpurpose' | 
15:30:32.753 | Info | '/transaction/getdonationpurpose' | 
15:30:33.301 | Info | '/transaction/getdonationpurpose' | 
15:30:33.706 | Info | '/transaction/getdonationpurpose' | 
15:30:39.746 | Info | '/transaction/getdonationpurpose' | 
15:30:40.967 | Info | '/transaction/getdonationpurpose' | 
15:30:41.705 | Info | '/transaction/getdonationpurpose' | 
15:30:42.301 | Info | '/transaction/getdonationpurpose' | 
15:30:48.016 | Info | '/transaction/getdonationpurpose' | 
15:30:48.626 | Info | '/transaction/getdonationpurpose' | 
15:42:37.853 | Info | '/api/user/login' | 
15:42:38.128 | Info | '/transaction/getuserpermissions' | 
15:42:38.131 | Info | '/transaction/getdonationpickup' | 
15:42:38.134 | Info | '/transaction/getcenters' | 
15:42:38.137 | Info | '/transaction/getchannel' | 
15:42:38.139 | Info | '/transaction/getdonationmethods' | 
15:42:38.140 | Info | '/transaction/getpaymentmethods' | 
15:42:38.173 | Info | '/transaction/getuserpermissions' | 
15:42:38.175 | Info | '/transaction/getpaymentmethods' | 
15:42:38.177 | Info | '/transaction/getcenters' | 
15:42:38.180 | Info | '/transaction/getdonationpickup' | 
15:42:38.184 | Info | '/transaction/getdonationmethods' | 
15:42:38.182 | Info | '/transaction/getchannel' | 
15:42:40.084 | Info | '/transaction/getpaymentmethods' | 
15:42:40.086 | Info | '/transaction/getarea' | 
15:42:40.096 | Info | '/transaction/getpaymentmethods' | 
15:42:40.100 | Info | '/transaction/getarea' | 
15:42:42.425 | Info | '/transaction/getdonationpurpose' | 
15:42:43.088 | Info | '/transaction/getdonationpurpose' | 
15:42:49.545 | Info | '/transaction/getdonationpurpose' | 
15:42:50.235 | Info | '/transaction/getdonationpurpose' | 
15:42:52.612 | Info | '/transaction/getdonationpurpose' | 
15:42:53.252 | Info | '/transaction/getdonationpurpose' | 
15:42:54.211 | Info | '/transaction/getdonationpurpose' | 
15:42:54.657 | Info | '/transaction/getdonationpurpose' | 
15:43:03.875 | Info | '/transaction/getdonationpurpose' | 
15:43:05.244 | Info | '/transaction/getdonationpurpose' | 
15:43:08.679 | Info | '/transaction/getdonationpurpose' | 
15:43:09.405 | Info | '/transaction/getdonationpurpose' | 
15:43:10.883 | Info | '/transaction/getdonationpurpose' | 
15:43:11.963 | Info | '/transaction/getdonationpurpose' | 
15:43:23.564 | Info | '/transaction/getdonationpurpose' | 
15:43:24.063 | Info | '/transaction/getdonationpurpose' | 
15:43:28.906 | Info | '/transaction/getdonationpurpose' | 
15:43:29.536 | Info | '/transaction/getdonationpurpose' | 
15:43:48.873 | Info | '/api/user/login' | 
15:43:49.107 | Info | '/transaction/getuserpermissions' | 
15:43:49.109 | Info | '/transaction/getdonationpickup' | 
15:43:49.112 | Info | '/transaction/getcenters' | 
15:43:49.113 | Info | '/transaction/getchannel' | 
15:43:49.116 | Info | '/transaction/getdonationmethods' | 
15:43:49.117 | Info | '/transaction/getpaymentmethods' | 
15:43:49.148 | Info | '/transaction/getpaymentmethods' | 
15:43:49.150 | Info | '/transaction/getuserpermissions' | 
15:43:49.154 | Info | '/transaction/getdonationpickup' | 
15:43:49.160 | Info | '/transaction/getchannel' | 
15:43:49.157 | Info | '/transaction/getcenters' | 
15:43:49.162 | Info | '/transaction/getdonationmethods' | 
15:43:51.071 | Info | '/transaction/getpaymentmethods' | 
15:43:51.072 | Info | '/transaction/getarea' | 
15:43:51.081 | Info | '/transaction/getpaymentmethods' | 
15:43:51.083 | Info | '/transaction/getarea' | 
15:43:53.503 | Info | '/transaction/getdonationpurpose' | 
15:43:54.188 | Info | '/transaction/getdonationpurpose' | 
15:44:02.378 | Info | '/transaction/getdonationpurpose' | 
15:44:02.826 | Info | '/transaction/getdonationpurpose' | 
15:44:09.233 | Info | '/transaction/getdonationpurpose' | 
15:44:10.070 | Info | '/transaction/getdonationpurpose' | 
15:44:10.905 | Info | '/transaction/getdonationpurpose' | 
15:44:11.405 | Info | '/transaction/getdonationpurpose' | 
15:46:14.639 | Info | '/api/user/login' | 
15:46:15.127 | Info | '/transaction/getuserpermissions' | 
15:46:15.131 | Info | '/transaction/getdonationpickup' | 
15:46:15.135 | Info | '/transaction/getcenters' | 
15:46:15.183 | Info | '/transaction/getchannel' | 
15:46:15.185 | Info | '/transaction/getuserpermissions' | 
15:46:15.189 | Info | '/transaction/getdonationmethods' | 
15:46:15.191 | Info | '/transaction/getpaymentmethods' | 
15:46:15.193 | Info | '/transaction/getdonationpickup' | 
15:46:15.195 | Info | '/transaction/getcenters' | 
15:46:15.257 | Info | '/transaction/getchannel' | 
15:46:15.272 | Info | '/transaction/getdonationmethods' | 
15:46:15.274 | Info | '/transaction/getpaymentmethods' | 
15:46:19.557 | Info | '/transaction/getpaymentmethods' | 
15:46:19.558 | Info | '/transaction/getarea' | 
15:46:19.587 | Info | '/transaction/getpaymentmethods' | 
15:46:19.595 | Info | '/transaction/getarea' | 
15:46:22.294 | Info | '/transaction/getdonationpurpose' | 
15:46:23.033 | Info | '/transaction/getdonationpurpose' | 
15:46:29.502 | Info | '/transaction/getdonationpurpose' | 
15:46:30.194 | Info | '/transaction/getdonationpurpose' | 
15:46:30.813 | Info | '/transaction/getdonationpurpose' | 
15:46:31.356 | Info | '/transaction/getdonationpurpose' | 
15:46:35.324 | Info | '/transaction/getdonationpurpose' | 
15:46:36.533 | Info | '/transaction/getdonationpurpose' | 
15:46:37.227 | Info | '/transaction/getdonationpurpose' | 
15:46:37.789 | Info | '/transaction/getdonationpurpose' | 
15:47:07.271 | Info | '/transaction/getuserpermissions' | 
15:47:07.282 | Info | '/transaction/getuserpermissions' | 
15:47:10.748 | Info | '/api/user/login' | 
15:47:10.977 | Info | '/transaction/getuserpermissions' | 
15:47:10.999 | Info | '/transaction/getdonationpickup' | 
15:47:11.001 | Info | '/transaction/getcenters' | 
15:47:11.004 | Info | '/transaction/getdonationmethods' | 
15:47:11.006 | Info | '/transaction/getpaymentmethods' | 
15:47:11.009 | Info | '/transaction/getchannel' | 
15:47:11.011 | Info | '/transaction/getuserpermissions' | 
15:47:11.049 | Info | '/transaction/getdonationpickup' | 
15:47:11.052 | Info | '/transaction/getcenters' | 
15:47:11.059 | Info | '/transaction/getdonationmethods' | 
15:47:11.062 | Info | '/transaction/getpaymentmethods' | 
15:47:11.064 | Info | '/transaction/getchannel' | 
15:47:13.263 | Info | '/transaction/getpaymentmethods' | 
15:47:13.267 | Info | '/transaction/getarea' | 
15:47:13.276 | Info | '/transaction/getpaymentmethods' | 
15:47:13.278 | Info | '/transaction/getarea' | 
15:47:16.797 | Info | '/transaction/getdonationpurpose' | 
15:47:17.281 | Info | '/transaction/getdonationpurpose' | 
15:47:27.091 | Info | '/transaction/getdonationpurpose' | 
15:47:27.700 | Info | '/transaction/getdonationpurpose' | 
15:47:30.611 | Info | '/transaction/getdonationpurpose' | 
15:47:31.234 | Info | '/transaction/getdonationpurpose' | 
15:47:32.388 | Info | '/transaction/getdonationpurpose' | 
15:47:32.980 | Info | '/transaction/getdonationpurpose' | 
15:47:40.513 | Info | '/transaction/getdonationpurpose' | 
15:47:42.401 | Info | '/transaction/getdonationpurpose' | 
15:48:02.315 | Info | '/transaction/getdonationpurpose' | 
15:48:03.002 | Info | '/transaction/getdonationpurpose' | 
15:49:03.963 | Info | '/transaction/getuserpermissions' | 
15:49:03.978 | Info | '/transaction/getuserpermissions' | 
15:49:10.580 | Info | '/api/user/login' | 
15:49:10.740 | Info | '/transaction/getuserpermissions' | 
15:49:10.750 | Info | '/transaction/getuserpermissions' | 
15:49:10.756 | Info | '/transaction/getdonationpickup' | 
15:49:10.760 | Info | '/transaction/getcenters' | 
15:49:10.762 | Info | '/transaction/getchannel' | 
15:49:10.764 | Info | '/transaction/getdonationmethods' | 
15:49:10.766 | Info | '/transaction/getpaymentmethods' | 
15:49:10.771 | Info | '/transaction/getpaymentmethods' | 
15:49:10.780 | Info | '/transaction/getdonationpickup' | 
15:49:10.782 | Info | '/transaction/getcenters' | 
15:49:10.784 | Info | '/transaction/getchannel' | 
15:49:10.792 | Info | '/transaction/getdonationmethods' | 
15:49:12.209 | Info | '/transaction/getpaymentmethods' | 
15:49:12.211 | Info | '/transaction/getarea' | 
15:49:12.215 | Info | '/transaction/getpaymentmethods' | 
15:49:12.221 | Info | '/transaction/getarea' | 
15:49:14.906 | Info | '/transaction/getdonationpurpose' | 
15:49:15.398 | Info | '/transaction/getdonationpurpose' | 
15:49:22.490 | Info | '/transaction/getdonationpurpose' | 
15:49:23.367 | Info | '/transaction/getdonationpurpose' | 
15:49:23.868 | Info | '/transaction/getdonationpurpose' | 
15:49:24.407 | Info | '/transaction/getdonationpurpose' | 
16:15:32.231 | Info | '/api/user/login' | 
16:15:32.431 | Info | '/transaction/getuserpermissions' | 
16:15:32.432 | Info | '/transaction/getdonationpickup' | 
16:15:32.434 | Info | '/transaction/getcenters' | 
16:15:32.436 | Info | '/transaction/getchannel' | 
16:15:32.444 | Info | '/transaction/getdonationmethods' | 
16:15:32.446 | Info | '/transaction/getpaymentmethods' | 
16:15:32.467 | Info | '/transaction/getuserpermissions' | 
16:15:32.483 | Info | '/transaction/getdonationpickup' | 
16:15:32.493 | Info | '/transaction/getcenters' | 
16:15:32.496 | Info | '/transaction/getchannel' | 
16:15:32.504 | Info | '/transaction/getdonationmethods' | 
16:15:32.513 | Info | '/transaction/getpaymentmethods' | 
16:15:33.829 | Info | '/transaction/getpaymentmethods' | 
16:15:33.830 | Info | '/transaction/getarea' | 
16:15:33.834 | Info | '/transaction/getpaymentmethods' | 
16:15:33.836 | Info | '/transaction/getarea' | 
16:16:05.577 | Info | '/transaction/getarea' | 
16:16:05.579 | Info | '/transaction/getpaymentmethods' | 
16:16:05.584 | Info | '/transaction/getarea' | 
16:16:05.585 | Info | '/transaction/getpaymentmethods' | 
16:53:02.600 | Info | '/transaction/getdonationpurpose' | 
16:53:02.980 | Info | '/transaction/getdonationpurpose' | 
16:53:03.541 | Info | '/transaction/getdonationpurpose' | 
16:53:04.015 | Info | '/transaction/getdonationpurpose' | 
16:53:07.519 | Info | '/transaction/getdonationpurpose' | 
16:53:08.248 | Info | '/transaction/getdonationpurpose' | 
16:53:52.180 | Info | '/transaction/getdonationpurpose' | 
16:53:52.575 | Info | '/transaction/getdonationpurpose' | 
16:53:55.441 | Info | '/transaction/getdonationpurpose' | 
16:53:55.993 | Info | '/transaction/getdonationpurpose' | 
16:53:56.827 | Info | '/transaction/getdonationpurpose' | 
16:53:57.322 | Info | '/transaction/getdonationpurpose' | 
17:59:09.031 | Info | '/transaction/getuserpermissions' | 
17:59:09.047 | Info | '/transaction/getuserpermissions' | 
17:59:12.752 | Info | '/api/user/login' | 
17:59:13.299 | Info | '/transaction/getuserpermissions' | 
17:59:13.375 | Info | '/transaction/getdonationpickup' | 
17:59:13.383 | Info | '/transaction/getcenters' | 
17:59:13.388 | Info | '/transaction/getchannel' | 
17:59:13.646 | Info | '/transaction/getdonationmethods' | 
17:59:13.663 | Info | '/transaction/getpaymentmethods' | 
17:59:13.668 | Info | '/transaction/getuserpermissions' | 
17:59:13.688 | Info | '/transaction/getdonationpickup' | 
17:59:13.719 | Info | '/transaction/getcenters' | 
17:59:13.731 | Info | '/transaction/getchannel' | 
17:59:13.733 | Info | '/transaction/getdonationmethods' | 
17:59:13.737 | Info | '/transaction/getpaymentmethods' | 
17:59:14.696 | Info | '/transaction/getpaymentmethods' | 
17:59:14.699 | Info | '/transaction/getarea' | 
17:59:14.709 | Info | '/transaction/getpaymentmethods' | 
17:59:14.715 | Info | '/transaction/getarea' | 
17:59:20.932 | Info | '/transaction/getdonordetails' | 
17:59:43.969 | Info | '/transaction/getdonationpurpose' | 
17:59:44.471 | Info | '/transaction/getdonationpurpose' | 
17:59:48.752 | Info | '/transaction/getdonationpurpose' | 
17:59:51.135 | Info | '/transaction/getdonationpurpose' | 
17:59:52.064 | Info | '/transaction/getdonationpurpose' | 
18:00:02.010 | Info | '/transaction/newdonation' | 
18:02:42.805 | Info | '/transaction/getuserpermissions' | 
18:02:42.817 | Info | '/transaction/getuserpermissions' | 
18:02:47.939 | Info | '/api/user/login' | 
18:02:48.320 | Info | '/transaction/getuserpermissions' | 
18:02:48.332 | Info | '/transaction/getdonationpickup' | 
18:02:48.339 | Info | '/transaction/getcenters' | 
18:02:48.352 | Info | '/transaction/getpaymentmethods' | 
18:02:48.359 | Info | '/transaction/getchannel' | 
18:02:48.415 | Info | '/transaction/getdonationmethods' | 
18:02:48.421 | Info | '/transaction/getuserpermissions' | 
18:02:48.433 | Info | '/transaction/getpaymentmethods' | 
18:02:48.464 | Info | '/transaction/getcenters' | 
18:02:48.474 | Info | '/transaction/getdonationpickup' | 
18:02:48.477 | Info | '/transaction/getchannel' | 
18:02:48.479 | Info | '/transaction/getdonationmethods' | 
18:02:49.788 | Info | '/transaction/getpaymentmethods' | 
18:02:49.790 | Info | '/transaction/getarea' | 
18:02:49.801 | Info | '/transaction/getpaymentmethods' | 
18:02:49.804 | Info | '/transaction/getarea' | 
18:02:54.757 | Info | '/transaction/getdonordetails' | 
18:03:04.036 | Info | '/transaction/getdonationpurpose' | 
18:03:04.470 | Info | '/transaction/getdonationpurpose' | 
18:03:13.648 | Info | '/transaction/newdonation' | 
18:05:57.795 | Info | '/api/user/login' | 
18:05:58.029 | Info | '/transaction/getuserpermissions' | 
18:05:58.037 | Info | '/transaction/getdonationpickup' | 
18:05:58.044 | Info | '/transaction/getuserpermissions' | 
18:05:58.039 | Info | '/transaction/getcenters' | 
18:05:58.062 | Info | '/transaction/getchannel' | 
18:05:58.066 | Info | '/transaction/getcenters' | 
18:05:58.068 | Info | '/transaction/getpaymentmethods' | 
18:05:58.071 | Info | '/transaction/getdonationmethods' | 
18:05:58.073 | Info | '/transaction/getdonationpickup' | 
18:05:58.081 | Info | '/transaction/getchannel' | 
18:05:58.084 | Info | '/transaction/getpaymentmethods' | 
18:05:58.088 | Info | '/transaction/getdonationmethods' | 
18:06:05.287 | Info | '/transaction/getarea' | 
18:06:05.289 | Info | '/transaction/getpaymentmethods' | 
18:06:05.293 | Info | '/transaction/getarea' | 
18:06:05.296 | Info | '/transaction/getpaymentmethods' | 
18:06:07.912 | Info | '/transaction/getdonordetails' | 
18:06:16.878 | Info | '/transaction/getdonationpurpose' | 
18:06:17.572 | Info | '/transaction/getdonationpurpose' | 
18:06:23.441 | Info | '/transaction/newdonation' | 
18:06:25.306 | Info | '/transaction/getuserpermissions' | 
18:06:25.316 | Info | '/transaction/getuserpermissions' | 
18:06:31.440 | Info | '/api/user/login' | 
18:06:31.579 | Info | '/transaction/getuserpermissions' | 
18:06:31.591 | Info | '/transaction/getdonationpickup' | 
18:06:31.593 | Info | '/transaction/getcenters' | 
18:06:31.596 | Info | '/transaction/getchannel' | 
18:06:31.598 | Info | '/transaction/getdonationmethods' | 
18:06:31.600 | Info | '/transaction/getpaymentmethods' | 
18:06:31.608 | Info | '/transaction/getuserpermissions' | 
18:06:31.619 | Info | '/transaction/getdonationpickup' | 
18:06:31.626 | Info | '/transaction/getcenters' | 
18:06:31.631 | Info | '/transaction/getchannel' | 
18:06:31.633 | Info | '/transaction/getdonationmethods' | 
18:06:31.637 | Info | '/transaction/getpaymentmethods' | 
18:06:33.581 | Info | '/transaction/getpaymentmethods' | 
18:06:33.586 | Info | '/transaction/getarea' | 
18:06:33.589 | Info | '/transaction/getpaymentmethods' | 
18:06:33.595 | Info | '/transaction/getarea' | 
18:06:36.520 | Info | '/transaction/getdonordetails' | 
18:06:41.737 | Info | '/transaction/getdonationpurpose' | 
18:06:42.723 | Info | '/transaction/getdonationpurpose' | 
18:06:49.185 | Info | '/transaction/newdonation' | 
18:11:35.341 | Info | '/api/user/login' | 
18:11:35.778 | Info | '/transaction/getuserpermissions' | 
18:11:35.792 | Info | '/transaction/getdonationpickup' | 
18:11:35.802 | Info | '/transaction/getcenters' | 
18:11:35.808 | Info | '/transaction/getchannel' | 
18:11:35.864 | Info | '/transaction/getdonationmethods' | 
18:11:35.870 | Info | '/transaction/getpaymentmethods' | 
18:11:35.881 | Info | '/transaction/getuserpermissions' | 
18:11:35.946 | Info | '/transaction/getcenters' | 
18:11:35.950 | Info | '/transaction/getchannel' | 
18:11:35.953 | Info | '/transaction/getpaymentmethods' | 
18:11:35.958 | Info | '/transaction/getdonationpickup' | 
18:11:35.963 | Info | '/transaction/getdonationmethods' | 
18:12:18.088 | Info | '/transaction/getarea' | 
18:12:18.093 | Info | '/transaction/getpaymentmethods' | 
18:12:18.099 | Info | '/transaction/getarea' | 
18:12:18.103 | Info | '/transaction/getpaymentmethods' | 
18:13:29.191 | Info | '/transaction/getuserpermissions' | 
18:13:29.195 | Info | '/transaction/getuserpermissions' | 
18:14:33.409 | Info | '/api/user/login' | 
18:14:33.840 | Info | '/transaction/getuserpermissions' | 
18:14:33.855 | Info | '/transaction/getdonationpickup' | 
18:14:33.860 | Info | '/transaction/getcenters' | 
18:14:33.866 | Info | '/transaction/getchannel' | 
18:14:33.917 | Info | '/transaction/getdonationmethods' | 
18:14:33.921 | Info | '/transaction/getpaymentmethods' | 
18:14:33.937 | Info | '/transaction/getuserpermissions' | 
18:14:33.961 | Info | '/transaction/getdonationmethods' | 
18:14:33.957 | Info | '/transaction/getcenters' | 
18:14:33.960 | Info | '/transaction/getchannel' | 
18:14:33.969 | Info | '/transaction/getdonationpickup' | 
18:14:34.013 | Info | '/transaction/getpaymentmethods' | 
18:15:45.196 | Info | '/transaction/getarea' | 
18:15:45.201 | Info | '/transaction/getpaymentmethods' | 
18:15:45.208 | Info | '/transaction/getarea' | 
18:15:45.213 | Info | '/transaction/getpaymentmethods' | 
18:15:47.987 | Info | '/transaction/getdonordetails' | 
18:15:57.355 | Info | '/transaction/getdonationpurpose' | 
18:15:57.722 | Info | '/transaction/getdonationpurpose' | 
18:16:07.860 | Info | '/transaction/newdonation' | 
18:22:38.048 | Info | '/api/user/login' | 
18:22:38.224 | Info | '/transaction/getuserpermissions' | 
18:22:38.238 | Info | '/transaction/getdonationpickup' | 
18:22:38.248 | Info | '/transaction/getcenters' | 
18:22:38.250 | Info | '/transaction/getchannel' | 
18:22:38.252 | Info | '/transaction/getdonationmethods' | 
18:22:38.254 | Info | '/transaction/getuserpermissions' | 
18:22:38.256 | Info | '/transaction/getpaymentmethods' | 
18:22:38.257 | Info | '/transaction/getdonationpickup' | 
18:22:38.274 | Info | '/transaction/getcenters' | 
18:22:38.277 | Info | '/transaction/getchannel' | 
18:22:38.279 | Info | '/transaction/getdonationmethods' | 
18:22:38.281 | Info | '/transaction/getpaymentmethods' | 
18:22:39.761 | Info | '/transaction/getpaymentmethods' | 
18:22:39.763 | Info | '/transaction/getarea' | 
18:22:39.768 | Info | '/transaction/getpaymentmethods' | 
18:22:39.770 | Info | '/transaction/getarea' | 
18:22:43.719 | Info | '/transaction/getdonordetails' | 
18:22:54.256 | Info | '/transaction/getdonationpurpose' | 
18:22:54.679 | Info | '/transaction/getdonationpurpose' | 
18:23:02.737 | Info | '/transaction/newdonation' | 
>>>>>>> 3eb824159af355ea9b1a8b033dbc04bc37af66b0
