15:44:56.620 | Info | '/api/user/login' | 
15:44:57.705 | Info | '/transaction/getuserpermissions' | 
15:44:57.810 | Info | '/transaction/getdonationpickup' | 
15:44:57.842 | Info | '/transaction/getcenters' | 
15:44:57.875 | Info | '/transaction/getchannel' | 
15:44:58.201 | Info | '/transaction/getdonationmethods' | 
15:44:58.210 | Info | '/transaction/getpaymentmethods' | 
15:44:58.262 | Info | '/transaction/getuserpermissions' | 
15:44:58.290 | Info | '/transaction/getdonationpickup' | 
15:44:58.327 | Info | '/transaction/getdonationmethods' | 
15:44:58.331 | Info | '/transaction/getcenters' | 
15:44:58.333 | Info | '/transaction/getchannel' | 
15:44:58.335 | Info | '/transaction/getpaymentmethods' | 
15:45:09.073 | Info | '/transaction/getarea' | 
15:45:09.099 | Info | '/transaction/getpaymentmethods' | 
15:45:09.123 | Info | '/transaction/getarea' | 
15:45:09.126 | Info | '/transaction/getpaymentmethods' | 
15:45:15.112 | Info | '/transaction/getdonationpurpose' | 
15:45:17.086 | Info | '/transaction/getdonationpurpose' | 
15:45:18.743 | Info | '/transaction/getallpackages' | 
15:46:54.552 | Info | '/transaction/getuserpermissions' | 
15:46:54.556 | Info | '/transaction/getuserpermissions' | 
15:46:59.225 | Info | '/api/user/login' | 
15:46:59.371 | Info | '/transaction/getuserpermissions' | 
15:46:59.381 | Info | '/transaction/getuserpermissions' | 
15:46:59.389 | Info | '/transaction/getcenters' | 
15:46:59.384 | Info | '/transaction/getdonationpickup' | 
15:46:59.391 | Info | '/transaction/getchannel' | 
15:46:59.399 | Info | '/transaction/getdonationmethods' | 
15:46:59.403 | Info | '/transaction/getpaymentmethods' | 
15:46:59.407 | Info | '/transaction/getdonationpickup' | 
15:46:59.411 | Info | '/transaction/getcenters' | 
15:46:59.415 | Info | '/transaction/getchannel' | 
15:46:59.425 | Info | '/transaction/getdonationmethods' | 
15:46:59.437 | Info | '/transaction/getpaymentmethods' | 
15:47:01.026 | Info | '/transaction/getpaymentmethods' | 
15:47:01.028 | Info | '/transaction/getarea' | 
15:47:01.035 | Info | '/transaction/getpaymentmethods' | 
15:47:01.038 | Info | '/transaction/getarea' | 
15:47:04.004 | Info | '/transaction/getdonationpurpose' | 
15:47:05.094 | Info | '/transaction/getdonationpurpose' | 
15:47:07.659 | Info | '/transaction/getallpackages' | 
15:47:12.170 | Info | '/transaction/getallpackages' | 
15:48:25.347 | Info | '/api/user/login' | 
15:48:25.751 | Info | '/transaction/getuserpermissions' | 
15:48:25.765 | Info | '/transaction/getdonationpickup' | 
15:48:25.795 | Info | '/transaction/getcenters' | 
15:48:25.801 | Info | '/transaction/getchannel' | 
15:48:25.867 | Info | '/transaction/getdonationmethods' | 
15:48:25.873 | Info | '/transaction/getpaymentmethods' | 
15:48:25.878 | Info | '/transaction/getuserpermissions' | 
15:48:25.895 | Info | '/transaction/getcenters' | 
15:48:25.901 | Info | '/transaction/getdonationpickup' | 
15:48:25.944 | Info | '/transaction/getpaymentmethods' | 
15:48:25.948 | Info | '/transaction/getdonationmethods' | 
15:48:25.951 | Info | '/transaction/getchannel' | 
15:48:27.139 | Info | '/transaction/getpaymentmethods' | 
15:48:27.143 | Info | '/transaction/getarea' | 
15:48:27.150 | Info | '/transaction/getpaymentmethods' | 
15:48:27.155 | Info | '/transaction/getarea' | 
15:48:30.699 | Info | '/transaction/getdonationpurpose' | 
15:48:32.466 | Info | '/transaction/getdonationpurpose' | 
15:48:33.584 | Info | '/transaction/getallpackages' | 
15:50:43.107 | Info | '/api/user/login' | 
15:50:43.305 | Info | '/transaction/getuserpermissions' | 
15:50:43.325 | Info | '/transaction/getdonationpickup' | 
15:50:43.327 | Info | '/transaction/getcenters' | 
15:50:43.330 | Info | '/transaction/getchannel' | 
15:50:43.340 | Info | '/transaction/getuserpermissions' | 
15:50:43.345 | Info | '/transaction/getdonationmethods' | 
15:50:43.351 | Info | '/transaction/getpaymentmethods' | 
15:50:43.353 | Info | '/transaction/getdonationpickup' | 
15:50:43.355 | Info | '/transaction/getcenters' | 
15:50:43.366 | Info | '/transaction/getchannel' | 
15:50:43.368 | Info | '/transaction/getdonationmethods' | 
15:50:43.371 | Info | '/transaction/getpaymentmethods' | 
15:50:44.948 | Info | '/transaction/getpaymentmethods' | 
15:50:44.953 | Info | '/transaction/getarea' | 
15:50:44.957 | Info | '/transaction/getpaymentmethods' | 
15:50:44.960 | Info | '/transaction/getarea' | 
15:50:47.753 | Info | '/transaction/getdonationpurpose' | 
15:50:48.576 | Info | '/transaction/getdonationpurpose' | 
15:50:49.615 | Info | '/transaction/getallpackages' | 
15:54:11.143 | Info | '/api/user/login' | 
15:54:11.365 | Info | '/transaction/getuserpermissions' | 
15:54:11.367 | Info | '/transaction/getdonationpickup' | 
15:54:11.371 | Info | '/transaction/getcenters' | 
15:54:11.374 | Info | '/transaction/getchannel' | 
15:54:11.381 | Info | '/transaction/getpaymentmethods' | 
15:54:11.379 | Info | '/transaction/getdonationmethods' | 
15:54:11.390 | Info | '/transaction/getuserpermissions' | 
15:54:11.394 | Info | '/transaction/getcenters' | 
15:54:11.399 | Info | '/transaction/getdonationpickup' | 
15:54:11.404 | Info | '/transaction/getchannel' | 
15:54:11.406 | Info | '/transaction/getdonationmethods' | 
15:54:11.409 | Info | '/transaction/getpaymentmethods' | 
15:54:18.646 | Info | '/transaction/getarea' | 
15:54:18.648 | Info | '/transaction/getpaymentmethods' | 
15:54:18.653 | Info | '/transaction/getarea' | 
15:54:18.657 | Info | '/transaction/getpaymentmethods' | 
15:54:33.856 | Info | '/transaction/getdonationpurpose' | 
15:54:39.401 | Info | '/transaction/getdonationpurpose' | 
15:54:52.033 | Info | '/transaction/getallpackages' | 
15:56:24.744 | Info | '/api/user/login' | 
15:56:25.221 | Info | '/transaction/getuserpermissions' | 
15:56:25.236 | Info | '/transaction/getdonationpickup' | 
15:56:25.265 | Info | '/transaction/getcenters' | 
15:56:25.271 | Info | '/transaction/getchannel' | 
15:56:25.347 | Info | '/transaction/getdonationmethods' | 
15:56:25.353 | Info | '/transaction/getpaymentmethods' | 
15:56:25.370 | Info | '/transaction/getuserpermissions' | 
15:56:25.373 | Info | '/transaction/getcenters' | 
15:56:25.378 | Info | '/transaction/getdonationpickup' | 
15:56:25.406 | Info | '/transaction/getdonationmethods' | 
15:56:25.410 | Info | '/transaction/getchannel' | 
15:56:25.421 | Info | '/transaction/getpaymentmethods' | 
15:56:27.003 | Info | '/transaction/getpaymentmethods' | 
15:56:27.010 | Info | '/transaction/getarea' | 
15:56:27.015 | Info | '/transaction/getpaymentmethods' | 
15:56:27.031 | Info | '/transaction/getarea' | 
15:56:29.778 | Info | '/transaction/getdonationpurpose' | 
15:56:30.315 | Info | '/transaction/getdonationpurpose' | 
15:56:32.172 | Info | '/transaction/getallpackages' | 
15:58:49.266 | Info | '/transaction/getdonationpurpose' | 
15:58:50.100 | Info | '/transaction/getdonationpurpose' | 
15:58:52.328 | Info | '/transaction/getallpackages' | 
16:01:41.119 | Info | '/api/user/login' | 
16:01:41.276 | Info | '/transaction/getuserpermissions' | 
16:01:41.283 | Info | '/transaction/getdonationpickup' | 
16:01:41.286 | Info | '/transaction/getcenters' | 
16:01:41.288 | Info | '/transaction/getchannel' | 
16:01:41.290 | Info | '/transaction/getuserpermissions' | 
16:01:41.292 | Info | '/transaction/getdonationmethods' | 
16:01:41.294 | Info | '/transaction/getpaymentmethods' | 
16:01:41.310 | Info | '/transaction/getcenters' | 
16:01:41.325 | Info | '/transaction/getdonationpickup' | 
16:01:41.329 | Info | '/transaction/getchannel' | 
16:01:41.332 | Info | '/transaction/getdonationmethods' | 
16:01:41.338 | Info | '/transaction/getpaymentmethods' | 
16:01:43.477 | Info | '/transaction/getpaymentmethods' | 
16:01:43.478 | Info | '/transaction/getarea' | 
16:01:43.483 | Info | '/transaction/getpaymentmethods' | 
16:01:43.486 | Info | '/transaction/getarea' | 
16:01:46.740 | Info | '/transaction/getdonationpurpose' | 
16:01:47.198 | Info | '/transaction/getdonationpurpose' | 
16:01:48.352 | Info | '/transaction/getallpackages' | 
16:03:35.465 | Info | '/api/user/login' | 
16:03:35.606 | Info | '/transaction/getuserpermissions' | 
16:03:35.617 | Info | '/transaction/getdonationpickup' | 
16:03:35.619 | Info | '/transaction/getcenters' | 
16:03:35.621 | Info | '/transaction/getchannel' | 
16:03:35.623 | Info | '/transaction/getdonationmethods' | 
16:03:35.629 | Info | '/transaction/getuserpermissions' | 
16:03:35.627 | Info | '/transaction/getpaymentmethods' | 
16:03:35.645 | Info | '/transaction/getcenters' | 
16:03:35.647 | Info | '/transaction/getdonationpickup' | 
16:03:35.650 | Info | '/transaction/getchannel' | 
16:03:35.652 | Info | '/transaction/getdonationmethods' | 
16:03:35.654 | Info | '/transaction/getpaymentmethods' | 
16:03:37.381 | Info | '/transaction/getpaymentmethods' | 
16:03:37.383 | Info | '/transaction/getarea' | 
16:03:37.389 | Info | '/transaction/getpaymentmethods' | 
16:03:37.391 | Info | '/transaction/getarea' | 
16:03:40.560 | Info | '/transaction/getdonationpurpose' | 
16:03:43.588 | Info | '/transaction/getdonationpurpose' | 
16:03:46.551 | Info | '/transaction/getdonationpurpose' | 
16:03:48.396 | Info | '/transaction/getallpackages' | 
16:05:23.864 | Info | '/api/user/login' | 
16:05:24.019 | Info | '/transaction/getuserpermissions' | 
16:05:24.025 | Info | '/transaction/getdonationpickup' | 
16:05:24.027 | Info | '/transaction/getcenters' | 
16:05:24.030 | Info | '/transaction/getchannel' | 
16:05:24.032 | Info | '/transaction/getdonationmethods' | 
16:05:24.034 | Info | '/transaction/getpaymentmethods' | 
16:05:24.047 | Info | '/transaction/getuserpermissions' | 
16:05:24.058 | Info | '/transaction/getcenters' | 
16:05:24.060 | Info | '/transaction/getdonationpickup' | 
16:05:24.061 | Info | '/transaction/getchannel' | 
16:05:24.063 | Info | '/transaction/getdonationmethods' | 
16:05:24.066 | Info | '/transaction/getpaymentmethods' | 
16:05:26.118 | Info | '/transaction/getpaymentmethods' | 
16:05:26.120 | Info | '/transaction/getarea' | 
16:05:26.125 | Info | '/transaction/getpaymentmethods' | 
16:05:26.127 | Info | '/transaction/getarea' | 
16:05:28.643 | Info | '/transaction/getdonationpurpose' | 
16:05:29.453 | Info | '/transaction/getdonationpurpose' | 
16:05:31.665 | Info | '/transaction/getallpackages' | 
16:08:06.105 | Info | '/api/user/login' | 
16:08:06.274 | Info | '/transaction/getuserpermissions' | 
16:08:06.276 | Info | '/transaction/getdonationpickup' | 
16:08:06.278 | Info | '/transaction/getcenters' | 
16:08:06.281 | Info | '/transaction/getchannel' | 
16:08:06.284 | Info | '/transaction/getdonationmethods' | 
16:08:06.286 | Info | '/transaction/getpaymentmethods' | 
16:08:06.302 | Info | '/transaction/getuserpermissions' | 
16:08:06.304 | Info | '/transaction/getdonationpickup' | 
16:08:06.306 | Info | '/transaction/getcenters' | 
16:08:06.308 | Info | '/transaction/getchannel' | 
16:08:06.311 | Info | '/transaction/getdonationmethods' | 
16:08:06.319 | Info | '/transaction/getpaymentmethods' | 
16:08:07.889 | Info | '/transaction/getpaymentmethods' | 
16:08:07.890 | Info | '/transaction/getarea' | 
16:08:07.894 | Info | '/transaction/getpaymentmethods' | 
16:08:07.896 | Info | '/transaction/getarea' | 
16:08:11.018 | Info | '/transaction/getdonationpurpose' | 
16:08:11.701 | Info | '/transaction/getdonationpurpose' | 
16:08:12.281 | Info | '/transaction/getallpackages' | 
16:08:15.264 | Info | '/transaction/getdonationpurpose' | 
16:08:16.390 | Info | '/transaction/getdonationpurpose' | 
16:08:20.034 | Info | '/transaction/getallpackages' | 
16:08:21.433 | Info | '/transaction/getdonationpurpose' | 
16:08:22.397 | Info | '/transaction/getdonationpurpose' | 
16:08:23.998 | Info | '/transaction/getallpackages' | 
16:08:36.100 | Info | '/transaction/getallpackages' | 
16:08:36.965 | Info | '/transaction/getallpackages' | 
16:09:33.029 | Info | '/api/user/login' | 
16:09:33.196 | Info | '/transaction/getuserpermissions' | 
16:09:33.203 | Info | '/transaction/getdonationpickup' | 
16:09:33.213 | Info | '/transaction/getcenters' | 
16:09:33.215 | Info | '/transaction/getuserpermissions' | 
16:09:33.217 | Info | '/transaction/getchannel' | 
16:09:33.219 | Info | '/transaction/getdonationmethods' | 
16:09:33.221 | Info | '/transaction/getpaymentmethods' | 
16:09:33.224 | Info | '/transaction/getdonationpickup' | 
16:09:33.233 | Info | '/transaction/getcenters' | 
16:09:33.245 | Info | '/transaction/getchannel' | 
16:09:33.247 | Info | '/transaction/getdonationmethods' | 
16:09:33.252 | Info | '/transaction/getpaymentmethods' | 
16:09:34.917 | Info | '/transaction/getpaymentmethods' | 
16:09:34.919 | Info | '/transaction/getarea' | 
16:09:34.923 | Info | '/transaction/getpaymentmethods' | 
16:09:34.927 | Info | '/transaction/getarea' | 
16:09:40.187 | Info | '/transaction/getdonationpurpose' | 
16:09:41.345 | Info | '/transaction/getdonationpurpose' | 
16:09:43.458 | Info | '/transaction/getallpackages' | 
16:10:11.808 | Info | '/api/user/login' | 
16:10:11.952 | Info | '/transaction/getuserpermissions' | 
16:10:11.955 | Info | '/transaction/getdonationpickup' | 
16:10:11.957 | Info | '/transaction/getcenters' | 
16:10:11.967 | Info | '/transaction/getchannel' | 
16:10:11.969 | Info | '/transaction/getpaymentmethods' | 
16:10:11.973 | Info | '/transaction/getdonationmethods' | 
16:10:11.971 | Info | '/transaction/getuserpermissions' | 
16:10:11.976 | Info | '/transaction/getdonationpickup' | 
16:10:11.986 | Info | '/transaction/getcenters' | 
16:10:11.993 | Info | '/transaction/getchannel' | 
16:10:11.996 | Info | '/transaction/getpaymentmethods' | 
16:10:11.998 | Info | '/transaction/getdonationmethods' | 
16:10:13.862 | Info | '/transaction/getpaymentmethods' | 
16:10:13.864 | Info | '/transaction/getarea' | 
16:10:13.869 | Info | '/transaction/getpaymentmethods' | 
16:10:13.874 | Info | '/transaction/getarea' | 
16:10:16.192 | Info | '/transaction/getdonationpurpose' | 
16:10:16.934 | Info | '/transaction/getdonationpurpose' | 
16:10:19.812 | Info | '/transaction/getdonationpurpose' | 
16:10:20.482 | Info | '/transaction/getdonationpurpose' | 
16:22:41.191 | Info | '/api/user/login' | 
16:22:41.690 | Info | '/transaction/getuserpermissions' | 
16:22:41.705 | Info | '/transaction/getdonationpickup' | 
16:22:41.712 | Info | '/transaction/getcenters' | 
16:22:41.730 | Info | '/transaction/getchannel' | 
16:22:41.835 | Info | '/transaction/getdonationmethods' | 
16:22:41.845 | Info | '/transaction/getpaymentmethods' | 
16:22:41.853 | Info | '/transaction/getuserpermissions' | 
16:22:41.864 | Info | '/transaction/getchannel' | 
16:22:41.890 | Info | '/transaction/getcenters' | 
16:22:41.902 | Info | '/transaction/getdonationpickup' | 
16:22:41.917 | Info | '/transaction/getdonationmethods' | 
16:22:41.935 | Info | '/transaction/getpaymentmethods' | 
16:22:44.809 | Info | '/transaction/getallpackages' | 
16:22:44.816 | Info | '/transaction/getpaymentmethods' | 
16:22:44.818 | Info | '/transaction/getarea' | 
16:22:44.833 | Info | '/transaction/getallpackages' | 
16:22:44.837 | Info | '/transaction/getpaymentmethods' | 
16:22:44.840 | Info | '/transaction/getarea' | 
16:22:47.546 | Info | '/transaction/getdonationpurpose' | 
16:22:48.069 | Info | '/transaction/getdonationpurpose' | 
16:22:48.763 | Info | '/transaction/getallpackages' | 
16:23:52.900 | Info | '/api/user/login' | 
16:23:53.057 | Info | '/transaction/getuserpermissions' | 
16:23:53.062 | Info | '/transaction/getdonationpickup' | 
16:23:53.066 | Info | '/transaction/getcenters' | 
16:23:53.073 | Info | '/transaction/getchannel' | 
16:23:53.076 | Info | '/transaction/getdonationmethods' | 
16:23:53.080 | Info | '/transaction/getdonationpickup' | 
16:23:53.082 | Info | '/transaction/getuserpermissions' | 
16:23:53.085 | Info | '/transaction/getpaymentmethods' | 
16:23:53.089 | Info | '/transaction/getcenters' | 
16:23:53.100 | Info | '/transaction/getdonationmethods' | 
16:23:53.102 | Info | '/transaction/getchannel' | 
16:23:53.110 | Info | '/transaction/getpaymentmethods' | 
16:23:55.231 | Info | '/transaction/getcenters' | 
16:23:55.233 | Info | '/transaction/getchannel' | 
16:23:55.235 | Info | '/transaction/getalldonations' | 
16:23:55.262 | Info | '/transaction/getdonationmethods' | 
16:23:55.308 | Info | '/transaction/getcenters' | 
16:23:55.315 | Info | '/transaction/getdonationmethods' | 
16:23:55.311 | Info | '/transaction/getchannel' | 
16:23:55.313 | Info | '/transaction/getalldonations' | 
16:23:56.934 | Info | '/transaction/getpaymentmethods' | 
16:23:56.936 | Info | '/transaction/getarea' | 
16:23:56.938 | Info | '/transaction/getallpackages' | 
16:23:56.944 | Info | '/transaction/getpaymentmethods' | 
16:23:56.948 | Info | '/transaction/getarea' | 
16:23:56.950 | Info | '/transaction/getallpackages' | 
16:23:59.731 | Info | '/transaction/getdonationpurpose' | 
16:24:00.530 | Info | '/transaction/getdonationpurpose' | 
16:24:01.734 | Info | '/transaction/getallpackages' | 
16:25:28.044 | Info | '/api/user/login' | 
16:25:28.200 | Info | '/transaction/getuserpermissions' | 
16:25:28.208 | Info | '/transaction/getdonationpickup' | 
16:25:28.211 | Info | '/transaction/getcenters' | 
16:25:28.213 | Info | '/transaction/getchannel' | 
16:25:28.215 | Info | '/transaction/getdonationmethods' | 
16:25:28.217 | Info | '/transaction/getpaymentmethods' | 
16:25:28.227 | Info | '/transaction/getuserpermissions' | 
16:25:28.229 | Info | '/transaction/getcenters' | 
16:25:28.231 | Info | '/transaction/getdonationpickup' | 
16:25:28.233 | Info | '/transaction/getchannel' | 
16:25:28.235 | Info | '/transaction/getdonationmethods' | 
16:25:28.241 | Info | '/transaction/getpaymentmethods' | 
16:25:29.758 | Info | '/transaction/getpaymentmethods' | 
16:25:29.763 | Info | '/transaction/getarea' | 
16:25:29.765 | Info | '/transaction/getpaymentmethods' | 
16:25:29.769 | Info | '/transaction/getarea' | 
16:25:33.361 | Info | '/transaction/getdonationpurpose' | 
16:25:33.913 | Info | '/transaction/getdonationpurpose' | 
16:25:35.298 | Info | '/transaction/getallpackages' | 
16:25:36.628 | Info | '/transaction/getallpackages' | 
16:25:38.458 | Info | '/transaction/getallpackages' | 
16:26:18.179 | Info | '/transaction/getarea' | 
16:26:18.181 | Info | '/transaction/getpaymentmethods' | 
16:26:18.208 | Info | '/transaction/getarea' | 
16:26:18.210 | Info | '/transaction/getpaymentmethods' | 
16:27:30.364 | Info | '/api/user/login' | 
16:27:30.800 | Info | '/transaction/getuserpermissions' | 
16:27:30.837 | Info | '/transaction/getdonationpickup' | 
16:27:30.845 | Info | '/transaction/getcenters' | 
16:27:30.857 | Info | '/transaction/getchannel' | 
16:27:30.915 | Info | '/transaction/getuserpermissions' | 
16:27:30.918 | Info | '/transaction/getdonationmethods' | 
16:27:30.924 | Info | '/transaction/getpaymentmethods' | 
16:27:30.945 | Info | '/transaction/getdonationpickup' | 
16:27:30.971 | Info | '/transaction/getcenters' | 
16:27:30.974 | Info | '/transaction/getchannel' | 
16:27:30.977 | Info | '/transaction/getpaymentmethods' | 
16:27:30.979 | Info | '/transaction/getdonationmethods' | 
16:27:32.239 | Info | '/transaction/getpaymentmethods' | 
16:27:32.252 | Info | '/transaction/getallpackages' | 
16:27:32.257 | Info | '/transaction/getpaymentmethods' | 
16:27:32.247 | Info | '/transaction/getarea' | 
16:27:32.267 | Info | '/transaction/getarea' | 
16:27:32.271 | Info | '/transaction/getallpackages' | 
16:27:35.814 | Info | '/transaction/getdonationpurpose' | 
16:27:36.369 | Info | '/transaction/getdonationpurpose' | 
16:27:37.520 | Info | '/transaction/getallpackages' | 
16:27:39.528 | Info | '/transaction/getallpackages' | 
16:27:56.654 | Info | '/transaction/getalldonations' | 
16:27:56.660 | Info | '/transaction/getcenters' | 
16:27:56.665 | Info | '/transaction/getchannel' | 
16:27:56.667 | Info | '/transaction/getdonationmethods' | 
16:27:56.669 | Info | '/transaction/getcenters' | 
16:27:56.747 | Info | '/transaction/getchannel' | 
16:27:56.750 | Info | '/transaction/getdonationmethods' | 
16:27:56.753 | Info | '/transaction/getalldonations' | 
16:28:00.178 | Info | '/transaction/getarea' | 
16:28:00.180 | Info | '/transaction/getallpackages' | 
16:28:00.182 | Info | '/transaction/getpaymentmethods' | 
16:28:00.191 | Info | '/transaction/getarea' | 
16:28:00.193 | Info | '/transaction/getallpackages' | 
16:28:00.196 | Info | '/transaction/getpaymentmethods' | 
16:28:13.463 | Info | '/transaction/getdonationpurpose' | 
16:28:14.298 | Info | '/transaction/getdonationpurpose' | 
16:28:16.145 | Info | '/transaction/getallpackages' | 
16:28:41.402 | Info | '/transaction/getuserpermissions' | 
16:28:41.406 | Info | '/transaction/getuserpermissions' | 
16:28:48.994 | Info | '/api/user/login' | 
16:28:49.228 | Info | '/transaction/getuserpermissions' | 
16:28:49.237 | Info | '/transaction/getdonationpickup' | 
16:28:49.252 | Info | '/transaction/getuserpermissions' | 
16:28:49.254 | Info | '/transaction/getcenters' | 
16:28:49.257 | Info | '/transaction/getchannel' | 
16:28:49.259 | Info | '/transaction/getdonationmethods' | 
16:28:49.261 | Info | '/transaction/getpaymentmethods' | 
16:28:49.274 | Info | '/transaction/getchannel' | 
16:28:49.278 | Info | '/transaction/getdonationmethods' | 
16:28:49.281 | Info | '/transaction/getpaymentmethods' | 
16:28:49.283 | Info | '/transaction/getdonationpickup' | 
16:28:49.285 | Info | '/transaction/getcenters' | 
16:28:52.080 | Info | '/transaction/getarea' | 
16:28:52.082 | Info | '/transaction/getpaymentmethods' | 
16:28:52.088 | Info | '/transaction/getarea' | 
16:28:52.090 | Info | '/transaction/getpaymentmethods' | 
16:29:03.004 | Info | '/transaction/getdonationpurpose' | 
16:29:03.706 | Info | '/transaction/getdonationpurpose' | 
16:29:05.341 | Info | '/transaction/getallpackages' | 
16:29:07.444 | Info | '/transaction/getallpackages' | 
16:29:58.993 | Info | '/transaction/getuserpermissions' | 
16:29:58.997 | Info | '/transaction/getuserpermissions' | 
16:30:10.706 | Info | '/api/user/login' | 
16:30:10.958 | Info | '/transaction/getuserpermissions' | 
16:30:10.987 | Info | '/transaction/getuserpermissions' | 
16:30:10.996 | Info | '/transaction/getdonationpickup' | 
16:30:11.000 | Info | '/transaction/getcenters' | 
16:30:11.002 | Info | '/transaction/getdonationmethods' | 
16:30:10.998 | Info | '/transaction/getchannel' | 
16:30:11.007 | Info | '/transaction/getpaymentmethods' | 
16:30:11.017 | Info | '/transaction/getdonationmethods' | 
16:30:11.019 | Info | '/transaction/getpaymentmethods' | 
16:30:11.022 | Info | '/transaction/getdonationpickup' | 
16:30:11.025 | Info | '/transaction/getchannel' | 
16:30:11.027 | Info | '/transaction/getcenters' | 
16:30:16.626 | Info | '/transaction/getarea' | 
16:30:16.628 | Info | '/transaction/getallpackages' | 
16:30:16.630 | Info | '/transaction/getpaymentmethods' | 
16:30:16.637 | Info | '/transaction/getarea' | 
16:30:16.643 | Info | '/transaction/getallpackages' | 
16:30:16.645 | Info | '/transaction/getpaymentmethods' | 
16:30:21.108 | Info | '/transaction/getdonationpurpose' | 
16:30:21.859 | Info | '/transaction/getdonationpurpose' | 
16:32:46.291 | Info | '/transaction/getuserpermissions' | 
16:32:46.304 | Info | '/transaction/getuserpermissions' | 
16:32:49.783 | Info | '/api/user/login' | 
16:32:49.926 | Info | '/transaction/getuserpermissions' | 
16:32:49.938 | Info | '/transaction/getdonationpickup' | 
16:32:49.941 | Info | '/transaction/getcenters' | 
16:32:49.943 | Info | '/transaction/getuserpermissions' | 
16:32:49.953 | Info | '/transaction/getchannel' | 
16:32:49.962 | Info | '/transaction/getdonationmethods' | 
16:32:49.964 | Info | '/transaction/getpaymentmethods' | 
16:32:49.966 | Info | '/transaction/getcenters' | 
16:32:49.969 | Info | '/transaction/getdonationpickup' | 
16:32:49.971 | Info | '/transaction/getchannel' | 
16:32:49.975 | Info | '/transaction/getdonationmethods' | 
16:32:49.982 | Info | '/transaction/getpaymentmethods' | 
16:32:51.582 | Info | '/transaction/getpaymentmethods' | 
16:32:51.585 | Info | '/transaction/getarea' | 
16:32:51.587 | Info | '/transaction/getallpackages' | 
16:32:51.591 | Info | '/transaction/getpaymentmethods' | 
16:32:51.593 | Info | '/transaction/getarea' | 
16:32:51.597 | Info | '/transaction/getallpackages' | 
16:32:56.290 | Info | '/transaction/getdonationpurpose' | 
16:32:56.894 | Info | '/transaction/getdonationpurpose' | 
16:34:22.883 | Info | '/api/user/login' | 
16:34:23.034 | Info | '/transaction/getuserpermissions' | 
16:34:23.041 | Info | '/transaction/getdonationpickup' | 
16:34:23.045 | Info | '/transaction/getdonationmethods' | 
16:34:23.043 | Info | '/transaction/getcenters' | 
16:34:23.049 | Info | '/transaction/getchannel' | 
16:34:23.051 | Info | '/transaction/getpaymentmethods' | 
16:34:23.063 | Info | '/transaction/getdonationpickup' | 
16:34:23.066 | Info | '/transaction/getuserpermissions' | 
16:34:23.068 | Info | '/transaction/getcenters' | 
16:34:23.070 | Info | '/transaction/getdonationmethods' | 
16:34:23.074 | Info | '/transaction/getpaymentmethods' | 
16:34:23.072 | Info | '/transaction/getchannel' | 
16:34:24.411 | Info | '/transaction/getpaymentmethods' | 
16:34:24.419 | Info | '/transaction/getarea' | 
16:34:24.421 | Info | '/transaction/getallpackages' | 
16:34:24.424 | Info | '/transaction/getpaymentmethods' | 
16:34:24.428 | Info | '/transaction/getarea' | 
16:34:24.431 | Info | '/transaction/getallpackages' | 
16:34:26.992 | Info | '/transaction/getdonationpurpose' | 
16:34:27.818 | Info | '/transaction/getdonationpurpose' | 
16:34:33.675 | Info | '/transaction/getdonationpurpose' | 
16:34:34.292 | Info | '/transaction/getdonationpurpose' | 
16:46:09.888 | Info | '/transaction/getuserpermissions' | 
16:46:09.911 | Info | '/transaction/getuserpermissions' | 
16:46:13.610 | Info | '/api/user/login' | 
16:46:14.066 | Info | '/transaction/getuserpermissions' | 
16:46:14.091 | Info | '/transaction/getdonationpickup' | 
16:46:14.103 | Info | '/transaction/getcenters' | 
16:46:14.109 | Info | '/transaction/getuserpermissions' | 
16:46:14.124 | Info | '/transaction/getchannel' | 
16:46:14.188 | Info | '/transaction/getdonationmethods' | 
16:46:14.193 | Info | '/transaction/getpaymentmethods' | 
16:46:14.202 | Info | '/transaction/getdonationpickup' | 
16:46:14.210 | Info | '/transaction/getchannel' | 
16:46:14.223 | Info | '/transaction/getcenters' | 
16:46:14.241 | Info | '/transaction/getdonationmethods' | 
16:46:14.244 | Info | '/transaction/getpaymentmethods' | 
16:46:16.175 | Info | '/transaction/getpaymentmethods' | 
16:46:16.177 | Info | '/transaction/getarea' | 
16:46:16.182 | Info | '/transaction/getallpackages' | 
16:46:16.195 | Info | '/transaction/getpaymentmethods' | 
16:46:16.197 | Info | '/transaction/getarea' | 
16:46:16.200 | Info | '/transaction/getallpackages' | 
16:46:23.812 | Info | '/transaction/getdonationpurpose' | 
16:46:24.333 | Info | '/transaction/getdonationpurpose' | 
16:46:38.734 | Info | '/transaction/newdonation' | 
