16:46:35.955 | Info | '/api/user/login' | 
16:46:36.804 | Info | '/transaction/getuserpermissions' | 
16:46:36.929 | Info | '/transaction/myprofile' | 
16:46:37.437 | Info | '/transaction/myrequests' | 
16:46:37.557 | Info | '/transaction/mycollections' | 
16:46:37.580 | Info | '/transaction/getuserpermissions' | 
16:46:37.662 | Info | '/transaction/myrequests' | 
16:46:37.775 | Info | '/transaction/mycollections' | 
16:46:37.785 | Info | '/transaction/myprofile' | 
16:46:37.790 | Info | '/transaction/myprofile' | 
16:46:37.794 | Info | '/transaction/myprofile' | 
16:46:47.504 | Info | '/transaction/getcollection' | 
16:46:47.590 | Info | '/transaction/getcollection' | 
16:46:50.389 | Info | '/transaction/getcollection' | 
16:46:52.449 | Info | '/transaction/getcollection' | 
16:49:22.382 | Info | '/transaction/getarea' | 
16:49:22.455 | Info | '/transaction/getpaymentmethods' | 
16:49:22.604 | Info | '/transaction/getarea' | 
16:49:22.609 | Info | '/transaction/getpaymentmethods' | 
16:49:29.881 | Info | '/transaction/getcollection' | 
16:49:29.886 | Info | '/transaction/getcollection' | 
16:49:39.185 | Info | '/transaction/getcollection' | 
17:01:10.624 | Info | '/api/user/login' | 
17:01:10.793 | Info | '/transaction/getuserpermissions' | 
17:01:10.812 | Info | '/transaction/myprofile' | 
17:01:10.814 | Info | '/transaction/getuserpermissions' | 
17:01:10.819 | Info | '/transaction/mycollections' | 
17:01:10.817 | Info | '/transaction/myrequests' | 
17:01:10.826 | Info | '/transaction/myprofile' | 
17:01:10.832 | Info | '/transaction/myrequests' | 
17:01:10.834 | Info | '/transaction/mycollections' | 
17:01:10.842 | Info | '/transaction/myprofile' | 
17:01:10.856 | Info | '/transaction/myprofile' | 
17:01:14.283 | Info | '/transaction/getarea' | 
17:01:14.285 | Info | '/transaction/getpaymentmethods' | 
17:01:14.292 | Info | '/transaction/getarea' | 
17:01:14.295 | Info | '/transaction/getpaymentmethods' | 
17:01:16.738 | Info | '/transaction/getcollection' | 
17:01:16.743 | Info | '/transaction/getcollection' | 
17:01:18.657 | Info | '/transaction/getcollection' | 
17:13:09.312 | Info | '/api/user/login' | 
17:13:09.450 | Info | '/transaction/getuserpermissions' | 
17:13:09.470 | Info | '/transaction/myprofile' | 
17:13:09.472 | Info | '/transaction/getuserpermissions' | 
17:13:09.474 | Info | '/transaction/myrequests' | 
17:13:09.476 | Info | '/transaction/mycollections' | 
17:13:09.484 | Info | '/transaction/myprofile' | 
17:13:09.487 | Info | '/transaction/myrequests' | 
17:13:09.489 | Info | '/transaction/mycollections' | 
17:13:09.498 | Info | '/transaction/myprofile' | 
17:13:09.509 | Info | '/transaction/myprofile' | 
17:13:13.230 | Info | '/transaction/getarea' | 
17:13:13.232 | Info | '/transaction/getpaymentmethods' | 
17:13:13.236 | Info | '/transaction/getarea' | 
17:13:13.239 | Info | '/transaction/getpaymentmethods' | 
17:13:15.209 | Info | '/transaction/getcollection' | 
17:13:15.214 | Info | '/transaction/getcollection' | 
17:13:16.977 | Info | '/transaction/getcollection' | 
17:20:05.394 | Info | '/api/user/login' | 
17:20:05.526 | Info | '/transaction/getuserpermissions' | 
17:20:05.534 | Info | '/transaction/myprofile' | 
17:20:05.540 | Info | '/transaction/getuserpermissions' | 
17:20:05.542 | Info | '/transaction/mycollections' | 
17:20:05.538 | Info | '/transaction/myrequests' | 
17:20:05.552 | Info | '/transaction/myprofile' | 
17:20:05.554 | Info | '/transaction/myrequests' | 
17:20:05.559 | Info | '/transaction/mycollections' | 
17:20:05.568 | Info | '/transaction/myprofile' | 
17:20:05.575 | Info | '/transaction/myprofile' | 
17:20:09.155 | Info | '/transaction/getcollection' | 
17:20:09.159 | Info | '/transaction/getcollection' | 
17:20:11.158 | Info | '/transaction/getcollection' | 
17:21:45.360 | Info | '/api/user/login' | 
17:21:45.517 | Info | '/transaction/getuserpermissions' | 
17:21:45.525 | Info | '/transaction/myprofile' | 
17:21:45.527 | Info | '/transaction/getuserpermissions' | 
17:21:45.529 | Info | '/transaction/myrequests' | 
17:21:45.536 | Info | '/transaction/mycollections' | 
17:21:45.539 | Info | '/transaction/myprofile' | 
17:21:45.542 | Info | '/transaction/myrequests' | 
17:21:45.547 | Info | '/transaction/mycollections' | 
17:21:45.552 | Info | '/transaction/myprofile' | 
17:21:45.559 | Info | '/transaction/myprofile' | 
17:21:48.159 | Info | '/transaction/getarea' | 
17:21:48.160 | Info | '/transaction/getpaymentmethods' | 
17:21:48.164 | Info | '/transaction/getarea' | 
17:21:48.166 | Info | '/transaction/getpaymentmethods' | 
17:21:48.878 | Info | '/transaction/getcollection' | 
17:21:48.882 | Info | '/transaction/getcollection' | 
17:21:50.316 | Info | '/transaction/getcollection' | 
17:24:06.343 | Info | '/api/user/login' | 
17:24:06.509 | Info | '/transaction/getuserpermissions' | 
17:24:06.516 | Info | '/transaction/myprofile' | 
17:24:06.519 | Info | '/transaction/getuserpermissions' | 
17:24:06.526 | Info | '/transaction/myprofile' | 
17:24:06.528 | Info | '/transaction/myrequests' | 
17:24:06.530 | Info | '/transaction/mycollections' | 
17:24:06.540 | Info | '/transaction/myprofile' | 
17:24:06.543 | Info | '/transaction/myrequests' | 
17:24:06.545 | Info | '/transaction/mycollections' | 
17:24:06.551 | Info | '/transaction/myprofile' | 
17:24:09.801 | Info | '/transaction/getcollection' | 
17:24:09.806 | Info | '/transaction/getcollection' | 
17:24:11.501 | Info | '/transaction/getcollection' | 
17:24:16.354 | Info | '/transaction/postcollection' | 
17:24:17.974 | Info | '/transaction/postcollection' | 
17:24:19.139 | Info | '/transaction/postcollection' | 
17:24:36.343 | Info | '/transaction/getchannel' | 
17:24:36.349 | Info | '/transaction/getcenters' | 
17:24:36.355 | Info | '/transaction/getuserroles' | 
17:24:36.381 | Info | '/transaction/getusers' | 
17:24:36.394 | Info | '/transaction/getcenters' | 
17:24:36.398 | Info | '/transaction/getuserroles' | 
17:24:36.396 | Info | '/transaction/getchannel' | 
17:24:36.401 | Info | '/transaction/getusers' | 
17:24:47.438 | Info | '/api/user/login' | 
17:24:55.210 | Info | '/api/user/login' | 
17:25:00.757 | Info | '/api/user/login' | 
17:25:06.004 | Info | '/api/user/login' | 
17:25:06.145 | Info | '/transaction/getuserpermissions' | 
17:25:06.147 | Info | '/transaction/myprofile' | 
17:25:06.162 | Info | '/transaction/myrequests' | 
17:25:06.163 | Info | '/transaction/getuserpermissions' | 
17:25:06.166 | Info | '/transaction/mycollections' | 
17:25:06.168 | Info | '/transaction/myprofile' | 
17:25:06.178 | Info | '/transaction/myrequests' | 
17:25:06.184 | Info | '/transaction/mycollections' | 
17:25:06.186 | Info | '/transaction/myprofile' | 
17:25:06.195 | Info | '/transaction/myprofile' | 
17:25:08.161 | Info | '/transaction/getcenters' | 
17:25:08.158 | Info | '/transaction/getchannel' | 
17:25:08.163 | Info | '/transaction/getuserroles' | 
17:25:08.165 | Info | '/transaction/getusers' | 
17:25:08.171 | Info | '/transaction/getchannel' | 
17:25:08.173 | Info | '/transaction/getcenters' | 
17:25:08.176 | Info | '/transaction/getuserroles' | 
17:25:08.178 | Info | '/transaction/getusers' | 
17:25:18.120 | Info | '/api/user/login' | 
17:25:24.329 | Info | '/api/user/login' | 
17:25:24.448 | Info | '/transaction/getuserpermissions' | 
17:25:24.451 | Info | '/transaction/myprofile' | 
17:25:24.456 | Info | '/transaction/myrequests' | 
17:25:24.458 | Info | '/transaction/mycollections' | 
17:25:24.460 | Info | '/transaction/getuserpermissions' | 
17:25:24.462 | Info | '/transaction/myprofile' | 
17:25:24.469 | Info | '/transaction/myrequests' | 
17:25:24.476 | Info | '/transaction/mycollections' | 
17:25:24.478 | Info | '/transaction/myprofile' | 
17:25:24.485 | Info | '/transaction/myprofile' | 
17:25:26.457 | Info | '/transaction/getchannel' | 
17:25:26.460 | Info | '/transaction/getcenters' | 
17:25:26.463 | Info | '/transaction/getusers' | 
17:25:26.461 | Info | '/transaction/getuserroles' | 
17:25:26.467 | Info | '/transaction/getchannel' | 
17:25:26.469 | Info | '/transaction/getcenters' | 
17:25:26.498 | Info | '/transaction/getuserroles' | 
17:25:26.504 | Info | '/transaction/getusers' | 
17:27:04.316 | Info | '/transaction/getuserpermissions' | 
17:27:04.325 | Info | '/transaction/getuserpermissions' | 
17:27:13.594 | Info | '/api/user/login' | 
17:27:13.783 | Info | '/transaction/getuserpermissions' | 
17:27:13.795 | Info | '/transaction/myprofile' | 
17:27:13.797 | Info | '/transaction/myrequests' | 
17:27:13.801 | Info | '/transaction/mycollections' | 
17:27:13.805 | Info | '/transaction/getuserpermissions' | 
17:27:13.813 | Info | '/transaction/myprofile' | 
17:27:13.815 | Info | '/transaction/myrequests' | 
17:27:13.817 | Info | '/transaction/mycollections' | 
17:27:13.827 | Info | '/transaction/myprofile' | 
17:27:13.832 | Info | '/transaction/myprofile' | 
17:27:20.308 | Info | '/transaction/getchannel' | 
17:27:20.312 | Info | '/transaction/getcenters' | 
17:27:20.314 | Info | '/transaction/getuserroles' | 
17:27:20.318 | Info | '/transaction/getchannel' | 
17:27:20.316 | Info | '/transaction/getusers' | 
17:27:20.323 | Info | '/transaction/getcenters' | 
17:27:20.326 | Info | '/transaction/getuserroles' | 
17:27:20.328 | Info | '/transaction/getusers' | 
17:28:54.883 | Info | '/transaction/getcenters' | 
17:28:54.887 | Info | '/transaction/getcenters' | 
17:29:05.142 | Info | '/transaction/createcenter' | 
17:29:05.358 | Info | '/transaction/getcenters' | 
17:29:06.883 | Info | '/transaction/getcenters' | 
17:29:06.894 | Info | '/transaction/getchannel' | 
17:29:06.896 | Info | '/transaction/getuserroles' | 
17:29:06.898 | Info | '/transaction/getusers' | 
17:29:06.910 | Info | '/transaction/getcenters' | 
17:29:06.915 | Info | '/transaction/getchannel' | 
17:29:06.917 | Info | '/transaction/getuserroles' | 
17:29:06.920 | Info | '/transaction/getusers' | 
17:29:28.434 | Info | '/transaction/createuser' | 
17:29:28.669 | Info | '/transaction/getusers' | 
17:29:38.797 | Info | '/api/user/login' | 
17:29:48.482 | Info | '/api/user/login' | 
17:29:48.613 | Info | '/transaction/getuserpermissions' | 
17:29:48.621 | Info | '/transaction/myprofile' | 
17:29:48.624 | Info | '/transaction/myrequests' | 
17:29:48.630 | Info | '/transaction/mycollections' | 
17:29:48.633 | Info | '/transaction/getuserpermissions' | 
17:29:48.639 | Info | '/transaction/myprofile' | 
17:29:48.641 | Info | '/transaction/myrequests' | 
17:29:48.643 | Info | '/transaction/mycollections' | 
17:29:48.647 | Info | '/transaction/myprofile' | 
17:29:48.653 | Info | '/transaction/myprofile' | 
17:29:53.882 | Info | '/transaction/getcollection' | 
17:29:53.886 | Info | '/transaction/getcollection' | 
17:29:56.434 | Info | '/transaction/getcollection' | 
17:29:58.295 | Info | '/transaction/getcollection' | 
17:30:02.095 | Info | '/transaction/getarea' | 
17:30:02.096 | Info | '/transaction/getpaymentmethods' | 
17:30:02.100 | Info | '/transaction/getarea' | 
17:30:02.101 | Info | '/transaction/getpaymentmethods' | 
17:30:11.333 | Info | '/transaction/getdonordetails' | 
17:30:24.139 | Info | '/transaction/getdonationpurpose' | 
17:30:24.816 | Info | '/transaction/getdonationpurpose' | 
17:30:27.236 | Info | '/transaction/getdonationpurpose' | 
17:30:27.645 | Info | '/transaction/getdonationpurpose' | 
17:30:36.443 | Info | '/transaction/newdonation' | 
17:30:45.178 | Info | '/transaction/getcollection' | 
17:30:45.182 | Info | '/transaction/getcollection' | 
17:30:47.267 | Info | '/transaction/getcollection' | 
17:30:54.278 | Info | '/transaction/postcollection' | 
17:32:16.132 | Info | '/api/user/login' | 
17:32:16.304 | Info | '/transaction/getuserpermissions' | 
17:32:16.308 | Info | '/transaction/myprofile' | 
17:32:16.312 | Info | '/transaction/myrequests' | 
17:32:16.316 | Info | '/transaction/mycollections' | 
17:32:16.318 | Info | '/transaction/getuserpermissions' | 
17:32:16.324 | Info | '/transaction/myprofile' | 
17:32:16.326 | Info | '/transaction/myrequests' | 
17:32:16.333 | Info | '/transaction/mycollections' | 
17:32:16.336 | Info | '/transaction/myprofile' | 
17:32:16.347 | Info | '/transaction/myprofile' | 
17:32:21.388 | Info | '/transaction/getcollection' | 
17:32:21.393 | Info | '/transaction/getcollection' | 
17:32:22.999 | Info | '/transaction/getcollection' | 
17:32:32.167 | Info | '/transaction/postcollection' | 
17:35:07.842 | Info | '/api/user/login' | 
17:35:07.999 | Info | '/transaction/getuserpermissions' | 
17:35:08.012 | Info | '/transaction/myprofile' | 
17:35:08.014 | Info | '/transaction/getuserpermissions' | 
17:35:08.017 | Info | '/transaction/myrequests' | 
17:35:08.019 | Info | '/transaction/mycollections' | 
17:35:08.028 | Info | '/transaction/myprofile' | 
17:35:08.031 | Info | '/transaction/myrequests' | 
17:35:08.034 | Info | '/transaction/mycollections' | 
17:35:08.038 | Info | '/transaction/myprofile' | 
17:35:08.045 | Info | '/transaction/myprofile' | 
17:35:10.761 | Info | '/transaction/getcollection' | 
17:35:10.765 | Info | '/transaction/getcollection' | 
17:35:15.833 | Info | '/transaction/getcollection' | 
17:35:26.117 | Info | '/transaction/postcollection' | 
17:36:03.794 | Info | '/api/user/login' | 
17:36:03.924 | Info | '/transaction/getuserpermissions' | 
17:36:03.929 | Info | '/transaction/myprofile' | 
17:36:03.935 | Info | '/transaction/myrequests' | 
17:36:03.937 | Info | '/transaction/mycollections' | 
17:36:03.940 | Info | '/transaction/getuserpermissions' | 
17:36:03.943 | Info | '/transaction/myprofile' | 
17:36:03.947 | Info | '/transaction/myrequests' | 
17:36:03.950 | Info | '/transaction/mycollections' | 
17:36:03.954 | Info | '/transaction/myprofile' | 
17:36:03.965 | Info | '/transaction/myprofile' | 
17:36:07.072 | Info | '/transaction/getcollection' | 
17:36:07.077 | Info | '/transaction/getcollection' | 
17:36:09.037 | Info | '/transaction/getcollection' | 
17:36:19.629 | Info | '/transaction/postcollection' | 
17:38:35.966 | Info | '/api/user/login' | 
17:38:36.137 | Info | '/transaction/getuserpermissions' | 
17:38:36.143 | Info | '/transaction/myprofile' | 
17:38:36.148 | Info | '/transaction/getuserpermissions' | 
17:38:36.151 | Info | '/transaction/myrequests' | 
17:38:36.157 | Info | '/transaction/mycollections' | 
17:38:36.159 | Info | '/transaction/myprofile' | 
17:38:36.168 | Info | '/transaction/myrequests' | 
17:38:36.173 | Info | '/transaction/mycollections' | 
17:38:36.175 | Info | '/transaction/myprofile' | 
17:38:36.185 | Info | '/transaction/myprofile' | 
17:38:42.581 | Info | '/transaction/getarea' | 
17:38:42.582 | Info | '/transaction/getpaymentmethods' | 
17:38:42.587 | Info | '/transaction/getarea' | 
17:38:42.589 | Info | '/transaction/getpaymentmethods' | 
17:38:43.196 | Info | '/transaction/getcollection' | 
17:38:43.201 | Info | '/transaction/getcollection' | 
17:38:45.413 | Info | '/transaction/getcollection' | 
17:38:52.022 | Info | '/transaction/postcollection' | 
17:38:52.379 | Info | '/transaction/getcollection' | 
17:54:44.888 | Info | '/dashboard' | 
17:54:45.234 | Info | '/dashboard' | 
17:54:48.935 | Info | '/transaction/myprofile' | 
17:54:48.942 | Info | '/transaction/myrequests' | 
17:54:48.963 | Info | '/transaction/mycollections' | 
17:54:48.975 | Info | '/transaction/myprofile' | 
17:54:48.987 | Info | '/transaction/myprofile' | 
17:54:48.990 | Info | '/transaction/myrequests' | 
17:54:48.992 | Info | '/transaction/mycollections' | 
17:54:49.002 | Info | '/transaction/myprofile' | 
17:54:52.096 | Info | '/transaction/getalldonations' | 
17:54:52.112 | Info | '/transaction/getalldonations' | 
17:55:00.535 | Info | '/transaction/getrequests' | 
17:55:00.547 | Info | '/transaction/getrequests' | 
17:55:03.862 | Info | '/transaction/myprofile' | 
17:55:03.868 | Info | '/transaction/myrequests' | 
17:55:03.871 | Info | '/transaction/mycollections' | 
17:55:03.873 | Info | '/transaction/myprofile' | 
17:55:03.881 | Info | '/transaction/myrequests' | 
17:55:03.886 | Info | '/transaction/myprofile' | 
17:55:03.889 | Info | '/transaction/mycollections' | 
17:55:03.899 | Info | '/transaction/myprofile' | 
17:55:04.300 | Info | '/dashboard' | 
17:55:04.310 | Info | '/dashboard' | 
18:09:01.990 | Info | '/transaction/getcollection' | 
18:09:02.002 | Info | '/transaction/getcollection' | 
18:09:07.243 | Info | '/transaction/getcollection' | 
18:09:08.846 | Info | '/transaction/getcollection' | 
18:09:11.260 | Info | '/transaction/getcollection' | 
18:09:12.919 | Info | '/transaction/getcollection' | 
18:09:14.125 | Info | '/transaction/getcollection' | 
18:09:20.318 | Info | '/transaction/getcollection' | 
18:09:22.080 | Info | '/transaction/getcollection' | 
18:09:29.364 | Info | '/transaction/getcollection' | 
18:09:30.532 | Info | '/transaction/getcollection' | 
18:09:34.677 | Info | '/transaction/getcollection' | 
18:09:42.154 | Info | '/transaction/getcollection' | 
18:09:45.891 | Info | '/transaction/getcollection' | 
18:15:44.542 | Info | '/api/user/login' | 
18:15:44.678 | Info | '/transaction/getuserpermissions' | 
18:15:44.692 | Info | '/transaction/myprofile' | 
18:15:44.699 | Info | '/transaction/myrequests' | 
18:15:44.701 | Info | '/transaction/getuserpermissions' | 
18:15:44.703 | Info | '/transaction/mycollections' | 
18:15:44.707 | Info | '/transaction/myprofile' | 
18:15:44.712 | Info | '/transaction/myrequests' | 
18:15:44.716 | Info | '/transaction/mycollections' | 
18:15:44.720 | Info | '/transaction/myprofile' | 
18:15:44.729 | Info | '/transaction/myprofile' | 
18:15:57.359 | Info | '/transaction/getcollection' | 
18:15:57.363 | Info | '/transaction/getcollection' | 
18:15:58.270 | Info | '/transaction/getarea' | 
18:15:58.273 | Info | '/transaction/getpaymentmethods' | 
18:15:58.282 | Info | '/transaction/getarea' | 
18:15:58.284 | Info | '/transaction/getpaymentmethods' | 
18:16:00.170 | Info | '/transaction/getcollection' | 
18:16:00.176 | Info | '/transaction/getcollection' | 
18:16:02.768 | Info | '/transaction/getcollection' | 
18:16:10.570 | Info | '/transaction/postcollection' | 
18:16:10.993 | Info | '/transaction/getcollection' | 
18:17:02.138 | Info | '/api/user/login' | 
18:17:02.262 | Info | '/transaction/getuserpermissions' | 
18:17:02.274 | Info | '/transaction/getuserpermissions' | 
18:17:02.278 | Info | '/transaction/myprofile' | 
18:17:02.281 | Info | '/transaction/myrequests' | 
18:17:02.283 | Info | '/transaction/mycollections' | 
18:17:02.292 | Info | '/transaction/mycollections' | 
18:17:02.293 | Info | '/transaction/myrequests' | 
18:17:02.299 | Info | '/transaction/myprofile' | 
18:17:02.306 | Info | '/transaction/myprofile' | 
18:17:02.310 | Info | '/transaction/myprofile' | 
18:17:06.845 | Info | '/transaction/getcollection' | 
18:17:06.849 | Info | '/transaction/getcollection' | 
18:17:08.865 | Info | '/transaction/getcollection' | 
18:17:18.175 | Info | '/transaction/postcollection' | 
18:17:18.616 | Info | '/transaction/getcollection' | 
18:17:29.530 | Info | '/transaction/getcollection' | 
18:17:31.093 | Info | '/transaction/getcollection' | 
18:17:36.798 | Info | '/transaction/getcollection' | 
18:17:38.293 | Info | '/transaction/getcollection' | 
18:17:39.596 | Info | '/transaction/getcollection' | 
