14:37:44.007 | Info | '/getReports' | 
14:42:04.361 | Info | '/getReports' | 
14:46:02.855 | Info | '/getReports' | 
14:47:45.448 | Info | '/getReports' | 
14:48:03.316 | Info | '/getReports' | 
14:48:46.669 | Info | '/getReports' | 
14:51:20.969 | Info | '/getReports' | 
14:52:46.308 | Info | '/getReports' | 
14:57:31.821 | Info | '/getReports' | 
15:06:14.934 | Info | '/api/user/login' | 
15:06:15.123 | Info | '/transaction/getuserpermissions' | 
15:06:15.151 | Info | '/transaction/getdonationpickup' | 
15:06:15.159 | Info | '/transaction/getcenters' | 
15:06:15.182 | Info | '/transaction/getchannel' | 
15:06:15.189 | Info | '/transaction/getdonationmethods' | 
15:06:15.236 | Info | '/transaction/getpaymentmethods' | 
15:06:15.240 | Info | '/transaction/getuserpermissions' | 
15:06:15.241 | Info | '/transaction/getcenters' | 
15:06:15.250 | Info | '/transaction/getchannel' | 
15:06:15.252 | Info | '/transaction/getdonationmethods' | 
15:06:15.263 | Info | '/transaction/getdonationpickup' | 
15:06:15.288 | Info | '/transaction/getpaymentmethods' | 
15:06:17.036 | Info | '/transaction/getcenters' | 
15:06:17.044 | Info | '/transaction/getchannel' | 
15:06:17.046 | Info | '/transaction/getdonationmethods' | 
15:06:17.052 | Info | '/transaction/getcenters' | 
15:06:17.049 | Info | '/transaction/getalldonations' | 
15:06:17.058 | Info | '/transaction/getchannel' | 
15:06:17.114 | Info | '/transaction/getdonationmethods' | 
15:06:17.116 | Info | '/transaction/getalldonations' | 
15:06:22.354 | Info | '/transaction/getchannel' | 
15:06:22.357 | Info | '/transaction/getdonationmethods' | 
15:06:22.359 | Info | '/transaction/getalldonations' | 
15:06:22.363 | Info | '/transaction/getchannel' | 
15:06:22.367 | Info | '/transaction/getdonationmethods' | 
15:06:22.391 | Info | '/transaction/getalldonations' | 
15:11:11.136 | Info | '/api/user/login' | 
15:11:11.363 | Info | '/transaction/getuserpermissions' | 
15:11:11.367 | Info | '/transaction/getdonationpickup' | 
15:11:11.369 | Info | '/transaction/getchannel' | 
15:11:11.371 | Info | '/transaction/getcenters' | 
15:11:11.383 | Info | '/transaction/getpaymentmethods' | 
15:11:11.380 | Info | '/transaction/getdonationmethods' | 
15:11:11.386 | Info | '/transaction/getuserpermissions' | 
15:11:11.389 | Info | '/transaction/getdonationpickup' | 
15:11:11.391 | Info | '/transaction/getchannel' | 
15:11:11.421 | Info | '/transaction/getcenters' | 
15:11:11.431 | Info | '/transaction/getdonationmethods' | 
15:11:11.434 | Info | '/transaction/getpaymentmethods' | 
15:11:19.851 | Info | '/transaction/getchannel' | 
15:11:19.853 | Info | '/transaction/getdonationmethods' | 
15:11:19.855 | Info | '/transaction/getalldonations' | 
15:11:19.862 | Info | '/transaction/getchannel' | 
15:11:19.868 | Info | '/transaction/getdonationmethods' | 
15:11:19.891 | Info | '/transaction/getalldonations' | 
15:11:45.809 | Info | '/transaction/getchannel' | 
15:11:45.811 | Info | '/transaction/getdonationmethods' | 
15:11:45.814 | Info | '/transaction/getalldonations' | 
15:11:45.823 | Info | '/transaction/getdonationmethods' | 
15:11:45.821 | Info | '/transaction/getchannel' | 
15:11:45.841 | Info | '/transaction/getalldonations' | 
15:14:07.511 | Info | '/api/user/login' | 
15:14:12.670 | Info | '/api/user/login' | 
15:14:12.816 | Info | '/transaction/getuserpermissions' | 
15:14:12.830 | Info | '/transaction/getdonationpickup' | 
15:14:12.832 | Info | '/transaction/getcenters' | 
15:14:12.834 | Info | '/transaction/getchannel' | 
15:14:12.836 | Info | '/transaction/getdonationmethods' | 
15:14:12.838 | Info | '/transaction/getpaymentmethods' | 
15:14:12.840 | Info | '/transaction/getuserpermissions' | 
15:14:12.857 | Info | '/transaction/getdonationpickup' | 
15:14:12.860 | Info | '/transaction/getcenters' | 
15:14:12.862 | Info | '/transaction/getchannel' | 
15:14:12.872 | Info | '/transaction/getdonationmethods' | 
15:14:12.875 | Info | '/transaction/getpaymentmethods' | 
15:14:15.854 | Info | '/transaction/getchannel' | 
15:14:15.856 | Info | '/transaction/getdonationmethods' | 
15:14:15.868 | Info | '/transaction/getchannel' | 
15:14:15.870 | Info | '/transaction/getalldonations' | 
15:14:15.876 | Info | '/transaction/getdonationmethods' | 
15:14:15.902 | Info | '/transaction/getalldonations' | 
15:30:10.884 | Info | '/api/user/login' | 
15:30:11.018 | Info | '/transaction/getuserpermissions' | 
15:30:11.026 | Info | '/transaction/getdonationpickup' | 
15:30:11.034 | Info | '/transaction/getcenters' | 
15:30:11.036 | Info | '/transaction/getuserpermissions' | 
15:30:11.043 | Info | '/transaction/getdonationmethods' | 
15:30:11.046 | Info | '/transaction/getpaymentmethods' | 
15:30:11.038 | Info | '/transaction/getchannel' | 
15:30:11.052 | Info | '/transaction/getdonationpickup' | 
15:30:11.055 | Info | '/transaction/getcenters' | 
15:30:11.060 | Info | '/transaction/getchannel' | 
15:30:11.064 | Info | '/transaction/getpaymentmethods' | 
15:30:11.066 | Info | '/transaction/getdonationmethods' | 
15:30:14.427 | Info | '/transaction/getchannel' | 
15:30:14.429 | Info | '/transaction/getdonationmethods' | 
15:30:14.438 | Info | '/transaction/getchannel' | 
15:30:14.441 | Info | '/transaction/getdonationmethods' | 
15:30:14.445 | Info | '/transaction/getalldonations' | 
15:30:14.465 | Info | '/transaction/getalldonations' | 
15:30:17.685 | Info | '/transaction/getuserpermissions' | 
15:30:17.692 | Info | '/transaction/getuserpermissions' | 
15:31:10.305 | Info | '/api/user/login' | 
15:31:10.475 | Info | '/transaction/getuserpermissions' | 
15:31:10.478 | Info | '/transaction/getdonationpickup' | 
15:31:10.482 | Info | '/transaction/getcenters' | 
15:31:10.484 | Info | '/transaction/getchannel' | 
15:31:10.486 | Info | '/transaction/getdonationmethods' | 
15:31:10.488 | Info | '/transaction/getpaymentmethods' | 
15:31:10.497 | Info | '/transaction/getcenters' | 
15:31:10.507 | Info | '/transaction/getuserpermissions' | 
15:31:10.509 | Info | '/transaction/getdonationpickup' | 
15:31:10.513 | Info | '/transaction/getdonationmethods' | 
15:31:10.514 | Info | '/transaction/getpaymentmethods' | 
15:31:10.510 | Info | '/transaction/getchannel' | 
15:31:12.991 | Info | '/transaction/getchannel' | 
15:31:12.993 | Info | '/transaction/getdonationmethods' | 
15:31:13.004 | Info | '/transaction/getalldonations' | 
15:31:13.006 | Info | '/transaction/getchannel' | 
15:31:13.008 | Info | '/transaction/getdonationmethods' | 
15:31:13.029 | Info | '/transaction/getalldonations' | 
15:32:40.029 | Info | '/transaction/getuserpermissions' | 
15:32:40.038 | Info | '/transaction/getuserpermissions' | 
15:32:43.281 | Info | '/api/user/login' | 
15:32:43.440 | Info | '/transaction/getuserpermissions' | 
15:32:43.451 | Info | '/transaction/getuserpermissions' | 
15:32:43.460 | Info | '/transaction/getdonationpickup' | 
15:32:43.483 | Info | '/transaction/getcenters' | 
15:32:43.486 | Info | '/transaction/getchannel' | 
15:32:43.488 | Info | '/transaction/getdonationmethods' | 
15:32:43.490 | Info | '/transaction/getpaymentmethods' | 
15:32:43.492 | Info | '/transaction/getdonationpickup' | 
15:32:43.504 | Info | '/transaction/getdonationmethods' | 
15:32:43.506 | Info | '/transaction/getcenters' | 
15:32:43.510 | Info | '/transaction/getchannel' | 
15:32:43.512 | Info | '/transaction/getpaymentmethods' | 
15:32:46.551 | Info | '/transaction/getchannel' | 
15:32:46.553 | Info | '/transaction/getdonationmethods' | 
15:32:46.563 | Info | '/transaction/getchannel' | 
15:32:46.565 | Info | '/transaction/getdonationmethods' | 
15:32:46.568 | Info | '/transaction/getalldonations' | 
15:32:46.589 | Info | '/transaction/getalldonations' | 
15:34:12.879 | Info | '/api/user/login' | 
15:34:13.007 | Info | '/transaction/getuserpermissions' | 
15:34:13.016 | Info | '/transaction/getdonationpickup' | 
15:34:13.020 | Info | '/transaction/getcenters' | 
15:34:13.021 | Info | '/transaction/getchannel' | 
15:34:13.023 | Info | '/transaction/getuserpermissions' | 
15:34:13.026 | Info | '/transaction/getdonationmethods' | 
15:34:13.028 | Info | '/transaction/getpaymentmethods' | 
15:34:13.039 | Info | '/transaction/getcenters' | 
15:34:13.041 | Info | '/transaction/getchannel' | 
15:34:13.043 | Info | '/transaction/getdonationpickup' | 
15:34:13.045 | Info | '/transaction/getdonationmethods' | 
15:34:13.047 | Info | '/transaction/getpaymentmethods' | 
15:34:16.334 | Info | '/transaction/getchannel' | 
15:34:16.335 | Info | '/transaction/getdonationmethods' | 
15:34:16.344 | Info | '/transaction/getchannel' | 
15:34:16.348 | Info | '/transaction/getdonationmethods' | 
15:34:16.350 | Info | '/transaction/getalldonations' | 
15:34:16.370 | Info | '/transaction/getalldonations' | 
15:35:35.086 | Info | '/api/user/login' | 
15:35:35.266 | Info | '/transaction/getuserpermissions' | 
15:35:35.295 | Info | '/transaction/getdonationpickup' | 
15:35:35.298 | Info | '/transaction/getcenters' | 
15:35:35.300 | Info | '/transaction/getchannel' | 
15:35:35.302 | Info | '/transaction/getuserpermissions' | 
15:35:35.303 | Info | '/transaction/getdonationmethods' | 
15:35:35.305 | Info | '/transaction/getpaymentmethods' | 
15:35:35.321 | Info | '/transaction/getdonationpickup' | 
15:35:35.329 | Info | '/transaction/getcenters' | 
15:35:35.331 | Info | '/transaction/getchannel' | 
15:35:35.333 | Info | '/transaction/getpaymentmethods' | 
15:35:35.340 | Info | '/transaction/getdonationmethods' | 
15:35:38.621 | Info | '/transaction/getchannel' | 
15:35:38.624 | Info | '/transaction/getdonationmethods' | 
15:35:38.628 | Info | '/transaction/getalldonations' | 
15:35:38.632 | Info | '/transaction/getchannel' | 
15:35:38.634 | Info | '/transaction/getdonationmethods' | 
15:35:38.650 | Info | '/transaction/getalldonations' | 
15:35:42.461 | Info | '/transaction/getuserpermissions' | 
15:35:42.466 | Info | '/transaction/getuserpermissions' | 
15:35:44.935 | Info | '/api/user/login' | 
15:35:45.061 | Info | '/transaction/getuserpermissions' | 
15:35:45.073 | Info | '/transaction/getdonationpickup' | 
15:35:45.075 | Info | '/transaction/getcenters' | 
15:35:45.077 | Info | '/transaction/getchannel' | 
15:35:45.080 | Info | '/transaction/getdonationmethods' | 
15:35:45.082 | Info | '/transaction/getuserpermissions' | 
15:35:45.088 | Info | '/transaction/getpaymentmethods' | 
15:35:45.091 | Info | '/transaction/getdonationmethods' | 
15:35:45.093 | Info | '/transaction/getdonationpickup' | 
15:35:45.095 | Info | '/transaction/getcenters' | 
15:35:45.097 | Info | '/transaction/getchannel' | 
15:35:45.105 | Info | '/transaction/getpaymentmethods' | 
15:35:47.523 | Info | '/transaction/getchannel' | 
15:35:47.526 | Info | '/transaction/getdonationmethods' | 
15:35:47.533 | Info | '/transaction/getchannel' | 
15:35:47.535 | Info | '/transaction/getdonationmethods' | 
15:35:47.537 | Info | '/transaction/getalldonations' | 
15:35:47.561 | Info | '/transaction/getalldonations' | 
15:41:47.038 | Info | '/api/user/login' | 
15:41:47.164 | Info | '/transaction/getuserpermissions' | 
15:41:47.178 | Info | '/transaction/getuserpermissions' | 
15:41:47.181 | Info | '/transaction/getdonationpickup' | 
15:41:47.185 | Info | '/transaction/getcenters' | 
15:41:47.187 | Info | '/transaction/getchannel' | 
15:41:47.192 | Info | '/transaction/getpaymentmethods' | 
15:41:47.189 | Info | '/transaction/getdonationmethods' | 
15:41:47.199 | Info | '/transaction/getcenters' | 
15:41:47.201 | Info | '/transaction/getdonationpickup' | 
15:41:47.205 | Info | '/transaction/getdonationmethods' | 
15:41:47.207 | Info | '/transaction/getchannel' | 
15:41:47.209 | Info | '/transaction/getpaymentmethods' | 
15:41:49.786 | Info | '/transaction/getuserpermissions' | 
15:41:49.789 | Info | '/transaction/getuserpermissions' | 
15:41:52.669 | Info | '/api/user/login' | 
15:41:52.787 | Info | '/transaction/getuserpermissions' | 
15:41:52.789 | Info | '/transaction/getdonationpickup' | 
15:41:52.791 | Info | '/transaction/getcenters' | 
15:41:52.796 | Info | '/transaction/getchannel' | 
15:41:52.798 | Info | '/transaction/getdonationmethods' | 
15:41:52.800 | Info | '/transaction/getpaymentmethods' | 
15:41:52.804 | Info | '/transaction/getuserpermissions' | 
15:41:52.808 | Info | '/transaction/getcenters' | 
15:41:52.810 | Info | '/transaction/getdonationpickup' | 
15:41:52.814 | Info | '/transaction/getchannel' | 
15:41:52.817 | Info | '/transaction/getdonationmethods' | 
15:41:52.819 | Info | '/transaction/getpaymentmethods' | 
15:41:55.364 | Info | '/transaction/getchannel' | 
15:41:55.365 | Info | '/transaction/getdonationmethods' | 
15:41:55.369 | Info | '/transaction/getalldonations' | 
15:41:55.375 | Info | '/transaction/getchannel' | 
15:41:55.380 | Info | '/transaction/getdonationmethods' | 
15:41:55.394 | Info | '/transaction/getalldonations' | 
15:41:57.793 | Info | '/getReports' | 
15:42:36.914 | Info | '/getReports' | 
