13:45:00.430 | Info | '/api/user/login' | 
13:45:03.417 | Info | '/transaction/getuserpermissions' | 
13:45:03.634 | Info | '/transaction/myprofile' | 
13:45:04.426 | Info | '/transaction/myrequests' | 
13:45:04.625 | Info | '/transaction/mycollections' | 
13:45:04.723 | Info | '/transaction/getuserpermissions' | 
13:45:04.815 | Info | '/transaction/myrequests' | 
13:45:04.885 | Info | '/transaction/myprofile' | 
13:45:04.889 | Info | '/transaction/myprofile' | 
13:45:04.894 | Info | '/transaction/myprofile' | 
13:45:04.911 | Info | '/transaction/mycollections' | 
13:45:07.519 | Info | '/transaction/getarea' | 
13:45:07.644 | Info | '/transaction/getpaymentmethods' | 
13:45:07.695 | Info | '/transaction/getpaymentmethods' | 
13:45:07.979 | Info | '/transaction/getalldonations' | 
13:45:07.985 | Info | '/transaction/getcenters' | 
13:45:08.021 | Info | '/transaction/getchannel' | 
13:45:08.049 | Info | '/transaction/getdonationmethods' | 
13:45:08.122 | Info | '/transaction/getarea' | 
13:45:08.126 | Info | '/transaction/getcenters' | 
13:45:08.129 | Info | '/transaction/getalldonations' | 
13:45:08.133 | Info | '/transaction/getchannel' | 
13:45:08.217 | Info | '/transaction/getdonationmethods' | 
13:45:18.252 | Info | '/transaction/getarea' | 
13:45:18.253 | Info | '/transaction/getpaymentmethods' | 
13:45:18.261 | Info | '/transaction/getarea' | 
13:45:18.265 | Info | '/transaction/getpaymentmethods' | 
13:45:21.871 | Info | '/transaction/getdonordetails' | 
13:45:26.722 | Info | '/transaction/getdonationpurpose' | 
13:45:27.217 | Info | '/transaction/getdonationpurpose' | 
13:45:33.067 | Info | '/transaction/newdonation' | 
13:48:11.091 | Info | '/transaction/getdonationpurpose' | 
13:48:11.456 | Info | '/transaction/getdonationpurpose' | 
13:50:00.134 | Info | '/transaction/newdonation' | 
13:50:55.732 | Info | '/transaction/getdonationpurpose' | 
13:50:56.333 | Info | '/transaction/getdonationpurpose' | 
13:51:02.375 | Info | '/transaction/newdonation' | 
