15:34:11.603 | Info | '/api/user/login' | 
15:34:15.914 | Info | ({'message':'connect ECONNREFUSED 127.0.0.1:3306','code':'ECONNREFUSED','errno':-4078,'sqlState':undefined,'sqlMessage':undefined}) | 
15:42:40.966 | Info | '/api/user/login' | 
15:42:41.225 | Info | '/transaction/getuserpermissions' | 
15:42:41.295 | Info | '/transaction/getdonationpickup' | 
15:42:41.340 | Info | '/transaction/getcenters' | 
15:42:41.392 | Info | '/transaction/getchannel' | 
15:42:41.750 | Info | '/transaction/getdonationmethods' | 
15:42:41.754 | Info | '/transaction/getuserpermissions' | 
15:42:41.760 | Info | '/transaction/getdonationpickup' | 
15:42:41.762 | Info | '/transaction/getcenters' | 
15:42:41.774 | Info | '/transaction/getdonationmethods' | 
15:42:41.768 | Info | '/transaction/getchannel' | 
15:42:41.778 | Info | '/transaction/getdonationpickup' | 
15:42:41.782 | Info | '/transaction/getchannel' | 
15:42:41.792 | Info | '/transaction/getdonationmethods' | 
15:42:41.799 | Info | '/transaction/getdonationpickup' | 
15:42:41.802 | Info | '/transaction/getchannel' | 
15:42:41.804 | Info | '/transaction/getcenters' | 
15:42:41.812 | Info | '/transaction/getdonationmethods' | 
15:42:41.829 | Info | '/transaction/getcenters' | 
15:43:21.760 | Info | '/transaction/getuserpermissions' | 
15:43:21.771 | Info | '/transaction/getdonationpickup' | 
15:43:21.778 | Info | '/transaction/getdonationmethods' | 
15:43:21.779 | Info | '/transaction/getuserpermissions' | 
15:43:21.774 | Info | '/transaction/getcenters' | 
15:43:21.776 | Info | '/transaction/getchannel' | 
15:43:21.790 | Info | '/transaction/getdonationpickup' | 
15:43:21.792 | Info | '/transaction/getcenters' | 
15:43:21.794 | Info | '/transaction/getchannel' | 
15:43:21.810 | Info | '/transaction/getdonationmethods' | 
15:43:26.802 | Info | '/api/user/login' | 
15:43:26.949 | Info | '/transaction/getuserpermissions' | 
15:43:26.954 | Info | '/transaction/getdonationpickup' | 
15:43:26.957 | Info | '/transaction/getcenters' | 
15:43:26.959 | Info | '/transaction/getchannel' | 
15:43:26.961 | Info | '/transaction/getdonationmethods' | 
15:43:26.963 | Info | '/transaction/getuserpermissions' | 
15:43:26.973 | Info | '/transaction/getchannel' | 
15:43:26.979 | Info | '/transaction/getdonationpickup' | 
15:43:26.981 | Info | '/transaction/getcenters' | 
15:43:26.986 | Info | '/transaction/getdonationmethods' | 
15:44:11.349 | Info | '/api/user/login' | 
15:44:11.514 | Info | '/transaction/getuserpermissions' | 
15:44:11.520 | Info | '/transaction/getdonationpickup' | 
15:44:11.525 | Info | '/transaction/getcenters' | 
15:44:11.527 | Info | '/transaction/getuserpermissions' | 
15:44:11.536 | Info | '/transaction/getpaymentmethods' | 
15:44:11.564 | Info | '/transaction/getchannel' | 
15:44:11.566 | Info | '/transaction/getdonationmethods' | 
15:44:11.573 | Info | '/transaction/getdonationpickup' | 
15:44:11.586 | Info | '/transaction/getcenters' | 
15:44:11.596 | Info | '/transaction/getchannel' | 
15:44:11.595 | Info | '/transaction/getdonationmethods' | 
15:44:11.600 | Info | '/transaction/getpaymentmethods' | 
15:50:35.740 | Info | '/api/user/login' | 
15:50:35.929 | Info | '/transaction/getuserpermissions' | 
15:50:35.932 | Info | '/transaction/getdonationpickup' | 
15:50:35.937 | Info | '/transaction/getcenters' | 
15:50:35.939 | Info | '/transaction/getdonationmethods' | 
15:50:35.941 | Info | '/transaction/getchannel' | 
15:50:35.948 | Info | '/transaction/getpaymentmethods' | 
15:50:35.954 | Info | '/transaction/getuserpermissions' | 
15:50:35.965 | Info | '/transaction/getdonationpickup' | 
15:50:35.968 | Info | '/transaction/getchannel' | 
15:50:35.972 | Info | '/transaction/getcenters' | 
15:50:35.975 | Info | '/transaction/getdonationmethods' | 
15:50:35.983 | Info | '/transaction/getpaymentmethods' | 
15:56:52.142 | Info | '/api/user/login' | 
15:56:52.532 | Info | '/transaction/getuserpermissions' | 
15:56:52.545 | Info | '/transaction/getdonationpickup' | 
15:56:52.558 | Info | '/transaction/getcenters' | 
15:56:52.565 | Info | '/transaction/getchannel' | 
15:56:52.603 | Info | '/transaction/getdonationmethods' | 
15:56:52.607 | Info | '/transaction/getpaymentmethods' | 
15:56:52.611 | Info | '/transaction/getuserpermissions' | 
15:56:52.620 | Info | '/transaction/getcenters' | 
15:56:52.641 | Info | '/transaction/getdonationpickup' | 
15:56:52.647 | Info | '/transaction/getchannel' | 
15:56:52.649 | Info | '/transaction/getdonationmethods' | 
15:56:52.658 | Info | '/transaction/getpaymentmethods' | 
15:56:57.409 | Info | '/transaction/getuserpermissions' | 
15:56:57.415 | Info | '/transaction/getuserpermissions' | 
15:57:00.459 | Info | '/api/user/login' | 
15:57:00.638 | Info | '/transaction/getuserpermissions' | 
15:57:00.650 | Info | '/transaction/getdonationpickup' | 
15:57:00.652 | Info | '/transaction/getcenters' | 
15:57:00.655 | Info | '/transaction/getchannel' | 
15:57:00.657 | Info | '/transaction/getdonationmethods' | 
15:57:00.659 | Info | '/transaction/getpaymentmethods' | 
15:57:00.661 | Info | '/transaction/getuserpermissions' | 
15:57:00.681 | Info | '/transaction/getcenters' | 
15:57:00.683 | Info | '/transaction/getdonationpickup' | 
15:57:00.685 | Info | '/transaction/getdonationmethods' | 
15:57:00.692 | Info | '/transaction/getchannel' | 
15:57:00.688 | Info | '/transaction/getpaymentmethods' | 
15:57:08.329 | Info | '/transaction/collectdonation' | 
15:57:09.318 | Info | '/transaction/getdonationpickup' | 
15:58:48.917 | Info | '/transaction/collectdonation' | 
15:58:49.275 | Info | '/transaction/getdonationpickup' | 
15:58:53.560 | Info | '/transaction/getalldonations' | 
15:58:53.587 | Info | '/transaction/getcenters' | 
15:58:53.590 | Info | '/transaction/getchannel' | 
15:58:53.591 | Info | '/transaction/getdonationmethods' | 
15:58:53.623 | Info | '/transaction/getalldonations' | 
15:58:53.626 | Info | '/transaction/getcenters' | 
15:58:53.628 | Info | '/transaction/getchannel' | 
15:58:53.631 | Info | '/transaction/getdonationmethods' | 
15:59:07.824 | Info | '/transaction/getdonationpickup' | 
15:59:07.831 | Info | '/transaction/getcenters' | 
15:59:07.835 | Info | '/transaction/getdonationmethods' | 
15:59:07.839 | Info | '/transaction/getdonationpickup' | 
15:59:07.833 | Info | '/transaction/getchannel' | 
15:59:07.837 | Info | '/transaction/getpaymentmethods' | 
15:59:07.850 | Info | '/transaction/getcenters' | 
15:59:07.852 | Info | '/transaction/getchannel' | 
15:59:07.854 | Info | '/transaction/getdonationmethods' | 
15:59:07.856 | Info | '/transaction/getpaymentmethods' | 
15:59:13.201 | Info | '/transaction/collectdonation' | 
15:59:13.563 | Info | '/transaction/getdonationpickup' | 
15:59:17.997 | Info | '/transaction/getalldonations' | 
15:59:18.001 | Info | '/transaction/getcenters' | 
15:59:18.002 | Info | '/transaction/getchannel' | 
15:59:18.022 | Info | '/transaction/getdonationmethods' | 
15:59:18.027 | Info | '/transaction/getcenters' | 
15:59:18.030 | Info | '/transaction/getalldonations' | 
15:59:18.035 | Info | '/transaction/getchannel' | 
15:59:18.054 | Info | '/transaction/getdonationmethods' | 
16:13:29.541 | Info | '/api/user/login' | 
16:13:29.950 | Info | '/transaction/getuserpermissions' | 
16:13:29.974 | Info | '/transaction/getdonationpickup' | 
16:13:29.986 | Info | '/transaction/getcenters' | 
16:13:29.992 | Info | '/transaction/getchannel' | 
16:13:30.043 | Info | '/transaction/getuserpermissions' | 
16:13:30.046 | Info | '/transaction/getdonationmethods' | 
16:13:30.052 | Info | '/transaction/getpaymentmethods' | 
16:13:30.069 | Info | '/transaction/getdonationpickup' | 
16:13:30.095 | Info | '/transaction/getdonationmethods' | 
16:13:30.097 | Info | '/transaction/getcenters' | 
16:13:30.100 | Info | '/transaction/getchannel' | 
16:13:30.103 | Info | '/transaction/getpaymentmethods' | 
16:13:43.747 | Info | '/transaction/getuserpermissions' | 
16:13:43.751 | Info | '/transaction/getuserpermissions' | 
16:13:47.368 | Info | '/api/user/login' | 
16:13:47.492 | Info | '/transaction/getuserpermissions' | 
16:13:47.499 | Info | '/transaction/getuserpermissions' | 
16:13:47.505 | Info | '/transaction/getdonationpickup' | 
16:13:47.521 | Info | '/transaction/getcenters' | 
16:13:47.523 | Info | '/transaction/getchannel' | 
16:13:47.526 | Info | '/transaction/getdonationmethods' | 
16:13:47.528 | Info | '/transaction/getpaymentmethods' | 
16:13:47.530 | Info | '/transaction/getdonationpickup' | 
16:13:47.544 | Info | '/transaction/getcenters' | 
16:13:47.550 | Info | '/transaction/getchannel' | 
16:13:47.554 | Info | '/transaction/getdonationmethods' | 
16:13:47.556 | Info | '/transaction/getpaymentmethods' | 
16:13:54.644 | Info | '/transaction/collectdonation' | 
16:13:55.170 | Info | '/transaction/getdonationpickup' | 
16:15:08.587 | Info | '/api/user/login' | 
16:15:08.783 | Info | '/transaction/getuserpermissions' | 
16:15:08.797 | Info | '/transaction/getdonationpickup' | 
16:15:08.799 | Info | '/transaction/getcenters' | 
16:15:08.802 | Info | '/transaction/getchannel' | 
16:15:08.814 | Info | '/transaction/getdonationmethods' | 
16:15:08.816 | Info | '/transaction/getuserpermissions' | 
16:15:08.818 | Info | '/transaction/getpaymentmethods' | 
16:15:08.822 | Info | '/transaction/getdonationpickup' | 
16:15:08.829 | Info | '/transaction/getdonationmethods' | 
16:15:08.831 | Info | '/transaction/getchannel' | 
16:15:08.825 | Info | '/transaction/getcenters' | 
16:15:08.843 | Info | '/transaction/getpaymentmethods' | 
16:15:21.453 | Info | '/transaction/collectdonation' | 
16:15:21.882 | Info | '/transaction/getdonationpickup' | 
