13:13:24.215 | Info | '/transaction/getuserpermissions' | 
13:13:24.264 | Info | '/transaction/getuserpermissions' | 
13:13:29.383 | Info | '/api/user/login' | 
13:13:29.956 | Info | '/transaction/getuserpermissions' | 
13:13:29.984 | Info | '/transaction/myprofile' | 
13:13:30.071 | Info | '/transaction/myrequests' | 
13:13:30.108 | Info | '/transaction/mycollections' | 
13:13:30.114 | Info | '/transaction/getuserpermissions' | 
13:13:30.127 | Info | '/transaction/myprofile' | 
13:13:30.147 | Info | '/transaction/myrequests' | 
13:13:30.153 | Info | '/transaction/myprofile' | 
13:13:30.155 | Info | '/transaction/mycollections' | 
13:13:30.175 | Info | '/transaction/myprofile' | 
13:17:45.127 | Info | '/transaction/getarea' | 
13:17:45.134 | Info | '/transaction/getdonationtypes' | 
13:17:45.139 | Info | '/transaction/getpaymentmethods' | 
13:17:45.439 | Info | '/transaction/getpaymentmethods' | 
13:17:46.436 | Info | '/transaction/getarea' | 
13:17:48.245 | Info | '/transaction/getdonationtypes' | 
13:25:47.616 | Info | '/transaction/getuserpermissions' | 
13:25:47.620 | Info | '/transaction/getuserpermissions' | 
13:25:53.233 | Info | '/api/user/login' | 
13:25:53.362 | Info | '/transaction/getuserpermissions' | 
13:25:53.371 | Info | '/transaction/myprofile' | 
13:25:53.376 | Info | '/transaction/myrequests' | 
13:25:53.378 | Info | '/transaction/mycollections' | 
13:25:53.381 | Info | '/transaction/getuserpermissions' | 
13:25:53.385 | Info | '/transaction/myprofile' | 
13:25:53.394 | Info | '/transaction/myrequests' | 
13:25:53.399 | Info | '/transaction/mycollections' | 
13:25:53.403 | Info | '/transaction/myprofile' | 
13:25:53.409 | Info | '/transaction/myprofile' | 
13:25:56.223 | Info | '/transaction/getarea' | 
13:25:56.224 | Info | '/transaction/getdonationtypes' | 
13:25:56.226 | Info | '/transaction/getpaymentmethods' | 
13:25:56.231 | Info | '/transaction/getarea' | 
13:25:56.234 | Info | '/transaction/getdonationtypes' | 
13:25:56.236 | Info | '/transaction/getpaymentmethods' | 
13:26:01.791 | Info | '/transaction/getdonordetails' | 
13:26:11.555 | Info | '/transaction/getdonationpurpose' | 
13:26:12.018 | Info | '/transaction/getdonationpurpose' | 
13:26:19.517 | Info | '/transaction/newdonation' | 
13:27:05.789 | Info | '/transaction/getuserpermissions' | 
13:27:05.794 | Info | '/transaction/getuserpermissions' | 
13:27:08.800 | Info | '/api/user/login' | 
13:27:08.906 | Info | '/transaction/getuserpermissions' | 
13:27:08.917 | Info | '/transaction/getuserpermissions' | 
13:27:08.925 | Info | '/transaction/myprofile' | 
13:27:08.933 | Info | '/transaction/myrequests' | 
13:27:08.935 | Info | '/transaction/mycollections' | 
13:27:08.937 | Info | '/transaction/myprofile' | 
13:27:08.943 | Info | '/transaction/myrequests' | 
13:27:08.946 | Info | '/transaction/myprofile' | 
13:27:08.957 | Info | '/transaction/mycollections' | 
13:27:08.959 | Info | '/transaction/myprofile' | 
13:27:14.685 | Info | '/transaction/getarea' | 
13:27:14.689 | Info | '/transaction/getdonationtypes' | 
13:27:14.694 | Info | '/transaction/getpaymentmethods' | 
13:27:14.696 | Info | '/transaction/getarea' | 
13:27:14.698 | Info | '/transaction/getdonationtypes' | 
13:27:14.703 | Info | '/transaction/getpaymentmethods' | 
13:27:51.900 | Info | '/transaction/getdonationpurpose' | 
13:27:52.406 | Info | '/transaction/getdonationpurpose' | 
13:27:56.957 | Info | '/transaction/newdonation' | 
13:28:38.030 | Info | '/transaction/getuserpermissions' | 
13:28:38.035 | Info | '/transaction/getuserpermissions' | 
13:28:41.021 | Info | '/api/user/login' | 
13:28:41.149 | Info | '/transaction/getuserpermissions' | 
13:28:41.159 | Info | '/transaction/getuserpermissions' | 
13:28:41.177 | Info | '/transaction/myprofile' | 
13:28:41.180 | Info | '/transaction/myrequests' | 
13:28:41.182 | Info | '/transaction/mycollections' | 
13:28:41.192 | Info | '/transaction/myprofile' | 
13:28:41.195 | Info | '/transaction/myrequests' | 
13:28:41.197 | Info | '/transaction/mycollections' | 
13:28:41.205 | Info | '/transaction/myprofile' | 
13:28:41.218 | Info | '/transaction/myprofile' | 
13:28:43.072 | Info | '/transaction/getarea' | 
13:28:43.073 | Info | '/transaction/getdonationtypes' | 
13:28:43.074 | Info | '/transaction/getpaymentmethods' | 
13:28:43.078 | Info | '/transaction/getarea' | 
13:28:43.083 | Info | '/transaction/getdonationtypes' | 
13:28:43.086 | Info | '/transaction/getpaymentmethods' | 
13:28:53.126 | Info | '/transaction/getdonationpurpose' | 
13:28:53.551 | Info | '/transaction/getdonationpurpose' | 
13:29:01.942 | Info | '/transaction/newdonation' | 
13:29:12.502 | Info | '/transaction/getuserpermissions' | 
13:29:12.507 | Info | '/transaction/getuserpermissions' | 
13:29:17.707 | Info | '/api/user/login' | 
13:29:17.850 | Info | '/transaction/getuserpermissions' | 
13:29:17.858 | Info | '/transaction/myprofile' | 
13:29:17.862 | Info | '/transaction/myrequests' | 
13:29:17.864 | Info | '/transaction/getuserpermissions' | 
13:29:17.881 | Info | '/transaction/mycollections' | 
13:29:17.883 | Info | '/transaction/myprofile' | 
13:29:17.885 | Info | '/transaction/myrequests' | 
13:29:17.898 | Info | '/transaction/myprofile' | 
13:29:17.904 | Info | '/transaction/mycollections' | 
13:29:17.909 | Info | '/transaction/myprofile' | 
13:29:29.125 | Info | '/transaction/getdonation/:refNum/refnum' | 
13:29:29.142 | Info | '/transaction/getdonation/:refNum/refnum' | 
13:29:36.904 | Info | '/transaction/getarea' | 
13:29:36.905 | Info | '/transaction/getdonationtypes' | 
13:29:36.907 | Info | '/transaction/getpaymentmethods' | 
13:29:36.911 | Info | '/transaction/getarea' | 
13:29:36.914 | Info | '/transaction/getdonationtypes' | 
13:29:36.917 | Info | '/transaction/getpaymentmethods' | 
13:29:46.931 | Info | '/transaction/getdonationpurpose' | 
13:29:47.396 | Info | '/transaction/getdonationpurpose' | 
13:29:55.719 | Info | '/transaction/newdonation' | 
13:30:31.727 | Info | '/transaction/getuserpermissions' | 
13:30:31.732 | Info | '/transaction/getuserpermissions' | 
13:30:34.957 | Info | '/api/user/login' | 
13:30:35.072 | Info | '/transaction/getuserpermissions' | 
13:30:35.081 | Info | '/transaction/myprofile' | 
13:30:35.083 | Info | '/transaction/getuserpermissions' | 
13:30:35.090 | Info | '/transaction/myprofile' | 
13:30:35.100 | Info | '/transaction/myrequests' | 
13:30:35.102 | Info | '/transaction/mycollections' | 
13:30:35.104 | Info | '/transaction/myprofile' | 
13:30:35.111 | Info | '/transaction/myrequests' | 
13:30:35.116 | Info | '/transaction/myprofile' | 
13:30:35.118 | Info | '/transaction/mycollections' | 
13:30:36.774 | Info | '/transaction/getarea' | 
13:30:36.776 | Info | '/transaction/getdonationtypes' | 
13:30:36.779 | Info | '/transaction/getpaymentmethods' | 
13:30:36.782 | Info | '/transaction/getarea' | 
13:30:36.785 | Info | '/transaction/getdonationtypes' | 
13:30:36.788 | Info | '/transaction/getpaymentmethods' | 
13:30:42.595 | Info | '/transaction/getdonordetails' | 
13:30:51.803 | Info | '/transaction/getdonationpurpose' | 
13:30:52.505 | Info | '/transaction/getdonationpurpose' | 
13:31:03.890 | Info | '/transaction/newdonation' | 
13:31:42.891 | Info | '/transaction/getuserpermissions' | 
13:31:42.896 | Info | '/transaction/getuserpermissions' | 
13:31:46.450 | Info | '/api/user/login' | 
13:31:46.582 | Info | '/transaction/getuserpermissions' | 
13:31:46.591 | Info | '/transaction/getuserpermissions' | 
13:31:46.603 | Info | '/transaction/myprofile' | 
13:31:46.611 | Info | '/transaction/myrequests' | 
13:31:46.614 | Info | '/transaction/mycollections' | 
13:31:46.616 | Info | '/transaction/myprofile' | 
13:31:46.628 | Info | '/transaction/myrequests' | 
13:31:46.631 | Info | '/transaction/myprofile' | 
13:31:46.634 | Info | '/transaction/mycollections' | 
13:31:46.644 | Info | '/transaction/myprofile' | 
13:31:49.521 | Info | '/dashboard' | 
13:31:49.696 | Info | '/dashboard' | 
13:31:54.369 | Info | '/transaction/getarea' | 
13:31:54.372 | Info | '/transaction/getdonationtypes' | 
13:31:54.374 | Info | '/transaction/getpaymentmethods' | 
13:31:54.377 | Info | '/transaction/getarea' | 
13:31:54.383 | Info | '/transaction/getdonationtypes' | 
13:31:54.386 | Info | '/transaction/getpaymentmethods' | 
13:32:01.306 | Info | '/transaction/getdonordetails' | 
13:32:11.653 | Info | '/transaction/getdonationpurpose' | 
13:32:12.137 | Info | '/transaction/getdonationpurpose' | 
13:32:22.001 | Info | '/transaction/newdonation' | 
13:32:39.705 | Info | '/transaction/getuserpermissions' | 
13:32:39.709 | Info | '/transaction/getuserpermissions' | 
13:32:43.771 | Info | '/api/user/login' | 
13:32:43.910 | Info | '/transaction/getuserpermissions' | 
13:32:43.925 | Info | '/transaction/myprofile' | 
13:32:43.926 | Info | '/transaction/getuserpermissions' | 
13:32:43.932 | Info | '/transaction/myrequests' | 
13:32:43.934 | Info | '/transaction/mycollections' | 
13:32:43.941 | Info | '/transaction/myprofile' | 
13:32:43.945 | Info | '/transaction/myrequests' | 
13:32:43.954 | Info | '/transaction/mycollections' | 
13:32:43.965 | Info | '/transaction/myprofile' | 
13:32:43.977 | Info | '/transaction/myprofile' | 
13:32:46.778 | Info | '/transaction/getarea' | 
13:32:46.780 | Info | '/transaction/getdonationtypes' | 
13:32:46.783 | Info | '/transaction/getpaymentmethods' | 
13:32:46.786 | Info | '/transaction/getarea' | 
13:32:46.788 | Info | '/transaction/getdonationtypes' | 
13:32:46.791 | Info | '/transaction/getpaymentmethods' | 
13:32:49.640 | Info | '/transaction/getdonordetails' | 
13:33:00.355 | Info | '/transaction/getdonationpurpose' | 
13:33:00.771 | Info | '/transaction/getdonationpurpose' | 
13:33:05.193 | Info | '/transaction/newdonation' | 
13:40:04.278 | Info | '/transaction/getuserpermissions' | 
13:40:04.283 | Info | '/transaction/getuserpermissions' | 
13:40:08.684 | Info | '/api/user/login' | 
13:40:08.834 | Info | '/transaction/getuserpermissions' | 
13:40:08.840 | Info | '/transaction/getuserpermissions' | 
13:40:08.907 | Info | '/transaction/myprofile' | 
13:40:08.912 | Info | '/transaction/mycollections' | 
13:40:08.910 | Info | '/transaction/myrequests' | 
13:40:08.925 | Info | '/transaction/myprofile' | 
13:40:08.931 | Info | '/transaction/myrequests' | 
13:40:08.939 | Info | '/transaction/mycollections' | 
13:40:08.941 | Info | '/transaction/myprofile' | 
13:40:08.949 | Info | '/transaction/myprofile' | 
13:40:11.172 | Info | '/transaction/getarea' | 
13:40:11.174 | Info | '/transaction/getdonationtypes' | 
13:40:11.176 | Info | '/transaction/getpaymentmethods' | 
13:40:11.181 | Info | '/transaction/getarea' | 
13:40:11.186 | Info | '/transaction/getdonationtypes' | 
13:40:11.188 | Info | '/transaction/getpaymentmethods' | 
13:40:21.803 | Info | '/transaction/getdonationpurpose' | 
13:40:22.247 | Info | '/transaction/getdonationpurpose' | 
13:40:27.344 | Info | '/transaction/newdonation' | 
13:41:48.341 | Info | '/transaction/getuserpermissions' | 
13:41:48.345 | Info | '/transaction/getuserpermissions' | 
13:41:52.241 | Info | '/api/user/login' | 
13:41:52.351 | Info | '/transaction/getuserpermissions' | 
13:41:52.358 | Info | '/transaction/getuserpermissions' | 
13:41:52.369 | Info | '/transaction/myprofile' | 
13:41:52.375 | Info | '/transaction/mycollections' | 
13:41:52.377 | Info | '/transaction/myrequests' | 
13:41:52.379 | Info | '/transaction/myprofile' | 
13:41:52.386 | Info | '/transaction/mycollections' | 
13:41:52.388 | Info | '/transaction/myrequests' | 
13:41:52.390 | Info | '/transaction/myprofile' | 
13:41:52.404 | Info | '/transaction/myprofile' | 
13:41:54.582 | Info | '/transaction/getarea' | 
13:41:54.584 | Info | '/transaction/getdonationtypes' | 
13:41:54.586 | Info | '/transaction/getpaymentmethods' | 
13:41:54.594 | Info | '/transaction/getarea' | 
13:41:54.596 | Info | '/transaction/getdonationtypes' | 
13:41:54.607 | Info | '/transaction/getpaymentmethods' | 
13:41:59.617 | Info | '/transaction/getdonordetails' | 
13:42:10.674 | Info | '/transaction/getdonationpurpose' | 
13:42:11.286 | Info | '/transaction/getdonationpurpose' | 
13:42:15.970 | Info | '/transaction/newdonation' | 
13:42:19.777 | Info | '/transaction/getuserpermissions' | 
13:42:19.782 | Info | '/transaction/getuserpermissions' | 
13:42:53.999 | Info | '/api/user/login' | 
13:42:54.131 | Info | '/transaction/getuserpermissions' | 
13:42:54.142 | Info | '/transaction/myprofile' | 
13:42:54.144 | Info | '/transaction/getuserpermissions' | 
13:42:54.149 | Info | '/transaction/myrequests' | 
13:42:54.151 | Info | '/transaction/mycollections' | 
13:42:54.153 | Info | '/transaction/myprofile' | 
13:42:54.161 | Info | '/transaction/myrequests' | 
13:42:54.164 | Info | '/transaction/myprofile' | 
13:42:54.167 | Info | '/transaction/mycollections' | 
13:42:54.179 | Info | '/transaction/myprofile' | 
13:42:55.866 | Info | '/transaction/getarea' | 
13:42:55.868 | Info | '/transaction/getdonationtypes' | 
13:42:55.871 | Info | '/transaction/getpaymentmethods' | 
13:42:55.873 | Info | '/transaction/getarea' | 
13:42:55.876 | Info | '/transaction/getdonationtypes' | 
13:42:55.879 | Info | '/transaction/getpaymentmethods' | 
13:42:58.634 | Info | '/transaction/getdonordetails' | 
13:43:08.105 | Info | '/transaction/getdonationpurpose' | 
13:43:08.504 | Info | '/transaction/getdonationpurpose' | 
13:43:12.648 | Info | '/transaction/newdonation' | 
13:46:55.734 | Info | '/transaction/getuserpermissions' | 
13:46:55.739 | Info | '/transaction/getuserpermissions' | 
13:47:02.033 | Info | '/api/user/login' | 
13:47:02.175 | Info | '/transaction/getuserpermissions' | 
13:47:02.184 | Info | '/transaction/getuserpermissions' | 
13:47:02.192 | Info | '/transaction/myprofile' | 
13:47:02.200 | Info | '/transaction/myprofile' | 
13:47:02.206 | Info | '/transaction/myrequests' | 
13:47:02.213 | Info | '/transaction/mycollections' | 
13:47:02.215 | Info | '/transaction/myprofile' | 
13:47:02.218 | Info | '/transaction/myrequests' | 
13:47:02.226 | Info | '/transaction/mycollections' | 
13:47:02.228 | Info | '/transaction/myprofile' | 
13:47:03.890 | Info | '/transaction/getarea' | 
13:47:03.896 | Info | '/transaction/getdonationtypes' | 
13:47:03.898 | Info | '/transaction/getpaymentmethods' | 
13:47:03.900 | Info | '/transaction/getarea' | 
13:47:03.905 | Info | '/transaction/getdonationtypes' | 
13:47:03.908 | Info | '/transaction/getpaymentmethods' | 
13:47:07.743 | Info | '/transaction/getdonordetails' | 
13:47:17.066 | Info | '/transaction/getdonationpurpose' | 
13:47:17.507 | Info | '/transaction/getdonationpurpose' | 
13:47:21.978 | Info | '/transaction/newdonation' | 
13:48:21.607 | Info | '/transaction/getuserpermissions' | 
13:48:21.617 | Info | '/transaction/getuserpermissions' | 
13:48:25.547 | Info | '/api/user/login' | 
13:48:25.668 | Info | '/transaction/getuserpermissions' | 
13:48:25.677 | Info | '/transaction/getuserpermissions' | 
13:48:25.692 | Info | '/transaction/myprofile' | 
13:48:25.693 | Info | '/transaction/mycollections' | 
13:48:25.696 | Info | '/transaction/myrequests' | 
13:48:25.704 | Info | '/transaction/myprofile' | 
13:48:25.707 | Info | '/transaction/myrequests' | 
13:48:25.711 | Info | '/transaction/mycollections' | 
13:48:25.715 | Info | '/transaction/myprofile' | 
13:48:25.723 | Info | '/transaction/myprofile' | 
13:48:26.941 | Info | '/dashboard' | 
13:48:26.954 | Info | '/dashboard' | 
13:48:28.217 | Info | '/transaction/getarea' | 
13:48:28.219 | Info | '/transaction/getdonationtypes' | 
13:48:28.221 | Info | '/transaction/getpaymentmethods' | 
13:48:28.225 | Info | '/transaction/getarea' | 
13:48:28.230 | Info | '/transaction/getdonationtypes' | 
13:48:28.233 | Info | '/transaction/getpaymentmethods' | 
13:48:32.393 | Info | '/transaction/getdonordetails' | 
13:48:37.882 | Info | '/transaction/getdonationpurpose' | 
13:48:38.269 | Info | '/transaction/getdonationpurpose' | 
13:48:45.448 | Info | '/transaction/newdonation' | 
13:49:34.949 | Info | '/transaction/getuserpermissions' | 
13:49:34.953 | Info | '/transaction/getuserpermissions' | 
13:49:39.165 | Info | '/api/user/login' | 
13:49:39.291 | Info | '/transaction/getuserpermissions' | 
13:49:39.301 | Info | '/transaction/getuserpermissions' | 
13:49:39.308 | Info | '/transaction/myprofile' | 
13:49:39.313 | Info | '/transaction/myrequests' | 
13:49:39.315 | Info | '/transaction/mycollections' | 
13:49:39.317 | Info | '/transaction/myprofile' | 
13:49:39.329 | Info | '/transaction/myrequests' | 
13:49:39.333 | Info | '/transaction/myprofile' | 
13:49:39.341 | Info | '/transaction/mycollections' | 
13:49:39.351 | Info | '/transaction/myprofile' | 
13:49:40.938 | Info | '/transaction/getarea' | 
13:49:40.940 | Info | '/transaction/getdonationtypes' | 
13:49:40.942 | Info | '/transaction/getpaymentmethods' | 
13:49:40.945 | Info | '/transaction/getarea' | 
13:49:40.949 | Info | '/transaction/getdonationtypes' | 
13:49:40.950 | Info | '/transaction/getpaymentmethods' | 
13:49:49.565 | Info | '/transaction/getdonationpurpose' | 
13:49:50.078 | Info | '/transaction/getdonationpurpose' | 
13:49:54.291 | Info | '/transaction/newdonation' | 
13:54:03.888 | Info | '/transaction/getuserpermissions' | 
13:54:03.892 | Info | '/transaction/getuserpermissions' | 
13:54:08.641 | Info | '/api/user/login' | 
13:54:08.804 | Info | '/transaction/getuserpermissions' | 
13:54:08.821 | Info | '/transaction/getuserpermissions' | 
13:54:08.823 | Info | '/transaction/myprofile' | 
13:54:08.832 | Info | '/transaction/myrequests' | 
13:54:08.834 | Info | '/transaction/mycollections' | 
13:54:08.838 | Info | '/transaction/myprofile' | 
13:54:08.845 | Info | '/transaction/myrequests' | 
13:54:08.850 | Info | '/transaction/myprofile' | 
13:54:08.853 | Info | '/transaction/mycollections' | 
13:54:08.866 | Info | '/transaction/myprofile' | 
13:54:10.736 | Info | '/transaction/getarea' | 
13:54:10.739 | Info | '/transaction/getdonationtypes' | 
13:54:10.742 | Info | '/transaction/getpaymentmethods' | 
13:54:10.746 | Info | '/transaction/getarea' | 
13:54:10.757 | Info | '/transaction/getdonationtypes' | 
13:54:10.763 | Info | '/transaction/getpaymentmethods' | 
13:54:16.355 | Info | '/transaction/getdonordetails' | 
13:54:27.235 | Info | '/transaction/getdonationpurpose' | 
13:54:27.714 | Info | '/transaction/getdonationpurpose' | 
13:54:33.018 | Info | '/transaction/newdonation' | 
13:55:26.103 | Info | '/transaction/getuserpermissions' | 
13:55:26.109 | Info | '/transaction/getuserpermissions' | 
13:55:33.057 | Info | '/api/user/login' | 
13:55:33.208 | Info | '/transaction/getuserpermissions' | 
13:55:33.207 | Info | '/transaction/myprofile' | 
13:55:33.202 | Info | '/transaction/getuserpermissions' | 
13:55:33.221 | Info | '/transaction/myrequests' | 
13:55:33.223 | Info | '/transaction/myprofile' | 
13:55:33.225 | Info | '/transaction/mycollections' | 
13:55:33.238 | Info | '/transaction/myrequests' | 
13:55:33.240 | Info | '/transaction/myprofile' | 
13:55:33.243 | Info | '/transaction/mycollections' | 
13:55:33.252 | Info | '/transaction/myprofile' | 
13:55:35.936 | Info | '/transaction/getarea' | 
13:55:35.938 | Info | '/transaction/getdonationtypes' | 
13:55:35.939 | Info | '/transaction/getpaymentmethods' | 
13:55:35.970 | Info | '/transaction/getarea' | 
13:55:35.974 | Info | '/transaction/getdonationtypes' | 
13:55:35.975 | Info | '/transaction/getpaymentmethods' | 
13:55:38.624 | Info | '/transaction/getdonordetails' | 
13:55:46.396 | Info | '/transaction/getdonationpurpose' | 
13:55:47.139 | Info | '/transaction/getdonationpurpose' | 
13:55:52.870 | Info | '/transaction/newdonation' | 
15:26:38.786 | Info | '/api/user/login' | 
15:26:38.939 | Info | '/transaction/getuserpermissions' | 
15:26:38.953 | Info | '/transaction/getuserpermissions' | 
15:26:38.955 | Info | '/transaction/myprofile' | 
15:26:38.957 | Info | '/transaction/myrequests' | 
15:26:38.960 | Info | '/transaction/mycollections' | 
15:26:38.967 | Info | '/transaction/myprofile' | 
15:26:38.969 | Info | '/transaction/myrequests' | 
15:26:38.973 | Info | '/transaction/mycollections' | 
15:26:38.976 | Info | '/transaction/myprofile' | 
15:26:38.986 | Info | '/transaction/myprofile' | 
15:26:49.919 | Info | '/transaction/getcollection' | 
15:26:50.019 | Info | '/transaction/getcollection' | 
15:26:55.444 | Info | '/transaction/getcollection' | 
15:26:58.769 | Info | '/transaction/getcollection' | 
15:27:20.500 | Info | '/api/user/login' | 
15:27:20.654 | Info | '/transaction/getuserpermissions' | 
15:27:20.661 | Info | '/transaction/myprofile' | 
15:27:20.663 | Info | '/transaction/getuserpermissions' | 
15:27:20.669 | Info | '/transaction/myrequests' | 
15:27:20.672 | Info | '/transaction/mycollections' | 
15:27:20.674 | Info | '/transaction/myprofile' | 
15:27:20.682 | Info | '/transaction/myrequests' | 
15:27:20.684 | Info | '/transaction/mycollections' | 
15:27:20.687 | Info | '/transaction/myprofile' | 
15:27:20.698 | Info | '/transaction/myprofile' | 
15:27:27.795 | Info | '/transaction/getcollection' | 
15:27:27.799 | Info | '/transaction/getcollection' | 
15:27:29.830 | Info | '/transaction/getcollection' | 
15:27:34.089 | Info | '/transaction/getcollection' | 
15:27:39.262 | Info | '/transaction/getcollection' | 
15:27:40.630 | Info | '/transaction/getcollection' | 
15:27:48.989 | Info | '/transaction/getcollection' | 
15:29:52.047 | Info | '/transaction/getcollection' | 
16:07:34.491 | Info | '/dashboard' | 
16:07:37.682 | Info | '/dashboard' | 
16:07:42.864 | Info | '/transaction/myprofile' | 
16:07:42.940 | Info | '/transaction/myrequests' | 
16:07:43.122 | Info | '/transaction/mycollections' | 
16:07:43.184 | Info | '/transaction/myprofile' | 
16:07:43.193 | Info | '/transaction/myrequests' | 
16:07:43.196 | Info | '/transaction/myprofile' | 
16:07:43.270 | Info | '/transaction/myprofile' | 
16:07:43.272 | Info | '/transaction/mycollections' | 
16:07:43.381 | Info | '/dashboard' | 
16:07:43.393 | Info | '/dashboard' | 
16:08:12.454 | Info | '/transaction/myprofile' | 
16:08:12.458 | Info | '/transaction/myrequests' | 
16:08:12.461 | Info | '/transaction/mycollections' | 
16:08:12.463 | Info | '/transaction/myprofile' | 
16:08:12.475 | Info | '/transaction/mycollections' | 
16:08:12.473 | Info | '/transaction/myrequests' | 
16:08:12.477 | Info | '/transaction/myprofile' | 
16:08:12.501 | Info | '/transaction/myprofile' | 
16:08:12.913 | Info | '/dashboard' | 
16:08:12.922 | Info | '/dashboard' | 
16:08:20.336 | Info | '/transaction/myprofile' | 
16:08:20.339 | Info | '/transaction/myrequests' | 
16:08:20.344 | Info | '/transaction/mycollections' | 
16:08:20.347 | Info | '/transaction/myprofile' | 
16:08:20.349 | Info | '/transaction/myrequests' | 
16:08:20.354 | Info | '/transaction/myprofile' | 
16:08:20.360 | Info | '/transaction/myprofile' | 
16:08:20.388 | Info | '/transaction/mycollections' | 
16:08:37.463 | Info | '/dashboard' | 
16:08:37.472 | Info | '/dashboard' | 
16:08:40.444 | Info | '/transaction/getrequests' | 
16:08:40.451 | Info | '/transaction/getrequests' | 
16:08:42.903 | Info | '/transaction/getsettlementrequest' | 
16:08:44.118 | Info | '/transaction/getsettlementrequest' | 
