16:01:45.115 | Info | '/api/user/login' | 
16:01:47.961 | Info | '/transaction/getuserpermissions' | 
16:01:48.029 | Info | '/transaction/myrequests' | 
16:01:48.474 | Info | '/transaction/mycollections' | 
16:01:48.572 | Info | '/transaction/myprofile' | 
16:01:49.195 | Info | '/transaction/getuserpermissions' | 
16:01:49.262 | Info | '/transaction/myrequests' | 
16:01:49.371 | Info | '/transaction/myprofile' | 
16:01:49.375 | Info | '/transaction/myprofile' | 
16:01:49.379 | Info | '/transaction/myprofile' | 
16:01:49.398 | Info | '/transaction/mycollections' | 
16:01:53.353 | Info | '/transaction/getuserpermissions' | 
16:01:53.356 | Info | '/transaction/getuserpermissions' | 
16:01:56.936 | Info | '/api/user/login' | 
16:01:57.138 | Info | '/transaction/getuserpermissions' | 
16:01:57.155 | Info | '/transaction/myprofile' | 
16:01:57.158 | Info | '/transaction/myrequests' | 
16:01:57.160 | Info | '/transaction/getuserpermissions' | 
16:01:57.165 | Info | '/transaction/mycollections' | 
16:01:57.190 | Info | '/transaction/myprofile' | 
16:01:57.192 | Info | '/transaction/myrequests' | 
16:01:57.196 | Info | '/transaction/mycollections' | 
16:01:57.346 | Info | '/transaction/myprofile' | 
16:01:57.354 | Info | '/transaction/myprofile' | 
16:01:59.542 | Info | '/transaction/getcollection' | 
16:01:59.819 | Info | '/transaction/getcollection' | 
16:02:03.165 | Info | '/transaction/getcollection' | 
16:05:49.137 | Info | '/api/user/login' | 
16:05:49.269 | Info | '/transaction/getuserpermissions' | 
16:05:49.276 | Info | '/transaction/myprofile' | 
16:05:49.280 | Info | '/transaction/getuserpermissions' | 
16:05:49.287 | Info | '/transaction/myrequests' | 
16:05:49.289 | Info | '/transaction/mycollections' | 
16:05:49.291 | Info | '/transaction/myprofile' | 
16:05:49.385 | Info | '/transaction/myrequests' | 
16:05:49.388 | Info | '/transaction/mycollections' | 
16:05:49.390 | Info | '/transaction/myprofile' | 
16:05:49.398 | Info | '/transaction/myprofile' | 
16:06:10.510 | Info | '/transaction/getcollection' | 
16:06:10.514 | Info | '/transaction/getcollection' | 
16:06:13.205 | Info | '/transaction/getcollection' | 
16:06:15.733 | Info | '/transaction/postcollection' | 
16:06:41.379 | Info | '/dashboard' | 
16:06:41.867 | Info | '/dashboard' | 
16:06:44.491 | Info | '/transaction/getalldonations' | 
16:06:44.506 | Info | '/transaction/getalldonations' | 
16:07:10.128 | Info | '/transaction/getrequests' | 
16:07:10.186 | Info | '/transaction/getrequests' | 
16:07:34.157 | Info | '/transaction/getsettlementrequest' | 
16:07:34.482 | Info | '/transaction/getsettlementrequest' | 
16:07:37.071 | Info | '/transaction/getrequests' | 
16:07:37.075 | Info | '/transaction/getrequests' | 
16:08:09.434 | Info | '/transaction/getsettlementrequest' | 
16:08:09.452 | Info | '/transaction/getsettlementrequest' | 
16:08:11.263 | Info | '/transaction/getrequests' | 
16:08:11.275 | Info | '/transaction/getrequests' | 
16:08:17.292 | Info | '/dashboard' | 
16:08:17.304 | Info | '/dashboard' | 
16:08:20.835 | Info | '/transaction/getuserroles' | 
16:08:20.860 | Info | '/transaction/getpermissions' | 
16:08:20.865 | Info | '/transaction/getuserroles' | 
16:08:20.985 | Info | '/transaction/getpermissions' | 
16:08:21.622 | Info | '/transaction/getuserroles' | 
16:08:21.643 | Info | '/transaction/getuserroles' | 
16:08:21.645 | Info | '/transaction/getchannel' | 
16:08:21.654 | Info | '/transaction/getusers' | 
16:08:21.685 | Info | '/transaction/getchannel' | 
16:08:21.687 | Info | '/transaction/getcenters' | 
16:08:21.734 | Info | '/transaction/getusers' | 
16:08:21.739 | Info | '/transaction/getcenters' | 
16:08:22.796 | Info | '/transaction/getchannel' | 
16:08:22.801 | Info | '/transaction/getchannel' | 
16:08:23.918 | Info | '/transaction/getarea' | 
16:08:23.956 | Info | '/transaction/getarea' | 
16:08:24.804 | Info | '/transaction/getdonationtypes' | 
16:08:24.938 | Info | '/transaction/getdonationtypes' | 
16:08:25.519 | Info | '/transaction/getdonationmethods' | 
16:08:25.560 | Info | '/transaction/getdonationmethods' | 
16:08:26.037 | Info | '/transaction/getarea' | 
16:08:26.086 | Info | '/transaction/getdonationpurpose' | 
16:08:26.129 | Info | '/transaction/getarea' | 
16:08:26.293 | Info | '/transaction/getdonationpurpose' | 
16:11:11.305 | Info | '/transaction/getrequests' | 
16:11:11.310 | Info | '/transaction/getrequests' | 
16:11:14.005 | Info | '/transaction/getcollection' | 
16:11:14.010 | Info | '/transaction/getcollection' | 
16:11:15.727 | Info | '/transaction/getalldonations' | 
16:11:15.741 | Info | '/transaction/getalldonations' | 
16:11:17.381 | Info | '/transaction/getarea' | 
16:11:17.382 | Info | '/transaction/getdonationtypes' | 
16:11:17.387 | Info | '/transaction/getarea' | 
16:11:17.391 | Info | '/transaction/getdonationtypes' | 
16:11:17.409 | Info | '/transaction/getpaymentmethods' | 
16:11:17.479 | Info | '/transaction/getpaymentmethods' | 
16:11:21.431 | Info | '/transaction/getchannel' | 
16:11:21.432 | Info | '/transaction/getcenters' | 
16:11:21.434 | Info | '/transaction/getuserroles' | 
16:11:21.437 | Info | '/transaction/getusers' | 
16:11:21.443 | Info | '/transaction/getchannel' | 
16:11:21.449 | Info | '/transaction/getcenters' | 
16:11:21.451 | Info | '/transaction/getuserroles' | 
16:11:21.452 | Info | '/transaction/getusers' | 
16:19:49.377 | Info | '/transaction/getuserpermissions' | 
16:19:49.394 | Info | '/transaction/getuserpermissions' | 
16:19:52.314 | Info | '/api/user/login' | 
16:19:52.868 | Info | '/transaction/getuserpermissions' | 
16:19:52.910 | Info | '/transaction/myprofile' | 
16:19:53.143 | Info | '/transaction/myrequests' | 
16:19:53.193 | Info | '/transaction/mycollections' | 
16:19:53.213 | Info | '/transaction/getuserpermissions' | 
16:19:53.221 | Info | '/transaction/myprofile' | 
16:19:53.230 | Info | '/transaction/myprofile' | 
16:19:53.237 | Info | '/transaction/myrequests' | 
16:19:53.242 | Info | '/transaction/mycollections' | 
16:19:53.243 | Info | '/transaction/myprofile' | 
16:19:56.277 | Info | '/transaction/getdonationpurpose' | 
16:19:56.282 | Info | '/transaction/getarea' | 
16:19:56.289 | Info | '/transaction/getprojects' | 
16:19:56.488 | Info | '/transaction/getdonationpurpose' | 
16:19:56.490 | Info | '/transaction/getarea' | 
16:19:57.499 | Info | '/transaction/getprojects' | 
