14:51:26.985 | Info | '/rest/91/71u8awaeb2pm2m45/crm.lead.add.json' | 
14:51:28.566 | Info | '"message"' | 
14:51:28.567 | Info | '{"API_USER_ID":"alkhidmatweb","PARAMS":{"FIELDS":{"TITLE":"New lead","NAME":"John","EMAIL":[{"VALUE":"mail@example.com","VALUE_TYPE":"WORK"}],"PHONE":[{"VALUE":"555888","VALUE_TYPE":"WORK"}],"UF_CRM_1605363046":"137","UF_CRM_1606121338":"87","UF_CRM_1606121569":"93","UF_CRM_1614769815948":"2","UF_CRM_1614834920":"Hello","OPPORTUNITY":"2000","ADDRESS":"Hey","UF_CRM_1614841133":"Regular"}},"PUNCH_DATE":"5/4/2021","DONATION_REF_NUM":"4D0421179","NAME":"John","EMAIL":"mail@example.com","PHONE":"555888","AMOUNT":"2000","METHOD_ID":"93","TYPE_ID":"87","PURPOSE_ID":"137","QUANTITY":"2","PKG":"Hello","FREQUENCY":"Regular","ADDRESS":"Hey"}' | 
14:52:42.798 | Info | '/rest/91/71u8awaeb2pm2m45/crm.lead.add.json' | 
14:52:43.033 | Info | '"message"' | 
14:52:43.033 | Info | '{"API_USER_ID":"alkhidmatweb","PARAMS":{"FIELDS":{"TITLE":"New lead","NAME":"John","EMAIL":[{"VALUE":"mail@example.com","VALUE_TYPE":"WORK"}],"PHONE":[{"VALUE":"555888","VALUE_TYPE":"WORK"}],"UF_CRM_1605363046":"137","UF_CRM_1606121338":"87","UF_CRM_1606121569":"91","UF_CRM_1614769815948":"2","UF_CRM_1614834920":"Hello","OPPORTUNITY":"2000","ADDRESS":"Hey","UF_CRM_1614841133":"Regular"}},"PUNCH_DATE":"5/4/2021","DONATION_REF_NUM":"4D0421181","NAME":"John","EMAIL":"mail@example.com","PHONE":"555888","AMOUNT":"2000","METHOD_ID":"91","TYPE_ID":"87","PURPOSE_ID":"137","QUANTITY":"2","PKG":"Hello","FREQUENCY":"Regular","ADDRESS":"Hey"}' | 
15:04:46.018 | Info | '/rest/91/71u8awaeb2pm2m45/crm.lead.add.json' | 
15:04:46.499 | Info | '"message"' | 
15:04:46.500 | Info | '{"API_USER_ID":"alkhidmatweb","PARAMS":{"FIELDS":{"TITLE":"New lead","NAME":"John","EMAIL":[{"VALUE":"mail@example.com","VALUE_TYPE":"WORK"}],"PHONE":[{"VALUE":"555888","VALUE_TYPE":"WORK"}],"UF_CRM_1605363046":"137","UF_CRM_1606121338":"87","UF_CRM_1606121569":"91","UF_CRM_1614769815948":"2","UF_CRM_1614834920":"Hello","OPPORTUNITY":"2000","ADDRESS":"Hey","UF_CRM_1614841133":"Regular"}},"PUNCH_DATE":"5/4/2021","DONATION_REF_NUM":"4D0421183","NAME":"John","EMAIL":"mail@example.com","PHONE":"555888","AMOUNT":"2000","METHOD_ID":"91","TYPE_ID":"87","PURPOSE_ID":"137","QUANTITY":"2","PKG":"Hello","FREQUENCY":"Regular","ADDRESS":"Hey"}' | 
15:05:30.485 | Info | '/rest/91/71u8awaeb2pm2m45/crm.lead.add.json' | 
15:05:30.610 | Info | '"message"' | 
15:05:30.611 | Info | '{"API_USER_ID":"alkhidmatweb","PARAMS":{"FIELDS":{"TITLE":"New lead","NAME":"John","EMAIL":[{"VALUE":"mail@example.com","VALUE_TYPE":"WORK"}],"PHONE":[{"VALUE":"555888","VALUE_TYPE":"WORK"}],"UF_CRM_1605363046":"426","UF_CRM_1606121338":"87","UF_CRM_1606121569":"91","UF_CRM_1614769815948":"2","UF_CRM_1614834920":"Hello","OPPORTUNITY":"2000","ADDRESS":"Hey","UF_CRM_1614841133":"Regular"}},"PUNCH_DATE":"5/4/2021","DONATION_REF_NUM":"4D0421185","NAME":"John","EMAIL":"mail@example.com","PHONE":"555888","AMOUNT":"2000","METHOD_ID":"91","TYPE_ID":"87","PURPOSE_ID":"426","QUANTITY":"2","PKG":"Hello","FREQUENCY":"Regular","ADDRESS":"Hey"}' | 
15:10:36.558 | Info | '/rest/91/71u8awaeb2pm2m45/crm.lead.add.json' | 
15:10:37.156 | Info | '"message"' | 
15:10:37.159 | Info | '{"API_USER_ID":"alkhidmatweb","PARAMS":{"FIELDS":{"TITLE":"New lead","NAME":"John","EMAIL":[{"VALUE":"mail@example.com","VALUE_TYPE":"WORK"}],"PHONE":[{"VALUE":"555888","VALUE_TYPE":"WORK"}],"UF_CRM_1605363046":"426","UF_CRM_1606121338":"87","UF_CRM_1606121569":"91","UF_CRM_1614769815948":"2","UF_CRM_1614834920":"Hello","OPPORTUNITY":"2000","ADDRESS":"Hey","UF_CRM_1614841133":"Regular"}},"PUNCH_DATE":"5/4/2021","DONATION_REF_NUM":"4D0421187","NAME":"John","EMAIL":"mail@example.com","PHONE":"555888","AMOUNT":"2000","METHOD_ID":"91","TYPE_ID":"87","PURPOSE_ID":"426","QUANTITY":"2","PKG":"Hello","FREQUENCY":"Regular","ADDRESS":"Hey"}' | 
15:41:50.677 | Info | '/rest/91/71u8awaeb2pm2m45/crm.lead.add.json' | 
15:41:51.378 | Info | '"message"' | 
15:41:51.379 | Info | '{"API_USER_ID":"alkhidmatweb","PARAMS":{"FIELDS":{"TITLE":"New lead","NAME":"John","EMAIL":[{"VALUE":"mail@example.com","VALUE_TYPE":"WORK"}],"PHONE":[{"VALUE":"555888","VALUE_TYPE":"WORK"}],"UF_CRM_1605363046":"426","UF_CRM_1606121338":"87","UF_CRM_1606121569":"91","UF_CRM_1614769815948":"2","UF_CRM_1614834920":"Hello","OPPORTUNITY":"2000","ADDRESS":"Hey","UF_CRM_1614841133":"Regular"}},"PUNCH_DATE":"5/4/2021","DONATION_REF_NUM":"4D0421189","SOURCE":"5","NAME":"John","EMAIL":"mail@example.com","PHONE":"555888","AMOUNT":"2000","METHOD_ID":"91","TYPE_ID":"87","PURPOSE_ID":"426","QUANTITY":"2","PKG":"Hello","FREQUENCY":"Regular","ADDRESS":"Hey"}' | 
15:44:38.237 | Info | '/rest/91/71u8awaeb2pm2m45/crm.lead.add.json' | 
15:44:38.805 | Info | '"message"' | 
15:44:38.807 | Info | '{"API_USER_ID":"alkhidmatweb","PARAMS":{"FIELDS":{"TITLE":"New lead","NAME":"John","EMAIL":[{"VALUE":"mail@example.com","VALUE_TYPE":"WORK"}],"PHONE":[{"VALUE":"555888","VALUE_TYPE":"WORK"}],"UF_CRM_1605363046":"426","UF_CRM_1606121338":"87","UF_CRM_1606121569":"91","UF_CRM_1614769815948":"2","UF_CRM_1614834920":"Hello","OPPORTUNITY":"2000","ADDRESS":"Hey","UF_CRM_1614841133":"Regular"}},"PUNCH_DATE":"5/4/2021","DONATION_REF_NUM":"4D0421191","CENTER_ID":"4","SOURCE":"5","NAME":"John","EMAIL":"mail@example.com","PHONE":"555888","AMOUNT":"2000","METHOD_ID":"91","TYPE_ID":"87","PURPOSE_ID":"426","QUANTITY":"2","PKG":"Hello","FREQUENCY":"Regular","ADDRESS":"Hey"}' | 
15:44:40.051 | Info | '/rest/91/71u8awaeb2pm2m45/crm.lead.add.json' | 
15:44:40.415 | Info | '"message"' | 
15:44:40.416 | Info | '{"API_USER_ID":"alkhidmatweb","PARAMS":{"FIELDS":{"TITLE":"New lead","NAME":"John","EMAIL":[{"VALUE":"mail@example.com","VALUE_TYPE":"WORK"}],"PHONE":[{"VALUE":"555888","VALUE_TYPE":"WORK"}],"UF_CRM_1605363046":"426","UF_CRM_1606121338":"87","UF_CRM_1606121569":"91","UF_CRM_1614769815948":"2","UF_CRM_1614834920":"Hello","OPPORTUNITY":"2000","ADDRESS":"Hey","UF_CRM_1614841133":"Regular"}},"PUNCH_DATE":"5/4/2021","DONATION_REF_NUM":"4D0421193","CENTER_ID":"4","SOURCE":"5","NAME":"John","EMAIL":"mail@example.com","PHONE":"555888","AMOUNT":"2000","METHOD_ID":"91","TYPE_ID":"87","PURPOSE_ID":"426","QUANTITY":"2","PKG":"Hello","FREQUENCY":"Regular","ADDRESS":"Hey"}' | 
16:39:32.929 | Info | '/rest/91/71u8awaeb2pm2m45/crm.lead.add.json' | 
16:39:33.599 | Info | '"message"' | 
16:39:33.600 | Info | '{"API_USER_ID":"alkhidmatweb","PARAMS":{"FIELDS":{"TITLE":"New lead","NAME":"John","EMAIL":[{"VALUE":"mail@example.com","VALUE_TYPE":"WORK"}],"PHONE":[{"VALUE":"555888","VALUE_TYPE":"WORK"}],"UF_CRM_1605363046":"426","UF_CRM_1606121338":"87","UF_CRM_1606121569":"91","UF_CRM_1614769815948":"2","UF_CRM_1614834920":"Hello","OPPORTUNITY":"2000","ADDRESS":"Hey","UF_CRM_1614841133":"Regular"}},"PUNCH_DATE":"5/4/2021","DONATION_REF_NUM":"4D0421195","CENTER_ID":"4","SOURCE":"5","NAME":"John","EMAIL":"mail@example.com","PHONE":"555888","AMOUNT":"2000","METHOD_ID":"91","TYPE_ID":"87","PURPOSE_ID":"426","QUANTITY":"2","PKG":"Hello","FREQUENCY":"Regular","ADDRESS":"Hey"}' | 
