12:59:18.978 | Info | '/api/user/login' | 
12:59:21.989 | Info | '/transaction/getuserpermissions' | 
12:59:22.012 | Info | '/transaction/myprofile' | 
12:59:23.386 | Info | '/transaction/myrequests' | 
12:59:23.611 | Info | '/transaction/mycollections' | 
12:59:23.666 | Info | '/transaction/getuserpermissions' | 
12:59:23.746 | Info | '/transaction/myprofile' | 
12:59:23.764 | Info | '/transaction/myrequests' | 
12:59:23.766 | Info | '/transaction/myprofile' | 
12:59:23.768 | Info | '/transaction/mycollections' | 
12:59:23.779 | Info | '/transaction/myprofile' | 
13:00:37.577 | Info | '/transaction/getdonationtypes' | 
13:00:37.616 | Info | '/transaction/getdonationtypes' | 
13:00:38.041 | Info | '/transaction/getdonationmethods' | 
13:00:38.049 | Info | '/transaction/getdonationmethods' | 
13:00:38.505 | Info | '/transaction/getdonationpurpose' | 
13:00:38.546 | Info | '/transaction/getarea' | 
13:00:38.552 | Info | '/transaction/getarea' | 
13:00:38.754 | Info | '/transaction/getdonationpurpose' | 
13:00:41.519 | Info | '/transaction/getdonationtypes' | 
13:00:41.523 | Info | '/transaction/getdonationtypes' | 
13:00:42.746 | Info | '/transaction/getarea' | 
13:00:42.751 | Info | '/transaction/getarea' | 
13:00:43.614 | Info | '/transaction/getdonationpurpose' | 
13:00:43.615 | Info | '/transaction/getarea' | 
13:00:43.623 | Info | '/transaction/getdonationpurpose' | 
13:00:43.626 | Info | '/transaction/getarea' | 
13:00:54.955 | Info | '/transaction/getcollection' | 
13:00:55.025 | Info | '/transaction/getcollection' | 
13:01:10.985 | Info | '/transaction/getrequests' | 
13:01:11.031 | Info | '/transaction/getrequests' | 
13:01:13.447 | Info | '/transaction/getsettlementrequest' | 
13:01:13.657 | Info | '/transaction/getsettlementrequest' | 
13:01:17.913 | Info | '/transaction/getrequests' | 
13:01:17.920 | Info | '/transaction/getrequests' | 
13:01:19.308 | Info | '/transaction/getcollection' | 
13:01:19.313 | Info | '/transaction/getcollection' | 
13:01:27.966 | Info | '/transaction/getalldonations' | 
13:01:27.988 | Info | '/transaction/getalldonations' | 
13:01:30.930 | Info | '/transaction/getcollection' | 
13:01:30.934 | Info | '/transaction/getcollection' | 
13:01:33.746 | Info | '/transaction/myprofile' | 
13:01:33.748 | Info | '/transaction/myrequests' | 
13:01:33.756 | Info | '/transaction/mycollections' | 
13:01:33.761 | Info | '/transaction/myprofile' | 
13:01:33.765 | Info | '/transaction/myrequests' | 
13:01:33.773 | Info | '/transaction/mycollections' | 
13:01:33.782 | Info | '/transaction/myprofile' | 
13:01:33.793 | Info | '/transaction/myprofile' | 
13:01:37.449 | Info | '/transaction/getcollection' | 
13:01:37.457 | Info | '/transaction/getcollection' | 
13:04:48.530 | Info | '/transaction/getalldonations' | 
13:04:48.552 | Info | '/transaction/getalldonations' | 
13:04:49.681 | Info | '/transaction/getcollection' | 
13:04:49.693 | Info | '/transaction/getcollection' | 
13:06:36.171 | Info | '/api/user/login' | 
13:06:36.559 | Info | '/transaction/getuserpermissions' | 
13:06:36.612 | Info | '/transaction/myprofile' | 
13:06:36.672 | Info | '/transaction/myrequests' | 
13:06:36.696 | Info | '/transaction/mycollections' | 
13:06:36.702 | Info | '/transaction/getuserpermissions' | 
13:06:36.712 | Info | '/transaction/myrequests' | 
13:06:36.727 | Info | '/transaction/myprofile' | 
13:06:36.750 | Info | '/transaction/mycollections' | 
13:06:36.754 | Info | '/transaction/myprofile' | 
13:06:36.776 | Info | '/transaction/myprofile' | 
13:06:45.829 | Info | '/transaction/getcollection' | 
13:06:45.842 | Info | '/transaction/getcollection' | 
13:12:58.391 | Info | '/api/user/login' | 
13:12:58.825 | Info | '/transaction/getuserpermissions' | 
13:12:58.847 | Info | '/transaction/myprofile' | 
13:12:58.910 | Info | '/transaction/myrequests' | 
13:12:58.929 | Info | '/transaction/mycollections' | 
13:12:58.938 | Info | '/transaction/getuserpermissions' | 
13:12:58.960 | Info | '/transaction/myprofile' | 
13:12:58.964 | Info | '/transaction/mycollections' | 
13:12:58.966 | Info | '/transaction/myrequests' | 
13:12:58.976 | Info | '/transaction/myprofile' | 
13:12:58.983 | Info | '/transaction/myprofile' | 
13:13:01.962 | Info | '/transaction/getcollection' | 
13:13:01.977 | Info | '/transaction/getcollection' | 
13:13:05.987 | Info | '/transaction/getcollection' | 
13:14:28.697 | Info | '/api/user/login' | 
13:14:29.135 | Info | '/transaction/getuserpermissions' | 
13:14:29.184 | Info | '/transaction/myrequests' | 
13:14:29.288 | Info | '/transaction/myprofile' | 
13:14:29.356 | Info | '/transaction/mycollections' | 
13:14:29.363 | Info | '/transaction/getuserpermissions' | 
13:14:29.376 | Info | '/transaction/myrequests' | 
13:14:29.405 | Info | '/transaction/mycollections' | 
13:14:29.408 | Info | '/transaction/myprofile' | 
13:14:29.426 | Info | '/transaction/myprofile' | 
13:14:29.437 | Info | '/transaction/myprofile' | 
13:14:37.614 | Info | '/transaction/getcollection' | 
13:14:37.649 | Info | '/transaction/getcollection' | 
13:14:39.207 | Info | '/transaction/getcollection' | 
13:14:41.008 | Info | '/transaction/getcollection' | 
13:14:42.283 | Info | '/transaction/getcollection' | 
13:14:43.227 | Info | '/transaction/getcollection' | 
13:15:15.429 | Info | '/api/user/login' | 
13:15:15.554 | Info | '/transaction/getuserpermissions' | 
13:15:15.569 | Info | '/transaction/myprofile' | 
13:15:15.578 | Info | '/transaction/getuserpermissions' | 
13:15:15.614 | Info | '/transaction/myrequests' | 
13:15:15.616 | Info | '/transaction/mycollections' | 
13:15:15.620 | Info | '/transaction/myprofile' | 
13:15:15.630 | Info | '/transaction/myrequests' | 
13:15:15.632 | Info | '/transaction/mycollections' | 
13:15:15.634 | Info | '/transaction/myprofile' | 
13:15:15.644 | Info | '/transaction/myprofile' | 
13:15:18.738 | Info | '/transaction/getcollection' | 
13:15:18.742 | Info | '/transaction/getcollection' | 
13:15:21.188 | Info | '/transaction/getcollection' | 
13:15:22.929 | Info | '/transaction/getcollection' | 
13:15:24.120 | Info | '/transaction/getcollection' | 
13:15:25.140 | Info | '/transaction/getcollection' | 
13:16:47.111 | Info | '/transaction/getcollection' | 
13:16:48.725 | Info | '/transaction/getcollection' | 
13:16:50.941 | Info | '/transaction/getcollection' | 
13:16:52.110 | Info | '/transaction/getcollection' | 
13:18:27.759 | Info | '/api/user/login' | 
13:18:27.920 | Info | '/transaction/getuserpermissions' | 
13:18:27.925 | Info | '/transaction/myprofile' | 
13:18:27.927 | Info | '/transaction/myrequests' | 
13:18:27.980 | Info | '/transaction/mycollections' | 
13:18:27.994 | Info | '/transaction/getuserpermissions' | 
13:18:27.998 | Info | '/transaction/myprofile' | 
13:18:28.000 | Info | '/transaction/myrequests' | 
13:18:28.013 | Info | '/transaction/mycollections' | 
13:18:28.015 | Info | '/transaction/myprofile' | 
13:18:28.022 | Info | '/transaction/myprofile' | 
13:20:30.472 | Info | '/dashboard' | 
13:20:30.498 | Info | '/dashboard' | 
13:20:33.962 | Info | '/transaction/getarea' | 
13:20:33.966 | Info | '/transaction/getdonationtypes' | 
13:20:33.975 | Info | '/transaction/getarea' | 
13:20:33.978 | Info | '/transaction/getdonationtypes' | 
13:20:33.984 | Info | '/transaction/getpaymentmethods' | 
13:20:33.992 | Info | '/transaction/getpaymentmethods' | 
13:20:34.852 | Info | '/transaction/getalldonations' | 
13:20:34.869 | Info | '/transaction/getalldonations' | 
13:20:39.314 | Info | '/transaction/getcollection' | 
13:20:39.320 | Info | '/transaction/getcollection' | 
13:20:56.709 | Info | '/transaction/getrequests' | 
13:20:56.734 | Info | '/transaction/getrequests' | 
13:21:56.298 | Info | '/transaction/getsettlementrequest' | 
13:21:56.611 | Info | '/transaction/getsettlementrequest' | 
13:21:57.782 | Info | '/transaction/getrequests' | 
13:21:57.798 | Info | '/transaction/getrequests' | 
13:22:31.686 | Info | '/transaction/getarea' | 
13:22:31.744 | Info | '/transaction/getdonationtypes' | 
13:22:31.754 | Info | '/transaction/getpaymentmethods' | 
13:22:31.761 | Info | '/transaction/getarea' | 
13:22:31.772 | Info | '/transaction/getpaymentmethods' | 
13:22:31.790 | Info | '/transaction/getdonationtypes' | 
13:22:32.103 | Info | '/transaction/getalldonations' | 
13:22:32.132 | Info | '/transaction/getalldonations' | 
13:22:32.510 | Info | '/transaction/getcollection' | 
13:22:32.521 | Info | '/transaction/getcollection' | 
13:22:33.705 | Info | '/transaction/getsettlementrequest' | 
13:22:33.716 | Info | '/transaction/getsettlementrequest' | 
13:22:36.495 | Info | '/transaction/getuserpermissions' | 
13:22:36.501 | Info | '/transaction/getuserpermissions' | 
13:23:07.785 | Info | '/api/user/login' | 
13:23:07.919 | Info | '/transaction/getuserpermissions' | 
13:23:07.934 | Info | '/transaction/myrequests' | 
13:23:07.939 | Info | '/transaction/myprofile' | 
13:23:07.946 | Info | '/transaction/mycollections' | 
13:23:07.967 | Info | '/transaction/getuserpermissions' | 
13:23:07.971 | Info | '/transaction/myrequests' | 
13:23:07.973 | Info | '/transaction/myprofile' | 
13:23:07.993 | Info | '/transaction/myprofile' | 
13:23:07.998 | Info | '/transaction/mycollections' | 
13:23:08.006 | Info | '/transaction/myprofile' | 
13:23:11.065 | Info | '/transaction/getsettlementrequest' | 
13:23:11.076 | Info | '/transaction/getsettlementrequest' | 
13:23:12.952 | Info | '/transaction/getrequests' | 
13:23:12.960 | Info | '/transaction/getrequests' | 
13:42:19.498 | Info | '/transaction/getcollection' | 
13:42:19.512 | Info | '/transaction/getcollection' | 
14:58:40.699 | Info | '/api/user/login' | 
14:58:41.615 | Info | '/transaction/getuserpermissions' | 
14:58:41.853 | Info | '/transaction/myprofile' | 
14:58:42.584 | Info | '/transaction/myrequests' | 
14:58:42.690 | Info | '/transaction/mycollections' | 
14:58:42.717 | Info | '/transaction/getuserpermissions' | 
14:58:42.749 | Info | '/transaction/myrequests' | 
14:58:42.760 | Info | '/transaction/mycollections' | 
14:58:42.769 | Info | '/transaction/myprofile' | 
14:58:42.789 | Info | '/transaction/myprofile' | 
14:58:42.798 | Info | '/transaction/myprofile' | 
14:59:06.274 | Info | '/transaction/getrequests' | 
14:59:06.286 | Info | '/transaction/getrequests' | 
14:59:12.040 | Info | '/transaction/getarea' | 
14:59:12.046 | Info | '/transaction/getdonationtypes' | 
14:59:12.050 | Info | '/transaction/getpaymentmethods' | 
14:59:12.133 | Info | '/transaction/getdonationtypes' | 
14:59:12.135 | Info | '/transaction/getpaymentmethods' | 
14:59:12.137 | Info | '/transaction/getarea' | 
14:59:12.897 | Info | '/transaction/getcollection' | 
14:59:12.916 | Info | '/transaction/getcollection' | 
15:00:25.219 | Info | '/transaction/getcollection' | 
15:09:57.135 | Info | '/api/user/login' | 
15:09:57.623 | Info | '/transaction/getuserpermissions' | 
15:09:57.634 | Info | '/transaction/myprofile' | 
15:09:57.668 | Info | '/transaction/myrequests' | 
15:09:57.703 | Info | '/transaction/mycollections' | 
15:09:57.716 | Info | '/transaction/getuserpermissions' | 
15:09:57.730 | Info | '/transaction/myprofile' | 
15:09:57.733 | Info | '/transaction/myrequests' | 
15:09:57.734 | Info | '/transaction/mycollections' | 
15:09:57.741 | Info | '/transaction/myprofile' | 
15:09:57.746 | Info | '/transaction/myprofile' | 
15:10:05.963 | Info | '/transaction/getcollection' | 
15:10:05.978 | Info | '/transaction/getcollection' | 
15:10:08.454 | Info | '/transaction/getcollection' | 
15:18:31.087 | Info | '/api/user/login' | 
15:18:31.243 | Info | '/transaction/getuserpermissions' | 
15:18:31.249 | Info | '/transaction/myprofile' | 
15:18:31.252 | Info | '/transaction/myrequests' | 
15:18:31.254 | Info | '/transaction/mycollections' | 
15:18:31.264 | Info | '/transaction/getuserpermissions' | 
15:18:31.267 | Info | '/transaction/myprofile' | 
15:18:31.272 | Info | '/transaction/myrequests' | 
15:18:31.282 | Info | '/transaction/mycollections' | 
15:18:31.353 | Info | '/transaction/myprofile' | 
15:18:31.358 | Info | '/transaction/myprofile' | 
15:18:37.013 | Info | '/transaction/getcollection' | 
15:18:37.019 | Info | '/transaction/getcollection' | 
15:18:39.324 | Info | '/transaction/getcollection' | 
15:18:44.475 | Info | '/transaction/postcollection' | 
15:19:07.939 | Info | '/api/user/login' | 
15:19:08.079 | Info | '/transaction/getuserpermissions' | 
15:19:08.087 | Info | '/transaction/myprofile' | 
15:19:08.089 | Info | '/transaction/myrequests' | 
15:19:08.091 | Info | '/transaction/mycollections' | 
15:19:08.109 | Info | '/transaction/myprofile' | 
15:19:08.104 | Info | '/transaction/getuserpermissions' | 
15:19:08.112 | Info | '/transaction/myrequests' | 
15:19:08.114 | Info | '/transaction/mycollections' | 
15:19:08.131 | Info | '/transaction/myprofile' | 
15:19:08.138 | Info | '/transaction/myprofile' | 
15:19:12.608 | Info | '/transaction/getcollection' | 
15:19:12.613 | Info | '/transaction/getcollection' | 
15:19:14.734 | Info | '/transaction/getcollection' | 
15:19:19.432 | Info | '/transaction/postcollection' | 
15:20:08.402 | Info | '/api/user/login' | 
15:20:08.563 | Info | '/transaction/getuserpermissions' | 
15:20:08.578 | Info | '/transaction/getuserpermissions' | 
15:20:08.587 | Info | '/transaction/myprofile' | 
15:20:08.588 | Info | '/transaction/myrequests' | 
15:20:08.590 | Info | '/transaction/mycollections' | 
15:20:08.601 | Info | '/transaction/myprofile' | 
15:20:08.604 | Info | '/transaction/myrequests' | 
15:20:08.605 | Info | '/transaction/mycollections' | 
15:20:08.617 | Info | '/transaction/myprofile' | 
15:20:08.623 | Info | '/transaction/myprofile' | 
15:20:12.447 | Info | '/transaction/getcollection' | 
15:20:12.454 | Info | '/transaction/getcollection' | 
15:20:16.087 | Info | '/transaction/getcollection' | 
15:22:01.551 | Info | '/transaction/getcollection' | 
15:22:04.717 | Info | '/transaction/getcollection' | 
15:22:09.667 | Info | '/transaction/postcollection' | 
15:22:09.771 | Info | '/transaction/getcollection' | 
15:22:17.545 | Info | '/transaction/getcollection' | 
15:22:19.315 | Info | '/transaction/getcollection' | 
15:23:23.947 | Info | '/api/user/login' | 
15:23:24.482 | Info | '/transaction/getuserpermissions' | 
15:23:24.513 | Info | '/transaction/myprofile' | 
15:23:24.578 | Info | '/transaction/myrequests' | 
15:23:24.599 | Info | '/transaction/mycollections' | 
15:23:24.611 | Info | '/transaction/getuserpermissions' | 
15:23:24.633 | Info | '/transaction/myrequests' | 
15:23:24.637 | Info | '/transaction/myprofile' | 
15:23:24.643 | Info | '/transaction/mycollections' | 
15:23:24.652 | Info | '/transaction/myprofile' | 
15:23:24.660 | Info | '/transaction/myprofile' | 
15:23:29.600 | Info | '/transaction/getcollection' | 
15:23:29.612 | Info | '/transaction/getcollection' | 
15:23:31.998 | Info | '/transaction/getcollection' | 
15:23:36.998 | Info | '/transaction/postcollection' | 
15:23:37.527 | Info | '/transaction/getcollection' | 
15:24:39.698 | Info | '/transaction/getcollection' | 
15:24:42.065 | Info | '/transaction/getcollection' | 
15:24:44.712 | Info | '/transaction/getcollection' | 
15:24:54.041 | Info | '/transaction/postcollection' | 
15:24:54.133 | Info | '/transaction/getcollection' | 
15:25:37.960 | Info | '/api/user/login' | 
15:25:38.470 | Info | '/transaction/mycollections' | 
15:25:38.479 | Info | '/transaction/getuserpermissions' | 
15:25:38.484 | Info | '/transaction/myprofile' | 
15:25:38.516 | Info | '/transaction/myrequests' | 
15:25:38.540 | Info | '/transaction/mycollections' | 
15:25:38.566 | Info | '/transaction/myrequests' | 
15:25:38.568 | Info | '/transaction/getuserpermissions' | 
15:25:38.583 | Info | '/transaction/myprofile' | 
15:25:38.593 | Info | '/transaction/myprofile' | 
15:25:38.598 | Info | '/transaction/myprofile' | 
15:25:41.767 | Info | '/transaction/getcollection' | 
15:25:41.780 | Info | '/transaction/getcollection' | 
15:25:43.983 | Info | '/transaction/getcollection' | 
15:25:50.741 | Info | '/transaction/postcollection' | 
15:25:51.041 | Info | '/transaction/getcollection' | 
15:27:09.259 | Info | '/api/user/login' | 
15:27:09.696 | Info | '/transaction/getuserpermissions' | 
15:27:09.711 | Info | '/transaction/myprofile' | 
15:27:09.769 | Info | '/transaction/myrequests' | 
15:27:09.794 | Info | '/transaction/mycollections' | 
15:27:09.806 | Info | '/transaction/getuserpermissions' | 
15:27:09.824 | Info | '/transaction/myprofile' | 
15:27:09.828 | Info | '/transaction/mycollections' | 
15:27:09.831 | Info | '/transaction/myrequests' | 
15:27:09.840 | Info | '/transaction/myprofile' | 
15:27:09.846 | Info | '/transaction/myprofile' | 
15:27:12.155 | Info | '/transaction/getcollection' | 
15:27:12.175 | Info | '/transaction/getcollection' | 
15:27:14.091 | Info | '/transaction/getcollection' | 
15:27:18.450 | Info | '/transaction/postcollection' | 
15:27:18.761 | Info | '/transaction/getcollection' | 
15:27:24.481 | Info | '/transaction/getcollection' | 
15:27:26.755 | Info | '/transaction/getcollection' | 
15:30:16.905 | Info | '/api/user/login' | 
15:30:17.376 | Info | '/transaction/getuserpermissions' | 
15:30:17.395 | Info | '/transaction/myprofile' | 
15:30:17.445 | Info | '/transaction/myrequests' | 
15:30:17.471 | Info | '/transaction/mycollections' | 
15:30:17.478 | Info | '/transaction/getuserpermissions' | 
15:30:17.493 | Info | '/transaction/myrequests' | 
15:30:17.517 | Info | '/transaction/myprofile' | 
15:30:17.538 | Info | '/transaction/mycollections' | 
15:30:17.542 | Info | '/transaction/myprofile' | 
15:30:17.554 | Info | '/transaction/myprofile' | 
15:30:20.339 | Info | '/transaction/getcollection' | 
15:30:20.386 | Info | '/transaction/getcollection' | 
15:30:22.601 | Info | '/transaction/getcollection' | 
15:30:28.035 | Info | '/transaction/postcollection' | 
15:30:28.284 | Info | '/transaction/getcollection' | 
15:30:36.959 | Info | '/transaction/getcollection' | 
15:30:38.249 | Info | '/transaction/getcollection' | 
15:30:53.081 | Info | '/transaction/postcollection' | 
15:30:53.387 | Info | '/transaction/getcollection' | 
15:31:13.150 | Info | '/transaction/getcollection' | 
15:31:14.210 | Info | '/transaction/getcollection' | 
15:31:17.115 | Info | '/transaction/getcollection' | 
15:31:20.172 | Info | '/transaction/getcollection' | 
15:31:23.037 | Info | '/transaction/getcollection' | 
15:31:29.330 | Info | '/transaction/postcollection' | 
15:31:29.617 | Info | '/transaction/getcollection' | 
15:33:44.031 | Info | '/api/user/login' | 
15:33:44.169 | Info | '/transaction/getuserpermissions' | 
15:33:44.191 | Info | '/transaction/myprofile' | 
15:33:44.201 | Info | '/transaction/mycollections' | 
15:33:44.196 | Info | '/transaction/getuserpermissions' | 
15:33:44.199 | Info | '/transaction/myrequests' | 
15:33:44.223 | Info | '/transaction/myprofile' | 
15:33:44.226 | Info | '/transaction/myrequests' | 
15:33:44.228 | Info | '/transaction/mycollections' | 
15:33:44.241 | Info | '/transaction/myprofile' | 
15:33:44.248 | Info | '/transaction/myprofile' | 
15:33:48.254 | Info | '/transaction/getcollection' | 
15:33:48.260 | Info | '/transaction/getcollection' | 
15:33:50.545 | Info | '/transaction/getcollection' | 
15:33:54.248 | Info | '/transaction/postcollection' | 
15:33:54.544 | Info | '/transaction/getcollection' | 
15:34:17.974 | Info | '/transaction/getcollection' | 
15:34:19.150 | Info | '/transaction/getcollection' | 
15:34:36.187 | Info | '/transaction/getcollection' | 
15:35:27.320 | Info | '/transaction/getcollection' | 
15:35:31.746 | Info | '/transaction/postcollection' | 
15:35:32.002 | Info | '/transaction/getcollection' | 
15:41:48.403 | Info | '/transaction/getcollection' | 
15:41:49.297 | Info | '/transaction/getcollection' | 
15:41:53.854 | Info | '/transaction/postcollection' | 
15:42:00.332 | Info | '/transaction/postcollection' | 
15:42:34.949 | Info | '/api/user/login' | 
15:42:35.097 | Info | '/transaction/getuserpermissions' | 
15:42:35.114 | Info | '/transaction/myprofile' | 
15:42:35.119 | Info | '/transaction/myrequests' | 
15:42:35.126 | Info | '/transaction/mycollections' | 
15:42:35.142 | Info | '/transaction/getuserpermissions' | 
15:42:35.167 | Info | '/transaction/myprofile' | 
15:42:35.170 | Info | '/transaction/myrequests' | 
15:42:35.172 | Info | '/transaction/mycollections' | 
15:42:35.183 | Info | '/transaction/myprofile' | 
15:42:35.190 | Info | '/transaction/myprofile' | 
15:42:38.643 | Info | '/transaction/getcollection' | 
15:42:38.650 | Info | '/transaction/getcollection' | 
15:42:40.237 | Info | '/transaction/getcollection' | 
15:42:45.377 | Info | '/transaction/postcollection' | 
15:43:21.664 | Info | '/api/user/login' | 
15:43:21.843 | Info | '/transaction/getuserpermissions' | 
15:43:21.966 | Info | '/transaction/myprofile' | 
15:43:21.971 | Info | '/transaction/myrequests' | 
15:43:21.972 | Info | '/transaction/getuserpermissions' | 
15:43:21.974 | Info | '/transaction/mycollections' | 
15:43:21.982 | Info | '/transaction/myprofile' | 
15:43:21.985 | Info | '/transaction/myrequests' | 
15:43:21.986 | Info | '/transaction/mycollections' | 
15:43:21.994 | Info | '/transaction/myprofile' | 
15:43:21.998 | Info | '/transaction/myprofile' | 
15:43:24.909 | Info | '/transaction/getcollection' | 
15:43:25.012 | Info | '/transaction/getcollection' | 
15:43:28.080 | Info | '/transaction/getcollection' | 
15:43:32.939 | Info | '/transaction/postcollection' | 
15:45:19.846 | Info | '/api/user/login' | 
15:45:20.057 | Info | '/transaction/getuserpermissions' | 
15:45:20.063 | Info | '/transaction/myprofile' | 
15:45:20.080 | Info | '/transaction/mycollections' | 
15:45:20.083 | Info | '/transaction/myrequests' | 
15:45:20.103 | Info | '/transaction/getuserpermissions' | 
15:45:20.105 | Info | '/transaction/myprofile' | 
15:45:20.108 | Info | '/transaction/mycollections' | 
15:45:20.113 | Info | '/transaction/myrequests' | 
15:45:20.133 | Info | '/transaction/myprofile' | 
15:45:20.140 | Info | '/transaction/myprofile' | 
15:45:23.613 | Info | '/transaction/getcollection' | 
15:45:23.621 | Info | '/transaction/getcollection' | 
15:45:25.989 | Info | '/transaction/getcollection' | 
15:45:29.759 | Info | '/transaction/postcollection' | 
15:45:56.442 | Info | '/api/user/login' | 
15:45:56.614 | Info | '/transaction/getuserpermissions' | 
15:45:56.646 | Info | '/transaction/myprofile' | 
15:45:56.653 | Info | '/transaction/myrequests' | 
15:45:56.661 | Info | '/transaction/mycollections' | 
15:45:56.664 | Info | '/transaction/getuserpermissions' | 
15:45:56.696 | Info | '/transaction/myprofile' | 
15:45:56.699 | Info | '/transaction/myrequests' | 
15:45:56.702 | Info | '/transaction/mycollections' | 
15:45:56.719 | Info | '/transaction/myprofile' | 
15:45:56.735 | Info | '/transaction/myprofile' | 
15:45:59.389 | Info | '/transaction/getalldonations' | 
15:45:59.434 | Info | '/transaction/getalldonations' | 
15:46:00.055 | Info | '/transaction/getcollection' | 
15:46:00.062 | Info | '/transaction/getcollection' | 
15:46:02.168 | Info | '/transaction/getcollection' | 
15:46:05.630 | Info | '/transaction/postcollection' | 
15:46:27.268 | Info | '/transaction/getcollection' | 
15:46:27.274 | Info | '/transaction/getcollection' | 
15:46:27.279 | Info | '/transaction/getcollection' | 
15:46:27.284 | Info | '/transaction/getcollection' | 
15:47:23.989 | Info | '/api/user/login' | 
15:47:24.173 | Info | '/transaction/getuserpermissions' | 
15:47:24.197 | Info | '/transaction/myrequests' | 
15:47:24.199 | Info | '/transaction/mycollections' | 
15:47:24.230 | Info | '/transaction/myprofile' | 
15:47:24.258 | Info | '/transaction/getuserpermissions' | 
15:47:24.261 | Info | '/transaction/myrequests' | 
15:47:24.263 | Info | '/transaction/mycollections' | 
15:47:24.267 | Info | '/transaction/myprofile' | 
15:47:24.283 | Info | '/transaction/myprofile' | 
15:47:24.291 | Info | '/transaction/myprofile' | 
15:47:27.758 | Info | '/transaction/getcollection' | 
15:47:27.768 | Info | '/transaction/getcollection' | 
15:47:29.924 | Info | '/transaction/getcollection' | 
15:47:33.220 | Info | '/transaction/postcollection' | 
15:47:38.002 | Info | '/transaction/postcollection' | 
15:47:42.161 | Info | '/transaction/getcollection' | 
15:47:44.213 | Info | '/transaction/getcollection' | 
15:47:46.900 | Info | '/transaction/getcollection' | 
15:47:48.775 | Info | '/transaction/getcollection' | 
15:47:50.144 | Info | '/transaction/getcollection' | 
15:47:51.889 | Info | '/transaction/postcollection' | 
15:48:11.256 | Info | '/transaction/getrequests' | 
15:48:11.265 | Info | '/transaction/getrequests' | 
15:48:14.023 | Info | '/transaction/getsettlementrequest' | 
15:48:14.168 | Info | '/transaction/getsettlementrequest' | 
