13:05:36.398 | Info | '/api/user/login' | 
13:05:38.802 | Info | ({'message':'connect ECONNREFUSED 127.0.0.1:3306','code':'ECONNREFUSED','errno':-4078,'sqlState':undefined,'sqlMessage':undefined}) | 
13:15:21.609 | Info | '/api/user/login' | 
13:15:21.822 | Info | '/transaction/getuserpermissions' | 
13:15:21.883 | Info | '/transaction/myprofile' | 
13:15:22.009 | Info | '/transaction/myrequests' | 
13:15:22.102 | Info | '/transaction/mycollections' | 
13:15:22.192 | Info | '/transaction/getuserpermissions' | 
13:15:22.200 | Info | '/transaction/myrequests' | 
13:15:22.234 | Info | '/transaction/myprofile' | 
13:15:22.236 | Info | '/transaction/mycollections' | 
13:15:22.243 | Info | '/transaction/myprofile' | 
13:15:22.250 | Info | '/transaction/myprofile' | 
13:15:23.994 | Info | '/transaction/getarea' | 
13:15:24.021 | Info | '/transaction/getpaymentmethods' | 
13:15:24.032 | Info | '/transaction/getarea' | 
13:15:24.038 | Info | '/transaction/getpaymentmethods' | 
13:19:39.983 | Info | '/api/user/login' | 
13:19:40.116 | Info | '/transaction/getuserpermissions' | 
13:19:40.119 | Info | '/transaction/myprofile' | 
13:19:40.125 | Info | '/transaction/mycollections' | 
13:19:40.121 | Info | '/transaction/myrequests' | 
13:19:40.131 | Info | '/transaction/getuserpermissions' | 
13:19:40.135 | Info | '/transaction/myprofile' | 
13:19:40.138 | Info | '/transaction/myrequests' | 
13:19:40.146 | Info | '/transaction/mycollections' | 
13:19:40.151 | Info | '/transaction/myprofile' | 
13:19:40.160 | Info | '/transaction/myprofile' | 
13:19:49.764 | Info | '/transaction/getuserpermissions' | 
13:19:49.767 | Info | '/transaction/getuserpermissions' | 
13:19:55.603 | Info | '/api/user/login' | 
13:19:55.650 | Info | '/transaction/getuserpermissions' | 
13:19:55.658 | Info | '/transaction/getuserpermissions' | 
13:20:09.748 | Info | '/transaction/getuserpermissions' | 
13:20:09.753 | Info | '/transaction/getuserpermissions' | 
13:20:18.638 | Info | '/api/user/login' | 
13:20:18.707 | Info | '/transaction/getuserpermissions' | 
13:20:18.716 | Info | '/transaction/getuserpermissions' | 
13:22:00.700 | Info | '/api/user/login' | 
13:22:00.782 | Info | '/transaction/getuserpermissions' | 
13:22:00.791 | Info | '/transaction/getuserpermissions' | 
13:22:18.953 | Info | '/api/user/login' | 
13:22:19.020 | Info | '/transaction/getuserpermissions' | 
13:22:19.025 | Info | '/transaction/getuserpermissions' | 
13:22:21.792 | Info | '/transaction/getuserpermissions' | 
13:22:21.798 | Info | '/transaction/getuserpermissions' | 
13:22:24.926 | Info | '/api/user/login' | 
13:22:24.986 | Info | '/transaction/getuserpermissions' | 
13:22:24.992 | Info | '/transaction/getuserpermissions' | 
13:22:42.016 | Info | '/transaction/getuserpermissions' | 
13:22:42.021 | Info | '/transaction/getuserpermissions' | 
13:22:45.011 | Info | '/api/user/login' | 
13:22:45.141 | Info | '/transaction/getuserpermissions' | 
13:22:45.148 | Info | '/transaction/getcenters' | 
13:22:45.167 | Info | '/transaction/getuserpermissions' | 
13:22:45.176 | Info | '/transaction/getcenters' | 
13:23:20.969 | Info | '/api/user/login' | 
13:23:21.089 | Info | '/transaction/getuserpermissions' | 
13:23:21.091 | Info | '/transaction/getcenters' | 
13:23:21.100 | Info | '/transaction/getuserpermissions' | 
13:23:21.102 | Info | '/transaction/getcenters' | 
13:23:24.296 | Info | '/transaction/getuserpermissions' | 
13:23:24.300 | Info | '/transaction/getuserpermissions' | 
13:23:28.080 | Info | '/api/user/login' | 
13:23:28.231 | Info | '/transaction/getuserpermissions' | 
13:23:28.234 | Info | '/transaction/getarea' | 
13:23:28.237 | Info | '/transaction/getpaymentmethods' | 
13:23:28.241 | Info | '/transaction/getuserpermissions' | 
13:23:28.244 | Info | '/transaction/getarea' | 
13:23:28.250 | Info | '/transaction/getpaymentmethods' | 
13:40:38.127 | Info | '/transaction/myprofile' | 
13:40:38.133 | Info | '/transaction/myrequests' | 
13:40:38.135 | Info | '/transaction/mycollections' | 
13:40:38.144 | Info | '/transaction/myprofile' | 
13:40:38.150 | Info | '/transaction/mycollections' | 
13:40:38.152 | Info | '/transaction/myrequests' | 
13:40:38.163 | Info | '/transaction/myprofile' | 
13:40:38.169 | Info | '/transaction/myprofile' | 
13:40:38.643 | Info | '/dashboard' | 
13:40:38.727 | Info | '/dashboard' | 
13:40:58.932 | Info | '/transaction/getarea' | 
13:40:58.935 | Info | '/transaction/getpaymentmethods' | 
13:40:58.940 | Info | '/transaction/getarea' | 
13:40:58.942 | Info | '/transaction/getpaymentmethods' | 
13:40:59.323 | Info | '/transaction/getalldonations' | 
13:40:59.372 | Info | '/transaction/getcenters' | 
13:40:59.375 | Info | '/transaction/getchannel' | 
13:40:59.386 | Info | '/transaction/getdonationmethods' | 
13:40:59.457 | Info | '/transaction/getcenters' | 
13:40:59.460 | Info | '/transaction/getalldonations' | 
13:40:59.463 | Info | '/transaction/getchannel' | 
13:40:59.466 | Info | '/transaction/getdonationmethods' | 
13:41:02.253 | Info | '/transaction/getcollection' | 
13:41:02.264 | Info | '/transaction/getcollection' | 
13:41:04.274 | Info | '/transaction/getcenters' | 
13:41:04.279 | Info | '/transaction/getchannel' | 
13:41:04.281 | Info | '/transaction/getdonationmethods' | 
13:41:04.284 | Info | '/transaction/getdonationpickup' | 
13:41:04.333 | Info | '/transaction/getcenters' | 
13:41:04.342 | Info | '/transaction/getchannel' | 
13:41:04.344 | Info | '/transaction/getdonationmethods' | 
13:41:04.347 | Info | '/transaction/getdonationpickup' | 
13:41:07.088 | Info | '/transaction/getarea' | 
13:41:07.089 | Info | '/transaction/getpaymentmethods' | 
13:41:07.096 | Info | '/transaction/getarea' | 
13:41:07.099 | Info | '/transaction/getpaymentmethods' | 
13:41:09.998 | Info | '/transaction/getalldonations' | 
13:41:10.019 | Info | '/transaction/getalldonations' | 
13:41:14.445 | Info | '/transaction/getrequests' | 
13:41:14.452 | Info | '/transaction/getrequests' | 
13:41:14.990 | Info | '/transaction/getsettlementrequest' | 
13:41:15.035 | Info | '/transaction/getsettlementrequest' | 
13:41:22.616 | Info | '/transaction/getuserroles' | 
13:41:22.640 | Info | '/transaction/getchannel' | 
13:41:22.641 | Info | '/transaction/getusers' | 
13:41:22.648 | Info | '/transaction/getcenters' | 
13:41:22.658 | Info | '/transaction/getuserroles' | 
13:41:22.661 | Info | '/transaction/getchannel' | 
13:41:22.664 | Info | '/transaction/getusers' | 
13:41:22.666 | Info | '/transaction/getcenters' | 
13:41:22.919 | Info | '/transaction/getuserroles' | 
13:41:22.923 | Info | '/transaction/getpermissions' | 
13:41:22.926 | Info | '/transaction/getuserroles' | 
13:41:22.933 | Info | '/transaction/getpermissions' | 
13:41:24.442 | Info | '/transaction/getcenters' | 
13:41:24.446 | Info | '/transaction/getcenters' | 
13:41:24.792 | Info | '/transaction/getarea' | 
13:41:24.798 | Info | '/transaction/getarea' | 
13:41:25.170 | Info | '/transaction/getdonationtypes' | 
13:41:25.179 | Info | '/transaction/getdonationtypes' | 
13:41:26.226 | Info | '/transaction/getdonationmethods' | 
13:41:26.231 | Info | '/transaction/getdonationmethods' | 
13:41:26.659 | Info | '/transaction/getarea' | 
13:41:26.665 | Info | '/transaction/getdonationpurpose' | 
13:41:26.717 | Info | '/transaction/getprojects' | 
13:41:26.720 | Info | '/transaction/getarea' | 
13:41:26.781 | Info | '/transaction/getdonationpurpose' | 
13:41:27.865 | Info | '/transaction/getprojects' | 
13:41:28.098 | Info | '/transaction/getdonationmethods' | 
13:41:28.103 | Info | '/transaction/getdonationmethods' | 
13:41:28.388 | Info | '/transaction/getdonationtypes' | 
13:41:28.392 | Info | '/transaction/getdonationtypes' | 
13:41:28.697 | Info | '/transaction/getarea' | 
13:41:28.700 | Info | '/transaction/getarea' | 
13:41:29.060 | Info | '/transaction/getchannel' | 
13:41:29.067 | Info | '/transaction/getchannel' | 
13:41:29.372 | Info | '/transaction/getcenters' | 
13:41:29.377 | Info | '/transaction/getcenters' | 
13:41:29.769 | Info | '/transaction/getpermissions' | 
13:41:29.771 | Info | '/transaction/getuserroles' | 
13:41:29.777 | Info | '/transaction/getpermissions' | 
13:41:29.779 | Info | '/transaction/getuserroles' | 
13:41:30.172 | Info | '/transaction/getchannel' | 
13:41:30.174 | Info | '/transaction/getcenters' | 
13:41:30.184 | Info | '/transaction/getuserroles' | 
13:41:30.186 | Info | '/transaction/getusers' | 
13:41:30.187 | Info | '/transaction/getchannel' | 
13:41:30.190 | Info | '/transaction/getcenters' | 
13:41:30.201 | Info | '/transaction/getuserroles' | 
13:41:30.204 | Info | '/transaction/getusers' | 
14:03:09.620 | Info | '/api/user/login' | 
14:03:09.814 | Info | '/transaction/getuserpermissions' | 
14:03:09.816 | Info | '/transaction/getarea' | 
14:03:09.819 | Info | '/transaction/getpaymentmethods' | 
14:03:09.824 | Info | '/transaction/getarea' | 
14:03:09.833 | Info | '/transaction/getuserpermissions' | 
14:03:09.842 | Info | '/transaction/getpaymentmethods' | 
14:03:16.517 | Info | '/api/user/login' | 
14:03:16.646 | Info | '/transaction/getuserpermissions' | 
14:03:16.652 | Info | '/transaction/getarea' | 
14:03:16.654 | Info | '/transaction/getpaymentmethods' | 
14:03:16.656 | Info | '/transaction/getuserpermissions' | 
14:03:16.664 | Info | '/transaction/getarea' | 
14:03:16.667 | Info | '/transaction/getpaymentmethods' | 
14:03:27.882 | Info | '/dashboard' | 
14:03:27.891 | Info | '/dashboard' | 
14:03:28.637 | Info | '/transaction/myprofile' | 
14:03:28.641 | Info | '/transaction/myrequests' | 
14:03:28.644 | Info | '/transaction/mycollections' | 
14:03:28.646 | Info | '/transaction/myprofile' | 
14:03:28.653 | Info | '/transaction/myrequests' | 
14:03:28.655 | Info | '/transaction/mycollections' | 
14:03:28.659 | Info | '/transaction/myprofile' | 
14:03:28.669 | Info | '/transaction/myprofile' | 
14:03:29.184 | Info | '/dashboard' | 
14:03:29.192 | Info | '/dashboard' | 
14:03:29.905 | Info | '/transaction/myprofile' | 
14:03:29.907 | Info | '/transaction/myrequests' | 
14:03:29.909 | Info | '/transaction/mycollections' | 
14:03:29.915 | Info | '/transaction/myprofile' | 
14:03:29.918 | Info | '/transaction/myrequests' | 
14:03:29.922 | Info | '/transaction/mycollections' | 
14:03:29.927 | Info | '/transaction/myprofile' | 
14:03:29.937 | Info | '/transaction/myprofile' | 
14:03:41.114 | Info | '/dashboard' | 
14:03:41.122 | Info | '/dashboard' | 
14:04:07.014 | Info | '/api/user/login' | 
14:06:16.823 | Info | '/api/user/login' | 
14:06:41.156 | Info | '/api/user/login' | 
14:06:41.289 | Info | '/transaction/getuserpermissions' | 
14:06:41.291 | Info | '/transaction/getarea' | 
14:06:41.294 | Info | '/transaction/getpaymentmethods' | 
14:06:41.298 | Info | '/transaction/getuserpermissions' | 
14:06:41.304 | Info | '/transaction/getarea' | 
14:06:41.307 | Info | '/transaction/getpaymentmethods' | 
14:06:44.432 | Info | '/transaction/getalldonations' | 
14:06:44.434 | Info | '/transaction/getcenters' | 
14:06:44.435 | Info | '/transaction/getchannel' | 
14:06:44.437 | Info | '/transaction/getdonationmethods' | 
14:06:44.454 | Info | '/transaction/getalldonations' | 
14:06:44.456 | Info | '/transaction/getcenters' | 
14:06:44.458 | Info | '/transaction/getchannel' | 
14:06:44.460 | Info | '/transaction/getdonationmethods' | 
14:06:44.823 | Info | '/transaction/getcollection' | 
14:06:44.829 | Info | '/transaction/getcollection' | 
14:06:45.461 | Info | '/transaction/getalldonations' | 
14:06:45.463 | Info | '/transaction/getcenters' | 
14:06:45.465 | Info | '/transaction/getchannel' | 
14:06:45.467 | Info | '/transaction/getdonationmethods' | 
14:06:45.485 | Info | '/transaction/getalldonations' | 
14:06:45.487 | Info | '/transaction/getchannel' | 
14:06:45.490 | Info | '/transaction/getcenters' | 
14:06:45.493 | Info | '/transaction/getdonationmethods' | 
14:06:47.533 | Info | '/transaction/getdonation/:donationRefNum' | 
14:06:49.400 | Info | '/transaction/getalldonations' | 
14:06:49.402 | Info | '/transaction/getcenters' | 
14:06:49.404 | Info | '/transaction/getchannel' | 
14:06:49.406 | Info | '/transaction/getdonationmethods' | 
14:06:49.427 | Info | '/transaction/getcenters' | 
14:06:49.429 | Info | '/transaction/getalldonations' | 
14:06:49.432 | Info | '/transaction/getchannel' | 
14:06:49.434 | Info | '/transaction/getdonationmethods' | 
14:17:27.395 | Info | '/transaction/myprofile' | 
14:17:27.399 | Info | '/transaction/myrequests' | 
14:17:27.401 | Info | '/transaction/mycollections' | 
14:17:27.408 | Info | '/transaction/myprofile' | 
14:17:27.411 | Info | '/transaction/myrequests' | 
14:17:27.416 | Info | '/transaction/mycollections' | 
14:17:27.428 | Info | '/transaction/myprofile' | 
14:17:27.434 | Info | '/transaction/myprofile' | 
14:17:27.733 | Info | '/dashboard' | 
14:17:27.745 | Info | '/dashboard' | 
14:25:03.858 | Info | '/transaction/myprofile' | 
14:25:03.861 | Info | '/transaction/myrequests' | 
14:25:03.862 | Info | '/transaction/mycollections' | 
14:25:03.870 | Info | '/transaction/myprofile' | 
14:25:03.876 | Info | '/transaction/myrequests' | 
14:25:03.878 | Info | '/transaction/mycollections' | 
14:25:03.893 | Info | '/transaction/myprofile' | 
14:25:03.897 | Info | '/transaction/myprofile' | 
14:25:04.372 | Info | '/dashboard' | 
14:25:04.381 | Info | '/dashboard' | 
14:36:07.770 | Info | '/transaction/getrequests' | 
14:36:07.775 | Info | '/transaction/getrequests' | 
14:36:09.653 | Info | '/transaction/getchannel' | 
14:36:09.660 | Info | '/transaction/getcenters' | 
14:36:09.662 | Info | '/transaction/getuserroles' | 
14:36:09.664 | Info | '/transaction/getusers' | 
14:36:09.667 | Info | '/transaction/getchannel' | 
14:36:09.674 | Info | '/transaction/getcenters' | 
14:36:09.678 | Info | '/transaction/getuserroles' | 
14:36:09.681 | Info | '/transaction/getusers' | 
14:36:10.077 | Info | '/transaction/getuserroles' | 
14:36:10.081 | Info | '/transaction/getpermissions' | 
14:36:10.086 | Info | '/transaction/getuserroles' | 
14:36:10.088 | Info | '/transaction/getpermissions' | 
14:36:10.764 | Info | '/transaction/getcenters' | 
14:36:10.768 | Info | '/transaction/getcenters' | 
14:36:11.909 | Info | '/transaction/getdonationpurpose' | 
14:36:11.911 | Info | '/transaction/getprojects' | 
14:36:11.913 | Info | '/transaction/getarea' | 
14:36:11.920 | Info | '/transaction/getdonationpurpose' | 
14:36:11.924 | Info | '/transaction/getarea' | 
14:36:12.302 | Info | '/transaction/getdonationtypes' | 
14:36:12.306 | Info | '/transaction/getdonationtypes' | 
14:36:12.577 | Info | '/transaction/getprojects' | 
14:36:12.803 | Info | '/transaction/getarea' | 
14:36:12.806 | Info | '/transaction/getarea' | 
14:36:13.112 | Info | '/transaction/getchannel' | 
14:36:13.151 | Info | '/transaction/getchannel' | 
14:36:13.431 | Info | '/transaction/getcenters' | 
14:36:13.435 | Info | '/transaction/getcenters' | 
14:36:14.082 | Info | '/transaction/getpermissions' | 
14:36:14.083 | Info | '/transaction/getuserroles' | 
14:36:14.087 | Info | '/transaction/getpermissions' | 
14:36:14.089 | Info | '/transaction/getuserroles' | 
14:36:14.587 | Info | '/transaction/getchannel' | 
14:36:14.589 | Info | '/transaction/getcenters' | 
14:36:14.590 | Info | '/transaction/getuserroles' | 
14:36:14.592 | Info | '/transaction/getusers' | 
14:36:14.597 | Info | '/transaction/getchannel' | 
14:36:14.599 | Info | '/transaction/getcenters' | 
14:36:14.605 | Info | '/transaction/getuserroles' | 
14:36:14.608 | Info | '/transaction/getusers' | 
14:36:14.964 | Info | '/transaction/getcenters' | 
14:36:14.968 | Info | '/transaction/getcenters' | 
14:36:15.296 | Info | '/transaction/getchannel' | 
14:36:15.300 | Info | '/transaction/getchannel' | 
14:36:15.664 | Info | '/transaction/getarea' | 
14:36:15.669 | Info | '/transaction/getarea' | 
14:36:16.110 | Info | '/transaction/getdonationtypes' | 
14:36:16.115 | Info | '/transaction/getdonationtypes' | 
14:36:16.734 | Info | '/transaction/getdonationmethods' | 
14:36:16.740 | Info | '/transaction/getdonationmethods' | 
14:36:17.134 | Info | '/transaction/getdonationpurpose' | 
14:36:17.135 | Info | '/transaction/getarea' | 
14:36:17.137 | Info | '/transaction/getprojects' | 
14:36:17.144 | Info | '/transaction/getdonationpurpose' | 
14:36:17.147 | Info | '/transaction/getarea' | 
14:36:17.681 | Info | '/transaction/getprojects' | 
14:36:20.111 | Info | '/transaction/getrequests' | 
14:36:20.115 | Info | '/transaction/getrequests' | 
14:36:23.103 | Info | '/transaction/getdonationpickup' | 
14:36:23.112 | Info | '/transaction/getdonationmethods' | 
14:36:23.107 | Info | '/transaction/getcenters' | 
14:36:23.110 | Info | '/transaction/getchannel' | 
14:36:23.119 | Info | '/transaction/getcenters' | 
14:36:23.121 | Info | '/transaction/getchannel' | 
14:36:23.123 | Info | '/transaction/getdonationmethods' | 
14:36:23.126 | Info | '/transaction/getdonationpickup' | 
14:36:26.194 | Info | '/transaction/getcollection' | 
14:36:26.199 | Info | '/transaction/getcollection' | 
14:36:29.909 | Info | '/dashboard' | 
14:36:29.918 | Info | '/dashboard' | 
14:36:45.824 | Info | '/transaction/myprofile' | 
14:36:45.832 | Info | '/transaction/myrequests' | 
14:36:45.833 | Info | '/transaction/mycollections' | 
14:36:45.836 | Info | '/transaction/myprofile' | 
14:36:45.853 | Info | '/transaction/myprofile' | 
14:36:45.854 | Info | '/transaction/myrequests' | 
14:36:45.857 | Info | '/transaction/mycollections' | 
14:36:45.861 | Info | '/transaction/myprofile' | 
16:10:18.614 | Info | '/api/user/login' | 
16:10:19.404 | Info | '/transaction/getuserpermissions' | 
16:10:19.467 | Info | '/transaction/myrequests' | 
16:10:19.597 | Info | '/transaction/mycollections' | 
16:10:19.625 | Info | '/transaction/myprofile' | 
16:10:19.882 | Info | '/transaction/getuserpermissions' | 
16:10:19.891 | Info | '/transaction/myprofile' | 
16:10:19.910 | Info | '/transaction/myrequests' | 
16:10:19.917 | Info | '/transaction/mycollections' | 
16:10:19.921 | Info | '/transaction/myprofile' | 
16:10:19.936 | Info | '/transaction/myprofile' | 
16:10:21.069 | Info | '/transaction/getalldonations' | 
16:10:21.073 | Info | '/transaction/getcenters' | 
16:10:21.079 | Info | '/transaction/getchannel' | 
16:10:21.084 | Info | '/transaction/getdonationmethods' | 
16:10:21.173 | Info | '/transaction/getalldonations' | 
16:10:21.180 | Info | '/transaction/getcenters' | 
16:10:21.183 | Info | '/transaction/getchannel' | 
16:10:21.185 | Info | '/transaction/getdonationmethods' | 
16:10:21.892 | Info | '/transaction/getcenters' | 
16:10:21.895 | Info | '/transaction/getchannel' | 
16:10:21.897 | Info | '/transaction/getdonationmethods' | 
16:10:21.903 | Info | '/transaction/getdonationpickup' | 
16:10:21.909 | Info | '/transaction/getcenters' | 
16:10:21.912 | Info | '/transaction/getchannel' | 
16:10:21.917 | Info | '/transaction/getdonationmethods' | 
16:10:21.923 | Info | '/transaction/getdonationpickup' | 
16:10:23.455 | Info | '/dashboard' | 
16:10:23.523 | Info | '/dashboard' | 
16:10:33.984 | Info | '/api/user/login' | 
16:10:34.136 | Info | '/transaction/getuserpermissions' | 
16:10:34.146 | Info | '/transaction/myprofile' | 
16:10:34.148 | Info | '/transaction/getuserpermissions' | 
16:10:34.150 | Info | '/transaction/myrequests' | 
16:10:34.159 | Info | '/transaction/mycollections' | 
16:10:34.162 | Info | '/transaction/myrequests' | 
16:10:34.166 | Info | '/transaction/myprofile' | 
16:10:34.174 | Info | '/transaction/mycollections' | 
16:10:34.181 | Info | '/transaction/myprofile' | 
16:10:34.190 | Info | '/transaction/myprofile' | 
16:11:05.254 | Info | '/transaction/getuserpermissions' | 
16:11:05.280 | Info | '/transaction/getuserpermissions' | 
16:11:08.843 | Info | '/api/user/login' | 
16:11:09.201 | Info | '/transaction/getuserpermissions' | 
16:11:09.225 | Info | '/transaction/myprofile' | 
16:11:09.285 | Info | '/transaction/getuserpermissions' | 
16:11:09.290 | Info | '/transaction/myrequests' | 
16:11:09.311 | Info | '/transaction/mycollections' | 
16:11:09.325 | Info | '/transaction/myprofile' | 
16:11:09.341 | Info | '/transaction/myprofile' | 
16:11:09.344 | Info | '/transaction/myrequests' | 
16:11:09.347 | Info | '/transaction/mycollections' | 
16:11:09.359 | Info | '/transaction/myprofile' | 
16:11:10.437 | Info | '/transaction/getalldonations' | 
16:11:10.441 | Info | '/transaction/getcenters' | 
16:11:10.446 | Info | '/transaction/getchannel' | 
16:11:10.450 | Info | '/transaction/getdonationmethods' | 
16:11:10.487 | Info | '/transaction/getalldonations' | 
16:11:10.489 | Info | '/transaction/getcenters' | 
16:11:10.491 | Info | '/transaction/getchannel' | 
16:11:10.493 | Info | '/transaction/getdonationmethods' | 
16:11:16.432 | Info | '/api/user/login' | 
16:11:16.549 | Info | '/transaction/getuserpermissions' | 
16:11:16.562 | Info | '/transaction/getuserpermissions' | 
16:11:16.571 | Info | '/transaction/myprofile' | 
16:11:16.580 | Info | '/transaction/myrequests' | 
16:11:16.582 | Info | '/transaction/mycollections' | 
16:11:16.585 | Info | '/transaction/myprofile' | 
16:11:16.594 | Info | '/transaction/myrequests' | 
16:11:16.600 | Info | '/transaction/mycollections' | 
16:11:16.605 | Info | '/transaction/myprofile' | 
16:11:16.614 | Info | '/transaction/myprofile' | 
16:12:14.110 | Info | '/api/user/login' | 
16:12:15.700 | Info | '/transaction/getuserpermissions' | 
16:12:15.709 | Info | '/transaction/myprofile' | 
16:12:15.713 | Info | '/transaction/myrequests' | 
16:12:15.715 | Info | '/transaction/getuserpermissions' | 
16:12:15.716 | Info | '/transaction/mycollections' | 
16:12:15.728 | Info | '/transaction/myprofile' | 
16:12:15.735 | Info | '/transaction/myrequests' | 
16:12:15.739 | Info | '/transaction/mycollections' | 
16:12:15.748 | Info | '/transaction/myprofile' | 
16:12:15.755 | Info | '/transaction/myprofile' | 
16:21:38.169 | Info | '/api/user/login' | 
16:21:39.395 | Info | '/transaction/getuserpermissions' | 
16:21:39.409 | Info | '/transaction/myprofile' | 
16:21:39.411 | Info | '/transaction/getuserpermissions' | 
16:21:39.413 | Info | '/transaction/myrequests' | 
16:21:39.420 | Info | '/transaction/mycollections' | 
16:21:39.427 | Info | '/transaction/myprofile' | 
16:21:39.439 | Info | '/transaction/myrequests' | 
16:21:39.441 | Info | '/transaction/mycollections' | 
16:21:39.443 | Info | '/transaction/myprofile' | 
16:21:39.455 | Info | '/transaction/myprofile' | 
16:22:05.588 | Info | '/api/user/login' | 
16:22:06.936 | Info | '/transaction/getuserpermissions' | 
16:22:06.949 | Info | '/transaction/getarea' | 
16:22:06.989 | Info | '/transaction/getpaymentmethods' | 
16:22:07.001 | Info | '/transaction/getuserpermissions' | 
16:22:07.015 | Info | '/transaction/getarea' | 
16:22:07.017 | Info | '/transaction/getpaymentmethods' | 
16:22:13.306 | Info | '/transaction/getdonationpickup' | 
16:22:13.312 | Info | '/transaction/getcenters' | 
16:22:13.317 | Info | '/transaction/getchannel' | 
16:22:13.321 | Info | '/transaction/getdonationmethods' | 
16:22:13.341 | Info | '/transaction/getdonationpickup' | 
16:22:13.343 | Info | '/transaction/getcenters' | 
16:22:13.345 | Info | '/transaction/getchannel' | 
16:22:13.358 | Info | '/transaction/getdonationmethods' | 
16:23:45.764 | Info | '/api/user/login' | 
16:23:47.009 | Info | '/transaction/getuserpermissions' | 
16:23:47.029 | Info | '/transaction/getdonationpickup' | 
16:23:47.031 | Info | '/transaction/getcenters' | 
16:23:47.035 | Info | '/transaction/getchannel' | 
16:23:47.040 | Info | '/transaction/getdonationmethods' | 
16:23:47.042 | Info | '/transaction/getuserpermissions' | 
16:23:47.061 | Info | '/transaction/getcenters' | 
16:23:47.057 | Info | '/transaction/getdonationpickup' | 
16:23:47.087 | Info | '/transaction/getchannel' | 
16:23:47.109 | Info | '/transaction/getdonationmethods' | 
16:27:32.748 | Info | '/transaction/myprofile' | 
16:27:32.754 | Info | '/transaction/myrequests' | 
16:27:32.782 | Info | '/transaction/mycollections' | 
16:27:32.792 | Info | '/transaction/myprofile' | 
16:27:32.795 | Info | '/transaction/myrequests' | 
16:27:32.798 | Info | '/transaction/mycollections' | 
16:27:32.805 | Info | '/transaction/myprofile' | 
16:27:32.811 | Info | '/transaction/myprofile' | 
16:27:33.083 | Info | '/dashboard' | 
16:27:33.100 | Info | '/dashboard' | 
17:40:03.275 | Info | '/api/user/login' | 
17:40:04.572 | Info | '/transaction/getuserpermissions' | 
17:40:04.574 | Info | '/transaction/getdonationpickup' | 
17:40:04.577 | Info | '/transaction/getchannel' | 
17:40:04.581 | Info | '/transaction/getdonationmethods' | 
17:40:04.595 | Info | '/transaction/getuserpermissions' | 
17:40:04.600 | Info | '/transaction/getchannel' | 
17:40:04.599 | Info | '/transaction/getdonationpickup' | 
17:40:04.601 | Info | '/transaction/getdonationmethods' | 
17:40:04.690 | Info | '/transaction/getcenters' | 
17:40:04.694 | Info | '/transaction/getcenters' | 
17:40:25.231 | Info | '/api/user/login' | 
17:40:25.385 | Info | '/transaction/getuserpermissions' | 
17:40:25.408 | Info | '/transaction/getuserpermissions' | 
17:40:25.410 | Info | '/transaction/getdonationpickup' | 
17:40:25.413 | Info | '/transaction/getcenters' | 
17:40:25.415 | Info | '/transaction/getchannel' | 
17:40:25.418 | Info | '/transaction/getdonationmethods' | 
17:40:25.430 | Info | '/transaction/getdonationpickup' | 
17:40:25.433 | Info | '/transaction/getchannel' | 
17:40:25.436 | Info | '/transaction/getcenters' | 
17:40:25.438 | Info | '/transaction/getdonationmethods' | 
17:45:34.297 | Info | '/api/user/login' | 
17:45:34.433 | Info | '/transaction/getuserpermissions' | 
17:45:34.447 | Info | '/transaction/getuserpermissions' | 
17:45:34.449 | Info | '/transaction/getdonationpickup' | 
17:45:34.451 | Info | '/transaction/getcenters' | 
17:45:34.452 | Info | '/transaction/getchannel' | 
17:45:34.454 | Info | '/transaction/getdonationmethods' | 
17:45:34.474 | Info | '/transaction/getdonationpickup' | 
17:45:34.485 | Info | '/transaction/getchannel' | 
17:45:34.483 | Info | '/transaction/getcenters' | 
17:45:34.486 | Info | '/transaction/getdonationmethods' | 
17:46:45.573 | Info | '/transaction/getuserpermissions' | 
17:46:45.582 | Info | '/transaction/getuserpermissions' | 
17:46:48.673 | Info | '/api/user/login' | 
17:46:48.814 | Info | '/transaction/getuserpermissions' | 
17:46:48.821 | Info | '/transaction/getuserpermissions' | 
17:46:48.829 | Info | '/transaction/getdonationpickup' | 
17:46:48.832 | Info | '/transaction/getcenters' | 
17:46:48.835 | Info | '/transaction/getchannel' | 
17:46:48.837 | Info | '/transaction/getdonationmethods' | 
17:46:48.847 | Info | '/transaction/getdonationpickup' | 
17:46:48.852 | Info | '/transaction/getcenters' | 
17:46:48.854 | Info | '/transaction/getchannel' | 
17:46:48.856 | Info | '/transaction/getdonationmethods' | 
17:48:30.038 | Info | '/transaction/getuserpermissions' | 
17:48:30.042 | Info | '/transaction/getuserpermissions' | 
17:48:33.383 | Info | '/api/user/login' | 
17:48:33.564 | Info | '/transaction/getuserpermissions' | 
17:48:33.581 | Info | '/transaction/getdonationpickup' | 
17:48:33.583 | Info | '/transaction/getuserpermissions' | 
17:48:33.585 | Info | '/transaction/getcenters' | 
17:48:33.587 | Info | '/transaction/getchannel' | 
17:48:33.589 | Info | '/transaction/getdonationmethods' | 
17:48:33.607 | Info | '/transaction/getchannel' | 
17:48:33.610 | Info | '/transaction/getdonationpickup' | 
17:48:33.612 | Info | '/transaction/getdonationmethods' | 
17:48:33.614 | Info | '/transaction/getcenters' | 
17:48:34.677 | Info | '/transaction/getdonation/:donationRefNum' | 
17:48:36.769 | Info | '/transaction/getdonationpickup' | 
17:48:36.771 | Info | '/transaction/getcenters' | 
17:48:36.773 | Info | '/transaction/getchannel' | 
17:48:36.779 | Info | '/transaction/getdonationmethods' | 
17:48:36.783 | Info | '/transaction/getdonationpickup' | 
17:48:36.785 | Info | '/transaction/getcenters' | 
17:48:36.788 | Info | '/transaction/getchannel' | 
17:48:36.794 | Info | '/transaction/getdonationmethods' | 
17:48:38.454 | Info | '/transaction/getdonation/:donationRefNum' | 
17:49:37.280 | Info | '/transaction/getuserpermissions' | 
17:49:37.286 | Info | '/transaction/getuserpermissions' | 
17:49:39.911 | Info | '/api/user/login' | 
17:49:40.052 | Info | '/transaction/getuserpermissions' | 
17:49:40.060 | Info | '/transaction/getdonationpickup' | 
17:49:40.062 | Info | '/transaction/getuserpermissions' | 
17:49:40.071 | Info | '/transaction/getcenters' | 
17:49:40.075 | Info | '/transaction/getdonationmethods' | 
17:49:40.073 | Info | '/transaction/getchannel' | 
17:49:40.079 | Info | '/transaction/getdonationpickup' | 
17:49:40.084 | Info | '/transaction/getcenters' | 
17:49:40.089 | Info | '/transaction/getchannel' | 
17:49:40.091 | Info | '/transaction/getdonationmethods' | 
17:49:43.615 | Info | '/transaction/getdonation/:donationRefNum' | 
17:51:39.511 | Info | '/transaction/getuserpermissions' | 
17:51:39.516 | Info | '/transaction/getuserpermissions' | 
17:51:43.175 | Info | '/api/user/login' | 
17:51:43.309 | Info | '/transaction/getuserpermissions' | 
17:51:43.323 | Info | '/transaction/getuserpermissions' | 
17:51:43.326 | Info | '/transaction/getdonationpickup' | 
17:51:43.328 | Info | '/transaction/getcenters' | 
17:51:43.331 | Info | '/transaction/getchannel' | 
17:51:43.344 | Info | '/transaction/getdonationmethods' | 
17:51:43.355 | Info | '/transaction/getdonationpickup' | 
17:51:43.357 | Info | '/transaction/getcenters' | 
17:51:43.360 | Info | '/transaction/getchannel' | 
17:51:43.368 | Info | '/transaction/getdonationmethods' | 
17:51:45.323 | Info | '/transaction/getdonation/:donationRefNum' | 
17:52:09.698 | Info | '/transaction/getdonationpickup' | 
17:52:09.699 | Info | '/transaction/getcenters' | 
17:52:09.701 | Info | '/transaction/getchannel' | 
17:52:09.706 | Info | '/transaction/getdonationmethods' | 
17:52:09.715 | Info | '/transaction/getdonationpickup' | 
17:52:09.722 | Info | '/transaction/getcenters' | 
17:52:09.725 | Info | '/transaction/getchannel' | 
17:52:09.732 | Info | '/transaction/getdonationmethods' | 
17:52:35.512 | Info | '/transaction/getuserpermissions' | 
17:52:35.516 | Info | '/transaction/getuserpermissions' | 
17:52:38.484 | Info | '/api/user/login' | 
17:52:38.640 | Info | '/transaction/getuserpermissions' | 
17:52:38.628 | Info | '/transaction/getuserpermissions' | 
17:52:38.645 | Info | '/transaction/getdonationpickup' | 
17:52:38.647 | Info | '/transaction/getcenters' | 
17:52:38.655 | Info | '/transaction/getchannel' | 
17:52:38.657 | Info | '/transaction/getdonationmethods' | 
17:52:38.662 | Info | '/transaction/getdonationpickup' | 
17:52:38.664 | Info | '/transaction/getcenters' | 
17:52:38.666 | Info | '/transaction/getchannel' | 
17:52:38.668 | Info | '/transaction/getdonationmethods' | 
17:52:42.971 | Info | '/transaction/getarea' | 
17:52:42.972 | Info | '/transaction/getpaymentmethods' | 
17:52:42.977 | Info | '/transaction/getarea' | 
17:52:42.978 | Info | '/transaction/getpaymentmethods' | 
17:52:43.356 | Info | '/transaction/getcenters' | 
17:52:43.358 | Info | '/transaction/getchannel' | 
17:52:43.362 | Info | '/transaction/getalldonations' | 
17:52:43.367 | Info | '/transaction/getdonationmethods' | 
17:52:43.370 | Info | '/transaction/getchannel' | 
17:52:43.368 | Info | '/transaction/getcenters' | 
17:52:43.387 | Info | '/transaction/getdonationmethods' | 
17:52:43.392 | Info | '/transaction/getalldonations' | 
17:52:43.799 | Info | '/transaction/getcollection' | 
17:52:43.841 | Info | '/transaction/getcollection' | 
17:52:44.424 | Info | '/transaction/getdonationpickup' | 
17:52:44.426 | Info | '/transaction/getcenters' | 
17:52:44.428 | Info | '/transaction/getchannel' | 
17:52:44.430 | Info | '/transaction/getdonationmethods' | 
17:52:44.436 | Info | '/transaction/getdonationpickup' | 
17:52:44.438 | Info | '/transaction/getcenters' | 
17:52:44.440 | Info | '/transaction/getchannel' | 
17:52:44.450 | Info | '/transaction/getdonationmethods' | 
17:52:52.473 | Info | '/transaction/getcollection' | 
17:52:52.479 | Info | '/transaction/getcollection' | 
17:52:54.203 | Info | '/transaction/getalldonations' | 
17:52:54.205 | Info | '/transaction/getcenters' | 
17:52:54.207 | Info | '/transaction/getchannel' | 
17:52:54.209 | Info | '/transaction/getdonationmethods' | 
17:52:54.224 | Info | '/transaction/getcenters' | 
17:52:54.226 | Info | '/transaction/getalldonations' | 
17:52:54.228 | Info | '/transaction/getchannel' | 
17:52:54.231 | Info | '/transaction/getdonationmethods' | 
17:52:55.124 | Info | '/transaction/getcenters' | 
17:52:55.127 | Info | '/transaction/getchannel' | 
17:52:55.129 | Info | '/transaction/getdonationpickup' | 
17:52:55.131 | Info | '/transaction/getdonationmethods' | 
17:52:55.133 | Info | '/transaction/getcenters' | 
17:52:55.141 | Info | '/transaction/getchannel' | 
17:52:55.143 | Info | '/transaction/getdonationpickup' | 
17:52:55.146 | Info | '/transaction/getdonationmethods' | 
17:55:04.971 | Info | '/transaction/getuserpermissions' | 
17:55:04.974 | Info | '/transaction/getuserpermissions' | 
17:55:08.202 | Info | '/api/user/login' | 
17:55:08.355 | Info | '/transaction/getuserpermissions' | 
17:55:08.364 | Info | '/transaction/getuserpermissions' | 
17:55:08.367 | Info | '/transaction/getdonationpickup' | 
17:55:08.370 | Info | '/transaction/getcenters' | 
17:55:08.373 | Info | '/transaction/getchannel' | 
17:55:08.375 | Info | '/transaction/getdonationmethods' | 
17:55:08.382 | Info | '/transaction/getdonationpickup' | 
17:55:08.386 | Info | '/transaction/getcenters' | 
17:55:08.388 | Info | '/transaction/getchannel' | 
17:55:08.394 | Info | '/transaction/getdonationmethods' | 
17:56:27.245 | Info | '/transaction/getarea' | 
17:56:27.247 | Info | '/transaction/getpaymentmethods' | 
17:56:27.251 | Info | '/transaction/getarea' | 
17:56:27.256 | Info | '/transaction/getpaymentmethods' | 
17:56:28.876 | Info | '/transaction/getdonationpickup' | 
17:56:28.885 | Info | '/transaction/getcenters' | 
17:56:28.887 | Info | '/transaction/getchannel' | 
17:56:28.888 | Info | '/transaction/getdonationmethods' | 
17:56:28.890 | Info | '/transaction/getdonationpickup' | 
17:56:28.900 | Info | '/transaction/getcenters' | 
17:56:28.903 | Info | '/transaction/getchannel' | 
17:56:28.906 | Info | '/transaction/getdonationmethods' | 
17:57:27.233 | Info | '/transaction/myprofile' | 
17:57:27.235 | Info | '/transaction/myrequests' | 
17:57:27.237 | Info | '/transaction/mycollections' | 
17:57:27.247 | Info | '/transaction/myprofile' | 
17:57:27.250 | Info | '/transaction/myrequests' | 
17:57:27.253 | Info | '/transaction/mycollections' | 
17:57:27.260 | Info | '/transaction/myprofile' | 
17:57:27.266 | Info | '/transaction/myprofile' | 
17:57:27.626 | Info | '/dashboard' | 
17:57:27.632 | Info | '/dashboard' | 
17:57:28.706 | Info | '/transaction/getarea' | 
17:57:28.710 | Info | '/transaction/getpaymentmethods' | 
17:57:28.712 | Info | '/transaction/getarea' | 
17:57:28.716 | Info | '/transaction/getpaymentmethods' | 
17:57:29.063 | Info | '/transaction/getalldonations' | 
17:57:29.065 | Info | '/transaction/getcenters' | 
17:57:29.068 | Info | '/transaction/getdonationmethods' | 
17:57:29.079 | Info | '/transaction/getchannel' | 
17:57:29.084 | Info | '/transaction/getalldonations' | 
17:57:29.086 | Info | '/transaction/getcenters' | 
17:57:29.088 | Info | '/transaction/getdonationmethods' | 
17:57:29.107 | Info | '/transaction/getchannel' | 
17:57:29.440 | Info | '/transaction/getcollection' | 
17:57:29.444 | Info | '/transaction/getcollection' | 
17:57:52.974 | Info | '/transaction/getalldonations' | 
17:57:52.981 | Info | '/transaction/getcenters' | 
17:57:52.996 | Info | '/transaction/getchannel' | 
17:57:53.001 | Info | '/transaction/getalldonations' | 
17:57:52.998 | Info | '/transaction/getdonationmethods' | 
17:57:53.005 | Info | '/transaction/getcenters' | 
17:57:53.011 | Info | '/transaction/getchannel' | 
17:57:53.021 | Info | '/transaction/getdonationmethods' | 
17:57:56.065 | Info | '/transaction/getcenters' | 
17:57:56.067 | Info | '/transaction/getchannel' | 
17:57:56.072 | Info | '/transaction/getdonationmethods' | 
17:57:56.074 | Info | '/transaction/getdonationpickup' | 
17:57:56.079 | Info | '/transaction/getchannel' | 
17:57:56.077 | Info | '/transaction/getcenters' | 
17:57:56.084 | Info | '/transaction/getdonationmethods' | 
17:57:56.089 | Info | '/transaction/getdonationpickup' | 
