20:21:28.832 | Info | '/api/user/login' | 
20:21:37.389 | Info | '/transaction/getuserpermissions' | 
20:21:37.536 | Info | '/transaction/getdonationpickup' | 
20:21:37.543 | Info | '/transaction/getcenters' | 
20:21:37.549 | Info | '/transaction/getchannel' | 
20:21:38.567 | Info | '/transaction/getdonationmethods' | 
20:21:38.579 | Info | '/transaction/getpaymentmethods' | 
20:21:38.590 | Info | '/transaction/getuserpermissions' | 
20:21:38.884 | Info | '/transaction/getdonationmethods' | 
20:21:38.888 | Info | '/transaction/getpaymentmethods' | 
20:21:38.890 | Info | '/transaction/getchannel' | 
20:21:38.901 | Info | '/transaction/getcenters' | 
20:21:39.064 | Info | '/transaction/getdonationpickup' | 
20:21:43.179 | Info | '/transaction/getalldonations' | 
20:21:43.184 | Info | '/transaction/getchannel' | 
20:21:43.186 | Info | '/transaction/getdonationmethods' | 
20:21:43.182 | Info | '/transaction/getcenters' | 
20:21:43.232 | Info | '/transaction/getcenters' | 
20:21:43.235 | Info | '/transaction/getalldonations' | 
20:21:43.241 | Info | '/transaction/getchannel' | 
20:21:43.244 | Info | '/transaction/getdonationmethods' | 
20:21:45.167 | Info | '/transaction/getalldonations' | 
20:21:45.196 | Info | '/transaction/getalldonations' | 
20:23:51.935 | Info | '/transaction/getuserpermissions' | 
20:23:51.939 | Info | '/transaction/getuserpermissions' | 
20:23:56.386 | Info | '/api/user/login' | 
20:23:56.494 | Info | '/transaction/getuserpermissions' | 
20:23:56.506 | Info | '/transaction/getdonationpickup' | 
20:23:56.509 | Info | '/transaction/getcenters' | 
20:23:56.511 | Info | '/transaction/getchannel' | 
20:23:56.514 | Info | '/transaction/getuserpermissions' | 
20:23:56.516 | Info | '/transaction/getpaymentmethods' | 
20:23:56.524 | Info | '/transaction/getdonationmethods' | 
20:23:56.529 | Info | '/transaction/getcenters' | 
20:23:56.533 | Info | '/transaction/getdonationpickup' | 
20:23:56.535 | Info | '/transaction/getchannel' | 
20:23:56.544 | Info | '/transaction/getpaymentmethods' | 
20:23:56.553 | Info | '/transaction/getdonationmethods' | 
20:24:00.904 | Info | '/transaction/getalldonations' | 
20:24:00.923 | Info | '/transaction/getalldonations' | 
20:24:49.620 | Info | '/transaction/getalldonations' | 
20:24:49.636 | Info | '/transaction/getalldonations' | 
20:26:17.056 | Info | '/api/user/login' | 
20:26:17.180 | Info | '/transaction/getuserpermissions' | 
20:26:17.188 | Info | '/transaction/getdonationpickup' | 
20:26:17.190 | Info | '/transaction/getcenters' | 
20:26:17.192 | Info | '/transaction/getchannel' | 
20:26:17.195 | Info | '/transaction/getdonationmethods' | 
20:26:17.197 | Info | '/transaction/getpaymentmethods' | 
20:26:17.199 | Info | '/transaction/getuserpermissions' | 
20:26:17.210 | Info | '/transaction/getdonationpickup' | 
20:26:17.213 | Info | '/transaction/getcenters' | 
20:26:17.216 | Info | '/transaction/getchannel' | 
20:26:17.218 | Info | '/transaction/getdonationmethods' | 
20:26:17.221 | Info | '/transaction/getpaymentmethods' | 
20:26:19.955 | Info | '/transaction/getalldonations' | 
20:26:19.970 | Info | '/transaction/getalldonations' | 
20:26:49.184 | Info | '/transaction/getuserpermissions' | 
20:26:49.188 | Info | '/transaction/getuserpermissions' | 
20:26:53.003 | Info | '/api/user/login' | 
20:26:53.108 | Info | '/transaction/getuserpermissions' | 
20:26:53.122 | Info | '/transaction/getdonationpickup' | 
20:26:53.125 | Info | '/transaction/getcenters' | 
20:26:53.128 | Info | '/transaction/getuserpermissions' | 
20:26:53.131 | Info | '/transaction/getdonationmethods' | 
20:26:53.132 | Info | '/transaction/getchannel' | 
20:26:53.134 | Info | '/transaction/getpaymentmethods' | 
20:26:53.145 | Info | '/transaction/getcenters' | 
20:26:53.154 | Info | '/transaction/getdonationpickup' | 
20:26:53.158 | Info | '/transaction/getchannel' | 
20:26:53.160 | Info | '/transaction/getpaymentmethods' | 
20:26:53.156 | Info | '/transaction/getdonationmethods' | 
20:26:55.459 | Info | '/transaction/getcenters' | 
20:26:55.460 | Info | '/transaction/getalldonations' | 
20:26:55.462 | Info | '/transaction/getchannel' | 
20:26:55.464 | Info | '/transaction/getdonationmethods' | 
20:26:55.479 | Info | '/transaction/getcenters' | 
20:26:55.481 | Info | '/transaction/getchannel' | 
20:26:55.486 | Info | '/transaction/getdonationmethods' | 
20:26:55.483 | Info | '/transaction/getalldonations' | 
20:27:00.938 | Info | '/transaction/getalldonations' | 
20:27:00.961 | Info | '/transaction/getalldonations' | 
20:27:24.938 | Info | '/api/user/login' | 
20:27:25.067 | Info | '/transaction/getuserpermissions' | 
20:27:25.086 | Info | '/transaction/getdonationpickup' | 
20:27:25.089 | Info | '/transaction/getcenters' | 
20:27:25.091 | Info | '/transaction/getdonationmethods' | 
20:27:25.093 | Info | '/transaction/getchannel' | 
20:27:25.096 | Info | '/transaction/getpaymentmethods' | 
20:27:25.098 | Info | '/transaction/getuserpermissions' | 
20:27:25.112 | Info | '/transaction/getdonationmethods' | 
20:27:25.114 | Info | '/transaction/getcenters' | 
20:27:25.117 | Info | '/transaction/getdonationpickup' | 
20:27:25.120 | Info | '/transaction/getchannel' | 
20:27:25.123 | Info | '/transaction/getpaymentmethods' | 
20:27:28.446 | Info | '/transaction/getalldonations' | 
20:27:28.461 | Info | '/transaction/getalldonations' | 
20:27:40.598 | Info | '/transaction/getuserpermissions' | 
20:27:40.603 | Info | '/transaction/getuserpermissions' | 
20:27:44.260 | Info | '/api/user/login' | 
20:27:44.367 | Info | '/transaction/getuserpermissions' | 
20:27:44.381 | Info | '/transaction/getdonationpickup' | 
20:27:44.385 | Info | '/transaction/getuserpermissions' | 
20:27:44.395 | Info | '/transaction/getcenters' | 
20:27:44.398 | Info | '/transaction/getchannel' | 
20:27:44.400 | Info | '/transaction/getdonationmethods' | 
20:27:44.402 | Info | '/transaction/getpaymentmethods' | 
20:27:44.410 | Info | '/transaction/getdonationpickup' | 
20:27:44.422 | Info | '/transaction/getcenters' | 
20:27:44.427 | Info | '/transaction/getpaymentmethods' | 
20:27:44.425 | Info | '/transaction/getchannel' | 
20:27:44.430 | Info | '/transaction/getdonationmethods' | 
20:27:46.917 | Info | '/transaction/getalldonations' | 
20:27:46.931 | Info | '/transaction/getalldonations' | 
20:28:06.152 | Info | '/api/user/login' | 
20:28:06.290 | Info | '/transaction/getuserpermissions' | 
20:28:06.299 | Info | '/transaction/getdonationpickup' | 
20:28:06.303 | Info | '/transaction/getcenters' | 
20:28:06.307 | Info | '/transaction/getpaymentmethods' | 
20:28:06.305 | Info | '/transaction/getchannel' | 
20:28:06.311 | Info | '/transaction/getuserpermissions' | 
20:28:06.309 | Info | '/transaction/getdonationmethods' | 
20:28:06.322 | Info | '/transaction/getcenters' | 
20:28:06.324 | Info | '/transaction/getchannel' | 
20:28:06.332 | Info | '/transaction/getdonationpickup' | 
20:28:06.337 | Info | '/transaction/getdonationmethods' | 
20:28:06.335 | Info | '/transaction/getpaymentmethods' | 
20:28:09.751 | Info | '/transaction/getalldonations' | 
20:28:09.764 | Info | '/transaction/getalldonations' | 
20:28:48.010 | Info | '/api/user/login' | 
20:28:48.138 | Info | '/transaction/getuserpermissions' | 
20:28:48.140 | Info | '/transaction/getdonationpickup' | 
20:28:48.147 | Info | '/transaction/getdonationmethods' | 
20:28:48.149 | Info | '/transaction/getpaymentmethods' | 
20:28:48.142 | Info | '/transaction/getcenters' | 
20:28:48.144 | Info | '/transaction/getchannel' | 
20:28:48.158 | Info | '/transaction/getuserpermissions' | 
20:28:48.161 | Info | '/transaction/getcenters' | 
20:28:48.164 | Info | '/transaction/getdonationpickup' | 
20:28:48.169 | Info | '/transaction/getchannel' | 
20:28:48.171 | Info | '/transaction/getdonationmethods' | 
20:28:48.192 | Info | '/transaction/getpaymentmethods' | 
20:28:49.778 | Info | '/transaction/getalldonations' | 
20:28:49.791 | Info | '/transaction/getalldonations' | 
20:29:06.374 | Info | '/transaction/getalldonations' | 
20:29:06.392 | Info | '/transaction/getalldonations' | 
20:29:08.875 | Info | '/transaction/getalldonations' | 
20:29:08.891 | Info | '/transaction/getalldonations' | 
20:29:12.649 | Info | '/transaction/getalldonations' | 
20:29:12.666 | Info | '/transaction/getalldonations' | 
20:35:33.430 | Info | '/transaction/getuserpermissions' | 
20:35:33.434 | Info | '/transaction/getuserpermissions' | 
20:35:37.018 | Info | '/api/user/login' | 
20:35:37.142 | Info | '/transaction/getuserpermissions' | 
20:35:37.152 | Info | '/transaction/getdonationpickup' | 
20:35:37.155 | Info | '/transaction/getcenters' | 
20:35:37.157 | Info | '/transaction/getuserpermissions' | 
20:35:37.164 | Info | '/transaction/getdonationmethods' | 
20:35:37.166 | Info | '/transaction/getchannel' | 
20:35:37.167 | Info | '/transaction/getpaymentmethods' | 
20:35:37.169 | Info | '/transaction/getdonationpickup' | 
20:35:37.170 | Info | '/transaction/getcenters' | 
20:35:37.175 | Info | '/transaction/getdonationmethods' | 
20:35:37.177 | Info | '/transaction/getchannel' | 
20:35:37.179 | Info | '/transaction/getpaymentmethods' | 
20:35:44.667 | Info | '/transaction/getchannel' | 
20:35:44.669 | Info | '/transaction/getdonationmethods' | 
20:35:44.671 | Info | '/transaction/getalldonations' | 
20:35:44.676 | Info | '/transaction/getchannel' | 
20:35:44.685 | Info | '/transaction/getdonationmethods' | 
20:35:44.689 | Info | '/transaction/getalldonations' | 
20:37:42.596 | Info | '/api/user/login' | 
20:37:42.716 | Info | '/transaction/getuserpermissions' | 
20:37:42.721 | Info | '/transaction/getdonationpickup' | 
20:37:42.723 | Info | '/transaction/getcenters' | 
20:37:42.726 | Info | '/transaction/getchannel' | 
20:37:42.728 | Info | '/transaction/getdonationmethods' | 
20:37:42.730 | Info | '/transaction/getpaymentmethods' | 
20:37:42.734 | Info | '/transaction/getuserpermissions' | 
20:37:42.740 | Info | '/transaction/getdonationpickup' | 
20:37:42.745 | Info | '/transaction/getcenters' | 
20:37:42.747 | Info | '/transaction/getchannel' | 
20:37:42.749 | Info | '/transaction/getdonationmethods' | 
20:37:42.750 | Info | '/transaction/getpaymentmethods' | 
20:37:44.956 | Info | '/transaction/getchannel' | 
20:37:44.958 | Info | '/transaction/getdonationmethods' | 
20:37:44.963 | Info | '/transaction/getalldonations' | 
20:37:44.967 | Info | '/transaction/getchannel' | 
20:37:44.971 | Info | '/transaction/getdonationmethods' | 
20:37:44.988 | Info | '/transaction/getalldonations' | 
20:39:17.320 | Info | '/transaction/getdonationpurpose' | 
20:39:17.431 | Info | '/transaction/getarea' | 
20:39:17.439 | Info | '/transaction/getprojects' | 
20:39:17.517 | Info | '/transaction/getdonationpurpose' | 
20:39:17.518 | Info | '/transaction/getarea' | 
20:39:18.288 | Info | '/transaction/getprojects' | 
20:40:47.517 | Info | '/transaction/getarea' | 
20:40:47.519 | Info | '/transaction/getpaymentmethods' | 
20:40:47.523 | Info | '/transaction/getarea' | 
20:40:47.525 | Info | '/transaction/getpaymentmethods' | 
21:01:34.567 | Info | '/transaction/getchannel' | 
21:01:34.569 | Info | '/transaction/getdonationmethods' | 
21:01:34.572 | Info | '/transaction/getalldonations' | 
21:01:34.591 | Info | '/transaction/getdonationmethods' | 
21:01:34.595 | Info | '/transaction/getchannel' | 
21:01:34.597 | Info | '/transaction/getalldonations' | 
