22:45:08.512 | Info | '/api/user/login' | 
22:45:16.387 | Info | '/api/user/login' | 
22:45:16.485 | Info | '/transaction/getuserpermissions' | 
22:45:16.596 | Info | '/transaction/myprofile' | 
22:45:16.780 | Info | '/transaction/myrequests' | 
22:45:16.787 | Info | '/transaction/mycollections' | 
22:45:16.801 | Info | '/transaction/getuserpermissions' | 
22:45:16.802 | Info | '/transaction/myrequests' | 
22:45:16.818 | Info | '/transaction/myprofile' | 
22:45:16.820 | Info | '/transaction/mycollections' | 
22:45:16.831 | Info | '/transaction/myprofile' | 
22:45:16.844 | Info | '/transaction/myprofile' | 
22:45:31.212 | Info | '/transaction/getalldonations' | 
22:45:31.246 | Info | '/transaction/getalldonations' | 
22:45:33.375 | Info | '/dashboard' | 
22:45:33.468 | Info | '/dashboard' | 
22:45:38.744 | Info | '/transaction/myprofile' | 
22:45:38.745 | Info | '/transaction/myrequests' | 
22:45:38.746 | Info | '/transaction/mycollections' | 
22:45:38.758 | Info | '/transaction/myprofile' | 
22:45:38.760 | Info | '/transaction/myrequests' | 
22:45:38.767 | Info | '/transaction/mycollections' | 
22:45:38.788 | Info | '/transaction/myprofile' | 
22:45:38.796 | Info | '/transaction/myprofile' | 
