14:03:25.636 | Info | '/api/user/login' | 
14:03:27.160 | Info | '/transaction/getuserpermissions' | 
14:03:27.280 | Info | '/transaction/myprofile' | 
14:03:27.668 | Info | '/transaction/myrequests' | 
14:03:27.808 | Info | '/transaction/mycollections' | 
14:03:27.858 | Info | '/transaction/getuserpermissions' | 
14:03:28.023 | Info | '/transaction/myprofile' | 
14:03:28.028 | Info | '/transaction/myprofile' | 
14:03:28.066 | Info | '/transaction/myprofile' | 
14:03:28.069 | Info | '/transaction/myrequests' | 
14:03:28.072 | Info | '/transaction/mycollections' | 
14:04:15.706 | Info | '/transaction/getarea' | 
14:04:15.741 | Info | '/transaction/getdonationtypes' | 
14:04:15.757 | Info | '/transaction/getpaymentmethods' | 
14:04:15.808 | Info | '/transaction/getdonationtypes' | 
14:04:15.819 | Info | '/transaction/getarea' | 
14:04:15.882 | Info | '/transaction/getpaymentmethods' | 
14:04:22.379 | Info | '/transaction/getdonationpurpose' | 
14:04:22.436 | Info | '/transaction/getarea' | 
14:04:22.438 | Info | '/transaction/getprojects' | 
14:04:22.492 | Info | '/transaction/getarea' | 
14:04:22.571 | Info | '/transaction/getdonationpurpose' | 
14:04:23.415 | Info | '/transaction/getprojects' | 
14:11:02.235 | Info | '/transaction/getdonationtypes' | 
14:11:02.247 | Info | '/transaction/getdonationtypes' | 
14:11:27.659 | Info | '/transaction/getdonationtypes' | 
14:11:27.662 | Info | '/transaction/getarea' | 
14:11:27.670 | Info | '/transaction/getpaymentmethods' | 
14:11:27.676 | Info | '/transaction/getdonationtypes' | 
14:11:27.687 | Info | '/transaction/getarea' | 
14:11:27.694 | Info | '/transaction/getpaymentmethods' | 
14:11:30.587 | Info | '/transaction/getdonationpurpose' | 
14:11:34.564 | Info | '/transaction/getdonationpurpose' | 
14:11:35.937 | Info | '/transaction/getdonationpurpose' | 
14:12:13.146 | Info | '/transaction/getarea' | 
14:12:13.151 | Info | '/transaction/getdonationtypes' | 
14:12:13.153 | Info | '/transaction/getpaymentmethods' | 
14:12:13.162 | Info | '/transaction/getarea' | 
14:12:13.165 | Info | '/transaction/getdonationtypes' | 
14:12:13.167 | Info | '/transaction/getpaymentmethods' | 
14:12:15.668 | Info | '/transaction/getuserpermissions' | 
14:12:15.672 | Info | '/transaction/getuserpermissions' | 
14:12:19.198 | Info | '/api/user/login' | 
14:12:19.311 | Info | '/transaction/getuserpermissions' | 
14:12:19.330 | Info | '/transaction/getuserpermissions' | 
14:12:19.338 | Info | '/transaction/myprofile' | 
14:12:19.348 | Info | '/transaction/myrequests' | 
14:12:19.351 | Info | '/transaction/mycollections' | 
14:12:19.359 | Info | '/transaction/myprofile' | 
14:12:19.362 | Info | '/transaction/myrequests' | 
14:12:19.364 | Info | '/transaction/mycollections' | 
14:12:19.373 | Info | '/transaction/myprofile' | 
14:12:19.377 | Info | '/transaction/myprofile' | 
14:12:22.546 | Info | '/transaction/getarea' | 
14:12:22.551 | Info | '/transaction/getdonationtypes' | 
14:12:22.554 | Info | '/transaction/getpaymentmethods' | 
14:12:22.567 | Info | '/transaction/getarea' | 
14:12:22.568 | Info | '/transaction/getdonationtypes' | 
14:12:22.569 | Info | '/transaction/getpaymentmethods' | 
14:12:25.748 | Info | '/transaction/getdonationpurpose' | 
14:12:26.307 | Info | '/transaction/getdonationpurpose' | 
14:14:07.161 | Info | '/transaction/getarea' | 
14:14:07.164 | Info | '/transaction/getdonationtypes' | 
14:14:07.166 | Info | '/transaction/getpaymentmethods' | 
14:14:07.168 | Info | '/transaction/getarea' | 
14:14:07.176 | Info | '/transaction/getpaymentmethods' | 
14:14:07.173 | Info | '/transaction/getdonationtypes' | 
14:14:22.928 | Info | '/transaction/getuserpermissions' | 
14:14:22.935 | Info | '/transaction/getuserpermissions' | 
14:14:26.848 | Info | '/api/user/login' | 
14:14:26.965 | Info | '/transaction/getuserpermissions' | 
14:14:27.000 | Info | '/transaction/myprofile' | 
14:14:27.002 | Info | '/transaction/getuserpermissions' | 
14:14:27.006 | Info | '/transaction/myrequests' | 
14:14:27.009 | Info | '/transaction/mycollections' | 
14:14:27.021 | Info | '/transaction/myprofile' | 
14:14:27.026 | Info | '/transaction/mycollections' | 
14:14:27.024 | Info | '/transaction/myrequests' | 
14:14:27.035 | Info | '/transaction/myprofile' | 
14:14:27.040 | Info | '/transaction/myprofile' | 
14:14:37.836 | Info | '/transaction/getarea' | 
14:14:37.839 | Info | '/transaction/getdonationtypes' | 
14:14:37.841 | Info | '/transaction/getpaymentmethods' | 
14:14:37.860 | Info | '/transaction/getarea' | 
14:14:37.868 | Info | '/transaction/getdonationtypes' | 
14:14:37.870 | Info | '/transaction/getpaymentmethods' | 
14:14:39.845 | Info | '/transaction/getdonationpurpose' | 
14:14:40.864 | Info | '/transaction/getdonationpurpose' | 
14:17:04.328 | Info | '/transaction/getarea' | 
14:17:04.330 | Info | '/transaction/getpaymentmethods' | 
14:17:04.337 | Info | '/transaction/getarea' | 
14:17:04.347 | Info | '/transaction/getpaymentmethods' | 
14:18:49.194 | Info | '/transaction/getarea' | 
14:18:49.196 | Info | '/transaction/getpaymentmethods' | 
14:18:49.199 | Info | '/transaction/getarea' | 
14:18:49.202 | Info | '/transaction/getpaymentmethods' | 
14:20:17.183 | Info | '/transaction/getarea' | 
14:20:17.185 | Info | '/transaction/getpaymentmethods' | 
14:20:17.190 | Info | '/transaction/getarea' | 
14:20:17.193 | Info | '/transaction/getpaymentmethods' | 
14:20:28.171 | Info | '/transaction/getarea' | 
14:20:28.173 | Info | '/transaction/getpaymentmethods' | 
14:20:28.179 | Info | '/transaction/getarea' | 
14:20:28.182 | Info | '/transaction/getpaymentmethods' | 
14:20:44.211 | Info | '/transaction/getarea' | 
14:20:44.214 | Info | '/transaction/getpaymentmethods' | 
14:20:44.220 | Info | '/transaction/getarea' | 
14:20:44.222 | Info | '/transaction/getpaymentmethods' | 
14:21:01.536 | Info | '/transaction/getarea' | 
14:21:01.544 | Info | '/transaction/getpaymentmethods' | 
14:21:01.551 | Info | '/transaction/getarea' | 
14:21:01.562 | Info | '/transaction/getpaymentmethods' | 
14:21:12.074 | Info | '/transaction/getuserpermissions' | 
14:21:12.079 | Info | '/transaction/getuserpermissions' | 
14:21:18.025 | Info | '/api/user/login' | 
14:21:18.419 | Info | '/transaction/getuserpermissions' | 
14:21:18.421 | Info | '/transaction/myprofile' | 
14:21:18.423 | Info | '/transaction/myrequests' | 
14:21:18.425 | Info | '/transaction/mycollections' | 
14:21:18.449 | Info | '/transaction/getuserpermissions' | 
14:21:18.451 | Info | '/transaction/myprofile' | 
14:21:18.454 | Info | '/transaction/myrequests' | 
14:21:18.456 | Info | '/transaction/mycollections' | 
14:21:18.474 | Info | '/transaction/myprofile' | 
14:21:18.485 | Info | '/transaction/myprofile' | 
14:21:20.522 | Info | '/transaction/getarea' | 
14:21:20.524 | Info | '/transaction/getpaymentmethods' | 
14:21:20.528 | Info | '/transaction/getarea' | 
14:21:20.531 | Info | '/transaction/getpaymentmethods' | 
14:21:23.775 | Info | '/transaction/getdonationpurpose' | 
14:21:24.362 | Info | '/transaction/getdonationpurpose' | 
14:22:12.136 | Info | '/transaction/getarea' | 
14:22:12.143 | Info | '/transaction/getpaymentmethods' | 
14:22:12.148 | Info | '/transaction/getarea' | 
14:22:12.150 | Info | '/transaction/getpaymentmethods' | 
14:22:21.138 | Info | '/transaction/getarea' | 
14:22:21.140 | Info | '/transaction/getpaymentmethods' | 
14:22:21.146 | Info | '/transaction/getarea' | 
14:22:21.148 | Info | '/transaction/getpaymentmethods' | 
14:22:48.676 | Info | '/transaction/getuserpermissions' | 
14:22:48.688 | Info | '/transaction/getuserpermissions' | 
14:22:51.591 | Info | '/api/user/login' | 
14:22:51.691 | Info | '/transaction/getuserpermissions' | 
14:22:51.706 | Info | '/transaction/getuserpermissions' | 
14:22:51.728 | Info | '/transaction/myprofile' | 
14:22:51.716 | Info | '/transaction/myprofile' | 
14:22:51.721 | Info | '/transaction/myrequests' | 
14:22:51.724 | Info | '/transaction/mycollections' | 
14:22:51.740 | Info | '/transaction/myrequests' | 
14:22:51.742 | Info | '/transaction/mycollections' | 
14:22:51.744 | Info | '/transaction/myprofile' | 
14:22:51.754 | Info | '/transaction/myprofile' | 
14:22:54.092 | Info | '/transaction/getarea' | 
14:22:54.094 | Info | '/transaction/getpaymentmethods' | 
14:22:54.098 | Info | '/transaction/getarea' | 
14:22:54.101 | Info | '/transaction/getpaymentmethods' | 
14:23:01.992 | Info | '/transaction/getdonationpurpose' | 
14:23:02.594 | Info | '/transaction/getdonationpurpose' | 
14:23:42.144 | Info | '/transaction/getarea' | 
14:23:42.145 | Info | '/transaction/getpaymentmethods' | 
14:23:42.150 | Info | '/transaction/getarea' | 
14:23:42.152 | Info | '/transaction/getpaymentmethods' | 
14:23:51.127 | Info | '/transaction/getarea' | 
14:23:51.129 | Info | '/transaction/getpaymentmethods' | 
14:23:51.134 | Info | '/transaction/getarea' | 
14:23:51.136 | Info | '/transaction/getpaymentmethods' | 
14:25:12.143 | Info | '/transaction/getarea' | 
14:25:12.145 | Info | '/transaction/getpaymentmethods' | 
14:25:12.156 | Info | '/transaction/getpaymentmethods' | 
14:25:12.154 | Info | '/transaction/getarea' | 
14:25:31.751 | Info | '/transaction/getuserpermissions' | 
14:25:31.757 | Info | '/transaction/getuserpermissions' | 
14:25:35.257 | Info | '/api/user/login' | 
14:25:35.356 | Info | '/transaction/getuserpermissions' | 
14:25:35.373 | Info | '/transaction/getuserpermissions' | 
14:25:35.384 | Info | '/transaction/myprofile' | 
14:25:35.387 | Info | '/transaction/myrequests' | 
14:25:35.390 | Info | '/transaction/mycollections' | 
14:25:35.404 | Info | '/transaction/myprofile' | 
14:25:35.407 | Info | '/transaction/myrequests' | 
14:25:35.408 | Info | '/transaction/mycollections' | 
14:25:35.417 | Info | '/transaction/myprofile' | 
14:25:35.421 | Info | '/transaction/myprofile' | 
14:25:37.098 | Info | '/transaction/getarea' | 
14:25:37.099 | Info | '/transaction/getpaymentmethods' | 
14:25:37.106 | Info | '/transaction/getarea' | 
14:25:37.108 | Info | '/transaction/getpaymentmethods' | 
14:25:40.013 | Info | '/transaction/getdonationpurpose' | 
14:25:40.481 | Info | '/transaction/getdonationpurpose' | 
14:26:36.105 | Info | '/transaction/getarea' | 
14:26:36.107 | Info | '/transaction/getpaymentmethods' | 
14:26:36.113 | Info | '/transaction/getarea' | 
14:26:36.115 | Info | '/transaction/getpaymentmethods' | 
14:26:46.332 | Info | '/transaction/getuserpermissions' | 
14:26:46.338 | Info | '/transaction/getuserpermissions' | 
14:26:55.700 | Info | '/api/user/login' | 
14:26:55.816 | Info | '/transaction/getuserpermissions' | 
14:26:55.828 | Info | '/transaction/myprofile' | 
14:26:55.837 | Info | '/transaction/getuserpermissions' | 
14:26:55.840 | Info | '/transaction/myrequests' | 
14:26:55.842 | Info | '/transaction/mycollections' | 
14:26:55.852 | Info | '/transaction/myprofile' | 
14:26:55.854 | Info | '/transaction/myrequests' | 
14:26:55.857 | Info | '/transaction/mycollections' | 
14:26:55.864 | Info | '/transaction/myprofile' | 
14:26:55.923 | Info | '/transaction/myprofile' | 
14:26:57.287 | Info | '/transaction/getarea' | 
14:26:57.289 | Info | '/transaction/getpaymentmethods' | 
14:26:57.297 | Info | '/transaction/getarea' | 
14:26:57.299 | Info | '/transaction/getpaymentmethods' | 
14:27:00.203 | Info | '/transaction/getdonationpurpose' | 
14:27:00.630 | Info | '/transaction/getdonationpurpose' | 
14:27:49.153 | Info | '/transaction/getarea' | 
14:27:49.155 | Info | '/transaction/getpaymentmethods' | 
14:27:49.160 | Info | '/transaction/getarea' | 
14:27:49.163 | Info | '/transaction/getpaymentmethods' | 
14:28:04.106 | Info | '/transaction/getarea' | 
14:28:04.108 | Info | '/transaction/getpaymentmethods' | 
14:28:04.113 | Info | '/transaction/getarea' | 
14:28:04.115 | Info | '/transaction/getpaymentmethods' | 
14:28:16.100 | Info | '/transaction/getarea' | 
14:28:16.102 | Info | '/transaction/getpaymentmethods' | 
14:28:16.105 | Info | '/transaction/getarea' | 
14:28:16.108 | Info | '/transaction/getpaymentmethods' | 
14:28:23.538 | Info | '/transaction/getuserpermissions' | 
14:28:23.544 | Info | '/transaction/getuserpermissions' | 
14:28:32.179 | Info | '/api/user/login' | 
14:28:32.290 | Info | '/transaction/getuserpermissions' | 
14:28:32.300 | Info | '/transaction/getuserpermissions' | 
14:28:32.306 | Info | '/transaction/myprofile' | 
14:28:32.312 | Info | '/transaction/myrequests' | 
14:28:32.314 | Info | '/transaction/mycollections' | 
14:28:32.324 | Info | '/transaction/myprofile' | 
14:28:32.327 | Info | '/transaction/myrequests' | 
14:28:32.328 | Info | '/transaction/mycollections' | 
14:28:32.337 | Info | '/transaction/myprofile' | 
14:28:32.341 | Info | '/transaction/myprofile' | 
14:28:33.918 | Info | '/transaction/getarea' | 
14:28:33.919 | Info | '/transaction/getpaymentmethods' | 
14:28:33.927 | Info | '/transaction/getarea' | 
14:28:33.929 | Info | '/transaction/getpaymentmethods' | 
14:28:36.654 | Info | '/transaction/getdonationpurpose' | 
14:28:37.093 | Info | '/transaction/getdonationpurpose' | 
14:28:45.996 | Info | '/transaction/getdonationpurpose' | 
14:28:46.856 | Info | '/transaction/getdonationpurpose' | 
14:29:05.129 | Info | '/transaction/getarea' | 
14:29:05.132 | Info | '/transaction/getpaymentmethods' | 
14:29:05.137 | Info | '/transaction/getarea' | 
14:29:05.139 | Info | '/transaction/getpaymentmethods' | 
14:32:19.099 | Info | '/transaction/getarea' | 
14:32:19.101 | Info | '/transaction/getpaymentmethods' | 
14:32:19.105 | Info | '/transaction/getarea' | 
14:32:19.107 | Info | '/transaction/getpaymentmethods' | 
14:34:27.101 | Info | '/transaction/getarea' | 
14:34:27.105 | Info | '/transaction/getpaymentmethods' | 
14:34:27.111 | Info | '/transaction/getarea' | 
14:34:27.114 | Info | '/transaction/getpaymentmethods' | 
14:34:35.104 | Info | '/transaction/getarea' | 
14:34:35.106 | Info | '/transaction/getpaymentmethods' | 
14:34:35.110 | Info | '/transaction/getarea' | 
14:34:35.113 | Info | '/transaction/getpaymentmethods' | 
14:34:44.723 | Info | '/api/user/login' | 
14:34:44.848 | Info | '/transaction/getuserpermissions' | 
14:34:44.851 | Info | '/transaction/myprofile' | 
14:34:44.864 | Info | '/transaction/myrequests' | 
14:34:44.868 | Info | '/transaction/mycollections' | 
14:34:44.876 | Info | '/transaction/getuserpermissions' | 
14:34:44.879 | Info | '/transaction/myprofile' | 
14:34:44.882 | Info | '/transaction/myrequests' | 
14:34:44.884 | Info | '/transaction/mycollections' | 
14:34:44.892 | Info | '/transaction/myprofile' | 
14:34:44.897 | Info | '/transaction/myprofile' | 
14:34:46.362 | Info | '/transaction/getarea' | 
14:34:46.364 | Info | '/transaction/getpaymentmethods' | 
14:34:46.373 | Info | '/transaction/getarea' | 
14:34:46.375 | Info | '/transaction/getpaymentmethods' | 
14:34:49.384 | Info | '/transaction/getdonationpurpose' | 
14:34:49.834 | Info | '/transaction/getdonationpurpose' | 
14:34:56.543 | Info | '/transaction/getdonationpurpose' | 
14:34:57.153 | Info | '/transaction/getdonationpurpose' | 
14:34:57.922 | Info | '/transaction/getdonationpurpose' | 
14:34:58.334 | Info | '/transaction/getdonationpurpose' | 
14:35:14.936 | Info | '/api/user/login' | 
14:35:15.082 | Info | '/transaction/getuserpermissions' | 
14:35:15.090 | Info | '/transaction/myprofile' | 
14:35:15.094 | Info | '/transaction/myrequests' | 
14:35:15.102 | Info | '/transaction/mycollections' | 
14:35:15.118 | Info | '/transaction/getuserpermissions' | 
14:35:15.120 | Info | '/transaction/myprofile' | 
14:35:15.124 | Info | '/transaction/myrequests' | 
14:35:15.126 | Info | '/transaction/mycollections' | 
14:35:15.143 | Info | '/transaction/myprofile' | 
14:35:15.148 | Info | '/transaction/myprofile' | 
14:35:16.921 | Info | '/transaction/getarea' | 
14:35:16.922 | Info | '/transaction/getpaymentmethods' | 
14:35:16.929 | Info | '/transaction/getarea' | 
14:35:16.932 | Info | '/transaction/getpaymentmethods' | 
14:35:22.337 | Info | '/transaction/getdonationpurpose' | 
14:35:23.089 | Info | '/transaction/getdonationpurpose' | 
14:50:11.029 | Info | '/rest/91/71u8awaeb2pm2m45/crm.lead.add.json' | 
14:51:40.301 | Info | '/rest/91/71u8awaeb2pm2m45/crm.lead.add.json' | 
14:59:04.911 | Info | '/rest/91/71u8awaeb2pm2m45/crm.lead.add.json' | 
14:59:16.498 | Info | '/rest/91/71u8awaeb2pm2m45/crm.lead.add.json' | 
14:59:51.973 | Info | '/rest/91/71u8awaeb2pm2m45/crm.lead.add.json' | 
15:00:52.141 | Info | '/rest/91/71u8awaeb2pm2m45/crm.lead.add.json' | 
15:10:59.420 | Info | '/rest/91/71u8awaeb2pm2m45/crm.lead.add.json' | 
15:11:09.042 | Info | '/rest/91/71u8awaeb2pm2m45/crm.lead.add.json' | 
15:11:44.812 | Info | '/rest/91/71u8awaeb2pm2m45/crm.lead.add.json' | 
15:12:14.676 | Info | '/rest/91/71u8awaeb2pm2m45/crm.lead.add.json' | 
15:15:29.334 | Info | '/rest/91/71u8awaeb2pm2m45/crm.lead.add.json' | 
