17:56:23.720 | Info | '/api/user/login' | 
17:56:24.848 | Info | '/transaction/getuserpermissions' | 
17:56:24.940 | Info | '/transaction/myrequests' | 
17:56:25.080 | Info | '/transaction/mycollections' | 
17:56:25.118 | Info | '/transaction/myprofile' | 
17:56:25.380 | Info | '/transaction/getuserpermissions' | 
17:56:25.484 | Info | '/transaction/myrequests' | 
17:56:25.567 | Info | '/transaction/myprofile' | 
17:56:25.571 | Info | '/transaction/myprofile' | 
17:56:25.576 | Info | '/transaction/myprofile' | 
17:56:25.632 | Info | '/transaction/mycollections' | 
17:57:48.562 | Info | '/transaction/getarea' | 
17:57:48.623 | Info | '/transaction/getpaymentmethods' | 
17:57:48.687 | Info | '/transaction/getpaymentmethods' | 
17:57:48.701 | Info | '/transaction/getarea' | 
17:57:48.933 | Info | '/transaction/getalldonations' | 
17:57:48.997 | Info | '/transaction/getalldonations' | 
17:57:49.358 | Info | '/transaction/getcollection' | 
17:57:49.568 | Info | '/transaction/getcollection' | 
17:58:39.468 | Info | '/transaction/getalldonations' | 
17:58:39.492 | Info | '/transaction/getalldonations' | 
18:14:28.230 | Info | '/transaction/getuserpermissions' | 
18:14:28.234 | Info | '/transaction/getuserpermissions' | 
18:14:30.993 | Info | '/api/user/login' | 
18:14:31.115 | Info | '/transaction/getuserpermissions' | 
18:14:31.131 | Info | '/transaction/myprofile' | 
18:14:31.133 | Info | '/transaction/getuserpermissions' | 
18:14:31.136 | Info | '/transaction/myrequests' | 
18:14:31.138 | Info | '/transaction/mycollections' | 
18:14:31.146 | Info | '/transaction/myprofile' | 
18:14:31.148 | Info | '/transaction/myrequests' | 
18:14:31.153 | Info | '/transaction/mycollections' | 
18:14:31.161 | Info | '/transaction/myprofile' | 
18:14:31.167 | Info | '/transaction/myprofile' | 
18:14:33.990 | Info | '/transaction/getalldonations' | 
18:14:33.999 | Info | '/transaction/getalldonations' | 
18:15:05.172 | Info | '/transaction/getuserpermissions' | 
18:15:05.175 | Info | '/transaction/getuserpermissions' | 
18:15:19.500 | Info | '/api/user/login' | 
18:15:19.647 | Info | '/transaction/getuserpermissions' | 
18:15:19.657 | Info | '/transaction/getuserpermissions' | 
18:15:19.659 | Info | '/transaction/myprofile' | 
18:15:19.666 | Info | '/transaction/myrequests' | 
18:15:19.668 | Info | '/transaction/mycollections' | 
18:15:19.672 | Info | '/transaction/myprofile' | 
18:15:19.678 | Info | '/transaction/myrequests' | 
18:15:19.681 | Info | '/transaction/mycollections' | 
18:15:19.684 | Info | '/transaction/myprofile' | 
18:15:19.696 | Info | '/transaction/myprofile' | 
18:15:53.990 | Info | '/transaction/getalldonations' | 
18:15:54.006 | Info | '/transaction/getalldonations' | 
18:41:25.088 | Info | '/transaction/getdonationpickup' | 
18:49:28.351 | Info | '/transaction/getuserpermissions' | 
18:49:28.356 | Info | '/transaction/getuserpermissions' | 
18:49:31.451 | Info | '/api/user/login' | 
18:49:31.639 | Info | '/transaction/getuserpermissions' | 
18:49:31.663 | Info | '/transaction/getuserpermissions' | 
18:49:31.674 | Info | '/transaction/myprofile' | 
18:49:31.728 | Info | '/transaction/myrequests' | 
18:49:31.765 | Info | '/transaction/mycollections' | 
18:49:31.785 | Info | '/transaction/myprofile' | 
18:49:31.789 | Info | '/transaction/myrequests' | 
18:49:31.791 | Info | '/transaction/mycollections' | 
18:49:31.806 | Info | '/transaction/myprofile' | 
18:49:31.816 | Info | '/transaction/myprofile' | 
18:50:37.459 | Info | '/transaction/getuserpermissions' | 
18:50:37.462 | Info | '/transaction/getuserpermissions' | 
18:50:41.347 | Info | '/api/user/login' | 
18:50:41.468 | Info | '/transaction/getuserpermissions' | 
18:50:41.481 | Info | '/transaction/myprofile' | 
18:50:41.484 | Info | '/transaction/getuserpermissions' | 
18:50:41.491 | Info | '/transaction/myrequests' | 
18:50:41.494 | Info | '/transaction/mycollections' | 
18:50:41.496 | Info | '/transaction/myprofile' | 
18:50:41.505 | Info | '/transaction/myrequests' | 
18:50:41.507 | Info | '/transaction/mycollections' | 
18:50:41.514 | Info | '/transaction/myprofile' | 
18:50:41.525 | Info | '/transaction/myprofile' | 
18:50:50.167 | Info | '/transaction/getdonationpickup' | 
18:53:05.801 | Info | '/transaction/getcenters' | 
18:53:05.828 | Info | '/transaction/getcenters' | 
18:53:20.604 | Info | '/transaction/createcenter' | 
18:53:20.753 | Info | '/transaction/getcenters' | 
18:53:51.624 | Info | '/transaction/getdonationpickup' | 
18:53:54.968 | Info | '/transaction/getalldonations' | 
18:53:54.993 | Info | '/transaction/getalldonations' | 
18:53:59.998 | Info | '/transaction/getuserpermissions' | 
18:54:00.003 | Info | '/transaction/getuserpermissions' | 
18:54:03.569 | Info | '/api/user/login' | 
18:54:03.699 | Info | '/transaction/getuserpermissions' | 
18:54:03.711 | Info | '/transaction/getuserpermissions' | 
18:54:03.725 | Info | '/transaction/myprofile' | 
18:54:03.732 | Info | '/transaction/myrequests' | 
18:54:03.734 | Info | '/transaction/mycollections' | 
18:54:03.743 | Info | '/transaction/myprofile' | 
18:54:03.747 | Info | '/transaction/myrequests' | 
18:54:03.751 | Info | '/transaction/mycollections' | 
18:54:03.754 | Info | '/transaction/myprofile' | 
18:54:03.763 | Info | '/transaction/myprofile' | 
18:54:14.810 | Info | '/transaction/getdonationpickup' | 
18:58:33.429 | Info | '/transaction/getalldonations' | 
18:58:33.443 | Info | '/transaction/getalldonations' | 
18:58:33.915 | Info | '/transaction/getarea' | 
18:58:33.926 | Info | '/transaction/getpaymentmethods' | 
18:58:33.944 | Info | '/transaction/getarea' | 
18:58:33.951 | Info | '/transaction/getpaymentmethods' | 
18:58:34.434 | Info | '/transaction/getcollection' | 
18:58:34.494 | Info | '/transaction/getcollection' | 
19:01:39.177 | Info | '/transaction/getuserpermissions' | 
19:01:39.183 | Info | '/transaction/getuserpermissions' | 
19:01:42.938 | Info | '/api/user/login' | 
19:01:43.100 | Info | '/transaction/getuserpermissions' | 
19:01:43.127 | Info | '/transaction/getuserpermissions' | 
19:01:43.129 | Info | '/transaction/myprofile' | 
19:01:43.153 | Info | '/transaction/myrequests' | 
19:01:43.156 | Info | '/transaction/mycollections' | 
19:01:43.160 | Info | '/transaction/myprofile' | 
19:01:43.168 | Info | '/transaction/myrequests' | 
19:01:43.178 | Info | '/transaction/mycollections' | 
19:01:43.180 | Info | '/transaction/myprofile' | 
19:01:43.190 | Info | '/transaction/myprofile' | 
19:01:48.338 | Info | '/transaction/getdonationpickup' | 
19:01:48.344 | Info | '/transaction/getdonationpickup' | 
19:06:44.009 | Info | '/api/user/login' | 
19:06:44.144 | Info | '/transaction/getuserpermissions' | 
19:06:44.158 | Info | '/transaction/getuserpermissions' | 
19:06:44.160 | Info | '/transaction/myprofile' | 
19:06:44.173 | Info | '/transaction/myrequests' | 
19:06:44.175 | Info | '/transaction/mycollections' | 
19:06:44.178 | Info | '/transaction/myprofile' | 
19:06:44.185 | Info | '/transaction/myrequests' | 
19:06:44.191 | Info | '/transaction/mycollections' | 
19:06:44.193 | Info | '/transaction/myprofile' | 
19:06:44.200 | Info | '/transaction/myprofile' | 
19:06:51.023 | Info | '/transaction/getdonationpickup' | 
19:06:51.028 | Info | '/transaction/getdonationpickup' | 
19:15:25.683 | Info | '/transaction/getuserpermissions' | 
19:15:25.691 | Info | '/transaction/getuserpermissions' | 
19:15:32.833 | Info | '/api/user/login' | 
19:15:33.023 | Info | '/transaction/getuserpermissions' | 
19:15:33.035 | Info | '/transaction/getuserpermissions' | 
19:15:33.037 | Info | '/transaction/myprofile' | 
19:15:33.039 | Info | '/transaction/myrequests' | 
19:15:33.041 | Info | '/transaction/mycollections' | 
19:15:33.055 | Info | '/transaction/myprofile' | 
19:15:33.057 | Info | '/transaction/myrequests' | 
19:15:33.058 | Info | '/transaction/mycollections' | 
19:15:33.069 | Info | '/transaction/myprofile' | 
19:15:33.076 | Info | '/transaction/myprofile' | 
19:15:38.045 | Info | '/transaction/getdonationpickup' | 
19:15:38.050 | Info | '/transaction/getdonationpickup' | 
19:16:07.757 | Info | '/transaction/getuserpermissions' | 
19:16:07.760 | Info | '/transaction/getuserpermissions' | 
19:16:16.635 | Info | '/api/user/login' | 
19:16:16.792 | Info | '/transaction/getuserpermissions' | 
19:16:16.807 | Info | '/transaction/getuserpermissions' | 
19:16:16.813 | Info | '/transaction/myprofile' | 
19:16:16.815 | Info | '/transaction/myrequests' | 
19:16:16.817 | Info | '/transaction/mycollections' | 
19:16:16.827 | Info | '/transaction/myprofile' | 
19:16:16.833 | Info | '/transaction/mycollections' | 
19:16:16.837 | Info | '/transaction/myrequests' | 
19:16:16.845 | Info | '/transaction/myprofile' | 
19:16:16.851 | Info | '/transaction/myprofile' | 
19:16:20.857 | Info | '/transaction/getdonationpickup' | 
19:16:20.884 | Info | '/transaction/getdonationpickup' | 
19:31:53.285 | Info | '/transaction/getuserpermissions' | 
19:31:53.289 | Info | '/transaction/getuserpermissions' | 
19:31:57.533 | Info | '/api/user/login' | 
19:31:57.670 | Info | '/transaction/getuserpermissions' | 
19:31:57.686 | Info | '/transaction/getuserpermissions' | 
19:31:57.703 | Info | '/transaction/myprofile' | 
19:31:57.705 | Info | '/transaction/myrequests' | 
19:31:57.707 | Info | '/transaction/mycollections' | 
19:31:57.722 | Info | '/transaction/myrequests' | 
19:31:57.720 | Info | '/transaction/mycollections' | 
19:31:57.724 | Info | '/transaction/myprofile' | 
19:31:57.732 | Info | '/transaction/myprofile' | 
19:31:57.737 | Info | '/transaction/myprofile' | 
19:32:01.160 | Info | '/transaction/getdonationpickup' | 
19:32:01.165 | Info | '/transaction/getdonationpickup' | 
19:32:30.128 | Info | '/transaction/getuserpermissions' | 
19:32:30.133 | Info | '/transaction/getuserpermissions' | 
19:32:37.779 | Info | '/api/user/login' | 
19:32:37.947 | Info | '/transaction/getuserpermissions' | 
19:32:37.957 | Info | '/transaction/getuserpermissions' | 
19:32:37.966 | Info | '/transaction/myprofile' | 
19:32:37.970 | Info | '/transaction/myrequests' | 
19:32:37.972 | Info | '/transaction/mycollections' | 
19:32:37.977 | Info | '/transaction/myprofile' | 
19:32:37.982 | Info | '/transaction/myrequests' | 
19:32:37.984 | Info | '/transaction/mycollections' | 
19:32:37.989 | Info | '/transaction/myprofile' | 
19:32:38.000 | Info | '/transaction/myprofile' | 
19:32:41.446 | Info | '/transaction/getdonationpickup' | 
19:32:41.451 | Info | '/transaction/getdonationpickup' | 
19:35:59.675 | Info | '/transaction/getuserpermissions' | 
19:35:59.680 | Info | '/transaction/getuserpermissions' | 
19:36:04.915 | Info | '/api/user/login' | 
19:36:05.046 | Info | '/transaction/getuserpermissions' | 
19:36:05.052 | Info | '/transaction/myprofile' | 
19:36:05.055 | Info | '/transaction/getuserpermissions' | 
19:36:05.062 | Info | '/transaction/myrequests' | 
19:36:05.064 | Info | '/transaction/mycollections' | 
19:36:05.068 | Info | '/transaction/myprofile' | 
19:36:05.075 | Info | '/transaction/myrequests' | 
19:36:05.077 | Info | '/transaction/mycollections' | 
19:36:05.080 | Info | '/transaction/myprofile' | 
19:36:05.090 | Info | '/transaction/myprofile' | 
19:36:06.684 | Info | '/transaction/getdonationpickup' | 
19:36:06.688 | Info | '/transaction/getdonationpickup' | 
20:01:23.232 | Info | '/transaction/getuserpermissions' | 
20:01:23.237 | Info | '/transaction/getuserpermissions' | 
20:01:32.482 | Info | '/api/user/login' | 
20:01:32.645 | Info | '/transaction/getuserpermissions' | 
20:01:32.652 | Info | '/transaction/getuserpermissions' | 
20:01:32.663 | Info | '/transaction/myprofile' | 
20:01:32.665 | Info | '/transaction/myrequests' | 
20:01:32.667 | Info | '/transaction/mycollections' | 
20:01:32.676 | Info | '/transaction/myrequests' | 
20:01:32.678 | Info | '/transaction/myprofile' | 
20:01:32.685 | Info | '/transaction/myprofile' | 
20:01:32.687 | Info | '/transaction/mycollections' | 
20:01:32.692 | Info | '/transaction/myprofile' | 
20:01:39.272 | Info | '/transaction/getdonationpickup' | 
20:01:39.277 | Info | '/transaction/getdonationpickup' | 
20:22:38.418 | Info | '/transaction/getuserpermissions' | 
20:22:38.422 | Info | '/transaction/getuserpermissions' | 
20:22:43.647 | Info | '/api/user/login' | 
20:22:43.862 | Info | '/transaction/getuserpermissions' | 
20:22:43.874 | Info | '/transaction/getuserpermissions' | 
20:22:43.892 | Info | '/transaction/myprofile' | 
20:22:43.894 | Info | '/transaction/myrequests' | 
20:22:43.899 | Info | '/transaction/mycollections' | 
20:22:43.905 | Info | '/transaction/myrequests' | 
20:22:43.907 | Info | '/transaction/myprofile' | 
20:22:43.913 | Info | '/transaction/mycollections' | 
20:22:43.916 | Info | '/transaction/myprofile' | 
20:22:43.925 | Info | '/transaction/myprofile' | 
20:22:46.874 | Info | '/transaction/getdonationpickup' | 
20:22:46.880 | Info | '/transaction/getdonationpickup' | 
20:22:46.885 | Info | '/transaction/getdonationpickup' | 
20:22:46.889 | Info | '/transaction/getdonationpickup' | 
20:23:28.666 | Info | '/transaction/getuserpermissions' | 
20:23:28.672 | Info | '/transaction/getuserpermissions' | 
20:23:31.559 | Info | '/api/user/login' | 
20:23:31.680 | Info | '/transaction/getuserpermissions' | 
20:23:31.692 | Info | '/transaction/getuserpermissions' | 
20:23:31.698 | Info | '/transaction/myprofile' | 
20:23:31.703 | Info | '/transaction/myrequests' | 
20:23:31.706 | Info | '/transaction/mycollections' | 
20:23:31.710 | Info | '/transaction/myprofile' | 
20:23:31.713 | Info | '/transaction/myrequests' | 
20:23:31.719 | Info | '/transaction/mycollections' | 
20:23:31.723 | Info | '/transaction/myprofile' | 
20:23:31.729 | Info | '/transaction/myprofile' | 
20:23:33.327 | Info | '/transaction/getdonationpickup' | 
20:23:33.333 | Info | '/transaction/getdonationpickup' | 
20:23:33.337 | Info | '/transaction/getdonationpickup' | 
20:23:33.343 | Info | '/transaction/getdonationpickup' | 
20:30:37.140 | Info | '/transaction/getuserpermissions' | 
20:30:37.146 | Info | '/transaction/getuserpermissions' | 
20:30:39.907 | Info | '/api/user/login' | 
20:30:40.058 | Info | '/transaction/getuserpermissions' | 
20:30:40.069 | Info | '/transaction/myprofile' | 
20:30:40.072 | Info | '/transaction/getuserpermissions' | 
20:30:40.083 | Info | '/transaction/myrequests' | 
20:30:40.085 | Info | '/transaction/mycollections' | 
20:30:40.087 | Info | '/transaction/myprofile' | 
20:30:40.094 | Info | '/transaction/myrequests' | 
20:30:40.098 | Info | '/transaction/mycollections' | 
20:30:40.101 | Info | '/transaction/myprofile' | 
20:30:40.110 | Info | '/transaction/myprofile' | 
20:30:42.187 | Info | '/transaction/getdonationpickup' | 
20:30:42.192 | Info | '/transaction/getdonationpickup' | 
20:43:47.505 | Info | '/transaction/getuserpermissions' | 
20:43:47.512 | Info | '/transaction/getuserpermissions' | 
20:43:50.647 | Info | '/api/user/login' | 
20:43:50.783 | Info | '/transaction/getuserpermissions' | 
20:43:50.795 | Info | '/transaction/myprofile' | 
20:43:50.797 | Info | '/transaction/getuserpermissions' | 
20:43:50.804 | Info | '/transaction/myrequests' | 
20:43:50.808 | Info | '/transaction/myprofile' | 
20:43:50.811 | Info | '/transaction/mycollections' | 
20:43:50.823 | Info | '/transaction/myrequests' | 
20:43:50.825 | Info | '/transaction/myprofile' | 
20:43:50.830 | Info | '/transaction/mycollections' | 
20:43:50.836 | Info | '/transaction/myprofile' | 
20:43:53.266 | Info | '/transaction/getdonationpickup' | 
20:43:53.270 | Info | '/transaction/getdonationpickup' | 
20:47:01.552 | Info | '/api/user/login' | 
20:47:01.735 | Info | '/transaction/getuserpermissions' | 
20:47:01.745 | Info | '/transaction/myprofile' | 
20:47:01.748 | Info | '/transaction/getuserpermissions' | 
20:47:01.751 | Info | '/transaction/myrequests' | 
20:47:01.752 | Info | '/transaction/mycollections' | 
20:47:01.760 | Info | '/transaction/myprofile' | 
20:47:01.763 | Info | '/transaction/myrequests' | 
20:47:01.768 | Info | '/transaction/mycollections' | 
20:47:01.773 | Info | '/transaction/myprofile' | 
20:47:01.784 | Info | '/transaction/myprofile' | 
20:47:06.291 | Info | '/transaction/getdonationpickup' | 
20:47:06.297 | Info | '/transaction/getdonationpickup' | 
20:47:06.305 | Info | '/transaction/getdonationpickup' | 
20:47:06.317 | Info | '/transaction/getdonationpickup' | 
20:47:06.324 | Info | '/transaction/getdonationpickup' | 
20:47:06.336 | Info | '/transaction/getdonationpickup' | 
20:47:38.468 | Info | '/transaction/getuserpermissions' | 
20:47:38.472 | Info | '/transaction/getuserpermissions' | 
20:47:41.227 | Info | '/api/user/login' | 
20:47:41.341 | Info | '/transaction/getuserpermissions' | 
20:47:41.350 | Info | '/transaction/getuserpermissions' | 
20:47:41.357 | Info | '/transaction/myprofile' | 
20:47:41.362 | Info | '/transaction/myrequests' | 
20:47:41.365 | Info | '/transaction/mycollections' | 
20:47:41.367 | Info | '/transaction/myprofile' | 
20:47:41.374 | Info | '/transaction/myrequests' | 
20:47:41.376 | Info | '/transaction/mycollections' | 
20:47:41.378 | Info | '/transaction/myprofile' | 
20:47:41.387 | Info | '/transaction/myprofile' | 
20:47:43.454 | Info | '/transaction/getdonationpickup' | 
20:47:43.459 | Info | '/transaction/getdonationpickup' | 
20:47:43.467 | Info | '/transaction/getdonationpickup' | 
20:47:43.472 | Info | '/transaction/getdonationpickup' | 
20:52:42.572 | Info | '/transaction/getuserpermissions' | 
20:52:42.576 | Info | '/transaction/getuserpermissions' | 
20:52:46.491 | Info | '/api/user/login' | 
20:52:46.703 | Info | '/transaction/getuserpermissions' | 
20:52:46.710 | Info | '/transaction/getuserpermissions' | 
20:52:46.724 | Info | '/transaction/myprofile' | 
20:52:46.736 | Info | '/transaction/myrequests' | 
20:52:46.738 | Info | '/transaction/mycollections' | 
20:52:46.740 | Info | '/transaction/myprofile' | 
20:52:46.745 | Info | '/transaction/myrequests' | 
20:52:46.748 | Info | '/transaction/mycollections' | 
20:52:46.752 | Info | '/transaction/myprofile' | 
20:52:46.766 | Info | '/transaction/myprofile' | 
20:52:49.610 | Info | '/transaction/getdonationpickup' | 
20:52:49.615 | Info | '/transaction/getdonationpickup' | 
20:52:49.633 | Info | '/transaction/getdonationpickup' | 
20:52:49.638 | Info | '/transaction/getdonationpickup' | 
20:54:44.587 | Info | '/transaction/getuserpermissions' | 
20:54:44.590 | Info | '/transaction/getuserpermissions' | 
20:54:47.622 | Info | '/api/user/login' | 
20:54:47.756 | Info | '/transaction/getuserpermissions' | 
20:54:47.767 | Info | '/transaction/getuserpermissions' | 
20:54:47.774 | Info | '/transaction/myprofile' | 
20:54:47.778 | Info | '/transaction/myrequests' | 
20:54:47.780 | Info | '/transaction/mycollections' | 
20:54:47.782 | Info | '/transaction/myprofile' | 
20:54:47.791 | Info | '/transaction/myrequests' | 
20:54:47.793 | Info | '/transaction/mycollections' | 
20:54:47.795 | Info | '/transaction/myprofile' | 
20:54:47.803 | Info | '/transaction/myprofile' | 
20:54:49.901 | Info | '/transaction/getdonationpickup' | 
20:54:49.906 | Info | '/transaction/getdonationpickup' | 
20:54:49.911 | Info | '/transaction/getdonationpickup' | 
20:54:49.917 | Info | '/transaction/getdonationpickup' | 
