17:38:14.605 | Info | '/api/user/login' | 
17:38:16.200 | Info | '/transaction/getuserpermissions' | 
17:38:16.279 | Info | '/transaction/myprofile' | 
17:38:16.906 | Info | '/transaction/myrequests' | 
17:38:17.319 | Info | '/transaction/mycollections' | 
17:38:17.335 | Info | '/transaction/getuserpermissions' | 
17:38:17.456 | Info | '/transaction/myrequests' | 
17:38:17.466 | Info | '/transaction/mycollections' | 
17:38:17.507 | Info | '/transaction/myprofile' | 
17:38:17.512 | Info | '/transaction/myprofile' | 
17:38:17.517 | Info | '/transaction/myprofile' | 
17:38:21.493 | Info | '/transaction/getdonationpickup' | 
17:38:21.538 | Info | '/transaction/getdonationpickup' | 
17:38:21.543 | Info | '/transaction/getdonationpickup' | 
17:38:21.550 | Info | '/transaction/getdonationpickup' | 
17:42:30.309 | Info | '/api/user/login' | 
17:42:30.436 | Info | '/transaction/getuserpermissions' | 
17:42:30.446 | Info | '/transaction/getuserpermissions' | 
17:42:30.449 | Info | '/transaction/myprofile' | 
17:42:30.458 | Info | '/transaction/myprofile' | 
17:42:30.460 | Info | '/transaction/myrequests' | 
17:42:30.464 | Info | '/transaction/mycollections' | 
17:42:30.468 | Info | '/transaction/myprofile' | 
17:42:30.472 | Info | '/transaction/myrequests' | 
17:42:30.476 | Info | '/transaction/mycollections' | 
17:42:30.480 | Info | '/transaction/myprofile' | 
17:42:32.811 | Info | '/transaction/getdonationpickup' | 
17:42:32.815 | Info | '/transaction/getdonationpickup' | 
17:42:32.820 | Info | '/transaction/getdonationpickup' | 
17:42:32.825 | Info | '/transaction/getdonationpickup' | 
17:42:33.887 | Info | '/transaction/getdonationpickup' | 
17:42:33.900 | Info | '/transaction/getdonationpickup' | 
17:42:33.907 | Info | '/transaction/getdonationpickup' | 
17:42:33.914 | Info | '/transaction/getdonationpickup' | 
17:43:51.925 | Info | '/api/user/login' | 
17:43:52.075 | Info | '/transaction/getuserpermissions' | 
17:43:52.081 | Info | '/transaction/myprofile' | 
17:43:52.085 | Info | '/transaction/getuserpermissions' | 
17:43:52.088 | Info | '/transaction/myrequests' | 
17:43:52.090 | Info | '/transaction/mycollections' | 
17:43:52.098 | Info | '/transaction/myprofile' | 
17:43:52.100 | Info | '/transaction/myrequests' | 
17:43:52.104 | Info | '/transaction/mycollections' | 
17:43:52.109 | Info | '/transaction/myprofile' | 
17:43:52.116 | Info | '/transaction/myprofile' | 
17:43:54.238 | Info | '/transaction/getarea' | 
17:43:54.266 | Info | '/transaction/getpaymentmethods' | 
17:43:54.384 | Info | '/transaction/getarea' | 
17:43:54.394 | Info | '/transaction/getpaymentmethods' | 
17:43:55.192 | Info | '/transaction/getcollection' | 
17:43:55.646 | Info | '/transaction/getcollection' | 
17:43:55.702 | Info | '/transaction/getdonationpickup' | 
17:43:55.707 | Info | '/transaction/getdonationpickup' | 
17:43:55.713 | Info | '/transaction/getdonationpickup' | 
17:43:55.725 | Info | '/transaction/getdonationpickup' | 
17:43:56.656 | Info | '/transaction/getdonationpickup' | 
17:43:56.667 | Info | '/transaction/getdonationpickup' | 
17:43:56.673 | Info | '/transaction/getdonationpickup' | 
17:43:56.679 | Info | '/transaction/getdonationpickup' | 
17:43:59.632 | Info | '/transaction/getuserpermissions' | 
17:43:59.639 | Info | '/transaction/getuserpermissions' | 
17:44:04.417 | Info | '/api/user/login' | 
17:44:04.832 | Info | '/transaction/getuserpermissions' | 
17:44:04.835 | Info | '/transaction/myprofile' | 
17:44:04.839 | Info | '/transaction/myrequests' | 
17:44:04.843 | Info | '/transaction/mycollections' | 
17:44:04.859 | Info | '/transaction/getuserpermissions' | 
17:44:04.867 | Info | '/transaction/myprofile' | 
17:44:04.872 | Info | '/transaction/myrequests' | 
17:44:04.890 | Info | '/transaction/myprofile' | 
17:44:04.901 | Info | '/transaction/mycollections' | 
17:44:04.908 | Info | '/transaction/myprofile' | 
17:44:06.462 | Info | '/transaction/getdonationpickup' | 
17:44:06.467 | Info | '/transaction/getdonationpickup' | 
17:44:06.472 | Info | '/transaction/getdonationpickup' | 
17:44:06.480 | Info | '/transaction/getdonationpickup' | 
17:44:08.175 | Info | '/transaction/getarea' | 
17:44:08.177 | Info | '/transaction/getpaymentmethods' | 
17:44:08.188 | Info | '/transaction/getarea' | 
17:44:08.190 | Info | '/transaction/getpaymentmethods' | 
17:45:34.727 | Info | '/api/user/login' | 
17:45:34.860 | Info | '/transaction/getuserpermissions' | 
17:45:34.867 | Info | '/transaction/myprofile' | 
17:45:34.869 | Info | '/transaction/getuserpermissions' | 
17:45:34.872 | Info | '/transaction/myrequests' | 
17:45:34.874 | Info | '/transaction/mycollections' | 
17:45:34.881 | Info | '/transaction/myprofile' | 
17:45:34.883 | Info | '/transaction/myrequests' | 
17:45:34.885 | Info | '/transaction/mycollections' | 
17:45:34.894 | Info | '/transaction/myprofile' | 
17:45:34.901 | Info | '/transaction/myprofile' | 
17:45:37.630 | Info | '/transaction/getdonationpickup' | 
17:45:37.635 | Info | '/transaction/getdonationpickup' | 
17:45:37.640 | Info | '/transaction/getdonationpickup' | 
17:45:37.646 | Info | '/transaction/getdonationpickup' | 
17:45:39.453 | Info | '/transaction/getarea' | 
17:45:39.456 | Info | '/transaction/getpaymentmethods' | 
17:45:39.467 | Info | '/transaction/getarea' | 
17:45:39.470 | Info | '/transaction/getpaymentmethods' | 
17:47:56.386 | Info | '/transaction/getuserpermissions' | 
17:47:56.389 | Info | '/transaction/getuserpermissions' | 
17:47:59.253 | Info | '/api/user/login' | 
17:47:59.366 | Info | '/transaction/getuserpermissions' | 
17:47:59.376 | Info | '/transaction/getuserpermissions' | 
17:47:59.377 | Info | '/transaction/myprofile' | 
17:47:59.383 | Info | '/transaction/myrequests' | 
17:47:59.385 | Info | '/transaction/mycollections' | 
17:47:59.387 | Info | '/transaction/myprofile' | 
17:47:59.392 | Info | '/transaction/myrequests' | 
17:47:59.396 | Info | '/transaction/mycollections' | 
17:47:59.399 | Info | '/transaction/myprofile' | 
17:47:59.406 | Info | '/transaction/myprofile' | 
17:48:01.222 | Info | '/transaction/getdonationpickup' | 
17:48:01.228 | Info | '/transaction/getdonationpickup' | 
17:48:01.233 | Info | '/transaction/getdonationpickup' | 
17:48:01.240 | Info | '/transaction/getdonationpickup' | 
17:48:02.029 | Info | '/transaction/getarea' | 
17:48:02.031 | Info | '/transaction/getpaymentmethods' | 
17:48:02.036 | Info | '/transaction/getarea' | 
17:48:02.038 | Info | '/transaction/getpaymentmethods' | 
17:48:02.660 | Info | '/transaction/getdonationpickup' | 
17:48:02.664 | Info | '/transaction/getdonationpickup' | 
17:48:02.671 | Info | '/transaction/getdonationpickup' | 
17:48:02.678 | Info | '/transaction/getdonationpickup' | 
17:48:03.128 | Info | '/transaction/getarea' | 
17:48:03.130 | Info | '/transaction/getpaymentmethods' | 
17:48:03.138 | Info | '/transaction/getarea' | 
17:48:03.140 | Info | '/transaction/getpaymentmethods' | 
17:48:03.546 | Info | '/transaction/getdonationpickup' | 
17:48:03.557 | Info | '/transaction/getdonationpickup' | 
17:48:03.562 | Info | '/transaction/getdonationpickup' | 
17:48:03.569 | Info | '/transaction/getdonationpickup' | 
17:48:03.940 | Info | '/transaction/getarea' | 
17:48:03.943 | Info | '/transaction/getpaymentmethods' | 
17:48:03.949 | Info | '/transaction/getarea' | 
17:48:03.951 | Info | '/transaction/getpaymentmethods' | 
17:48:04.308 | Info | '/transaction/getdonationpickup' | 
17:48:04.313 | Info | '/transaction/getdonationpickup' | 
17:48:04.320 | Info | '/transaction/getdonationpickup' | 
17:48:04.325 | Info | '/transaction/getdonationpickup' | 
17:48:04.900 | Info | '/transaction/getdonationpickup' | 
17:48:04.905 | Info | '/transaction/getdonationpickup' | 
17:48:04.911 | Info | '/transaction/getdonationpickup' | 
17:48:04.919 | Info | '/transaction/getdonationpickup' | 
17:48:06.020 | Info | '/transaction/getcollection' | 
17:48:06.025 | Info | '/transaction/getcollection' | 
17:48:06.567 | Info | '/transaction/getdonationpickup' | 
17:48:06.571 | Info | '/transaction/getdonationpickup' | 
17:48:06.578 | Info | '/transaction/getdonationpickup' | 
17:48:06.586 | Info | '/transaction/getdonationpickup' | 
17:48:06.970 | Info | '/transaction/getdonationpickup' | 
17:48:06.975 | Info | '/transaction/getdonationpickup' | 
17:48:06.980 | Info | '/transaction/getdonationpickup' | 
17:48:06.986 | Info | '/transaction/getdonationpickup' | 
17:48:48.198 | Info | '/transaction/getdonationpickup' | 
17:48:48.206 | Info | '/transaction/getdonationpickup' | 
17:49:16.875 | Info | '/transaction/getuserpermissions' | 
17:49:16.878 | Info | '/transaction/getuserpermissions' | 
17:49:20.298 | Info | '/api/user/login' | 
17:49:20.417 | Info | '/transaction/getuserpermissions' | 
17:49:20.425 | Info | '/transaction/getuserpermissions' | 
17:49:20.427 | Info | '/transaction/myprofile' | 
17:49:20.436 | Info | '/transaction/myprofile' | 
17:49:20.438 | Info | '/transaction/myrequests' | 
17:49:20.441 | Info | '/transaction/mycollections' | 
17:49:20.445 | Info | '/transaction/myprofile' | 
17:49:20.450 | Info | '/transaction/myrequests' | 
17:49:20.457 | Info | '/transaction/myprofile' | 
17:49:20.454 | Info | '/transaction/mycollections' | 
17:49:21.993 | Info | '/transaction/getarea' | 
17:49:21.995 | Info | '/transaction/getpaymentmethods' | 
17:49:22.000 | Info | '/transaction/getarea' | 
17:49:22.004 | Info | '/transaction/getpaymentmethods' | 
17:49:22.983 | Info | '/transaction/getalldonations' | 
17:49:23.013 | Info | '/transaction/getdonationpickup' | 
17:49:23.065 | Info | '/transaction/getalldonations' | 
17:49:23.068 | Info | '/transaction/getdonationpickup' | 
17:50:29.444 | Info | '/api/user/login' | 
17:50:29.581 | Info | '/transaction/getuserpermissions' | 
17:50:29.593 | Info | '/transaction/getuserpermissions' | 
17:50:29.597 | Info | '/transaction/myprofile' | 
17:50:29.601 | Info | '/transaction/myrequests' | 
17:50:29.603 | Info | '/transaction/mycollections' | 
17:50:29.606 | Info | '/transaction/myprofile' | 
17:50:29.614 | Info | '/transaction/myrequests' | 
17:50:29.618 | Info | '/transaction/mycollections' | 
17:50:29.620 | Info | '/transaction/myprofile' | 
17:50:29.626 | Info | '/transaction/myprofile' | 
17:50:31.773 | Info | '/transaction/getarea' | 
17:50:31.775 | Info | '/transaction/getpaymentmethods' | 
17:50:31.780 | Info | '/transaction/getarea' | 
17:50:31.784 | Info | '/transaction/getpaymentmethods' | 
17:50:33.672 | Info | '/transaction/getalldonations' | 
17:50:33.674 | Info | '/transaction/getdonationpickup' | 
17:50:33.686 | Info | '/transaction/getalldonations' | 
17:50:33.691 | Info | '/transaction/getdonationpickup' | 
18:00:46.029 | Info | '/transaction/getuserpermissions' | 
18:00:46.033 | Info | '/transaction/getuserpermissions' | 
18:21:20.031 | Info | '/transaction/getdonation/:donationRefNum' | 
18:35:29.035 | Info | '/api/user/login' | 
18:35:29.230 | Info | '/transaction/getuserpermissions' | 
18:35:29.248 | Info | '/transaction/myprofile' | 
18:35:29.360 | Info | '/transaction/myrequests' | 
18:35:29.423 | Info | '/transaction/mycollections' | 
18:35:29.429 | Info | '/transaction/getuserpermissions' | 
18:35:29.445 | Info | '/transaction/myprofile' | 
18:35:29.461 | Info | '/transaction/myrequests' | 
18:35:29.464 | Info | '/transaction/myprofile' | 
18:35:29.470 | Info | '/transaction/mycollections' | 
18:35:29.475 | Info | '/transaction/myprofile' | 
18:35:32.095 | Info | '/transaction/getalldonations' | 
18:35:32.119 | Info | '/transaction/getalldonations' | 
18:35:35.411 | Info | '/transaction/getdonation/:donationRefNum' | 
18:35:44.682 | Info | '/transaction/getdonation/:donationRefNum' | 
18:35:44.684 | Info | '/transaction/getdonation/:donationRefNum' | 
18:35:44.696 | Info | '/transaction/getdonation/:donationRefNum' | 
18:35:54.456 | Info | '/transaction/getdonation/:donationRefNum' | 
18:35:54.459 | Info | '/transaction/getdonation/:donationRefNum' | 
18:35:54.469 | Info | '/transaction/getdonation/:donationRefNum' | 
18:35:54.477 | Info | '/transaction/getdonation/:donationRefNum' | 
18:35:54.483 | Info | '/transaction/getdonation/:donationRefNum' | 
18:35:54.490 | Info | '/transaction/getdonation/:donationRefNum' | 
18:35:54.515 | Info | '/transaction/getdonation/:donationRefNum' | 
18:35:54.530 | Info | '/transaction/getdonation/:donationRefNum' | 
18:35:54.542 | Info | '/transaction/getdonation/:donationRefNum' | 
18:36:24.131 | Info | '/transaction/getdonation/:donationRefNum' | 
18:36:24.144 | Info | '/transaction/getdonation/:donationRefNum' | 
18:36:24.167 | Info | '/transaction/getdonation/:donationRefNum' | 
18:36:24.176 | Info | '/transaction/getdonation/:donationRefNum' | 
18:36:24.186 | Info | '/transaction/getdonation/:donationRefNum' | 
18:36:24.194 | Info | '/transaction/getdonation/:donationRefNum' | 
18:36:24.201 | Info | '/transaction/getdonation/:donationRefNum' | 
18:36:24.212 | Info | '/transaction/getdonation/:donationRefNum' | 
18:36:24.241 | Info | '/transaction/getdonation/:donationRefNum' | 
18:36:24.252 | Info | '/transaction/getdonation/:donationRefNum' | 
18:36:24.259 | Info | '/transaction/getdonation/:donationRefNum' | 
18:36:24.274 | Info | '/transaction/getdonation/:donationRefNum' | 
18:36:24.290 | Info | '/transaction/getdonation/:donationRefNum' | 
18:36:24.295 | Info | '/transaction/getdonation/:donationRefNum' | 
18:36:24.301 | Info | '/transaction/getdonation/:donationRefNum' | 
18:36:24.307 | Info | '/transaction/getdonation/:donationRefNum' | 
18:36:24.312 | Info | '/transaction/getdonation/:donationRefNum' | 
18:36:24.318 | Info | '/transaction/getdonation/:donationRefNum' | 
18:36:24.323 | Info | '/transaction/getdonation/:donationRefNum' | 
18:36:24.330 | Info | '/transaction/getdonation/:donationRefNum' | 
18:36:24.337 | Info | '/transaction/getdonation/:donationRefNum' | 
18:36:24.345 | Info | '/transaction/getdonation/:donationRefNum' | 
18:36:24.351 | Info | '/transaction/getdonation/:donationRefNum' | 
18:36:24.356 | Info | '/transaction/getdonation/:donationRefNum' | 
18:36:24.361 | Info | '/transaction/getdonation/:donationRefNum' | 
18:36:24.368 | Info | '/transaction/getdonation/:donationRefNum' | 
18:36:24.375 | Info | '/transaction/getdonation/:donationRefNum' | 
18:36:41.789 | Info | '/transaction/getdonation/:donationRefNum' | 
18:36:41.795 | Info | '/transaction/getdonation/:donationRefNum' | 
18:36:41.838 | Info | '/transaction/getdonation/:donationRefNum' | 
18:36:41.847 | Info | '/transaction/getdonation/:donationRefNum' | 
18:36:41.864 | Info | '/transaction/getdonation/:donationRefNum' | 
18:36:41.875 | Info | '/transaction/getdonation/:donationRefNum' | 
18:36:41.885 | Info | '/transaction/getdonation/:donationRefNum' | 
18:36:41.895 | Info | '/transaction/getdonation/:donationRefNum' | 
18:36:41.903 | Info | '/transaction/getdonation/:donationRefNum' | 
18:36:41.913 | Info | '/transaction/getdonation/:donationRefNum' | 
18:36:41.920 | Info | '/transaction/getdonation/:donationRefNum' | 
18:36:41.928 | Info | '/transaction/getdonation/:donationRefNum' | 
18:36:41.934 | Info | '/transaction/getdonation/:donationRefNum' | 
18:36:41.940 | Info | '/transaction/getdonation/:donationRefNum' | 
18:36:41.945 | Info | '/transaction/getdonation/:donationRefNum' | 
18:36:41.950 | Info | '/transaction/getdonation/:donationRefNum' | 
18:36:41.955 | Info | '/transaction/getdonation/:donationRefNum' | 
18:36:41.968 | Info | '/transaction/getdonation/:donationRefNum' | 
18:36:41.977 | Info | '/transaction/getdonation/:donationRefNum' | 
18:36:41.985 | Info | '/transaction/getdonation/:donationRefNum' | 
18:36:41.995 | Info | '/transaction/getdonation/:donationRefNum' | 
18:36:42.004 | Info | '/transaction/getdonation/:donationRefNum' | 
18:36:42.010 | Info | '/transaction/getdonation/:donationRefNum' | 
18:36:42.016 | Info | '/transaction/getdonation/:donationRefNum' | 
18:36:42.023 | Info | '/transaction/getdonation/:donationRefNum' | 
18:36:42.032 | Info | '/transaction/getdonation/:donationRefNum' | 
18:36:42.040 | Info | '/transaction/getdonation/:donationRefNum' | 
18:36:42.047 | Info | '/transaction/getdonation/:donationRefNum' | 
18:36:42.055 | Info | '/transaction/getdonation/:donationRefNum' | 
18:36:42.061 | Info | '/transaction/getdonation/:donationRefNum' | 
18:36:42.075 | Info | '/transaction/getdonation/:donationRefNum' | 
18:36:42.082 | Info | '/transaction/getdonation/:donationRefNum' | 
18:36:42.089 | Info | '/transaction/getdonation/:donationRefNum' | 
18:36:42.095 | Info | '/transaction/getdonation/:donationRefNum' | 
18:36:42.100 | Info | '/transaction/getdonation/:donationRefNum' | 
18:36:42.105 | Info | '/transaction/getdonation/:donationRefNum' | 
18:36:42.112 | Info | '/transaction/getdonation/:donationRefNum' | 
18:36:42.116 | Info | '/transaction/getdonation/:donationRefNum' | 
18:36:42.121 | Info | '/transaction/getdonation/:donationRefNum' | 
18:36:42.126 | Info | '/transaction/getdonation/:donationRefNum' | 
18:36:42.131 | Info | '/transaction/getdonation/:donationRefNum' | 
18:36:42.136 | Info | '/transaction/getdonation/:donationRefNum' | 
18:36:42.140 | Info | '/transaction/getdonation/:donationRefNum' | 
18:36:42.146 | Info | '/transaction/getdonation/:donationRefNum' | 
18:36:42.151 | Info | '/transaction/getdonation/:donationRefNum' | 
18:36:42.156 | Info | '/transaction/getdonation/:donationRefNum' | 
18:36:42.161 | Info | '/transaction/getdonation/:donationRefNum' | 
18:36:42.165 | Info | '/transaction/getdonation/:donationRefNum' | 
18:36:42.171 | Info | '/transaction/getdonation/:donationRefNum' | 
18:36:42.175 | Info | '/transaction/getdonation/:donationRefNum' | 
18:36:42.180 | Info | '/transaction/getdonation/:donationRefNum' | 
18:36:42.186 | Info | '/transaction/getdonation/:donationRefNum' | 
18:36:42.191 | Info | '/transaction/getdonation/:donationRefNum' | 
18:36:42.197 | Info | '/transaction/getdonation/:donationRefNum' | 
18:36:42.203 | Info | '/transaction/getdonation/:donationRefNum' | 
18:36:42.208 | Info | '/transaction/getdonation/:donationRefNum' | 
18:36:42.215 | Info | '/transaction/getdonation/:donationRefNum' | 
18:36:42.221 | Info | '/transaction/getdonation/:donationRefNum' | 
18:36:42.225 | Info | '/transaction/getdonation/:donationRefNum' | 
18:36:42.230 | Info | '/transaction/getdonation/:donationRefNum' | 
18:36:42.235 | Info | '/transaction/getdonation/:donationRefNum' | 
18:36:42.240 | Info | '/transaction/getdonation/:donationRefNum' | 
18:36:42.245 | Info | '/transaction/getdonation/:donationRefNum' | 
18:36:42.250 | Info | '/transaction/getdonation/:donationRefNum' | 
18:36:42.255 | Info | '/transaction/getdonation/:donationRefNum' | 
18:36:42.260 | Info | '/transaction/getdonation/:donationRefNum' | 
18:36:42.264 | Info | '/transaction/getdonation/:donationRefNum' | 
18:36:42.271 | Info | '/transaction/getdonation/:donationRefNum' | 
18:36:42.276 | Info | '/transaction/getdonation/:donationRefNum' | 
18:36:42.281 | Info | '/transaction/getdonation/:donationRefNum' | 
18:36:42.286 | Info | '/transaction/getdonation/:donationRefNum' | 
18:36:42.291 | Info | '/transaction/getdonation/:donationRefNum' | 
18:36:42.296 | Info | '/transaction/getdonation/:donationRefNum' | 
18:36:42.302 | Info | '/transaction/getdonation/:donationRefNum' | 
18:36:42.308 | Info | '/transaction/getdonation/:donationRefNum' | 
18:36:42.313 | Info | '/transaction/getdonation/:donationRefNum' | 
18:36:42.324 | Info | '/transaction/getdonation/:donationRefNum' | 
18:36:42.333 | Info | '/transaction/getdonation/:donationRefNum' | 
18:36:42.339 | Info | '/transaction/getdonation/:donationRefNum' | 
18:36:42.349 | Info | '/transaction/getdonation/:donationRefNum' | 
18:36:42.355 | Info | '/transaction/getdonation/:donationRefNum' | 
18:36:56.744 | Info | '/transaction/getdonation/:donationRefNum' | 
18:36:56.746 | Info | '/transaction/getdonation/:donationRefNum' | 
18:36:56.756 | Info | '/transaction/getdonation/:donationRefNum' | 
18:36:56.765 | Info | '/transaction/getdonation/:donationRefNum' | 
18:36:56.774 | Info | '/transaction/getdonation/:donationRefNum' | 
18:36:56.781 | Info | '/transaction/getdonation/:donationRefNum' | 
18:36:56.788 | Info | '/transaction/getdonation/:donationRefNum' | 
18:36:56.796 | Info | '/transaction/getdonation/:donationRefNum' | 
18:36:56.803 | Info | '/transaction/getdonation/:donationRefNum' | 
18:36:56.811 | Info | '/transaction/getdonation/:donationRefNum' | 
18:36:56.822 | Info | '/transaction/getdonation/:donationRefNum' | 
18:36:56.831 | Info | '/transaction/getdonation/:donationRefNum' | 
18:36:56.838 | Info | '/transaction/getdonation/:donationRefNum' | 
18:36:56.848 | Info | '/transaction/getdonation/:donationRefNum' | 
18:36:56.856 | Info | '/transaction/getdonation/:donationRefNum' | 
18:36:56.863 | Info | '/transaction/getdonation/:donationRefNum' | 
18:36:56.871 | Info | '/transaction/getdonation/:donationRefNum' | 
18:36:56.877 | Info | '/transaction/getdonation/:donationRefNum' | 
18:36:56.891 | Info | '/transaction/getdonation/:donationRefNum' | 
18:36:56.905 | Info | '/transaction/getdonation/:donationRefNum' | 
18:36:56.914 | Info | '/transaction/getdonation/:donationRefNum' | 
18:36:56.923 | Info | '/transaction/getdonation/:donationRefNum' | 
18:36:56.931 | Info | '/transaction/getdonation/:donationRefNum' | 
18:36:56.939 | Info | '/transaction/getdonation/:donationRefNum' | 
18:36:56.946 | Info | '/transaction/getdonation/:donationRefNum' | 
18:36:56.954 | Info | '/transaction/getdonation/:donationRefNum' | 
18:36:56.962 | Info | '/transaction/getdonation/:donationRefNum' | 
18:36:56.969 | Info | '/transaction/getdonation/:donationRefNum' | 
18:36:56.976 | Info | '/transaction/getdonation/:donationRefNum' | 
18:36:56.984 | Info | '/transaction/getdonation/:donationRefNum' | 
18:36:56.991 | Info | '/transaction/getdonation/:donationRefNum' | 
18:36:56.998 | Info | '/transaction/getdonation/:donationRefNum' | 
18:36:57.005 | Info | '/transaction/getdonation/:donationRefNum' | 
18:36:57.012 | Info | '/transaction/getdonation/:donationRefNum' | 
18:36:57.018 | Info | '/transaction/getdonation/:donationRefNum' | 
18:36:57.026 | Info | '/transaction/getdonation/:donationRefNum' | 
18:36:57.033 | Info | '/transaction/getdonation/:donationRefNum' | 
18:36:57.039 | Info | '/transaction/getdonation/:donationRefNum' | 
18:36:57.046 | Info | '/transaction/getdonation/:donationRefNum' | 
18:36:57.052 | Info | '/transaction/getdonation/:donationRefNum' | 
18:36:57.059 | Info | '/transaction/getdonation/:donationRefNum' | 
18:36:57.066 | Info | '/transaction/getdonation/:donationRefNum' | 
18:36:57.074 | Info | '/transaction/getdonation/:donationRefNum' | 
18:36:57.087 | Info | '/transaction/getdonation/:donationRefNum' | 
18:36:57.095 | Info | '/transaction/getdonation/:donationRefNum' | 
18:36:57.102 | Info | '/transaction/getdonation/:donationRefNum' | 
18:36:57.108 | Info | '/transaction/getdonation/:donationRefNum' | 
18:36:57.115 | Info | '/transaction/getdonation/:donationRefNum' | 
18:36:57.121 | Info | '/transaction/getdonation/:donationRefNum' | 
18:36:57.128 | Info | '/transaction/getdonation/:donationRefNum' | 
18:36:57.134 | Info | '/transaction/getdonation/:donationRefNum' | 
18:36:57.141 | Info | '/transaction/getdonation/:donationRefNum' | 
18:36:57.149 | Info | '/transaction/getdonation/:donationRefNum' | 
18:36:57.155 | Info | '/transaction/getdonation/:donationRefNum' | 
18:36:57.163 | Info | '/transaction/getdonation/:donationRefNum' | 
18:36:57.169 | Info | '/transaction/getdonation/:donationRefNum' | 
18:36:57.177 | Info | '/transaction/getdonation/:donationRefNum' | 
18:36:57.186 | Info | '/transaction/getdonation/:donationRefNum' | 
18:36:57.196 | Info | '/transaction/getdonation/:donationRefNum' | 
18:36:57.203 | Info | '/transaction/getdonation/:donationRefNum' | 
18:36:57.210 | Info | '/transaction/getdonation/:donationRefNum' | 
18:36:57.219 | Info | '/transaction/getdonation/:donationRefNum' | 
18:36:57.225 | Info | '/transaction/getdonation/:donationRefNum' | 
18:36:57.232 | Info | '/transaction/getdonation/:donationRefNum' | 
18:36:57.239 | Info | '/transaction/getdonation/:donationRefNum' | 
18:36:57.247 | Info | '/transaction/getdonation/:donationRefNum' | 
18:36:57.255 | Info | '/transaction/getdonation/:donationRefNum' | 
18:36:57.262 | Info | '/transaction/getdonation/:donationRefNum' | 
18:36:57.270 | Info | '/transaction/getdonation/:donationRefNum' | 
18:36:57.274 | Info | '/transaction/getdonation/:donationRefNum' | 
18:36:57.281 | Info | '/transaction/getdonation/:donationRefNum' | 
18:36:57.287 | Info | '/transaction/getdonation/:donationRefNum' | 
18:36:57.292 | Info | '/transaction/getdonation/:donationRefNum' | 
18:36:57.300 | Info | '/transaction/getdonation/:donationRefNum' | 
18:36:57.305 | Info | '/transaction/getdonation/:donationRefNum' | 
18:36:57.312 | Info | '/transaction/getdonation/:donationRefNum' | 
18:36:57.318 | Info | '/transaction/getdonation/:donationRefNum' | 
18:36:57.325 | Info | '/transaction/getdonation/:donationRefNum' | 
18:36:57.331 | Info | '/transaction/getdonation/:donationRefNum' | 
18:36:57.337 | Info | '/transaction/getdonation/:donationRefNum' | 
18:36:57.343 | Info | '/transaction/getdonation/:donationRefNum' | 
18:36:57.350 | Info | '/transaction/getdonation/:donationRefNum' | 
18:36:57.355 | Info | '/transaction/getdonation/:donationRefNum' | 
18:36:57.360 | Info | '/transaction/getdonation/:donationRefNum' | 
18:36:57.367 | Info | '/transaction/getdonation/:donationRefNum' | 
18:36:57.376 | Info | '/transaction/getdonation/:donationRefNum' | 
18:36:57.387 | Info | '/transaction/getdonation/:donationRefNum' | 
18:36:57.398 | Info | '/transaction/getdonation/:donationRefNum' | 
18:36:57.407 | Info | '/transaction/getdonation/:donationRefNum' | 
18:36:57.417 | Info | '/transaction/getdonation/:donationRefNum' | 
18:36:57.423 | Info | '/transaction/getdonation/:donationRefNum' | 
18:36:57.429 | Info | '/transaction/getdonation/:donationRefNum' | 
18:36:57.436 | Info | '/transaction/getdonation/:donationRefNum' | 
18:36:57.446 | Info | '/transaction/getdonation/:donationRefNum' | 
18:36:57.452 | Info | '/transaction/getdonation/:donationRefNum' | 
18:36:57.458 | Info | '/transaction/getdonation/:donationRefNum' | 
18:36:57.465 | Info | '/transaction/getdonation/:donationRefNum' | 
18:36:57.471 | Info | '/transaction/getdonation/:donationRefNum' | 
18:36:57.482 | Info | '/transaction/getdonation/:donationRefNum' | 
18:36:57.493 | Info | '/transaction/getdonation/:donationRefNum' | 
18:36:57.503 | Info | '/transaction/getdonation/:donationRefNum' | 
18:36:57.514 | Info | '/transaction/getdonation/:donationRefNum' | 
18:36:57.523 | Info | '/transaction/getdonation/:donationRefNum' | 
18:36:57.532 | Info | '/transaction/getdonation/:donationRefNum' | 
18:36:57.542 | Info | '/transaction/getdonation/:donationRefNum' | 
18:36:57.548 | Info | '/transaction/getdonation/:donationRefNum' | 
18:36:57.554 | Info | '/transaction/getdonation/:donationRefNum' | 
18:36:57.559 | Info | '/transaction/getdonation/:donationRefNum' | 
18:36:57.566 | Info | '/transaction/getdonation/:donationRefNum' | 
18:36:57.572 | Info | '/transaction/getdonation/:donationRefNum' | 
18:36:57.590 | Info | '/transaction/getdonation/:donationRefNum' | 
18:36:57.601 | Info | '/transaction/getdonation/:donationRefNum' | 
18:36:57.609 | Info | '/transaction/getdonation/:donationRefNum' | 
18:36:57.618 | Info | '/transaction/getdonation/:donationRefNum' | 
18:36:57.624 | Info | '/transaction/getdonation/:donationRefNum' | 
18:36:57.632 | Info | '/transaction/getdonation/:donationRefNum' | 
18:36:57.638 | Info | '/transaction/getdonation/:donationRefNum' | 
18:36:57.644 | Info | '/transaction/getdonation/:donationRefNum' | 
18:36:57.654 | Info | '/transaction/getdonation/:donationRefNum' | 
18:36:57.662 | Info | '/transaction/getdonation/:donationRefNum' | 
18:36:57.670 | Info | '/transaction/getdonation/:donationRefNum' | 
18:36:57.720 | Info | '/transaction/getdonation/:donationRefNum' | 
18:36:57.738 | Info | '/transaction/getdonation/:donationRefNum' | 
18:36:57.744 | Info | '/transaction/getdonation/:donationRefNum' | 
18:36:57.750 | Info | '/transaction/getdonation/:donationRefNum' | 
18:36:57.755 | Info | '/transaction/getdonation/:donationRefNum' | 
18:36:57.765 | Info | '/transaction/getdonation/:donationRefNum' | 
18:36:57.770 | Info | '/transaction/getdonation/:donationRefNum' | 
18:36:57.775 | Info | '/transaction/getdonation/:donationRefNum' | 
18:36:57.780 | Info | '/transaction/getdonation/:donationRefNum' | 
18:36:57.785 | Info | '/transaction/getdonation/:donationRefNum' | 
18:36:57.790 | Info | '/transaction/getdonation/:donationRefNum' | 
18:36:57.795 | Info | '/transaction/getdonation/:donationRefNum' | 
18:36:57.800 | Info | '/transaction/getdonation/:donationRefNum' | 
18:36:57.806 | Info | '/transaction/getdonation/:donationRefNum' | 
18:36:57.811 | Info | '/transaction/getdonation/:donationRefNum' | 
18:36:57.816 | Info | '/transaction/getdonation/:donationRefNum' | 
18:36:57.821 | Info | '/transaction/getdonation/:donationRefNum' | 
18:36:57.826 | Info | '/transaction/getdonation/:donationRefNum' | 
18:36:57.832 | Info | '/transaction/getdonation/:donationRefNum' | 
18:36:57.836 | Info | '/transaction/getdonation/:donationRefNum' | 
18:36:57.840 | Info | '/transaction/getdonation/:donationRefNum' | 
18:36:57.846 | Info | '/transaction/getdonation/:donationRefNum' | 
18:36:57.851 | Info | '/transaction/getdonation/:donationRefNum' | 
18:36:57.856 | Info | '/transaction/getdonation/:donationRefNum' | 
18:36:57.861 | Info | '/transaction/getdonation/:donationRefNum' | 
18:36:57.865 | Info | '/transaction/getdonation/:donationRefNum' | 
18:36:57.872 | Info | '/transaction/getdonation/:donationRefNum' | 
18:36:57.878 | Info | '/transaction/getdonation/:donationRefNum' | 
18:36:57.884 | Info | '/transaction/getdonation/:donationRefNum' | 
18:36:57.889 | Info | '/transaction/getdonation/:donationRefNum' | 
18:36:57.896 | Info | '/transaction/getdonation/:donationRefNum' | 
18:36:57.903 | Info | '/transaction/getdonation/:donationRefNum' | 
18:36:57.908 | Info | '/transaction/getdonation/:donationRefNum' | 
18:36:57.913 | Info | '/transaction/getdonation/:donationRefNum' | 
18:36:57.923 | Info | '/transaction/getdonation/:donationRefNum' | 
18:36:57.932 | Info | '/transaction/getdonation/:donationRefNum' | 
18:36:57.936 | Info | '/transaction/getdonation/:donationRefNum' | 
18:36:57.942 | Info | '/transaction/getdonation/:donationRefNum' | 
18:36:57.948 | Info | '/transaction/getdonation/:donationRefNum' | 
18:36:57.954 | Info | '/transaction/getdonation/:donationRefNum' | 
18:36:57.962 | Info | '/transaction/getdonation/:donationRefNum' | 
18:36:57.968 | Info | '/transaction/getdonation/:donationRefNum' | 
18:36:57.975 | Info | '/transaction/getdonation/:donationRefNum' | 
18:36:57.983 | Info | '/transaction/getdonation/:donationRefNum' | 
18:36:57.989 | Info | '/transaction/getdonation/:donationRefNum' | 
18:36:57.994 | Info | '/transaction/getdonation/:donationRefNum' | 
18:36:58.001 | Info | '/transaction/getdonation/:donationRefNum' | 
18:36:58.006 | Info | '/transaction/getdonation/:donationRefNum' | 
18:36:58.013 | Info | '/transaction/getdonation/:donationRefNum' | 
18:36:58.020 | Info | '/transaction/getdonation/:donationRefNum' | 
18:36:58.026 | Info | '/transaction/getdonation/:donationRefNum' | 
18:36:58.038 | Info | '/transaction/getdonation/:donationRefNum' | 
18:36:58.050 | Info | '/transaction/getdonation/:donationRefNum' | 
18:36:58.056 | Info | '/transaction/getdonation/:donationRefNum' | 
18:36:58.062 | Info | '/transaction/getdonation/:donationRefNum' | 
18:36:58.069 | Info | '/transaction/getdonation/:donationRefNum' | 
18:36:58.199 | Info | '/transaction/getdonation/:donationRefNum' | 
18:36:58.204 | Info | '/transaction/getdonation/:donationRefNum' | 
18:36:58.214 | Info | '/transaction/getdonation/:donationRefNum' | 
18:36:58.220 | Info | '/transaction/getdonation/:donationRefNum' | 
18:36:58.226 | Info | '/transaction/getdonation/:donationRefNum' | 
18:36:58.232 | Info | '/transaction/getdonation/:donationRefNum' | 
18:36:58.238 | Info | '/transaction/getdonation/:donationRefNum' | 
18:36:58.243 | Info | '/transaction/getdonation/:donationRefNum' | 
18:36:58.252 | Info | '/transaction/getdonation/:donationRefNum' | 
18:36:58.257 | Info | '/transaction/getdonation/:donationRefNum' | 
18:36:58.262 | Info | '/transaction/getdonation/:donationRefNum' | 
18:36:58.268 | Info | '/transaction/getdonation/:donationRefNum' | 
18:36:58.273 | Info | '/transaction/getdonation/:donationRefNum' | 
18:36:58.278 | Info | '/transaction/getdonation/:donationRefNum' | 
18:36:58.284 | Info | '/transaction/getdonation/:donationRefNum' | 
18:36:58.288 | Info | '/transaction/getdonation/:donationRefNum' | 
18:36:58.292 | Info | '/transaction/getdonation/:donationRefNum' | 
18:36:58.297 | Info | '/transaction/getdonation/:donationRefNum' | 
18:36:58.303 | Info | '/transaction/getdonation/:donationRefNum' | 
18:36:58.307 | Info | '/transaction/getdonation/:donationRefNum' | 
18:36:58.312 | Info | '/transaction/getdonation/:donationRefNum' | 
18:36:58.317 | Info | '/transaction/getdonation/:donationRefNum' | 
18:36:58.322 | Info | '/transaction/getdonation/:donationRefNum' | 
18:36:58.327 | Info | '/transaction/getdonation/:donationRefNum' | 
18:36:58.333 | Info | '/transaction/getdonation/:donationRefNum' | 
18:36:58.338 | Info | '/transaction/getdonation/:donationRefNum' | 
18:36:58.344 | Info | '/transaction/getdonation/:donationRefNum' | 
18:36:58.350 | Info | '/transaction/getdonation/:donationRefNum' | 
18:36:58.355 | Info | '/transaction/getdonation/:donationRefNum' | 
18:36:58.361 | Info | '/transaction/getdonation/:donationRefNum' | 
18:36:58.365 | Info | '/transaction/getdonation/:donationRefNum' | 
18:36:58.370 | Info | '/transaction/getdonation/:donationRefNum' | 
18:36:58.376 | Info | '/transaction/getdonation/:donationRefNum' | 
18:36:58.382 | Info | '/transaction/getdonation/:donationRefNum' | 
18:36:58.388 | Info | '/transaction/getdonation/:donationRefNum' | 
18:36:58.394 | Info | '/transaction/getdonation/:donationRefNum' | 
18:36:58.402 | Info | '/transaction/getdonation/:donationRefNum' | 
18:36:58.408 | Info | '/transaction/getdonation/:donationRefNum' | 
18:36:58.415 | Info | '/transaction/getdonation/:donationRefNum' | 
18:36:58.423 | Info | '/transaction/getdonation/:donationRefNum' | 
18:36:58.430 | Info | '/transaction/getdonation/:donationRefNum' | 
18:36:58.436 | Info | '/transaction/getdonation/:donationRefNum' | 
18:36:58.440 | Info | '/transaction/getdonation/:donationRefNum' | 
18:36:58.445 | Info | '/transaction/getdonation/:donationRefNum' | 
18:36:58.451 | Info | '/transaction/getdonation/:donationRefNum' | 
18:36:58.455 | Info | '/transaction/getdonation/:donationRefNum' | 
18:36:58.460 | Info | '/transaction/getdonation/:donationRefNum' | 
18:36:58.464 | Info | '/transaction/getdonation/:donationRefNum' | 
18:36:58.470 | Info | '/transaction/getdonation/:donationRefNum' | 
18:36:58.477 | Info | '/transaction/getdonation/:donationRefNum' | 
18:36:58.483 | Info | '/transaction/getdonation/:donationRefNum' | 
18:36:58.490 | Info | '/transaction/getdonation/:donationRefNum' | 
18:36:58.498 | Info | '/transaction/getdonation/:donationRefNum' | 
18:36:58.504 | Info | '/transaction/getdonation/:donationRefNum' | 
18:36:58.509 | Info | '/transaction/getdonation/:donationRefNum' | 
18:36:58.515 | Info | '/transaction/getdonation/:donationRefNum' | 
18:36:58.521 | Info | '/transaction/getdonation/:donationRefNum' | 
18:36:58.526 | Info | '/transaction/getdonation/:donationRefNum' | 
18:36:58.531 | Info | '/transaction/getdonation/:donationRefNum' | 
18:36:58.536 | Info | '/transaction/getdonation/:donationRefNum' | 
18:36:58.541 | Info | '/transaction/getdonation/:donationRefNum' | 
18:39:45.286 | Info | '/api/user/login' | 
18:39:45.661 | Info | '/transaction/getuserpermissions' | 
18:39:45.687 | Info | '/transaction/myprofile' | 
18:39:45.736 | Info | '/transaction/myrequests' | 
18:39:45.761 | Info | '/transaction/mycollections' | 
18:39:45.765 | Info | '/transaction/getuserpermissions' | 
18:39:45.772 | Info | '/transaction/myprofile' | 
18:39:45.790 | Info | '/transaction/myprofile' | 
18:39:45.793 | Info | '/transaction/myrequests' | 
18:39:45.795 | Info | '/transaction/mycollections' | 
18:39:45.805 | Info | '/transaction/myprofile' | 
18:39:47.742 | Info | '/transaction/getalldonations' | 
18:39:47.764 | Info | '/transaction/getalldonations' | 
18:39:48.908 | Info | '/transaction/getdonation/:donationRefNum' | 
18:39:57.341 | Info | '/transaction/getdonation/:donationRefNum' | 
18:39:57.343 | Info | '/transaction/getdonation/:donationRefNum' | 
18:39:57.351 | Info | '/transaction/getdonation/:donationRefNum' | 
18:41:54.033 | Info | '/transaction/getdonation/:donationRefNum' | 
18:41:54.040 | Info | '/transaction/getdonation/:donationRefNum' | 
18:41:54.047 | Info | '/transaction/getdonation/:donationRefNum' | 
18:41:54.053 | Info | '/transaction/getdonation/:donationRefNum' | 
18:41:54.062 | Info | '/transaction/getdonation/:donationRefNum' | 
18:41:54.069 | Info | '/transaction/getdonation/:donationRefNum' | 
18:41:54.076 | Info | '/transaction/getdonation/:donationRefNum' | 
18:41:54.083 | Info | '/transaction/getdonation/:donationRefNum' | 
18:41:54.088 | Info | '/transaction/getdonation/:donationRefNum' | 
18:42:41.737 | Info | '/transaction/getdonation/:donationRefNum' | 
18:42:41.740 | Info | '/transaction/getdonation/:donationRefNum' | 
18:42:41.756 | Info | '/transaction/getdonation/:donationRefNum' | 
18:42:41.764 | Info | '/transaction/getdonation/:donationRefNum' | 
18:42:41.772 | Info | '/transaction/getdonation/:donationRefNum' | 
18:42:41.780 | Info | '/transaction/getdonation/:donationRefNum' | 
18:42:41.794 | Info | '/transaction/getdonation/:donationRefNum' | 
18:42:41.802 | Info | '/transaction/getdonation/:donationRefNum' | 
18:42:41.809 | Info | '/transaction/getdonation/:donationRefNum' | 
18:42:41.822 | Info | '/transaction/getdonation/:donationRefNum' | 
18:42:41.842 | Info | '/transaction/getdonation/:donationRefNum' | 
18:42:41.856 | Info | '/transaction/getdonation/:donationRefNum' | 
18:42:41.867 | Info | '/transaction/getdonation/:donationRefNum' | 
18:42:41.878 | Info | '/transaction/getdonation/:donationRefNum' | 
18:42:41.885 | Info | '/transaction/getdonation/:donationRefNum' | 
18:42:41.895 | Info | '/transaction/getdonation/:donationRefNum' | 
18:42:41.901 | Info | '/transaction/getdonation/:donationRefNum' | 
18:42:41.908 | Info | '/transaction/getdonation/:donationRefNum' | 
18:42:41.914 | Info | '/transaction/getdonation/:donationRefNum' | 
18:42:41.920 | Info | '/transaction/getdonation/:donationRefNum' | 
18:42:41.927 | Info | '/transaction/getdonation/:donationRefNum' | 
18:42:41.935 | Info | '/transaction/getdonation/:donationRefNum' | 
18:42:41.944 | Info | '/transaction/getdonation/:donationRefNum' | 
18:42:41.953 | Info | '/transaction/getdonation/:donationRefNum' | 
18:42:41.963 | Info | '/transaction/getdonation/:donationRefNum' | 
18:42:41.972 | Info | '/transaction/getdonation/:donationRefNum' | 
18:42:41.980 | Info | '/transaction/getdonation/:donationRefNum' | 
18:43:58.297 | Info | '/transaction/getuserpermissions' | 
18:43:58.301 | Info | '/transaction/getuserpermissions' | 
18:44:03.124 | Info | '/api/user/login' | 
18:44:03.271 | Info | '/transaction/getuserpermissions' | 
18:44:03.281 | Info | '/transaction/getuserpermissions' | 
18:44:03.286 | Info | '/transaction/myprofile' | 
18:44:03.303 | Info | '/transaction/myprofile' | 
18:44:03.311 | Info | '/transaction/myrequests' | 
18:44:03.327 | Info | '/transaction/mycollections' | 
18:44:03.330 | Info | '/transaction/myprofile' | 
18:44:03.332 | Info | '/transaction/myrequests' | 
18:44:03.340 | Info | '/transaction/myprofile' | 
18:44:03.345 | Info | '/transaction/mycollections' | 
18:44:07.686 | Info | '/transaction/getalldonations' | 
18:44:07.700 | Info | '/transaction/getalldonations' | 
18:44:21.756 | Info | '/transaction/getdonation/:donationRefNum' | 
18:45:23.487 | Info | '/transaction/getuserpermissions' | 
18:45:23.492 | Info | '/transaction/getuserpermissions' | 
18:45:27.577 | Info | '/api/user/login' | 
18:45:27.713 | Info | '/transaction/getuserpermissions' | 
18:45:27.718 | Info | '/transaction/getuserpermissions' | 
18:45:27.732 | Info | '/transaction/myprofile' | 
18:45:27.753 | Info | '/transaction/myprofile' | 
18:45:27.771 | Info | '/transaction/myprofile' | 
18:45:27.774 | Info | '/transaction/myrequests' | 
18:45:27.780 | Info | '/transaction/mycollections' | 
18:45:27.788 | Info | '/transaction/myprofile' | 
18:45:27.800 | Info | '/transaction/myrequests' | 
18:45:27.804 | Info | '/transaction/mycollections' | 
18:45:30.554 | Info | '/transaction/getalldonations' | 
18:45:30.569 | Info | '/transaction/getalldonations' | 
18:45:38.056 | Info | '/transaction/getdonation/:donationRefNum' | 
18:47:49.669 | Info | '/transaction/getuserpermissions' | 
18:47:49.674 | Info | '/transaction/getuserpermissions' | 
18:47:53.064 | Info | '/api/user/login' | 
18:47:53.187 | Info | '/transaction/getuserpermissions' | 
18:47:53.194 | Info | '/transaction/myprofile' | 
18:47:53.198 | Info | '/transaction/myrequests' | 
18:47:53.201 | Info | '/transaction/mycollections' | 
18:47:53.204 | Info | '/transaction/getuserpermissions' | 
18:47:53.207 | Info | '/transaction/myprofile' | 
18:47:53.211 | Info | '/transaction/myrequests' | 
18:47:53.214 | Info | '/transaction/mycollections' | 
18:47:53.221 | Info | '/transaction/myprofile' | 
18:47:53.228 | Info | '/transaction/myprofile' | 
18:47:54.739 | Info | '/transaction/getarea' | 
18:47:54.744 | Info | '/transaction/getpaymentmethods' | 
18:47:54.751 | Info | '/transaction/getarea' | 
18:47:54.753 | Info | '/transaction/getpaymentmethods' | 
18:47:55.157 | Info | '/transaction/getalldonations' | 
18:47:55.172 | Info | '/transaction/getalldonations' | 
18:48:00.963 | Info | '/transaction/getdonation/:donationRefNum' | 
18:50:28.056 | Info | '/transaction/getdonation/:donationRefNum' | 
18:51:17.387 | Info | '/transaction/getdonation/:donationRefNum' | 
18:52:06.459 | Info | '/api/user/login' | 
18:52:06.609 | Info | '/transaction/getuserpermissions' | 
18:52:06.616 | Info | '/transaction/myprofile' | 
18:52:06.678 | Info | '/transaction/myrequests' | 
18:52:06.697 | Info | '/transaction/mycollections' | 
18:52:06.707 | Info | '/transaction/getuserpermissions' | 
18:52:06.728 | Info | '/transaction/myrequests' | 
18:52:06.732 | Info | '/transaction/mycollections' | 
18:52:06.730 | Info | '/transaction/myprofile' | 
18:52:06.741 | Info | '/transaction/myprofile' | 
18:52:06.747 | Info | '/transaction/myprofile' | 
18:52:08.532 | Info | '/transaction/getarea' | 
18:52:08.536 | Info | '/transaction/getpaymentmethods' | 
18:52:08.547 | Info | '/transaction/getarea' | 
18:52:08.550 | Info | '/transaction/getpaymentmethods' | 
18:52:08.957 | Info | '/transaction/getalldonations' | 
18:52:08.982 | Info | '/transaction/getalldonations' | 
18:52:13.286 | Info | '/transaction/getdonation/:donationRefNum' | 
18:53:04.507 | Info | '/transaction/getuserpermissions' | 
18:53:04.511 | Info | '/transaction/getuserpermissions' | 
18:53:07.219 | Info | '/api/user/login' | 
18:53:07.351 | Info | '/transaction/getuserpermissions' | 
18:53:07.364 | Info | '/transaction/getuserpermissions' | 
18:53:07.366 | Info | '/transaction/myprofile' | 
18:53:07.375 | Info | '/transaction/myrequests' | 
18:53:07.377 | Info | '/transaction/mycollections' | 
18:53:07.383 | Info | '/transaction/myprofile' | 
18:53:07.385 | Info | '/transaction/myrequests' | 
18:53:07.389 | Info | '/transaction/mycollections' | 
18:53:07.394 | Info | '/transaction/myprofile' | 
18:53:07.400 | Info | '/transaction/myprofile' | 
18:53:10.516 | Info | '/transaction/getalldonations' | 
18:53:10.531 | Info | '/transaction/getalldonations' | 
18:53:14.702 | Info | '/transaction/getdonation/:donationRefNum' | 
18:53:35.275 | Info | '/transaction/getuserpermissions' | 
18:53:35.280 | Info | '/transaction/getuserpermissions' | 
18:53:38.123 | Info | '/api/user/login' | 
18:53:38.245 | Info | '/transaction/getuserpermissions' | 
18:53:38.255 | Info | '/transaction/myprofile' | 
18:53:38.258 | Info | '/transaction/getuserpermissions' | 
18:53:38.266 | Info | '/transaction/myrequests' | 
18:53:38.269 | Info | '/transaction/myprofile' | 
18:53:38.271 | Info | '/transaction/mycollections' | 
18:53:38.280 | Info | '/transaction/myrequests' | 
18:53:38.282 | Info | '/transaction/myprofile' | 
18:53:38.284 | Info | '/transaction/mycollections' | 
18:53:38.291 | Info | '/transaction/myprofile' | 
18:53:39.905 | Info | '/transaction/getalldonations' | 
18:53:39.917 | Info | '/transaction/getalldonations' | 
18:53:43.694 | Info | '/transaction/getdonation/:donationRefNum' | 
18:54:03.530 | Info | '/transaction/getuserpermissions' | 
18:54:03.534 | Info | '/transaction/getuserpermissions' | 
18:54:06.138 | Info | '/api/user/login' | 
18:54:06.267 | Info | '/transaction/getuserpermissions' | 
18:54:06.278 | Info | '/transaction/getuserpermissions' | 
18:54:06.280 | Info | '/transaction/myprofile' | 
18:54:06.287 | Info | '/transaction/myrequests' | 
18:54:06.289 | Info | '/transaction/mycollections' | 
18:54:06.291 | Info | '/transaction/myprofile' | 
18:54:06.297 | Info | '/transaction/myrequests' | 
18:54:06.299 | Info | '/transaction/myprofile' | 
18:54:06.301 | Info | '/transaction/mycollections' | 
18:54:06.311 | Info | '/transaction/myprofile' | 
18:54:07.827 | Info | '/transaction/getalldonations' | 
18:54:07.845 | Info | '/transaction/getalldonations' | 
18:54:14.500 | Info | '/transaction/getdonation/:donationRefNum' | 
18:55:03.231 | Info | '/transaction/getalldonations' | 
18:55:03.244 | Info | '/transaction/getalldonations' | 
18:56:05.859 | Info | '/transaction/getuserpermissions' | 
18:56:05.864 | Info | '/transaction/getuserpermissions' | 
18:56:08.624 | Info | '/api/user/login' | 
18:56:08.737 | Info | '/transaction/getuserpermissions' | 
18:56:08.747 | Info | '/transaction/myprofile' | 
18:56:08.749 | Info | '/transaction/getuserpermissions' | 
18:56:08.756 | Info | '/transaction/myprofile' | 
18:56:08.759 | Info | '/transaction/myrequests' | 
18:56:08.763 | Info | '/transaction/mycollections' | 
18:56:08.766 | Info | '/transaction/myprofile' | 
18:56:08.771 | Info | '/transaction/myrequests' | 
18:56:08.778 | Info | '/transaction/mycollections' | 
18:56:08.781 | Info | '/transaction/myprofile' | 
18:56:11.263 | Info | '/transaction/getalldonations' | 
18:56:11.337 | Info | '/transaction/getalldonations' | 
18:56:15.983 | Info | '/transaction/getdonation/:donationRefNum' | 
18:56:36.030 | Info | '/transaction/getuserpermissions' | 
18:56:36.036 | Info | '/transaction/getuserpermissions' | 
18:56:38.759 | Info | '/api/user/login' | 
18:56:38.870 | Info | '/transaction/getuserpermissions' | 
18:56:38.882 | Info | '/transaction/getuserpermissions' | 
18:56:38.886 | Info | '/transaction/myprofile' | 
18:56:38.892 | Info | '/transaction/myrequests' | 
18:56:38.894 | Info | '/transaction/mycollections' | 
18:56:38.897 | Info | '/transaction/myprofile' | 
18:56:38.906 | Info | '/transaction/myrequests' | 
18:56:38.908 | Info | '/transaction/mycollections' | 
18:56:38.910 | Info | '/transaction/myprofile' | 
18:56:38.918 | Info | '/transaction/myprofile' | 
18:56:40.368 | Info | '/transaction/getalldonations' | 
18:56:40.381 | Info | '/transaction/getalldonations' | 
18:56:43.407 | Info | '/transaction/getdonation/:donationRefNum' | 
19:02:13.268 | Info | '/transaction/getdonation/:donationRefNum' | 
19:02:13.449 | Info | '/transaction/getdonation/:donationRefNum' | 
19:02:13.491 | Info | '/transaction/getdonation/:donationRefNum' | 
19:02:23.456 | Info | '/transaction/getdonation/:donationRefNum' | 
19:02:23.459 | Info | '/transaction/getdonation/:donationRefNum' | 
19:02:23.469 | Info | '/transaction/getdonation/:donationRefNum' | 
19:02:23.480 | Info | '/transaction/getdonation/:donationRefNum' | 
19:02:23.490 | Info | '/transaction/getdonation/:donationRefNum' | 
19:02:23.505 | Info | '/transaction/getdonation/:donationRefNum' | 
19:02:23.514 | Info | '/transaction/getdonation/:donationRefNum' | 
19:02:23.525 | Info | '/transaction/getdonation/:donationRefNum' | 
19:02:23.533 | Info | '/transaction/getdonation/:donationRefNum' | 
19:03:55.712 | Info | '/transaction/getdonation/:donationRefNum' | 
19:03:55.943 | Info | '/transaction/getdonation/:donationRefNum' | 
19:03:56.019 | Info | '/transaction/getdonation/:donationRefNum' | 
19:03:56.027 | Info | '/transaction/getdonation/:donationRefNum' | 
19:03:56.035 | Info | '/transaction/getdonation/:donationRefNum' | 
19:03:56.043 | Info | '/transaction/getdonation/:donationRefNum' | 
19:03:56.050 | Info | '/transaction/getdonation/:donationRefNum' | 
19:03:56.058 | Info | '/transaction/getdonation/:donationRefNum' | 
19:03:56.064 | Info | '/transaction/getdonation/:donationRefNum' | 
19:03:56.073 | Info | '/transaction/getdonation/:donationRefNum' | 
19:03:56.080 | Info | '/transaction/getdonation/:donationRefNum' | 
19:03:56.087 | Info | '/transaction/getdonation/:donationRefNum' | 
19:03:56.094 | Info | '/transaction/getdonation/:donationRefNum' | 
19:03:56.101 | Info | '/transaction/getdonation/:donationRefNum' | 
19:03:56.109 | Info | '/transaction/getdonation/:donationRefNum' | 
19:03:56.118 | Info | '/transaction/getdonation/:donationRefNum' | 
19:03:56.127 | Info | '/transaction/getdonation/:donationRefNum' | 
19:03:56.135 | Info | '/transaction/getdonation/:donationRefNum' | 
19:03:56.143 | Info | '/transaction/getdonation/:donationRefNum' | 
19:03:56.152 | Info | '/transaction/getdonation/:donationRefNum' | 
19:03:56.160 | Info | '/transaction/getdonation/:donationRefNum' | 
19:03:56.166 | Info | '/transaction/getdonation/:donationRefNum' | 
19:03:56.174 | Info | '/transaction/getdonation/:donationRefNum' | 
19:03:56.182 | Info | '/transaction/getdonation/:donationRefNum' | 
19:03:56.189 | Info | '/transaction/getdonation/:donationRefNum' | 
19:03:56.196 | Info | '/transaction/getdonation/:donationRefNum' | 
19:03:56.219 | Info | '/transaction/getdonation/:donationRefNum' | 
19:04:12.433 | Info | '/transaction/getdonation/:donationRefNum' | 
19:04:20.433 | Info | '/transaction/getdonation/:donationRefNum' | 
19:04:20.437 | Info | '/transaction/getdonation/:donationRefNum' | 
19:04:20.455 | Info | '/transaction/getdonation/:donationRefNum' | 
19:04:20.463 | Info | '/transaction/getdonation/:donationRefNum' | 
19:04:20.472 | Info | '/transaction/getdonation/:donationRefNum' | 
19:04:20.481 | Info | '/transaction/getdonation/:donationRefNum' | 
19:04:20.489 | Info | '/transaction/getdonation/:donationRefNum' | 
19:04:20.499 | Info | '/transaction/getdonation/:donationRefNum' | 
19:04:20.508 | Info | '/transaction/getdonation/:donationRefNum' | 
19:04:20.519 | Info | '/transaction/getdonation/:donationRefNum' | 
19:04:20.526 | Info | '/transaction/getdonation/:donationRefNum' | 
19:04:20.535 | Info | '/transaction/getdonation/:donationRefNum' | 
19:04:20.543 | Info | '/transaction/getdonation/:donationRefNum' | 
19:04:20.550 | Info | '/transaction/getdonation/:donationRefNum' | 
19:04:20.558 | Info | '/transaction/getdonation/:donationRefNum' | 
19:04:20.567 | Info | '/transaction/getdonation/:donationRefNum' | 
19:04:20.573 | Info | '/transaction/getdonation/:donationRefNum' | 
19:04:20.584 | Info | '/transaction/getdonation/:donationRefNum' | 
19:04:20.590 | Info | '/transaction/getdonation/:donationRefNum' | 
19:04:20.596 | Info | '/transaction/getdonation/:donationRefNum' | 
19:04:20.604 | Info | '/transaction/getdonation/:donationRefNum' | 
19:04:20.613 | Info | '/transaction/getdonation/:donationRefNum' | 
19:04:20.620 | Info | '/transaction/getdonation/:donationRefNum' | 
19:04:20.625 | Info | '/transaction/getdonation/:donationRefNum' | 
19:04:20.630 | Info | '/transaction/getdonation/:donationRefNum' | 
19:04:20.640 | Info | '/transaction/getdonation/:donationRefNum' | 
19:04:20.648 | Info | '/transaction/getdonation/:donationRefNum' | 
19:04:20.655 | Info | '/transaction/getdonation/:donationRefNum' | 
19:04:20.660 | Info | '/transaction/getdonation/:donationRefNum' | 
19:04:20.665 | Info | '/transaction/getdonation/:donationRefNum' | 
19:04:20.672 | Info | '/transaction/getdonation/:donationRefNum' | 
19:04:20.678 | Info | '/transaction/getdonation/:donationRefNum' | 
19:04:20.685 | Info | '/transaction/getdonation/:donationRefNum' | 
19:04:20.691 | Info | '/transaction/getdonation/:donationRefNum' | 
19:04:20.696 | Info | '/transaction/getdonation/:donationRefNum' | 
19:04:20.703 | Info | '/transaction/getdonation/:donationRefNum' | 
19:04:20.708 | Info | '/transaction/getdonation/:donationRefNum' | 
19:04:20.713 | Info | '/transaction/getdonation/:donationRefNum' | 
19:04:20.719 | Info | '/transaction/getdonation/:donationRefNum' | 
19:04:20.725 | Info | '/transaction/getdonation/:donationRefNum' | 
19:04:20.733 | Info | '/transaction/getdonation/:donationRefNum' | 
19:04:20.738 | Info | '/transaction/getdonation/:donationRefNum' | 
19:04:20.744 | Info | '/transaction/getdonation/:donationRefNum' | 
19:04:20.750 | Info | '/transaction/getdonation/:donationRefNum' | 
19:04:20.755 | Info | '/transaction/getdonation/:donationRefNum' | 
19:04:20.760 | Info | '/transaction/getdonation/:donationRefNum' | 
19:04:20.766 | Info | '/transaction/getdonation/:donationRefNum' | 
19:04:20.773 | Info | '/transaction/getdonation/:donationRefNum' | 
19:04:20.778 | Info | '/transaction/getdonation/:donationRefNum' | 
19:04:20.804 | Info | '/transaction/getdonation/:donationRefNum' | 
19:04:20.810 | Info | '/transaction/getdonation/:donationRefNum' | 
19:04:20.815 | Info | '/transaction/getdonation/:donationRefNum' | 
19:04:20.822 | Info | '/transaction/getdonation/:donationRefNum' | 
19:04:20.829 | Info | '/transaction/getdonation/:donationRefNum' | 
19:04:20.836 | Info | '/transaction/getdonation/:donationRefNum' | 
19:04:20.842 | Info | '/transaction/getdonation/:donationRefNum' | 
19:04:20.850 | Info | '/transaction/getdonation/:donationRefNum' | 
19:04:20.857 | Info | '/transaction/getdonation/:donationRefNum' | 
19:04:20.863 | Info | '/transaction/getdonation/:donationRefNum' | 
19:04:20.871 | Info | '/transaction/getdonation/:donationRefNum' | 
19:04:20.877 | Info | '/transaction/getdonation/:donationRefNum' | 
19:04:20.884 | Info | '/transaction/getdonation/:donationRefNum' | 
19:04:20.890 | Info | '/transaction/getdonation/:donationRefNum' | 
19:04:20.896 | Info | '/transaction/getdonation/:donationRefNum' | 
19:04:20.905 | Info | '/transaction/getdonation/:donationRefNum' | 
19:04:20.910 | Info | '/transaction/getdonation/:donationRefNum' | 
19:04:20.916 | Info | '/transaction/getdonation/:donationRefNum' | 
19:04:20.922 | Info | '/transaction/getdonation/:donationRefNum' | 
19:04:20.927 | Info | '/transaction/getdonation/:donationRefNum' | 
19:04:20.933 | Info | '/transaction/getdonation/:donationRefNum' | 
19:04:20.939 | Info | '/transaction/getdonation/:donationRefNum' | 
19:04:20.945 | Info | '/transaction/getdonation/:donationRefNum' | 
19:04:20.956 | Info | '/transaction/getdonation/:donationRefNum' | 
19:04:20.972 | Info | '/transaction/getdonation/:donationRefNum' | 
19:04:20.980 | Info | '/transaction/getdonation/:donationRefNum' | 
19:04:20.988 | Info | '/transaction/getdonation/:donationRefNum' | 
19:04:20.994 | Info | '/transaction/getdonation/:donationRefNum' | 
19:04:20.999 | Info | '/transaction/getdonation/:donationRefNum' | 
19:04:21.005 | Info | '/transaction/getdonation/:donationRefNum' | 
19:04:21.010 | Info | '/transaction/getdonation/:donationRefNum' | 
19:04:21.017 | Info | '/transaction/getdonation/:donationRefNum' | 
19:05:00.982 | Info | '/transaction/getdonation/:donationRefNum' | 
19:05:18.856 | Info | '/api/user/login' | 
19:05:18.992 | Info | '/transaction/getuserpermissions' | 
19:05:18.997 | Info | '/transaction/myprofile' | 
19:05:19.042 | Info | '/transaction/myrequests' | 
19:05:19.065 | Info | '/transaction/mycollections' | 
19:05:19.072 | Info | '/transaction/getuserpermissions' | 
19:05:19.077 | Info | '/transaction/myprofile' | 
19:05:19.087 | Info | '/transaction/myrequests' | 
19:05:19.100 | Info | '/transaction/myprofile' | 
19:05:19.102 | Info | '/transaction/mycollections' | 
19:05:19.107 | Info | '/transaction/myprofile' | 
19:05:20.783 | Info | '/transaction/getalldonations' | 
19:05:20.805 | Info | '/transaction/getalldonations' | 
19:05:23.132 | Info | '/transaction/getdonation/:donationRefNum' | 
19:05:47.854 | Info | '/transaction/getuserpermissions' | 
19:05:47.859 | Info | '/transaction/getuserpermissions' | 
19:05:52.234 | Info | '/api/user/login' | 
19:05:52.346 | Info | '/transaction/getuserpermissions' | 
19:05:52.356 | Info | '/transaction/getuserpermissions' | 
19:05:52.363 | Info | '/transaction/myprofile' | 
19:05:52.369 | Info | '/transaction/myrequests' | 
19:05:52.371 | Info | '/transaction/myprofile' | 
19:05:52.374 | Info | '/transaction/mycollections' | 
19:05:52.379 | Info | '/transaction/myrequests' | 
19:05:52.383 | Info | '/transaction/myprofile' | 
19:05:52.389 | Info | '/transaction/mycollections' | 
19:05:52.391 | Info | '/transaction/myprofile' | 
19:05:53.885 | Info | '/transaction/getalldonations' | 
19:05:53.901 | Info | '/transaction/getalldonations' | 
19:05:58.039 | Info | '/transaction/getdonation/:donationRefNum' | 
19:06:01.688 | Info | '/transaction/getdonation/:donationRefNum' | 
19:06:01.690 | Info | '/transaction/getdonation/:donationRefNum' | 
19:06:01.702 | Info | '/transaction/getdonation/:donationRefNum' | 
19:06:04.818 | Info | '/transaction/getdonation/:donationRefNum' | 
19:06:04.819 | Info | '/transaction/getdonation/:donationRefNum' | 
19:06:04.835 | Info | '/transaction/getdonation/:donationRefNum' | 
19:06:04.850 | Info | '/transaction/getdonation/:donationRefNum' | 
19:06:04.870 | Info | '/transaction/getdonation/:donationRefNum' | 
19:06:04.880 | Info | '/transaction/getdonation/:donationRefNum' | 
19:06:04.890 | Info | '/transaction/getdonation/:donationRefNum' | 
19:06:04.901 | Info | '/transaction/getdonation/:donationRefNum' | 
19:06:04.911 | Info | '/transaction/getdonation/:donationRefNum' | 
19:06:07.467 | Info | '/transaction/getdonation/:donationRefNum' | 
19:06:07.471 | Info | '/transaction/getdonation/:donationRefNum' | 
19:06:07.482 | Info | '/transaction/getdonation/:donationRefNum' | 
19:06:07.492 | Info | '/transaction/getdonation/:donationRefNum' | 
19:06:07.506 | Info | '/transaction/getdonation/:donationRefNum' | 
19:06:07.512 | Info | '/transaction/getdonation/:donationRefNum' | 
19:06:07.521 | Info | '/transaction/getdonation/:donationRefNum' | 
19:06:07.527 | Info | '/transaction/getdonation/:donationRefNum' | 
19:06:07.540 | Info | '/transaction/getdonation/:donationRefNum' | 
19:06:07.548 | Info | '/transaction/getdonation/:donationRefNum' | 
19:06:07.556 | Info | '/transaction/getdonation/:donationRefNum' | 
19:06:07.562 | Info | '/transaction/getdonation/:donationRefNum' | 
19:06:07.570 | Info | '/transaction/getdonation/:donationRefNum' | 
19:06:07.579 | Info | '/transaction/getdonation/:donationRefNum' | 
19:06:07.596 | Info | '/transaction/getdonation/:donationRefNum' | 
19:06:07.605 | Info | '/transaction/getdonation/:donationRefNum' | 
19:06:07.616 | Info | '/transaction/getdonation/:donationRefNum' | 
19:06:07.638 | Info | '/transaction/getdonation/:donationRefNum' | 
19:06:07.647 | Info | '/transaction/getdonation/:donationRefNum' | 
19:06:07.658 | Info | '/transaction/getdonation/:donationRefNum' | 
19:06:07.669 | Info | '/transaction/getdonation/:donationRefNum' | 
19:06:07.679 | Info | '/transaction/getdonation/:donationRefNum' | 
19:06:07.690 | Info | '/transaction/getdonation/:donationRefNum' | 
19:06:07.700 | Info | '/transaction/getdonation/:donationRefNum' | 
19:06:07.713 | Info | '/transaction/getdonation/:donationRefNum' | 
19:06:07.724 | Info | '/transaction/getdonation/:donationRefNum' | 
19:06:07.730 | Info | '/transaction/getdonation/:donationRefNum' | 
19:06:17.787 | Info | '/transaction/getdonation/:donationRefNum' | 
19:06:17.798 | Info | '/transaction/getdonation/:donationRefNum' | 
19:06:17.807 | Info | '/transaction/getdonation/:donationRefNum' | 
19:06:17.817 | Info | '/transaction/getdonation/:donationRefNum' | 
19:06:17.826 | Info | '/transaction/getdonation/:donationRefNum' | 
19:06:17.834 | Info | '/transaction/getdonation/:donationRefNum' | 
19:06:17.844 | Info | '/transaction/getdonation/:donationRefNum' | 
19:06:17.853 | Info | '/transaction/getdonation/:donationRefNum' | 
19:06:17.861 | Info | '/transaction/getdonation/:donationRefNum' | 
19:06:17.869 | Info | '/transaction/getdonation/:donationRefNum' | 
19:06:17.886 | Info | '/transaction/getdonation/:donationRefNum' | 
19:06:17.895 | Info | '/transaction/getdonation/:donationRefNum' | 
19:06:17.901 | Info | '/transaction/getdonation/:donationRefNum' | 
19:06:17.908 | Info | '/transaction/getdonation/:donationRefNum' | 
19:06:17.914 | Info | '/transaction/getdonation/:donationRefNum' | 
19:06:17.919 | Info | '/transaction/getdonation/:donationRefNum' | 
19:06:17.926 | Info | '/transaction/getdonation/:donationRefNum' | 
19:06:17.932 | Info | '/transaction/getdonation/:donationRefNum' | 
19:06:17.956 | Info | '/transaction/getdonation/:donationRefNum' | 
19:06:17.963 | Info | '/transaction/getdonation/:donationRefNum' | 
19:06:17.969 | Info | '/transaction/getdonation/:donationRefNum' | 
19:06:17.974 | Info | '/transaction/getdonation/:donationRefNum' | 
19:06:17.949 | Info | '/transaction/getdonation/:donationRefNum' | 
19:06:17.988 | Info | '/transaction/getdonation/:donationRefNum' | 
19:06:17.999 | Info | '/transaction/getdonation/:donationRefNum' | 
19:06:18.010 | Info | '/transaction/getdonation/:donationRefNum' | 
19:06:17.982 | Info | '/transaction/getdonation/:donationRefNum' | 
19:06:18.005 | Info | '/transaction/getdonation/:donationRefNum' | 
19:06:17.993 | Info | '/transaction/getdonation/:donationRefNum' | 
19:06:17.940 | Info | '/transaction/getdonation/:donationRefNum' | 
19:06:18.023 | Info | '/transaction/getdonation/:donationRefNum' | 
19:06:18.028 | Info | '/transaction/getdonation/:donationRefNum' | 
19:06:18.037 | Info | '/transaction/getdonation/:donationRefNum' | 
19:06:18.044 | Info | '/transaction/getdonation/:donationRefNum' | 
19:06:18.061 | Info | '/transaction/getdonation/:donationRefNum' | 
19:06:18.075 | Info | '/transaction/getdonation/:donationRefNum' | 
19:06:18.084 | Info | '/transaction/getdonation/:donationRefNum' | 
19:06:18.093 | Info | '/transaction/getdonation/:donationRefNum' | 
19:06:18.100 | Info | '/transaction/getdonation/:donationRefNum' | 
19:06:18.111 | Info | '/transaction/getdonation/:donationRefNum' | 
19:06:18.121 | Info | '/transaction/getdonation/:donationRefNum' | 
19:06:18.130 | Info | '/transaction/getdonation/:donationRefNum' | 
19:06:18.136 | Info | '/transaction/getdonation/:donationRefNum' | 
19:06:18.141 | Info | '/transaction/getdonation/:donationRefNum' | 
19:06:18.148 | Info | '/transaction/getdonation/:donationRefNum' | 
19:06:18.155 | Info | '/transaction/getdonation/:donationRefNum' | 
19:06:18.161 | Info | '/transaction/getdonation/:donationRefNum' | 
19:06:18.168 | Info | '/transaction/getdonation/:donationRefNum' | 
19:06:18.175 | Info | '/transaction/getdonation/:donationRefNum' | 
19:06:18.181 | Info | '/transaction/getdonation/:donationRefNum' | 
19:06:18.188 | Info | '/transaction/getdonation/:donationRefNum' | 
19:06:18.195 | Info | '/transaction/getdonation/:donationRefNum' | 
19:06:18.201 | Info | '/transaction/getdonation/:donationRefNum' | 
19:06:18.208 | Info | '/transaction/getdonation/:donationRefNum' | 
19:06:18.214 | Info | '/transaction/getdonation/:donationRefNum' | 
19:06:18.220 | Info | '/transaction/getdonation/:donationRefNum' | 
19:06:18.237 | Info | '/transaction/getdonation/:donationRefNum' | 
19:06:18.244 | Info | '/transaction/getdonation/:donationRefNum' | 
19:06:18.250 | Info | '/transaction/getdonation/:donationRefNum' | 
19:06:18.255 | Info | '/transaction/getdonation/:donationRefNum' | 
19:06:18.262 | Info | '/transaction/getdonation/:donationRefNum' | 
19:06:18.269 | Info | '/transaction/getdonation/:donationRefNum' | 
19:06:18.275 | Info | '/transaction/getdonation/:donationRefNum' | 
19:06:18.284 | Info | '/transaction/getdonation/:donationRefNum' | 
19:06:18.291 | Info | '/transaction/getdonation/:donationRefNum' | 
19:06:18.299 | Info | '/transaction/getdonation/:donationRefNum' | 
19:06:18.304 | Info | '/transaction/getdonation/:donationRefNum' | 
19:06:18.308 | Info | '/transaction/getdonation/:donationRefNum' | 
19:06:18.315 | Info | '/transaction/getdonation/:donationRefNum' | 
19:06:18.322 | Info | '/transaction/getdonation/:donationRefNum' | 
19:06:18.332 | Info | '/transaction/getdonation/:donationRefNum' | 
19:06:18.338 | Info | '/transaction/getdonation/:donationRefNum' | 
19:06:18.344 | Info | '/transaction/getdonation/:donationRefNum' | 
19:06:18.354 | Info | '/transaction/getdonation/:donationRefNum' | 
19:06:18.361 | Info | '/transaction/getdonation/:donationRefNum' | 
19:06:18.367 | Info | '/transaction/getdonation/:donationRefNum' | 
19:06:18.374 | Info | '/transaction/getdonation/:donationRefNum' | 
19:06:18.382 | Info | '/transaction/getdonation/:donationRefNum' | 
19:06:18.388 | Info | '/transaction/getdonation/:donationRefNum' | 
19:06:18.394 | Info | '/transaction/getdonation/:donationRefNum' | 
19:06:18.401 | Info | '/transaction/getdonation/:donationRefNum' | 
19:06:24.531 | Info | '/transaction/getdonation/:donationRefNum' | 
19:06:24.542 | Info | '/transaction/getdonation/:donationRefNum' | 
19:06:24.568 | Info | '/transaction/getdonation/:donationRefNum' | 
19:06:24.579 | Info | '/transaction/getdonation/:donationRefNum' | 
19:06:24.588 | Info | '/transaction/getdonation/:donationRefNum' | 
19:06:24.614 | Info | '/transaction/getdonation/:donationRefNum' | 
19:06:24.622 | Info | '/transaction/getdonation/:donationRefNum' | 
19:06:24.634 | Info | '/transaction/getdonation/:donationRefNum' | 
19:06:24.651 | Info | '/transaction/getdonation/:donationRefNum' | 
19:06:24.673 | Info | '/transaction/getdonation/:donationRefNum' | 
19:06:24.696 | Info | '/transaction/getdonation/:donationRefNum' | 
19:06:24.704 | Info | '/transaction/getdonation/:donationRefNum' | 
19:06:24.713 | Info | '/transaction/getdonation/:donationRefNum' | 
19:06:24.723 | Info | '/transaction/getdonation/:donationRefNum' | 
19:06:24.730 | Info | '/transaction/getdonation/:donationRefNum' | 
19:06:24.742 | Info | '/transaction/getdonation/:donationRefNum' | 
19:06:24.752 | Info | '/transaction/getdonation/:donationRefNum' | 
19:06:24.762 | Info | '/transaction/getdonation/:donationRefNum' | 
19:06:24.769 | Info | '/transaction/getdonation/:donationRefNum' | 
19:06:24.776 | Info | '/transaction/getdonation/:donationRefNum' | 
19:06:24.782 | Info | '/transaction/getdonation/:donationRefNum' | 
19:06:24.787 | Info | '/transaction/getdonation/:donationRefNum' | 
19:06:24.793 | Info | '/transaction/getdonation/:donationRefNum' | 
19:06:24.798 | Info | '/transaction/getdonation/:donationRefNum' | 
19:06:24.803 | Info | '/transaction/getdonation/:donationRefNum' | 
19:06:24.809 | Info | '/transaction/getdonation/:donationRefNum' | 
19:06:24.814 | Info | '/transaction/getdonation/:donationRefNum' | 
19:06:24.821 | Info | '/transaction/getdonation/:donationRefNum' | 
19:06:24.826 | Info | '/transaction/getdonation/:donationRefNum' | 
19:06:24.832 | Info | '/transaction/getdonation/:donationRefNum' | 
19:06:24.837 | Info | '/transaction/getdonation/:donationRefNum' | 
19:06:24.843 | Info | '/transaction/getdonation/:donationRefNum' | 
19:06:24.849 | Info | '/transaction/getdonation/:donationRefNum' | 
19:06:24.854 | Info | '/transaction/getdonation/:donationRefNum' | 
19:06:24.860 | Info | '/transaction/getdonation/:donationRefNum' | 
19:06:24.867 | Info | '/transaction/getdonation/:donationRefNum' | 
19:06:24.877 | Info | '/transaction/getdonation/:donationRefNum' | 
19:06:24.888 | Info | '/transaction/getdonation/:donationRefNum' | 
19:06:24.895 | Info | '/transaction/getdonation/:donationRefNum' | 
19:06:24.900 | Info | '/transaction/getdonation/:donationRefNum' | 
19:06:24.906 | Info | '/transaction/getdonation/:donationRefNum' | 
19:06:24.911 | Info | '/transaction/getdonation/:donationRefNum' | 
19:06:24.916 | Info | '/transaction/getdonation/:donationRefNum' | 
19:06:24.923 | Info | '/transaction/getdonation/:donationRefNum' | 
19:06:24.929 | Info | '/transaction/getdonation/:donationRefNum' | 
19:06:24.935 | Info | '/transaction/getdonation/:donationRefNum' | 
19:06:24.941 | Info | '/transaction/getdonation/:donationRefNum' | 
19:06:24.946 | Info | '/transaction/getdonation/:donationRefNum' | 
19:06:24.952 | Info | '/transaction/getdonation/:donationRefNum' | 
19:06:24.957 | Info | '/transaction/getdonation/:donationRefNum' | 
19:06:24.964 | Info | '/transaction/getdonation/:donationRefNum' | 
19:06:24.970 | Info | '/transaction/getdonation/:donationRefNum' | 
19:06:24.977 | Info | '/transaction/getdonation/:donationRefNum' | 
19:06:24.987 | Info | '/transaction/getdonation/:donationRefNum' | 
19:06:24.995 | Info | '/transaction/getdonation/:donationRefNum' | 
19:06:25.002 | Info | '/transaction/getdonation/:donationRefNum' | 
19:06:25.007 | Info | '/transaction/getdonation/:donationRefNum' | 
19:06:25.024 | Info | '/transaction/getdonation/:donationRefNum' | 
19:06:25.013 | Info | '/transaction/getdonation/:donationRefNum' | 
19:06:25.019 | Info | '/transaction/getdonation/:donationRefNum' | 
19:06:25.031 | Info | '/transaction/getdonation/:donationRefNum' | 
19:06:25.037 | Info | '/transaction/getdonation/:donationRefNum' | 
19:06:25.043 | Info | '/transaction/getdonation/:donationRefNum' | 
19:06:25.049 | Info | '/transaction/getdonation/:donationRefNum' | 
19:06:25.055 | Info | '/transaction/getdonation/:donationRefNum' | 
19:06:25.063 | Info | '/transaction/getdonation/:donationRefNum' | 
19:06:25.072 | Info | '/transaction/getdonation/:donationRefNum' | 
19:06:25.080 | Info | '/transaction/getdonation/:donationRefNum' | 
19:06:25.086 | Info | '/transaction/getdonation/:donationRefNum' | 
19:06:25.096 | Info | '/transaction/getdonation/:donationRefNum' | 
19:06:25.102 | Info | '/transaction/getdonation/:donationRefNum' | 
19:06:25.108 | Info | '/transaction/getdonation/:donationRefNum' | 
19:06:25.117 | Info | '/transaction/getdonation/:donationRefNum' | 
19:06:25.126 | Info | '/transaction/getdonation/:donationRefNum' | 
19:06:25.133 | Info | '/transaction/getdonation/:donationRefNum' | 
19:06:25.140 | Info | '/transaction/getdonation/:donationRefNum' | 
19:06:25.145 | Info | '/transaction/getdonation/:donationRefNum' | 
19:06:25.152 | Info | '/transaction/getdonation/:donationRefNum' | 
19:06:25.161 | Info | '/transaction/getdonation/:donationRefNum' | 
19:06:25.166 | Info | '/transaction/getdonation/:donationRefNum' | 
19:06:25.172 | Info | '/transaction/getdonation/:donationRefNum' | 
19:06:25.178 | Info | '/transaction/getdonation/:donationRefNum' | 
19:06:25.184 | Info | '/transaction/getdonation/:donationRefNum' | 
19:06:25.191 | Info | '/transaction/getdonation/:donationRefNum' | 
19:06:25.197 | Info | '/transaction/getdonation/:donationRefNum' | 
19:06:25.203 | Info | '/transaction/getdonation/:donationRefNum' | 
19:06:25.209 | Info | '/transaction/getdonation/:donationRefNum' | 
19:06:25.214 | Info | '/transaction/getdonation/:donationRefNum' | 
19:06:25.220 | Info | '/transaction/getdonation/:donationRefNum' | 
19:06:25.227 | Info | '/transaction/getdonation/:donationRefNum' | 
19:06:25.232 | Info | '/transaction/getdonation/:donationRefNum' | 
19:06:25.238 | Info | '/transaction/getdonation/:donationRefNum' | 
19:06:25.245 | Info | '/transaction/getdonation/:donationRefNum' | 
19:06:25.250 | Info | '/transaction/getdonation/:donationRefNum' | 
19:06:25.255 | Info | '/transaction/getdonation/:donationRefNum' | 
19:06:25.262 | Info | '/transaction/getdonation/:donationRefNum' | 
19:06:25.269 | Info | '/transaction/getdonation/:donationRefNum' | 
19:06:25.275 | Info | '/transaction/getdonation/:donationRefNum' | 
19:06:25.281 | Info | '/transaction/getdonation/:donationRefNum' | 
19:06:25.287 | Info | '/transaction/getdonation/:donationRefNum' | 
19:06:25.293 | Info | '/transaction/getdonation/:donationRefNum' | 
19:06:25.303 | Info | '/transaction/getdonation/:donationRefNum' | 
19:06:25.309 | Info | '/transaction/getdonation/:donationRefNum' | 
19:06:25.316 | Info | '/transaction/getdonation/:donationRefNum' | 
19:06:25.321 | Info | '/transaction/getdonation/:donationRefNum' | 
19:06:25.327 | Info | '/transaction/getdonation/:donationRefNum' | 
19:06:25.333 | Info | '/transaction/getdonation/:donationRefNum' | 
19:06:25.339 | Info | '/transaction/getdonation/:donationRefNum' | 
19:06:25.345 | Info | '/transaction/getdonation/:donationRefNum' | 
19:06:25.351 | Info | '/transaction/getdonation/:donationRefNum' | 
19:06:25.356 | Info | '/transaction/getdonation/:donationRefNum' | 
19:06:25.362 | Info | '/transaction/getdonation/:donationRefNum' | 
19:06:25.367 | Info | '/transaction/getdonation/:donationRefNum' | 
19:06:25.373 | Info | '/transaction/getdonation/:donationRefNum' | 
19:06:25.379 | Info | '/transaction/getdonation/:donationRefNum' | 
19:06:25.384 | Info | '/transaction/getdonation/:donationRefNum' | 
19:06:25.390 | Info | '/transaction/getdonation/:donationRefNum' | 
19:06:25.401 | Info | '/transaction/getdonation/:donationRefNum' | 
19:06:25.395 | Info | '/transaction/getdonation/:donationRefNum' | 
19:06:25.407 | Info | '/transaction/getdonation/:donationRefNum' | 
19:06:25.413 | Info | '/transaction/getdonation/:donationRefNum' | 
19:06:25.419 | Info | '/transaction/getdonation/:donationRefNum' | 
19:06:25.426 | Info | '/transaction/getdonation/:donationRefNum' | 
19:06:25.432 | Info | '/transaction/getdonation/:donationRefNum' | 
19:06:25.438 | Info | '/transaction/getdonation/:donationRefNum' | 
19:06:25.444 | Info | '/transaction/getdonation/:donationRefNum' | 
19:06:25.450 | Info | '/transaction/getdonation/:donationRefNum' | 
19:06:25.456 | Info | '/transaction/getdonation/:donationRefNum' | 
19:06:25.462 | Info | '/transaction/getdonation/:donationRefNum' | 
19:06:25.468 | Info | '/transaction/getdonation/:donationRefNum' | 
19:06:25.475 | Info | '/transaction/getdonation/:donationRefNum' | 
19:06:25.481 | Info | '/transaction/getdonation/:donationRefNum' | 
19:06:25.486 | Info | '/transaction/getdonation/:donationRefNum' | 
19:06:25.494 | Info | '/transaction/getdonation/:donationRefNum' | 
19:06:25.498 | Info | '/transaction/getdonation/:donationRefNum' | 
19:06:25.504 | Info | '/transaction/getdonation/:donationRefNum' | 
19:06:25.514 | Info | '/transaction/getdonation/:donationRefNum' | 
19:06:25.522 | Info | '/transaction/getdonation/:donationRefNum' | 
19:06:25.528 | Info | '/transaction/getdonation/:donationRefNum' | 
19:06:25.534 | Info | '/transaction/getdonation/:donationRefNum' | 
19:06:25.538 | Info | '/transaction/getdonation/:donationRefNum' | 
19:06:25.544 | Info | '/transaction/getdonation/:donationRefNum' | 
19:06:25.550 | Info | '/transaction/getdonation/:donationRefNum' | 
19:06:25.557 | Info | '/transaction/getdonation/:donationRefNum' | 
19:06:25.562 | Info | '/transaction/getdonation/:donationRefNum' | 
19:06:25.568 | Info | '/transaction/getdonation/:donationRefNum' | 
19:06:25.576 | Info | '/transaction/getdonation/:donationRefNum' | 
19:06:25.584 | Info | '/transaction/getdonation/:donationRefNum' | 
19:06:25.591 | Info | '/transaction/getdonation/:donationRefNum' | 
19:06:25.596 | Info | '/transaction/getdonation/:donationRefNum' | 
19:06:25.602 | Info | '/transaction/getdonation/:donationRefNum' | 
19:06:25.607 | Info | '/transaction/getdonation/:donationRefNum' | 
19:06:25.614 | Info | '/transaction/getdonation/:donationRefNum' | 
19:06:25.621 | Info | '/transaction/getdonation/:donationRefNum' | 
19:06:25.630 | Info | '/transaction/getdonation/:donationRefNum' | 
19:06:25.637 | Info | '/transaction/getdonation/:donationRefNum' | 
19:06:25.643 | Info | '/transaction/getdonation/:donationRefNum' | 
19:06:25.648 | Info | '/transaction/getdonation/:donationRefNum' | 
19:06:25.655 | Info | '/transaction/getdonation/:donationRefNum' | 
19:06:25.661 | Info | '/transaction/getdonation/:donationRefNum' | 
19:06:25.668 | Info | '/transaction/getdonation/:donationRefNum' | 
19:06:25.674 | Info | '/transaction/getdonation/:donationRefNum' | 
19:06:25.680 | Info | '/transaction/getdonation/:donationRefNum' | 
19:06:25.691 | Info | '/transaction/getdonation/:donationRefNum' | 
19:06:25.699 | Info | '/transaction/getdonation/:donationRefNum' | 
19:06:25.708 | Info | '/transaction/getdonation/:donationRefNum' | 
19:06:25.717 | Info | '/transaction/getdonation/:donationRefNum' | 
19:06:25.724 | Info | '/transaction/getdonation/:donationRefNum' | 
19:06:25.729 | Info | '/transaction/getdonation/:donationRefNum' | 
19:06:25.736 | Info | '/transaction/getdonation/:donationRefNum' | 
19:06:25.743 | Info | '/transaction/getdonation/:donationRefNum' | 
19:06:25.749 | Info | '/transaction/getdonation/:donationRefNum' | 
19:06:25.755 | Info | '/transaction/getdonation/:donationRefNum' | 
19:06:25.761 | Info | '/transaction/getdonation/:donationRefNum' | 
19:06:25.767 | Info | '/transaction/getdonation/:donationRefNum' | 
19:06:25.774 | Info | '/transaction/getdonation/:donationRefNum' | 
19:06:25.782 | Info | '/transaction/getdonation/:donationRefNum' | 
19:06:25.800 | Info | '/transaction/getdonation/:donationRefNum' | 
19:06:25.807 | Info | '/transaction/getdonation/:donationRefNum' | 
19:06:25.795 | Info | '/transaction/getdonation/:donationRefNum' | 
19:06:25.813 | Info | '/transaction/getdonation/:donationRefNum' | 
19:06:25.819 | Info | '/transaction/getdonation/:donationRefNum' | 
19:06:25.788 | Info | '/transaction/getdonation/:donationRefNum' | 
19:06:25.827 | Info | '/transaction/getdonation/:donationRefNum' | 
19:06:25.832 | Info | '/transaction/getdonation/:donationRefNum' | 
19:06:25.839 | Info | '/transaction/getdonation/:donationRefNum' | 
19:06:25.846 | Info | '/transaction/getdonation/:donationRefNum' | 
19:06:25.852 | Info | '/transaction/getdonation/:donationRefNum' | 
19:06:25.858 | Info | '/transaction/getdonation/:donationRefNum' | 
19:06:25.864 | Info | '/transaction/getdonation/:donationRefNum' | 
19:06:25.871 | Info | '/transaction/getdonation/:donationRefNum' | 
19:06:25.879 | Info | '/transaction/getdonation/:donationRefNum' | 
19:06:25.886 | Info | '/transaction/getdonation/:donationRefNum' | 
19:06:25.894 | Info | '/transaction/getdonation/:donationRefNum' | 
19:09:02.483 | Info | '/api/user/login' | 
19:09:02.735 | Info | '/transaction/getuserpermissions' | 
19:09:02.739 | Info | '/transaction/myprofile' | 
19:09:02.741 | Info | '/transaction/myrequests' | 
19:09:02.742 | Info | '/transaction/mycollections' | 
19:09:02.757 | Info | '/transaction/getuserpermissions' | 
19:09:02.768 | Info | '/transaction/mycollections' | 
19:09:02.772 | Info | '/transaction/myprofile' | 
19:09:02.800 | Info | '/transaction/myrequests' | 
19:09:02.813 | Info | '/transaction/myprofile' | 
19:09:02.827 | Info | '/transaction/myprofile' | 
19:09:04.766 | Info | '/transaction/getalldonations' | 
19:09:04.780 | Info | '/transaction/getalldonations' | 
19:09:11.306 | Info | '/transaction/getdonation/:donationRefNum' | 
19:09:17.727 | Info | '/transaction/getdonation/:donationRefNum' | 
19:09:17.729 | Info | '/transaction/getdonation/:donationRefNum' | 
19:09:17.738 | Info | '/transaction/getdonation/:donationRefNum' | 
19:09:32.819 | Info | '/transaction/getdonation/:donationRefNum' | 
19:09:32.826 | Info | '/transaction/getdonation/:donationRefNum' | 
19:09:32.834 | Info | '/transaction/getdonation/:donationRefNum' | 
19:09:32.839 | Info | '/transaction/getdonation/:donationRefNum' | 
19:09:32.849 | Info | '/transaction/getdonation/:donationRefNum' | 
19:09:32.856 | Info | '/transaction/getdonation/:donationRefNum' | 
19:09:32.862 | Info | '/transaction/getdonation/:donationRefNum' | 
19:09:32.867 | Info | '/transaction/getdonation/:donationRefNum' | 
19:09:32.874 | Info | '/transaction/getdonation/:donationRefNum' | 
19:11:22.897 | Info | '/transaction/getuserpermissions' | 
19:11:22.902 | Info | '/transaction/getuserpermissions' | 
19:11:25.628 | Info | '/api/user/login' | 
19:11:25.758 | Info | '/transaction/getuserpermissions' | 
19:11:25.768 | Info | '/transaction/getuserpermissions' | 
19:11:25.770 | Info | '/transaction/myprofile' | 
19:11:25.779 | Info | '/transaction/myrequests' | 
19:11:25.781 | Info | '/transaction/myprofile' | 
19:11:25.783 | Info | '/transaction/mycollections' | 
19:11:25.789 | Info | '/transaction/myrequests' | 
19:11:25.791 | Info | '/transaction/myprofile' | 
19:11:25.794 | Info | '/transaction/mycollections' | 
19:11:25.798 | Info | '/transaction/myprofile' | 
19:11:28.700 | Info | '/transaction/getalldonations' | 
19:11:28.715 | Info | '/transaction/getalldonations' | 
19:11:32.549 | Info | '/transaction/getdonation/:donationRefNum' | 
19:11:37.267 | Info | '/transaction/getdonation/:donationRefNum' | 
19:11:37.269 | Info | '/transaction/getdonation/:donationRefNum' | 
19:11:37.277 | Info | '/transaction/getdonation/:donationRefNum' | 
19:11:41.343 | Info | '/transaction/getdonation/:donationRefNum' | 
19:11:41.347 | Info | '/transaction/getdonation/:donationRefNum' | 
19:11:41.350 | Info | '/transaction/getdonation/:donationRefNum' | 
19:11:41.356 | Info | '/transaction/getdonation/:donationRefNum' | 
19:11:41.361 | Info | '/transaction/getdonation/:donationRefNum' | 
19:11:41.366 | Info | '/transaction/getdonation/:donationRefNum' | 
19:11:41.374 | Info | '/transaction/getdonation/:donationRefNum' | 
19:11:41.380 | Info | '/transaction/getdonation/:donationRefNum' | 
19:11:41.385 | Info | '/transaction/getdonation/:donationRefNum' | 
19:11:44.958 | Info | '/transaction/getdonation/:donationRefNum' | 
19:11:44.960 | Info | '/transaction/getdonation/:donationRefNum' | 
19:11:44.975 | Info | '/transaction/getdonation/:donationRefNum' | 
19:11:44.987 | Info | '/transaction/getdonation/:donationRefNum' | 
19:11:44.992 | Info | '/transaction/getdonation/:donationRefNum' | 
19:11:44.998 | Info | '/transaction/getdonation/:donationRefNum' | 
19:11:45.003 | Info | '/transaction/getdonation/:donationRefNum' | 
19:11:45.011 | Info | '/transaction/getdonation/:donationRefNum' | 
19:11:45.019 | Info | '/transaction/getdonation/:donationRefNum' | 
19:11:45.025 | Info | '/transaction/getdonation/:donationRefNum' | 
19:11:45.031 | Info | '/transaction/getdonation/:donationRefNum' | 
19:11:45.039 | Info | '/transaction/getdonation/:donationRefNum' | 
19:11:45.047 | Info | '/transaction/getdonation/:donationRefNum' | 
19:11:45.055 | Info | '/transaction/getdonation/:donationRefNum' | 
19:11:45.060 | Info | '/transaction/getdonation/:donationRefNum' | 
19:11:45.066 | Info | '/transaction/getdonation/:donationRefNum' | 
19:11:45.071 | Info | '/transaction/getdonation/:donationRefNum' | 
19:11:45.077 | Info | '/transaction/getdonation/:donationRefNum' | 
19:11:45.084 | Info | '/transaction/getdonation/:donationRefNum' | 
19:11:45.091 | Info | '/transaction/getdonation/:donationRefNum' | 
19:11:45.097 | Info | '/transaction/getdonation/:donationRefNum' | 
19:11:45.104 | Info | '/transaction/getdonation/:donationRefNum' | 
19:11:45.110 | Info | '/transaction/getdonation/:donationRefNum' | 
19:11:45.117 | Info | '/transaction/getdonation/:donationRefNum' | 
19:11:45.123 | Info | '/transaction/getdonation/:donationRefNum' | 
19:11:45.129 | Info | '/transaction/getdonation/:donationRefNum' | 
19:11:45.134 | Info | '/transaction/getdonation/:donationRefNum' | 
19:19:52.932 | Info | '/api/user/login' | 
19:19:53.325 | Info | '/transaction/getuserpermissions' | 
19:19:53.342 | Info | '/transaction/myprofile' | 
19:19:53.411 | Info | '/transaction/mycollections' | 
19:19:53.393 | Info | '/transaction/myrequests' | 
19:19:53.418 | Info | '/transaction/getuserpermissions' | 
19:19:53.427 | Info | '/transaction/myrequests' | 
19:19:53.440 | Info | '/transaction/myprofile' | 
19:19:53.443 | Info | '/transaction/mycollections' | 
19:19:53.447 | Info | '/transaction/myprofile' | 
19:19:53.453 | Info | '/transaction/myprofile' | 
19:19:57.612 | Info | '/transaction/getalldonations' | 
19:19:57.640 | Info | '/transaction/getalldonations' | 
19:20:01.162 | Info | '/transaction/getdonation/:donationRefNum' | 
19:20:07.548 | Info | '/transaction/getdonation/:donationRefNum' | 
19:20:07.550 | Info | '/transaction/getdonation/:donationRefNum' | 
19:20:07.561 | Info | '/transaction/getdonation/:donationRefNum' | 
19:21:28.017 | Info | '/transaction/getdonation/:donationRefNum' | 
19:21:28.020 | Info | '/transaction/getdonation/:donationRefNum' | 
19:21:28.030 | Info | '/transaction/getdonation/:donationRefNum' | 
19:21:28.038 | Info | '/transaction/getdonation/:donationRefNum' | 
19:21:28.050 | Info | '/transaction/getdonation/:donationRefNum' | 
19:21:28.058 | Info | '/transaction/getdonation/:donationRefNum' | 
19:21:28.077 | Info | '/transaction/getdonation/:donationRefNum' | 
19:21:28.094 | Info | '/transaction/getdonation/:donationRefNum' | 
19:21:28.107 | Info | '/transaction/getdonation/:donationRefNum' | 
